[0.365s] Invoking command in '/home/chen/turtlebot3_ws/src/proy_nexa/Robot/build/proy_nexa_interface': CMAKE_PREFIX_PATH=${CMAKE_PREFIX_PATH}:/home/chen/turtlebot3_ws/install/show_msg:/home/chen/turtlebot3_ws/install/proy_nexa_show_msg:/home/chen/turtlebot3_ws/install/proy_nexa_service:/home/chen/turtlebot3_ws/install/provide_map:/home/chen/turtlebot3_ws/install/my_slam:/home/chen/turtlebot3_ws/install/my_nav2_system:/home/chen/turtlebot3_ws/install/my_first_subscriber:/home/chen/turtlebot3_ws/install/my_first_service:/home/chen/turtlebot3_ws/install/my_first_publisher:/home/chen/turtlebot3_ws/install/my_first_node:/home/chen/turtlebot3_ws/install/my_first_action:/home/chen/turtlebot3_ws/src/my_first_service/install/my_first_service:/opt/ros/galactic /usr/bin/cmake /home/chen/turtlebot3_ws/src/proy_nexa/Robot/src/proy_nexa/proy_nexa_interface -DCMAKE_INSTALL_PREFIX=/home/chen/turtlebot3_ws/src/proy_nexa/Robot/install/proy_nexa_interface
[0.612s] -- The C compiler identification is GNU 9.4.0
[0.760s] -- The CXX compiler identification is GNU 9.4.0
[0.778s] -- Check for working C compiler: /usr/bin/cc
[0.866s] -- Check for working C compiler: /usr/bin/cc -- works
[0.869s] -- Detecting C compiler ABI info
[0.945s] -- Detecting C compiler ABI info - done
[0.954s] -- Detecting C compile features
[0.955s] -- Detecting C compile features - done
[0.960s] -- Check for working CXX compiler: /usr/bin/c++
[1.035s] -- Check for working CXX compiler: /usr/bin/c++ -- works
[1.036s] -- Detecting CXX compiler ABI info
[1.143s] -- Detecting CXX compiler ABI info - done
[1.151s] -- Detecting CXX compile features
[1.151s] -- Detecting CXX compile features - done
[1.177s] -- Found ament_cmake: 1.1.6 (/opt/ros/galactic/share/ament_cmake/cmake)
[1.211s] -- Found PythonInterp: /usr/bin/python3 (found suitable version "3.8.10", minimum required is "3") 
[1.212s] -- Using PYTHON_EXECUTABLE: /usr/bin/python3
[1.379s] -- Found rclcpp: 9.2.2 (/opt/ros/galactic/share/rclcpp/cmake)
[1.467s] -- Using all available rosidl_typesupport_c: rosidl_typesupport_fastrtps_c;rosidl_typesupport_introspection_c
[1.479s] -- Found rosidl_adapter: 2.2.3 (/opt/ros/galactic/share/rosidl_adapter/cmake)
[1.622s] -- Found OpenSSL: /usr/lib/x86_64-linux-gnu/libcrypto.so (found version "1.1.1f")  
[1.647s] -- Found FastRTPS: /opt/ros/galactic/include  
[1.753s] -- Using all available rosidl_typesupport_cpp: rosidl_typesupport_fastrtps_cpp;rosidl_typesupport_introspection_cpp
[1.853s] -- Found rmw_implementation_cmake: 3.3.1 (/opt/ros/galactic/share/rmw_implementation_cmake/cmake)
[1.861s] -- Found rmw_cyclonedds_cpp: 0.22.6 (/opt/ros/galactic/share/rmw_cyclonedds_cpp/cmake)
[1.889s] -- Using RMW implementation 'rmw_cyclonedds_cpp' as default
[1.892s] -- Looking for pthread.h
[1.985s] -- Looking for pthread.h - found
[1.985s] -- Performing Test CMAKE_HAVE_LIBC_PTHREAD
[2.055s] -- Performing Test CMAKE_HAVE_LIBC_PTHREAD - Failed
[2.055s] -- Looking for pthread_create in pthreads
[2.122s] -- Looking for pthread_create in pthreads - not found
[2.122s] -- Looking for pthread_create in pthread
[2.187s] -- Looking for pthread_create in pthread - found
[2.187s] -- Found Threads: TRUE  
[2.359s] -- Found rosidl_default_generators: 1.1.1 (/opt/ros/galactic/share/rosidl_default_generators/cmake)
[2.377s] -- Found ament_lint_auto: 0.10.7 (/opt/ros/galactic/share/ament_lint_auto/cmake)
[2.487s] -- Found PythonInterp: /usr/bin/python3 (found version "3.8.10") 
[2.562s] -- Found ament_cmake_ros: 0.9.2 (/opt/ros/galactic/share/ament_cmake_ros/cmake)
[2.670s] -- Using all available rosidl_typesupport_c: rosidl_typesupport_fastrtps_c;rosidl_typesupport_introspection_c
[2.682s] -- Using all available rosidl_typesupport_cpp: rosidl_typesupport_fastrtps_cpp;rosidl_typesupport_introspection_cpp
[2.704s] -- Found PythonInterp: /usr/bin/python3 (found suitable version "3.8.10", minimum required is "3.5") 
[2.708s] -- Found python_cmake_module: 0.8.1 (/opt/ros/galactic/share/python_cmake_module/cmake)
[2.737s] -- Found PythonLibs: /usr/lib/x86_64-linux-gnu/libpython3.8.so (found suitable version "3.8.10", minimum required is "3.5") 
[2.737s] -- Using PYTHON_EXECUTABLE: /usr/bin/python3
[2.737s] -- Using PYTHON_INCLUDE_DIRS: /usr/include/python3.8
[2.737s] -- Using PYTHON_LIBRARIES: /usr/lib/x86_64-linux-gnu/libpython3.8.so
[2.758s] -- Found PythonExtra: .so  
[2.813s] -- Added test 'copyright' to check source files copyright and LICENSE
[2.817s] -- Added test 'lint_cmake' to check CMake code style
[2.819s] -- Added test 'xmllint' to check XML markup files
[2.837s] -- Configuring done
[2.879s] -- Generating done
[2.883s] -- Build files have been written to: /home/chen/turtlebot3_ws/src/proy_nexa/Robot/build/proy_nexa_interface
[2.893s] Invoked command in '/home/chen/turtlebot3_ws/src/proy_nexa/Robot/build/proy_nexa_interface' returned '0': CMAKE_PREFIX_PATH=${CMAKE_PREFIX_PATH}:/home/chen/turtlebot3_ws/install/show_msg:/home/chen/turtlebot3_ws/install/proy_nexa_show_msg:/home/chen/turtlebot3_ws/install/proy_nexa_service:/home/chen/turtlebot3_ws/install/provide_map:/home/chen/turtlebot3_ws/install/my_slam:/home/chen/turtlebot3_ws/install/my_nav2_system:/home/chen/turtlebot3_ws/install/my_first_subscriber:/home/chen/turtlebot3_ws/install/my_first_service:/home/chen/turtlebot3_ws/install/my_first_publisher:/home/chen/turtlebot3_ws/install/my_first_node:/home/chen/turtlebot3_ws/install/my_first_action:/home/chen/turtlebot3_ws/src/my_first_service/install/my_first_service:/opt/ros/galactic /usr/bin/cmake /home/chen/turtlebot3_ws/src/proy_nexa/Robot/src/proy_nexa/proy_nexa_interface -DCMAKE_INSTALL_PREFIX=/home/chen/turtlebot3_ws/src/proy_nexa/Robot/install/proy_nexa_interface
[2.897s] Invoking command in '/home/chen/turtlebot3_ws/src/proy_nexa/Robot/build/proy_nexa_interface': CMAKE_PREFIX_PATH=${CMAKE_PREFIX_PATH}:/home/chen/turtlebot3_ws/install/show_msg:/home/chen/turtlebot3_ws/install/proy_nexa_show_msg:/home/chen/turtlebot3_ws/install/proy_nexa_service:/home/chen/turtlebot3_ws/install/provide_map:/home/chen/turtlebot3_ws/install/my_slam:/home/chen/turtlebot3_ws/install/my_nav2_system:/home/chen/turtlebot3_ws/install/my_first_subscriber:/home/chen/turtlebot3_ws/install/my_first_service:/home/chen/turtlebot3_ws/install/my_first_publisher:/home/chen/turtlebot3_ws/install/my_first_node:/home/chen/turtlebot3_ws/install/my_first_action:/home/chen/turtlebot3_ws/src/my_first_service/install/my_first_service:/opt/ros/galactic /usr/bin/cmake --build /home/chen/turtlebot3_ws/src/proy_nexa/Robot/build/proy_nexa_interface -- -j2 -l2
[2.936s] [  2%] [34m[1mGenerating C code for ROS interfaces[0m
[2.936s] [35m[1mScanning dependencies of target proy_nexa_interface__cpp[0m
[2.949s] [  5%] [34m[1mGenerating C++ code for ROS interfaces[0m
[3.334s] [35m[1mScanning dependencies of target proy_nexa_interface__rosidl_generator_c[0m
[3.348s] [  5%] Built target proy_nexa_interface__cpp
[3.349s] [  7%] [32mBuilding C object CMakeFiles/proy_nexa_interface__rosidl_generator_c.dir/rosidl_generator_c/proy_nexa_interface/msg/detail/distvel__functions.c.o[0m
[3.361s] [ 10%] [34m[1mGenerating C++ type support dispatch for ROS interfaces[0m
[3.405s] [ 12%] [32mBuilding C object CMakeFiles/proy_nexa_interface__rosidl_generator_c.dir/rosidl_generator_c/proy_nexa_interface/srv/detail/my_move_msg__functions.c.o[0m
[3.453s] [ 15%] [32m[1mLinking C shared library libproy_nexa_interface__rosidl_generator_c.so[0m
[3.487s] [ 15%] Built target proy_nexa_interface__rosidl_generator_c
[3.497s] [ 17%] [34m[1mGenerating C++ type support for eProsima Fast-RTPS[0m
[3.553s] [35m[1mScanning dependencies of target proy_nexa_interface__rosidl_typesupport_cpp[0m
[3.574s] [ 20%] [32mBuilding CXX object CMakeFiles/proy_nexa_interface__rosidl_typesupport_cpp.dir/rosidl_typesupport_cpp/proy_nexa_interface/msg/distvel__type_support.cpp.o[0m
[3.742s] [35m[1mScanning dependencies of target proy_nexa_interface__rosidl_typesupport_fastrtps_cpp[0m
[3.796s] [ 23%] [32mBuilding CXX object CMakeFiles/proy_nexa_interface__rosidl_typesupport_fastrtps_cpp.dir/rosidl_typesupport_fastrtps_cpp/proy_nexa_interface/msg/detail/dds_fastrtps/distvel__type_support.cpp.o[0m
[3.875s] [ 25%] [32mBuilding CXX object CMakeFiles/proy_nexa_interface__rosidl_typesupport_cpp.dir/rosidl_typesupport_cpp/proy_nexa_interface/srv/my_move_msg__type_support.cpp.o[0m
[4.086s] [ 28%] [32m[1mLinking CXX shared library libproy_nexa_interface__rosidl_typesupport_cpp.so[0m
[4.129s] [ 28%] Built target proy_nexa_interface__rosidl_typesupport_cpp
[4.132s] [ 30%] [32mBuilding CXX object CMakeFiles/proy_nexa_interface__rosidl_typesupport_fastrtps_cpp.dir/rosidl_typesupport_fastrtps_cpp/proy_nexa_interface/srv/detail/dds_fastrtps/my_move_msg__type_support.cpp.o[0m
[4.142s] [ 33%] [34m[1mGenerating C introspection for ROS interfaces[0m
[4.474s] [ 35%] [32m[1mLinking CXX shared library libproy_nexa_interface__rosidl_typesupport_fastrtps_cpp.so[0m
[4.476s] [35m[1mScanning dependencies of target proy_nexa_interface__rosidl_typesupport_introspection_c[0m
[4.494s] [ 38%] [32mBuilding C object CMakeFiles/proy_nexa_interface__rosidl_typesupport_introspection_c.dir/rosidl_typesupport_introspection_c/proy_nexa_interface/msg/detail/distvel__type_support.c.o[0m
[4.534s] [ 41%] [32mBuilding C object CMakeFiles/proy_nexa_interface__rosidl_typesupport_introspection_c.dir/rosidl_typesupport_introspection_c/proy_nexa_interface/srv/detail/my_move_msg__type_support.c.o[0m
[4.557s] [ 41%] Built target proy_nexa_interface__rosidl_typesupport_fastrtps_cpp
[4.568s] [ 46%] [34m[1mGenerating C++ introspection for ROS interfaces[0m
[4.568s] [ 46%] [32m[1mLinking C shared library libproy_nexa_interface__rosidl_typesupport_introspection_c.so[0m
[4.598s] [ 46%] Built target proy_nexa_interface__rosidl_typesupport_introspection_c
[4.609s] [ 48%] [34m[1mGenerating C type support dispatch for ROS interfaces[0m
[4.790s] [35m[1mScanning dependencies of target proy_nexa_interface__rosidl_typesupport_introspection_cpp[0m
[4.799s] [35m[1mScanning dependencies of target proy_nexa_interface__rosidl_typesupport_c[0m
[4.809s] [ 51%] [32mBuilding CXX object CMakeFiles/proy_nexa_interface__rosidl_typesupport_introspection_cpp.dir/rosidl_typesupport_introspection_cpp/proy_nexa_interface/msg/detail/distvel__type_support.cpp.o[0m
[4.816s] [ 53%] [32mBuilding CXX object CMakeFiles/proy_nexa_interface__rosidl_typesupport_c.dir/rosidl_typesupport_c/proy_nexa_interface/msg/distvel__type_support.cpp.o[0m
[4.845s] [ 56%] [32mBuilding CXX object CMakeFiles/proy_nexa_interface__rosidl_typesupport_c.dir/rosidl_typesupport_c/proy_nexa_interface/srv/my_move_msg__type_support.cpp.o[0m
[4.875s] [ 58%] [32m[1mLinking CXX shared library libproy_nexa_interface__rosidl_typesupport_c.so[0m
[4.913s] [ 58%] Built target proy_nexa_interface__rosidl_typesupport_c
[4.923s] [ 61%] [34m[1mGenerating C type support for eProsima Fast-RTPS[0m
[5.021s] [ 64%] [32mBuilding CXX object CMakeFiles/proy_nexa_interface__rosidl_typesupport_introspection_cpp.dir/rosidl_typesupport_introspection_cpp/proy_nexa_interface/srv/detail/my_move_msg__type_support.cpp.o[0m
[5.230s] [35m[1mScanning dependencies of target proy_nexa_interface__rosidl_typesupport_fastrtps_c[0m
[5.254s] [ 66%] [32mBuilding CXX object CMakeFiles/proy_nexa_interface__rosidl_typesupport_fastrtps_c.dir/rosidl_typesupport_fastrtps_c/proy_nexa_interface/msg/detail/distvel__type_support_c.cpp.o[0m
[5.278s] [ 69%] [32m[1mLinking CXX shared library libproy_nexa_interface__rosidl_typesupport_introspection_cpp.so[0m
[5.331s] [ 69%] Built target proy_nexa_interface__rosidl_typesupport_introspection_cpp
[5.345s] [ 71%] [32mBuilding CXX object CMakeFiles/proy_nexa_interface__rosidl_typesupport_fastrtps_c.dir/rosidl_typesupport_fastrtps_c/proy_nexa_interface/srv/detail/my_move_msg__type_support_c.cpp.o[0m
[5.609s] [ 74%] [32m[1mLinking CXX shared library libproy_nexa_interface__rosidl_typesupport_fastrtps_c.so[0m
[5.678s] [ 74%] Built target proy_nexa_interface__rosidl_typesupport_fastrtps_c
[5.688s] [35m[1mScanning dependencies of target proy_nexa_interface[0m
[5.697s] [ 74%] Built target proy_nexa_interface
[5.707s] [35m[1mScanning dependencies of target proy_nexa_interface__py[0m
[5.723s] [ 76%] [34m[1mGenerating Python code for ROS interfaces[0m
[6.230s] [ 76%] Built target proy_nexa_interface__py
[6.240s] [35m[1mScanning dependencies of target proy_nexa_interface__python[0m
[6.311s] [ 79%] [32mBuilding C object CMakeFiles/proy_nexa_interface__python.dir/rosidl_generator_py/proy_nexa_interface/msg/_distvel_s.c.o[0m
[6.313s] [ 82%] [32mBuilding C object CMakeFiles/proy_nexa_interface__python.dir/rosidl_generator_py/proy_nexa_interface/srv/_my_move_msg_s.c.o[0m
[6.410s] [ 84%] [32m[1mLinking C shared library rosidl_generator_py/proy_nexa_interface/libproy_nexa_interface__python.so[0m
[6.445s] [ 84%] Built target proy_nexa_interface__python
[6.455s] [35m[1mScanning dependencies of target proy_nexa_interface__rosidl_typesupport_c__pyext[0m
[6.456s] [35m[1mScanning dependencies of target proy_nexa_interface__rosidl_typesupport_introspection_c__pyext[0m
[6.476s] [ 87%] [32mBuilding C object CMakeFiles/proy_nexa_interface__rosidl_typesupport_introspection_c__pyext.dir/rosidl_generator_py/proy_nexa_interface/_proy_nexa_interface_s.ep.rosidl_typesupport_introspection_c.c.o[0m
[6.483s] [ 89%] [32mBuilding C object CMakeFiles/proy_nexa_interface__rosidl_typesupport_c__pyext.dir/rosidl_generator_py/proy_nexa_interface/_proy_nexa_interface_s.ep.rosidl_typesupport_c.c.o[0m
[6.547s] [ 92%] [32m[1mLinking C shared library rosidl_generator_py/proy_nexa_interface/proy_nexa_interface_s__rosidl_typesupport_c.cpython-38-x86_64-linux-gnu.so[0m
[6.548s] [ 94%] [32m[1mLinking C shared library rosidl_generator_py/proy_nexa_interface/proy_nexa_interface_s__rosidl_typesupport_introspection_c.cpython-38-x86_64-linux-gnu.so[0m
[6.579s] [ 94%] Built target proy_nexa_interface__rosidl_typesupport_introspection_c__pyext
[6.579s] [ 94%] Built target proy_nexa_interface__rosidl_typesupport_c__pyext
[6.589s] [35m[1mScanning dependencies of target proy_nexa_interface__rosidl_typesupport_fastrtps_c__pyext[0m
[6.607s] [ 97%] [32mBuilding C object CMakeFiles/proy_nexa_interface__rosidl_typesupport_fastrtps_c__pyext.dir/rosidl_generator_py/proy_nexa_interface/_proy_nexa_interface_s.ep.rosidl_typesupport_fastrtps_c.c.o[0m
[6.674s] [100%] [32m[1mLinking CXX shared library rosidl_generator_py/proy_nexa_interface/proy_nexa_interface_s__rosidl_typesupport_fastrtps_c.cpython-38-x86_64-linux-gnu.so[0m
[6.726s] [100%] Built target proy_nexa_interface__rosidl_typesupport_fastrtps_c__pyext
[6.740s] Invoked command in '/home/chen/turtlebot3_ws/src/proy_nexa/Robot/build/proy_nexa_interface' returned '0': CMAKE_PREFIX_PATH=${CMAKE_PREFIX_PATH}:/home/chen/turtlebot3_ws/install/show_msg:/home/chen/turtlebot3_ws/install/proy_nexa_show_msg:/home/chen/turtlebot3_ws/install/proy_nexa_service:/home/chen/turtlebot3_ws/install/provide_map:/home/chen/turtlebot3_ws/install/my_slam:/home/chen/turtlebot3_ws/install/my_nav2_system:/home/chen/turtlebot3_ws/install/my_first_subscriber:/home/chen/turtlebot3_ws/install/my_first_service:/home/chen/turtlebot3_ws/install/my_first_publisher:/home/chen/turtlebot3_ws/install/my_first_node:/home/chen/turtlebot3_ws/install/my_first_action:/home/chen/turtlebot3_ws/src/my_first_service/install/my_first_service:/opt/ros/galactic /usr/bin/cmake --build /home/chen/turtlebot3_ws/src/proy_nexa/Robot/build/proy_nexa_interface -- -j2 -l2
[6.839s] Invoking command in '/home/chen/turtlebot3_ws/src/proy_nexa/Robot/build/proy_nexa_interface': CMAKE_PREFIX_PATH=${CMAKE_PREFIX_PATH}:/home/chen/turtlebot3_ws/install/show_msg:/home/chen/turtlebot3_ws/install/proy_nexa_show_msg:/home/chen/turtlebot3_ws/install/proy_nexa_service:/home/chen/turtlebot3_ws/install/provide_map:/home/chen/turtlebot3_ws/install/my_slam:/home/chen/turtlebot3_ws/install/my_nav2_system:/home/chen/turtlebot3_ws/install/my_first_subscriber:/home/chen/turtlebot3_ws/install/my_first_service:/home/chen/turtlebot3_ws/install/my_first_publisher:/home/chen/turtlebot3_ws/install/my_first_node:/home/chen/turtlebot3_ws/install/my_first_action:/home/chen/turtlebot3_ws/src/my_first_service/install/my_first_service:/opt/ros/galactic /usr/bin/cmake --install /home/chen/turtlebot3_ws/src/proy_nexa/Robot/build/proy_nexa_interface
[6.848s] -- Install configuration: ""
[6.849s] -- Installing: /home/chen/turtlebot3_ws/src/proy_nexa/Robot/install/proy_nexa_interface/share/ament_index/resource_index/rosidl_interfaces/proy_nexa_interface
[6.850s] -- Installing: /home/chen/turtlebot3_ws/src/proy_nexa/Robot/install/proy_nexa_interface/include/proy_nexa_interface
[6.850s] -- Installing: /home/chen/turtlebot3_ws/src/proy_nexa/Robot/install/proy_nexa_interface/include/proy_nexa_interface/msg
[6.851s] -- Installing: /home/chen/turtlebot3_ws/src/proy_nexa/Robot/install/proy_nexa_interface/include/proy_nexa_interface/msg/distvel.h
[6.851s] -- Installing: /home/chen/turtlebot3_ws/src/proy_nexa/Robot/install/proy_nexa_interface/include/proy_nexa_interface/msg/detail
[6.851s] -- Installing: /home/chen/turtlebot3_ws/src/proy_nexa/Robot/install/proy_nexa_interface/include/proy_nexa_interface/msg/detail/distvel__type_support.h
[6.851s] -- Installing: /home/chen/turtlebot3_ws/src/proy_nexa/Robot/install/proy_nexa_interface/include/proy_nexa_interface/msg/detail/distvel__functions.h
[6.852s] -- Installing: /home/chen/turtlebot3_ws/src/proy_nexa/Robot/install/proy_nexa_interface/include/proy_nexa_interface/msg/detail/distvel__struct.h
[6.853s] -- Installing: /home/chen/turtlebot3_ws/src/proy_nexa/Robot/install/proy_nexa_interface/include/proy_nexa_interface/msg/detail/distvel__functions.c
[6.853s] -- Installing: /home/chen/turtlebot3_ws/src/proy_nexa/Robot/install/proy_nexa_interface/include/proy_nexa_interface/msg/rosidl_generator_c__visibility_control.h
[6.853s] -- Installing: /home/chen/turtlebot3_ws/src/proy_nexa/Robot/install/proy_nexa_interface/include/proy_nexa_interface/srv
[6.854s] -- Installing: /home/chen/turtlebot3_ws/src/proy_nexa/Robot/install/proy_nexa_interface/include/proy_nexa_interface/srv/my_move_msg.h
[6.854s] -- Installing: /home/chen/turtlebot3_ws/src/proy_nexa/Robot/install/proy_nexa_interface/include/proy_nexa_interface/srv/detail
[6.855s] -- Installing: /home/chen/turtlebot3_ws/src/proy_nexa/Robot/install/proy_nexa_interface/include/proy_nexa_interface/srv/detail/my_move_msg__type_support.h
[6.855s] -- Installing: /home/chen/turtlebot3_ws/src/proy_nexa/Robot/install/proy_nexa_interface/include/proy_nexa_interface/srv/detail/my_move_msg__struct.h
[6.856s] -- Installing: /home/chen/turtlebot3_ws/src/proy_nexa/Robot/install/proy_nexa_interface/include/proy_nexa_interface/srv/detail/my_move_msg__functions.h
[6.857s] -- Installing: /home/chen/turtlebot3_ws/src/proy_nexa/Robot/install/proy_nexa_interface/include/proy_nexa_interface/srv/detail/my_move_msg__functions.c
[6.857s] -- Installing: /home/chen/turtlebot3_ws/src/proy_nexa/Robot/install/proy_nexa_interface/share/proy_nexa_interface/environment/library_path.sh
[6.858s] -- Installing: /home/chen/turtlebot3_ws/src/proy_nexa/Robot/install/proy_nexa_interface/share/proy_nexa_interface/environment/library_path.dsv
[6.858s] -- Installing: /home/chen/turtlebot3_ws/src/proy_nexa/Robot/install/proy_nexa_interface/lib/libproy_nexa_interface__rosidl_generator_c.so
[6.859s] -- Set runtime path of "/home/chen/turtlebot3_ws/src/proy_nexa/Robot/install/proy_nexa_interface/lib/libproy_nexa_interface__rosidl_generator_c.so" to ""
[6.860s] -- Up-to-date: /home/chen/turtlebot3_ws/src/proy_nexa/Robot/install/proy_nexa_interface/include/proy_nexa_interface
[6.860s] -- Up-to-date: /home/chen/turtlebot3_ws/src/proy_nexa/Robot/install/proy_nexa_interface/include/proy_nexa_interface/msg
[6.861s] -- Installing: /home/chen/turtlebot3_ws/src/proy_nexa/Robot/install/proy_nexa_interface/include/proy_nexa_interface/msg/rosidl_typesupport_fastrtps_c__visibility_control.h
[6.861s] -- Up-to-date: /home/chen/turtlebot3_ws/src/proy_nexa/Robot/install/proy_nexa_interface/include/proy_nexa_interface/msg/detail
[6.862s] -- Installing: /home/chen/turtlebot3_ws/src/proy_nexa/Robot/install/proy_nexa_interface/include/proy_nexa_interface/msg/detail/distvel__rosidl_typesupport_fastrtps_c.h
[6.862s] -- Up-to-date: /home/chen/turtlebot3_ws/src/proy_nexa/Robot/install/proy_nexa_interface/include/proy_nexa_interface/srv
[6.863s] -- Up-to-date: /home/chen/turtlebot3_ws/src/proy_nexa/Robot/install/proy_nexa_interface/include/proy_nexa_interface/srv/detail
[6.863s] -- Installing: /home/chen/turtlebot3_ws/src/proy_nexa/Robot/install/proy_nexa_interface/include/proy_nexa_interface/srv/detail/my_move_msg__rosidl_typesupport_fastrtps_c.h
[6.863s] -- Installing: /home/chen/turtlebot3_ws/src/proy_nexa/Robot/install/proy_nexa_interface/lib/libproy_nexa_interface__rosidl_typesupport_fastrtps_c.so
[6.863s] -- Set runtime path of "/home/chen/turtlebot3_ws/src/proy_nexa/Robot/install/proy_nexa_interface/lib/libproy_nexa_interface__rosidl_typesupport_fastrtps_c.so" to ""
[6.864s] -- Up-to-date: /home/chen/turtlebot3_ws/src/proy_nexa/Robot/install/proy_nexa_interface/include/proy_nexa_interface
[6.864s] -- Up-to-date: /home/chen/turtlebot3_ws/src/proy_nexa/Robot/install/proy_nexa_interface/include/proy_nexa_interface/msg
[6.864s] -- Installing: /home/chen/turtlebot3_ws/src/proy_nexa/Robot/install/proy_nexa_interface/include/proy_nexa_interface/msg/rosidl_typesupport_fastrtps_cpp__visibility_control.h
[6.865s] -- Up-to-date: /home/chen/turtlebot3_ws/src/proy_nexa/Robot/install/proy_nexa_interface/include/proy_nexa_interface/msg/detail
[6.866s] -- Installing: /home/chen/turtlebot3_ws/src/proy_nexa/Robot/install/proy_nexa_interface/include/proy_nexa_interface/msg/detail/distvel__rosidl_typesupport_fastrtps_cpp.hpp
[6.867s] -- Installing: /home/chen/turtlebot3_ws/src/proy_nexa/Robot/install/proy_nexa_interface/include/proy_nexa_interface/msg/detail/dds_fastrtps
[6.868s] -- Up-to-date: /home/chen/turtlebot3_ws/src/proy_nexa/Robot/install/proy_nexa_interface/include/proy_nexa_interface/srv
[6.869s] -- Up-to-date: /home/chen/turtlebot3_ws/src/proy_nexa/Robot/install/proy_nexa_interface/include/proy_nexa_interface/srv/detail
[6.869s] -- Installing: /home/chen/turtlebot3_ws/src/proy_nexa/Robot/install/proy_nexa_interface/include/proy_nexa_interface/srv/detail/my_move_msg__rosidl_typesupport_fastrtps_cpp.hpp
[6.870s] -- Installing: /home/chen/turtlebot3_ws/src/proy_nexa/Robot/install/proy_nexa_interface/include/proy_nexa_interface/srv/detail/dds_fastrtps
[6.870s] -- Installing: /home/chen/turtlebot3_ws/src/proy_nexa/Robot/install/proy_nexa_interface/lib/libproy_nexa_interface__rosidl_typesupport_fastrtps_cpp.so
[6.871s] -- Set runtime path of "/home/chen/turtlebot3_ws/src/proy_nexa/Robot/install/proy_nexa_interface/lib/libproy_nexa_interface__rosidl_typesupport_fastrtps_cpp.so" to ""
[6.871s] -- Up-to-date: /home/chen/turtlebot3_ws/src/proy_nexa/Robot/install/proy_nexa_interface/include/proy_nexa_interface
[6.872s] -- Up-to-date: /home/chen/turtlebot3_ws/src/proy_nexa/Robot/install/proy_nexa_interface/include/proy_nexa_interface/msg
[6.872s] -- Installing: /home/chen/turtlebot3_ws/src/proy_nexa/Robot/install/proy_nexa_interface/include/proy_nexa_interface/msg/rosidl_typesupport_introspection_c__visibility_control.h
[6.872s] -- Up-to-date: /home/chen/turtlebot3_ws/src/proy_nexa/Robot/install/proy_nexa_interface/include/proy_nexa_interface/msg/detail
[6.872s] -- Installing: /home/chen/turtlebot3_ws/src/proy_nexa/Robot/install/proy_nexa_interface/include/proy_nexa_interface/msg/detail/distvel__type_support.c
[6.873s] -- Installing: /home/chen/turtlebot3_ws/src/proy_nexa/Robot/install/proy_nexa_interface/include/proy_nexa_interface/msg/detail/distvel__rosidl_typesupport_introspection_c.h
[6.873s] -- Up-to-date: /home/chen/turtlebot3_ws/src/proy_nexa/Robot/install/proy_nexa_interface/include/proy_nexa_interface/srv
[6.873s] -- Up-to-date: /home/chen/turtlebot3_ws/src/proy_nexa/Robot/install/proy_nexa_interface/include/proy_nexa_interface/srv/detail
[6.873s] -- Installing: /home/chen/turtlebot3_ws/src/proy_nexa/Robot/install/proy_nexa_interface/include/proy_nexa_interface/srv/detail/my_move_msg__rosidl_typesupport_introspection_c.h
[6.874s] -- Installing: /home/chen/turtlebot3_ws/src/proy_nexa/Robot/install/proy_nexa_interface/include/proy_nexa_interface/srv/detail/my_move_msg__type_support.c
[6.874s] -- Installing: /home/chen/turtlebot3_ws/src/proy_nexa/Robot/install/proy_nexa_interface/lib/libproy_nexa_interface__rosidl_typesupport_introspection_c.so
[6.874s] -- Set runtime path of "/home/chen/turtlebot3_ws/src/proy_nexa/Robot/install/proy_nexa_interface/lib/libproy_nexa_interface__rosidl_typesupport_introspection_c.so" to ""
[6.874s] -- Installing: /home/chen/turtlebot3_ws/src/proy_nexa/Robot/install/proy_nexa_interface/lib/libproy_nexa_interface__rosidl_typesupport_c.so
[6.874s] -- Set runtime path of "/home/chen/turtlebot3_ws/src/proy_nexa/Robot/install/proy_nexa_interface/lib/libproy_nexa_interface__rosidl_typesupport_c.so" to ""
[6.875s] -- Up-to-date: /home/chen/turtlebot3_ws/src/proy_nexa/Robot/install/proy_nexa_interface/include/proy_nexa_interface
[6.875s] -- Up-to-date: /home/chen/turtlebot3_ws/src/proy_nexa/Robot/install/proy_nexa_interface/include/proy_nexa_interface/msg
[6.875s] -- Installing: /home/chen/turtlebot3_ws/src/proy_nexa/Robot/install/proy_nexa_interface/include/proy_nexa_interface/msg/distvel.hpp
[6.875s] -- Up-to-date: /home/chen/turtlebot3_ws/src/proy_nexa/Robot/install/proy_nexa_interface/include/proy_nexa_interface/msg/detail
[6.875s] -- Installing: /home/chen/turtlebot3_ws/src/proy_nexa/Robot/install/proy_nexa_interface/include/proy_nexa_interface/msg/detail/distvel__builder.hpp
[6.875s] -- Installing: /home/chen/turtlebot3_ws/src/proy_nexa/Robot/install/proy_nexa_interface/include/proy_nexa_interface/msg/detail/distvel__struct.hpp
[6.875s] -- Installing: /home/chen/turtlebot3_ws/src/proy_nexa/Robot/install/proy_nexa_interface/include/proy_nexa_interface/msg/detail/distvel__traits.hpp
[6.875s] -- Up-to-date: /home/chen/turtlebot3_ws/src/proy_nexa/Robot/install/proy_nexa_interface/include/proy_nexa_interface/srv
[6.875s] -- Installing: /home/chen/turtlebot3_ws/src/proy_nexa/Robot/install/proy_nexa_interface/include/proy_nexa_interface/srv/my_move_msg.hpp
[6.875s] -- Up-to-date: /home/chen/turtlebot3_ws/src/proy_nexa/Robot/install/proy_nexa_interface/include/proy_nexa_interface/srv/detail
[6.875s] -- Installing: /home/chen/turtlebot3_ws/src/proy_nexa/Robot/install/proy_nexa_interface/include/proy_nexa_interface/srv/detail/my_move_msg__builder.hpp
[6.875s] -- Installing: /home/chen/turtlebot3_ws/src/proy_nexa/Robot/install/proy_nexa_interface/include/proy_nexa_interface/srv/detail/my_move_msg__struct.hpp
[6.876s] -- Installing: /home/chen/turtlebot3_ws/src/proy_nexa/Robot/install/proy_nexa_interface/include/proy_nexa_interface/srv/detail/my_move_msg__traits.hpp
[6.876s] -- Up-to-date: /home/chen/turtlebot3_ws/src/proy_nexa/Robot/install/proy_nexa_interface/include/proy_nexa_interface
[6.876s] -- Up-to-date: /home/chen/turtlebot3_ws/src/proy_nexa/Robot/install/proy_nexa_interface/include/proy_nexa_interface/msg
[6.876s] -- Up-to-date: /home/chen/turtlebot3_ws/src/proy_nexa/Robot/install/proy_nexa_interface/include/proy_nexa_interface/msg/detail
[6.876s] -- Installing: /home/chen/turtlebot3_ws/src/proy_nexa/Robot/install/proy_nexa_interface/include/proy_nexa_interface/msg/detail/distvel__type_support.cpp
[6.876s] -- Installing: /home/chen/turtlebot3_ws/src/proy_nexa/Robot/install/proy_nexa_interface/include/proy_nexa_interface/msg/detail/distvel__rosidl_typesupport_introspection_cpp.hpp
[6.876s] -- Up-to-date: /home/chen/turtlebot3_ws/src/proy_nexa/Robot/install/proy_nexa_interface/include/proy_nexa_interface/srv
[6.876s] -- Up-to-date: /home/chen/turtlebot3_ws/src/proy_nexa/Robot/install/proy_nexa_interface/include/proy_nexa_interface/srv/detail
[6.876s] -- Installing: /home/chen/turtlebot3_ws/src/proy_nexa/Robot/install/proy_nexa_interface/include/proy_nexa_interface/srv/detail/my_move_msg__type_support.cpp
[6.877s] -- Installing: /home/chen/turtlebot3_ws/src/proy_nexa/Robot/install/proy_nexa_interface/include/proy_nexa_interface/srv/detail/my_move_msg__rosidl_typesupport_introspection_cpp.hpp
[6.877s] -- Installing: /home/chen/turtlebot3_ws/src/proy_nexa/Robot/install/proy_nexa_interface/lib/libproy_nexa_interface__rosidl_typesupport_introspection_cpp.so
[6.877s] -- Set runtime path of "/home/chen/turtlebot3_ws/src/proy_nexa/Robot/install/proy_nexa_interface/lib/libproy_nexa_interface__rosidl_typesupport_introspection_cpp.so" to ""
[6.877s] -- Installing: /home/chen/turtlebot3_ws/src/proy_nexa/Robot/install/proy_nexa_interface/lib/libproy_nexa_interface__rosidl_typesupport_cpp.so
[6.877s] -- Set runtime path of "/home/chen/turtlebot3_ws/src/proy_nexa/Robot/install/proy_nexa_interface/lib/libproy_nexa_interface__rosidl_typesupport_cpp.so" to ""
[6.877s] -- Installing: /home/chen/turtlebot3_ws/src/proy_nexa/Robot/install/proy_nexa_interface/share/proy_nexa_interface/environment/pythonpath.sh
[6.877s] -- Installing: /home/chen/turtlebot3_ws/src/proy_nexa/Robot/install/proy_nexa_interface/share/proy_nexa_interface/environment/pythonpath.dsv
[6.877s] -- Installing: /home/chen/turtlebot3_ws/src/proy_nexa/Robot/install/proy_nexa_interface/lib/python3.8/site-packages/proy_nexa_interface/__init__.py
[6.901s] Compiling '/home/chen/turtlebot3_ws/src/proy_nexa/Robot/install/proy_nexa_interface/lib/python3.8/site-packages/proy_nexa_interface/__init__.py'...
[6.904s] -- Installing: /home/chen/turtlebot3_ws/src/proy_nexa/Robot/install/proy_nexa_interface/lib/python3.8/site-packages/proy_nexa_interface/msg
[6.905s] -- Installing: /home/chen/turtlebot3_ws/src/proy_nexa/Robot/install/proy_nexa_interface/lib/python3.8/site-packages/proy_nexa_interface/msg/_distvel_s.c
[6.905s] -- Installing: /home/chen/turtlebot3_ws/src/proy_nexa/Robot/install/proy_nexa_interface/lib/python3.8/site-packages/proy_nexa_interface/msg/__init__.py
[6.905s] -- Installing: /home/chen/turtlebot3_ws/src/proy_nexa/Robot/install/proy_nexa_interface/lib/python3.8/site-packages/proy_nexa_interface/msg/_distvel.py
[6.906s] -- Installing: /home/chen/turtlebot3_ws/src/proy_nexa/Robot/install/proy_nexa_interface/lib/python3.8/site-packages/proy_nexa_interface/srv
[6.906s] -- Installing: /home/chen/turtlebot3_ws/src/proy_nexa/Robot/install/proy_nexa_interface/lib/python3.8/site-packages/proy_nexa_interface/srv/_my_move_msg_s.c
[6.906s] -- Installing: /home/chen/turtlebot3_ws/src/proy_nexa/Robot/install/proy_nexa_interface/lib/python3.8/site-packages/proy_nexa_interface/srv/__init__.py
[6.906s] -- Installing: /home/chen/turtlebot3_ws/src/proy_nexa/Robot/install/proy_nexa_interface/lib/python3.8/site-packages/proy_nexa_interface/srv/_my_move_msg.py
[6.907s] -- Installing: /home/chen/turtlebot3_ws/src/proy_nexa/Robot/install/proy_nexa_interface/lib/python3.8/site-packages/proy_nexa_interface/proy_nexa_interface_s__rosidl_typesupport_fastrtps_c.cpython-38-x86_64-linux-gnu.so
[6.907s] -- Set runtime path of "/home/chen/turtlebot3_ws/src/proy_nexa/Robot/install/proy_nexa_interface/lib/python3.8/site-packages/proy_nexa_interface/proy_nexa_interface_s__rosidl_typesupport_fastrtps_c.cpython-38-x86_64-linux-gnu.so" to ""
[6.907s] -- Installing: /home/chen/turtlebot3_ws/src/proy_nexa/Robot/install/proy_nexa_interface/lib/python3.8/site-packages/proy_nexa_interface/proy_nexa_interface_s__rosidl_typesupport_introspection_c.cpython-38-x86_64-linux-gnu.so
[6.907s] -- Set runtime path of "/home/chen/turtlebot3_ws/src/proy_nexa/Robot/install/proy_nexa_interface/lib/python3.8/site-packages/proy_nexa_interface/proy_nexa_interface_s__rosidl_typesupport_introspection_c.cpython-38-x86_64-linux-gnu.so" to ""
[6.908s] -- Installing: /home/chen/turtlebot3_ws/src/proy_nexa/Robot/install/proy_nexa_interface/lib/python3.8/site-packages/proy_nexa_interface/proy_nexa_interface_s__rosidl_typesupport_c.cpython-38-x86_64-linux-gnu.so
[6.909s] -- Set runtime path of "/home/chen/turtlebot3_ws/src/proy_nexa/Robot/install/proy_nexa_interface/lib/python3.8/site-packages/proy_nexa_interface/proy_nexa_interface_s__rosidl_typesupport_c.cpython-38-x86_64-linux-gnu.so" to ""
[6.909s] -- Installing: /home/chen/turtlebot3_ws/src/proy_nexa/Robot/install/proy_nexa_interface/lib/libproy_nexa_interface__python.so
[6.910s] -- Set runtime path of "/home/chen/turtlebot3_ws/src/proy_nexa/Robot/install/proy_nexa_interface/lib/libproy_nexa_interface__python.so" to ""
[6.910s] -- Installing: /home/chen/turtlebot3_ws/src/proy_nexa/Robot/install/proy_nexa_interface/share/proy_nexa_interface/msg/Distvel.idl
[6.911s] -- Installing: /home/chen/turtlebot3_ws/src/proy_nexa/Robot/install/proy_nexa_interface/share/proy_nexa_interface/srv/MyMoveMsg.idl
[6.911s] -- Installing: /home/chen/turtlebot3_ws/src/proy_nexa/Robot/install/proy_nexa_interface/share/proy_nexa_interface/msg/Distvel.msg
[6.912s] -- Installing: /home/chen/turtlebot3_ws/src/proy_nexa/Robot/install/proy_nexa_interface/share/proy_nexa_interface/srv/MyMoveMsg.srv
[6.913s] -- Installing: /home/chen/turtlebot3_ws/src/proy_nexa/Robot/install/proy_nexa_interface/share/proy_nexa_interface/srv/MyMoveMsg_Request.msg
[6.913s] -- Installing: /home/chen/turtlebot3_ws/src/proy_nexa/Robot/install/proy_nexa_interface/share/proy_nexa_interface/srv/MyMoveMsg_Response.msg
[6.914s] -- Installing: /home/chen/turtlebot3_ws/src/proy_nexa/Robot/install/proy_nexa_interface/share/ament_index/resource_index/package_run_dependencies/proy_nexa_interface
[6.914s] -- Installing: /home/chen/turtlebot3_ws/src/proy_nexa/Robot/install/proy_nexa_interface/share/ament_index/resource_index/parent_prefix_path/proy_nexa_interface
[6.915s] -- Installing: /home/chen/turtlebot3_ws/src/proy_nexa/Robot/install/proy_nexa_interface/share/proy_nexa_interface/environment/ament_prefix_path.sh
[6.916s] -- Installing: /home/chen/turtlebot3_ws/src/proy_nexa/Robot/install/proy_nexa_interface/share/proy_nexa_interface/environment/ament_prefix_path.dsv
[6.916s] -- Installing: /home/chen/turtlebot3_ws/src/proy_nexa/Robot/install/proy_nexa_interface/share/proy_nexa_interface/environment/path.sh
[6.917s] -- Installing: /home/chen/turtlebot3_ws/src/proy_nexa/Robot/install/proy_nexa_interface/share/proy_nexa_interface/environment/path.dsv
[6.917s] -- Installing: /home/chen/turtlebot3_ws/src/proy_nexa/Robot/install/proy_nexa_interface/share/proy_nexa_interface/local_setup.bash
[6.918s] -- Installing: /home/chen/turtlebot3_ws/src/proy_nexa/Robot/install/proy_nexa_interface/share/proy_nexa_interface/local_setup.sh
[6.918s] -- Installing: /home/chen/turtlebot3_ws/src/proy_nexa/Robot/install/proy_nexa_interface/share/proy_nexa_interface/local_setup.zsh
[6.918s] -- Installing: /home/chen/turtlebot3_ws/src/proy_nexa/Robot/install/proy_nexa_interface/share/proy_nexa_interface/local_setup.dsv
[6.919s] -- Installing: /home/chen/turtlebot3_ws/src/proy_nexa/Robot/install/proy_nexa_interface/share/proy_nexa_interface/package.dsv
[6.919s] -- Installing: /home/chen/turtlebot3_ws/src/proy_nexa/Robot/install/proy_nexa_interface/share/ament_index/resource_index/packages/proy_nexa_interface
[6.919s] -- Installing: /home/chen/turtlebot3_ws/src/proy_nexa/Robot/install/proy_nexa_interface/share/proy_nexa_interface/cmake/proy_nexa_interface__rosidl_generator_cExport.cmake
[6.920s] -- Installing: /home/chen/turtlebot3_ws/src/proy_nexa/Robot/install/proy_nexa_interface/share/proy_nexa_interface/cmake/proy_nexa_interface__rosidl_generator_cExport-noconfig.cmake
[6.921s] -- Installing: /home/chen/turtlebot3_ws/src/proy_nexa/Robot/install/proy_nexa_interface/share/proy_nexa_interface/cmake/proy_nexa_interface__rosidl_typesupport_introspection_cExport.cmake
[6.921s] -- Installing: /home/chen/turtlebot3_ws/src/proy_nexa/Robot/install/proy_nexa_interface/share/proy_nexa_interface/cmake/proy_nexa_interface__rosidl_typesupport_introspection_cExport-noconfig.cmake
[6.921s] -- Installing: /home/chen/turtlebot3_ws/src/proy_nexa/Robot/install/proy_nexa_interface/share/proy_nexa_interface/cmake/proy_nexa_interface__rosidl_typesupport_cExport.cmake
[6.922s] -- Installing: /home/chen/turtlebot3_ws/src/proy_nexa/Robot/install/proy_nexa_interface/share/proy_nexa_interface/cmake/proy_nexa_interface__rosidl_typesupport_cExport-noconfig.cmake
[6.922s] -- Installing: /home/chen/turtlebot3_ws/src/proy_nexa/Robot/install/proy_nexa_interface/share/proy_nexa_interface/cmake/proy_nexa_interface__rosidl_generator_cppExport.cmake
[6.923s] -- Installing: /home/chen/turtlebot3_ws/src/proy_nexa/Robot/install/proy_nexa_interface/share/proy_nexa_interface/cmake/proy_nexa_interface__rosidl_typesupport_introspection_cppExport.cmake
[6.924s] -- Installing: /home/chen/turtlebot3_ws/src/proy_nexa/Robot/install/proy_nexa_interface/share/proy_nexa_interface/cmake/proy_nexa_interface__rosidl_typesupport_introspection_cppExport-noconfig.cmake
[6.924s] -- Installing: /home/chen/turtlebot3_ws/src/proy_nexa/Robot/install/proy_nexa_interface/share/proy_nexa_interface/cmake/proy_nexa_interface__rosidl_typesupport_cppExport.cmake
[6.925s] -- Installing: /home/chen/turtlebot3_ws/src/proy_nexa/Robot/install/proy_nexa_interface/share/proy_nexa_interface/cmake/proy_nexa_interface__rosidl_typesupport_cppExport-noconfig.cmake
[6.925s] -- Installing: /home/chen/turtlebot3_ws/src/proy_nexa/Robot/install/proy_nexa_interface/share/proy_nexa_interface/cmake/rosidl_cmake-extras.cmake
[6.926s] -- Installing: /home/chen/turtlebot3_ws/src/proy_nexa/Robot/install/proy_nexa_interface/share/proy_nexa_interface/cmake/ament_cmake_export_dependencies-extras.cmake
[6.926s] -- Installing: /home/chen/turtlebot3_ws/src/proy_nexa/Robot/install/proy_nexa_interface/share/proy_nexa_interface/cmake/ament_cmake_export_libraries-extras.cmake
[6.927s] -- Installing: /home/chen/turtlebot3_ws/src/proy_nexa/Robot/install/proy_nexa_interface/share/proy_nexa_interface/cmake/ament_cmake_export_targets-extras.cmake
[6.927s] -- Installing: /home/chen/turtlebot3_ws/src/proy_nexa/Robot/install/proy_nexa_interface/share/proy_nexa_interface/cmake/ament_cmake_export_include_directories-extras.cmake
[6.928s] -- Installing: /home/chen/turtlebot3_ws/src/proy_nexa/Robot/install/proy_nexa_interface/share/proy_nexa_interface/cmake/rosidl_cmake_export_typesupport_libraries-extras.cmake
[6.928s] -- Installing: /home/chen/turtlebot3_ws/src/proy_nexa/Robot/install/proy_nexa_interface/share/proy_nexa_interface/cmake/rosidl_cmake_export_typesupport_targets-extras.cmake
[6.928s] -- Installing: /home/chen/turtlebot3_ws/src/proy_nexa/Robot/install/proy_nexa_interface/share/proy_nexa_interface/cmake/proy_nexa_interfaceConfig.cmake
[6.929s] -- Installing: /home/chen/turtlebot3_ws/src/proy_nexa/Robot/install/proy_nexa_interface/share/proy_nexa_interface/cmake/proy_nexa_interfaceConfig-version.cmake
[6.929s] -- Installing: /home/chen/turtlebot3_ws/src/proy_nexa/Robot/install/proy_nexa_interface/share/proy_nexa_interface/package.xml
[6.932s] Invoked command in '/home/chen/turtlebot3_ws/src/proy_nexa/Robot/build/proy_nexa_interface' returned '0': CMAKE_PREFIX_PATH=${CMAKE_PREFIX_PATH}:/home/chen/turtlebot3_ws/install/show_msg:/home/chen/turtlebot3_ws/install/proy_nexa_show_msg:/home/chen/turtlebot3_ws/install/proy_nexa_service:/home/chen/turtlebot3_ws/install/provide_map:/home/chen/turtlebot3_ws/install/my_slam:/home/chen/turtlebot3_ws/install/my_nav2_system:/home/chen/turtlebot3_ws/install/my_first_subscriber:/home/chen/turtlebot3_ws/install/my_first_service:/home/chen/turtlebot3_ws/install/my_first_publisher:/home/chen/turtlebot3_ws/install/my_first_node:/home/chen/turtlebot3_ws/install/my_first_action:/home/chen/turtlebot3_ws/src/my_first_service/install/my_first_service:/opt/ros/galactic /usr/bin/cmake --install /home/chen/turtlebot3_ws/src/proy_nexa/Robot/build/proy_nexa_interface
