[0.324s] Invoking command in '/home/chen/repositorio2/Robot/build/proy_nexa_interface': CMAKE_PREFIX_PATH=${CMAKE_PREFIX_PATH}:/home/chen/turtlebot3_ws/install/show_msg:/home/chen/turtlebot3_ws/install/proy_nexa_show_msg:/home/chen/turtlebot3_ws/install/proy_nexa_service:/home/chen/turtlebot3_ws/install/provide_map:/home/chen/turtlebot3_ws/install/my_slam:/home/chen/turtlebot3_ws/install/my_nav2_system:/home/chen/turtlebot3_ws/install/my_first_subscriber:/home/chen/turtlebot3_ws/install/my_first_service:/home/chen/turtlebot3_ws/install/my_first_publisher:/home/chen/turtlebot3_ws/install/my_first_node:/home/chen/turtlebot3_ws/install/my_first_action:/home/chen/turtlebot3_ws/src/my_first_service/install/my_first_service:/opt/ros/galactic /usr/bin/cmake --build /home/chen/repositorio2/Robot/build/proy_nexa_interface -- -j2 -l2
[0.380s] [ 10%] Built target proy_nexa_interface__rosidl_generator_c
[0.389s] [ 12%] Built target proy_nexa_interface__cpp
[0.416s] [ 23%] Built target proy_nexa_interface__rosidl_typesupport_introspection_c
[0.438s] [ 33%] Built target proy_nexa_interface__rosidl_typesupport_c
[0.446s] [ 43%] Built target proy_nexa_interface__rosidl_typesupport_cpp
[0.466s] [ 53%] Built target proy_nexa_interface__rosidl_typesupport_fastrtps_cpp
[0.478s] [ 64%] Built target proy_nexa_interface__rosidl_typesupport_introspection_cpp
[0.493s] [ 74%] Built target proy_nexa_interface__rosidl_typesupport_fastrtps_c
[0.514s] [ 74%] Built target proy_nexa_interface
[0.533s] [ 76%] Built target proy_nexa_interface__py
[0.555s] [ 84%] Built target proy_nexa_interface__python
[0.593s] [ 89%] Built target proy_nexa_interface__rosidl_typesupport_introspection_c__pyext
[0.602s] [ 94%] Built target proy_nexa_interface__rosidl_typesupport_c__pyext
[0.623s] [100%] Built target proy_nexa_interface__rosidl_typesupport_fastrtps_c__pyext
[0.644s] Invoked command in '/home/chen/repositorio2/Robot/build/proy_nexa_interface' returned '0': CMAKE_PREFIX_PATH=${CMAKE_PREFIX_PATH}:/home/chen/turtlebot3_ws/install/show_msg:/home/chen/turtlebot3_ws/install/proy_nexa_show_msg:/home/chen/turtlebot3_ws/install/proy_nexa_service:/home/chen/turtlebot3_ws/install/provide_map:/home/chen/turtlebot3_ws/install/my_slam:/home/chen/turtlebot3_ws/install/my_nav2_system:/home/chen/turtlebot3_ws/install/my_first_subscriber:/home/chen/turtlebot3_ws/install/my_first_service:/home/chen/turtlebot3_ws/install/my_first_publisher:/home/chen/turtlebot3_ws/install/my_first_node:/home/chen/turtlebot3_ws/install/my_first_action:/home/chen/turtlebot3_ws/src/my_first_service/install/my_first_service:/opt/ros/galactic /usr/bin/cmake --build /home/chen/repositorio2/Robot/build/proy_nexa_interface -- -j2 -l2
[1.014s] Invoking command in '/home/chen/repositorio2/Robot/build/proy_nexa_interface': CMAKE_PREFIX_PATH=${CMAKE_PREFIX_PATH}:/home/chen/turtlebot3_ws/install/show_msg:/home/chen/turtlebot3_ws/install/proy_nexa_show_msg:/home/chen/turtlebot3_ws/install/proy_nexa_service:/home/chen/turtlebot3_ws/install/provide_map:/home/chen/turtlebot3_ws/install/my_slam:/home/chen/turtlebot3_ws/install/my_nav2_system:/home/chen/turtlebot3_ws/install/my_first_subscriber:/home/chen/turtlebot3_ws/install/my_first_service:/home/chen/turtlebot3_ws/install/my_first_publisher:/home/chen/turtlebot3_ws/install/my_first_node:/home/chen/turtlebot3_ws/install/my_first_action:/home/chen/turtlebot3_ws/src/my_first_service/install/my_first_service:/opt/ros/galactic /usr/bin/cmake --install /home/chen/repositorio2/Robot/build/proy_nexa_interface
[1.026s] -- Install configuration: ""
[1.027s] -- Up-to-date: /home/chen/repositorio2/Robot/install/proy_nexa_interface/share/ament_index/resource_index/rosidl_interfaces/proy_nexa_interface
[1.027s] -- Up-to-date: /home/chen/repositorio2/Robot/install/proy_nexa_interface/include/proy_nexa_interface
[1.027s] -- Up-to-date: /home/chen/repositorio2/Robot/install/proy_nexa_interface/include/proy_nexa_interface/msg
[1.027s] -- Up-to-date: /home/chen/repositorio2/Robot/install/proy_nexa_interface/include/proy_nexa_interface/msg/distvel.h
[1.027s] -- Up-to-date: /home/chen/repositorio2/Robot/install/proy_nexa_interface/include/proy_nexa_interface/msg/detail
[1.028s] -- Up-to-date: /home/chen/repositorio2/Robot/install/proy_nexa_interface/include/proy_nexa_interface/msg/detail/distvel__type_support.h
[1.028s] -- Up-to-date: /home/chen/repositorio2/Robot/install/proy_nexa_interface/include/proy_nexa_interface/msg/detail/distvel__functions.h
[1.028s] -- Up-to-date: /home/chen/repositorio2/Robot/install/proy_nexa_interface/include/proy_nexa_interface/msg/detail/distvel__struct.h
[1.028s] -- Up-to-date: /home/chen/repositorio2/Robot/install/proy_nexa_interface/include/proy_nexa_interface/msg/detail/distvel__functions.c
[1.029s] -- Up-to-date: /home/chen/repositorio2/Robot/install/proy_nexa_interface/include/proy_nexa_interface/msg/rosidl_generator_c__visibility_control.h
[1.029s] -- Up-to-date: /home/chen/repositorio2/Robot/install/proy_nexa_interface/include/proy_nexa_interface/srv
[1.029s] -- Up-to-date: /home/chen/repositorio2/Robot/install/proy_nexa_interface/include/proy_nexa_interface/srv/my_move_msg.h
[1.029s] -- Up-to-date: /home/chen/repositorio2/Robot/install/proy_nexa_interface/include/proy_nexa_interface/srv/detail
[1.029s] -- Up-to-date: /home/chen/repositorio2/Robot/install/proy_nexa_interface/include/proy_nexa_interface/srv/detail/my_move_msg__type_support.h
[1.030s] -- Up-to-date: /home/chen/repositorio2/Robot/install/proy_nexa_interface/include/proy_nexa_interface/srv/detail/my_move_msg__struct.h
[1.030s] -- Up-to-date: /home/chen/repositorio2/Robot/install/proy_nexa_interface/include/proy_nexa_interface/srv/detail/my_move_msg__functions.h
[1.030s] -- Up-to-date: /home/chen/repositorio2/Robot/install/proy_nexa_interface/include/proy_nexa_interface/srv/detail/my_move_msg__functions.c
[1.030s] -- Up-to-date: /home/chen/repositorio2/Robot/install/proy_nexa_interface/share/proy_nexa_interface/environment/library_path.sh
[1.030s] -- Up-to-date: /home/chen/repositorio2/Robot/install/proy_nexa_interface/share/proy_nexa_interface/environment/library_path.dsv
[1.031s] -- Up-to-date: /home/chen/repositorio2/Robot/install/proy_nexa_interface/lib/libproy_nexa_interface__rosidl_generator_c.so
[1.031s] -- Up-to-date: /home/chen/repositorio2/Robot/install/proy_nexa_interface/include/proy_nexa_interface
[1.031s] -- Up-to-date: /home/chen/repositorio2/Robot/install/proy_nexa_interface/include/proy_nexa_interface/msg
[1.032s] -- Up-to-date: /home/chen/repositorio2/Robot/install/proy_nexa_interface/include/proy_nexa_interface/msg/rosidl_typesupport_fastrtps_c__visibility_control.h
[1.032s] -- Up-to-date: /home/chen/repositorio2/Robot/install/proy_nexa_interface/include/proy_nexa_interface/msg/detail
[1.032s] -- Up-to-date: /home/chen/repositorio2/Robot/install/proy_nexa_interface/include/proy_nexa_interface/msg/detail/distvel__rosidl_typesupport_fastrtps_c.h
[1.032s] -- Up-to-date: /home/chen/repositorio2/Robot/install/proy_nexa_interface/include/proy_nexa_interface/srv
[1.033s] -- Up-to-date: /home/chen/repositorio2/Robot/install/proy_nexa_interface/include/proy_nexa_interface/srv/detail
[1.033s] -- Up-to-date: /home/chen/repositorio2/Robot/install/proy_nexa_interface/include/proy_nexa_interface/srv/detail/my_move_msg__rosidl_typesupport_fastrtps_c.h
[1.033s] -- Up-to-date: /home/chen/repositorio2/Robot/install/proy_nexa_interface/lib/libproy_nexa_interface__rosidl_typesupport_fastrtps_c.so
[1.034s] -- Up-to-date: /home/chen/repositorio2/Robot/install/proy_nexa_interface/include/proy_nexa_interface
[1.034s] -- Up-to-date: /home/chen/repositorio2/Robot/install/proy_nexa_interface/include/proy_nexa_interface/msg
[1.034s] -- Up-to-date: /home/chen/repositorio2/Robot/install/proy_nexa_interface/include/proy_nexa_interface/msg/rosidl_typesupport_fastrtps_cpp__visibility_control.h
[1.034s] -- Up-to-date: /home/chen/repositorio2/Robot/install/proy_nexa_interface/include/proy_nexa_interface/msg/detail
[1.034s] -- Up-to-date: /home/chen/repositorio2/Robot/install/proy_nexa_interface/include/proy_nexa_interface/msg/detail/distvel__rosidl_typesupport_fastrtps_cpp.hpp
[1.034s] -- Up-to-date: /home/chen/repositorio2/Robot/install/proy_nexa_interface/include/proy_nexa_interface/msg/detail/dds_fastrtps
[1.035s] -- Up-to-date: /home/chen/repositorio2/Robot/install/proy_nexa_interface/include/proy_nexa_interface/srv
[1.035s] -- Up-to-date: /home/chen/repositorio2/Robot/install/proy_nexa_interface/include/proy_nexa_interface/srv/detail
[1.035s] -- Up-to-date: /home/chen/repositorio2/Robot/install/proy_nexa_interface/include/proy_nexa_interface/srv/detail/my_move_msg__rosidl_typesupport_fastrtps_cpp.hpp
[1.035s] -- Up-to-date: /home/chen/repositorio2/Robot/install/proy_nexa_interface/include/proy_nexa_interface/srv/detail/dds_fastrtps
[1.036s] -- Up-to-date: /home/chen/repositorio2/Robot/install/proy_nexa_interface/lib/libproy_nexa_interface__rosidl_typesupport_fastrtps_cpp.so
[1.036s] -- Up-to-date: /home/chen/repositorio2/Robot/install/proy_nexa_interface/include/proy_nexa_interface
[1.036s] -- Up-to-date: /home/chen/repositorio2/Robot/install/proy_nexa_interface/include/proy_nexa_interface/msg
[1.036s] -- Up-to-date: /home/chen/repositorio2/Robot/install/proy_nexa_interface/include/proy_nexa_interface/msg/rosidl_typesupport_introspection_c__visibility_control.h
[1.037s] -- Up-to-date: /home/chen/repositorio2/Robot/install/proy_nexa_interface/include/proy_nexa_interface/msg/detail
[1.037s] -- Up-to-date: /home/chen/repositorio2/Robot/install/proy_nexa_interface/include/proy_nexa_interface/msg/detail/distvel__type_support.c
[1.037s] -- Up-to-date: /home/chen/repositorio2/Robot/install/proy_nexa_interface/include/proy_nexa_interface/msg/detail/distvel__rosidl_typesupport_introspection_c.h
[1.037s] -- Up-to-date: /home/chen/repositorio2/Robot/install/proy_nexa_interface/include/proy_nexa_interface/srv
[1.037s] -- Up-to-date: /home/chen/repositorio2/Robot/install/proy_nexa_interface/include/proy_nexa_interface/srv/detail
[1.037s] -- Up-to-date: /home/chen/repositorio2/Robot/install/proy_nexa_interface/include/proy_nexa_interface/srv/detail/my_move_msg__rosidl_typesupport_introspection_c.h
[1.038s] -- Up-to-date: /home/chen/repositorio2/Robot/install/proy_nexa_interface/include/proy_nexa_interface/srv/detail/my_move_msg__type_support.c
[1.038s] -- Up-to-date: /home/chen/repositorio2/Robot/install/proy_nexa_interface/lib/libproy_nexa_interface__rosidl_typesupport_introspection_c.so
[1.038s] -- Up-to-date: /home/chen/repositorio2/Robot/install/proy_nexa_interface/lib/libproy_nexa_interface__rosidl_typesupport_c.so
[1.039s] -- Up-to-date: /home/chen/repositorio2/Robot/install/proy_nexa_interface/include/proy_nexa_interface
[1.039s] -- Up-to-date: /home/chen/repositorio2/Robot/install/proy_nexa_interface/include/proy_nexa_interface/msg
[1.039s] -- Up-to-date: /home/chen/repositorio2/Robot/install/proy_nexa_interface/include/proy_nexa_interface/msg/distvel.hpp
[1.039s] -- Up-to-date: /home/chen/repositorio2/Robot/install/proy_nexa_interface/include/proy_nexa_interface/msg/detail
[1.039s] -- Up-to-date: /home/chen/repositorio2/Robot/install/proy_nexa_interface/include/proy_nexa_interface/msg/detail/distvel__builder.hpp
[1.040s] -- Up-to-date: /home/chen/repositorio2/Robot/install/proy_nexa_interface/include/proy_nexa_interface/msg/detail/distvel__struct.hpp
[1.040s] -- Up-to-date: /home/chen/repositorio2/Robot/install/proy_nexa_interface/include/proy_nexa_interface/msg/detail/distvel__traits.hpp
[1.040s] -- Up-to-date: /home/chen/repositorio2/Robot/install/proy_nexa_interface/include/proy_nexa_interface/srv
[1.040s] -- Up-to-date: /home/chen/repositorio2/Robot/install/proy_nexa_interface/include/proy_nexa_interface/srv/my_move_msg.hpp
[1.040s] -- Up-to-date: /home/chen/repositorio2/Robot/install/proy_nexa_interface/include/proy_nexa_interface/srv/detail
[1.040s] -- Up-to-date: /home/chen/repositorio2/Robot/install/proy_nexa_interface/include/proy_nexa_interface/srv/detail/my_move_msg__builder.hpp
[1.041s] -- Up-to-date: /home/chen/repositorio2/Robot/install/proy_nexa_interface/include/proy_nexa_interface/srv/detail/my_move_msg__struct.hpp
[1.041s] -- Up-to-date: /home/chen/repositorio2/Robot/install/proy_nexa_interface/include/proy_nexa_interface/srv/detail/my_move_msg__traits.hpp
[1.041s] -- Up-to-date: /home/chen/repositorio2/Robot/install/proy_nexa_interface/include/proy_nexa_interface
[1.041s] -- Up-to-date: /home/chen/repositorio2/Robot/install/proy_nexa_interface/include/proy_nexa_interface/msg
[1.041s] -- Up-to-date: /home/chen/repositorio2/Robot/install/proy_nexa_interface/include/proy_nexa_interface/msg/detail
[1.042s] -- Up-to-date: /home/chen/repositorio2/Robot/install/proy_nexa_interface/include/proy_nexa_interface/msg/detail/distvel__type_support.cpp
[1.042s] -- Up-to-date: /home/chen/repositorio2/Robot/install/proy_nexa_interface/include/proy_nexa_interface/msg/detail/distvel__rosidl_typesupport_introspection_cpp.hpp
[1.042s] -- Up-to-date: /home/chen/repositorio2/Robot/install/proy_nexa_interface/include/proy_nexa_interface/srv
[1.042s] -- Up-to-date: /home/chen/repositorio2/Robot/install/proy_nexa_interface/include/proy_nexa_interface/srv/detail
[1.042s] -- Up-to-date: /home/chen/repositorio2/Robot/install/proy_nexa_interface/include/proy_nexa_interface/srv/detail/my_move_msg__type_support.cpp
[1.042s] -- Up-to-date: /home/chen/repositorio2/Robot/install/proy_nexa_interface/include/proy_nexa_interface/srv/detail/my_move_msg__rosidl_typesupport_introspection_cpp.hpp
[1.043s] -- Up-to-date: /home/chen/repositorio2/Robot/install/proy_nexa_interface/lib/libproy_nexa_interface__rosidl_typesupport_introspection_cpp.so
[1.043s] -- Up-to-date: /home/chen/repositorio2/Robot/install/proy_nexa_interface/lib/libproy_nexa_interface__rosidl_typesupport_cpp.so
[1.044s] -- Up-to-date: /home/chen/repositorio2/Robot/install/proy_nexa_interface/share/proy_nexa_interface/environment/pythonpath.sh
[1.044s] -- Up-to-date: /home/chen/repositorio2/Robot/install/proy_nexa_interface/share/proy_nexa_interface/environment/pythonpath.dsv
[1.044s] -- Up-to-date: /home/chen/repositorio2/Robot/install/proy_nexa_interface/lib/python3.8/site-packages/proy_nexa_interface/__init__.py
[1.075s] -- Up-to-date: /home/chen/repositorio2/Robot/install/proy_nexa_interface/lib/python3.8/site-packages/proy_nexa_interface/msg
[1.075s] -- Up-to-date: /home/chen/repositorio2/Robot/install/proy_nexa_interface/lib/python3.8/site-packages/proy_nexa_interface/msg/_distvel_s.c
[1.075s] -- Up-to-date: /home/chen/repositorio2/Robot/install/proy_nexa_interface/lib/python3.8/site-packages/proy_nexa_interface/msg/__init__.py
[1.076s] -- Up-to-date: /home/chen/repositorio2/Robot/install/proy_nexa_interface/lib/python3.8/site-packages/proy_nexa_interface/msg/_distvel.py
[1.076s] -- Up-to-date: /home/chen/repositorio2/Robot/install/proy_nexa_interface/lib/python3.8/site-packages/proy_nexa_interface/srv
[1.076s] -- Up-to-date: /home/chen/repositorio2/Robot/install/proy_nexa_interface/lib/python3.8/site-packages/proy_nexa_interface/srv/_my_move_msg_s.c
[1.076s] -- Up-to-date: /home/chen/repositorio2/Robot/install/proy_nexa_interface/lib/python3.8/site-packages/proy_nexa_interface/srv/__init__.py
[1.076s] -- Up-to-date: /home/chen/repositorio2/Robot/install/proy_nexa_interface/lib/python3.8/site-packages/proy_nexa_interface/srv/_my_move_msg.py
[1.077s] -- Up-to-date: /home/chen/repositorio2/Robot/install/proy_nexa_interface/lib/python3.8/site-packages/proy_nexa_interface/proy_nexa_interface_s__rosidl_typesupport_fastrtps_c.cpython-38-x86_64-linux-gnu.so
[1.077s] -- Up-to-date: /home/chen/repositorio2/Robot/install/proy_nexa_interface/lib/python3.8/site-packages/proy_nexa_interface/proy_nexa_interface_s__rosidl_typesupport_introspection_c.cpython-38-x86_64-linux-gnu.so
[1.078s] -- Up-to-date: /home/chen/repositorio2/Robot/install/proy_nexa_interface/lib/python3.8/site-packages/proy_nexa_interface/proy_nexa_interface_s__rosidl_typesupport_c.cpython-38-x86_64-linux-gnu.so
[1.079s] -- Up-to-date: /home/chen/repositorio2/Robot/install/proy_nexa_interface/lib/libproy_nexa_interface__python.so
[1.079s] -- Up-to-date: /home/chen/repositorio2/Robot/install/proy_nexa_interface/share/proy_nexa_interface/msg/Distvel.idl
[1.079s] -- Up-to-date: /home/chen/repositorio2/Robot/install/proy_nexa_interface/share/proy_nexa_interface/srv/MyMoveMsg.idl
[1.079s] -- Up-to-date: /home/chen/repositorio2/Robot/install/proy_nexa_interface/share/proy_nexa_interface/msg/Distvel.msg
[1.080s] -- Up-to-date: /home/chen/repositorio2/Robot/install/proy_nexa_interface/share/proy_nexa_interface/srv/MyMoveMsg.srv
[1.080s] -- Up-to-date: /home/chen/repositorio2/Robot/install/proy_nexa_interface/share/proy_nexa_interface/srv/MyMoveMsg_Request.msg
[1.080s] -- Up-to-date: /home/chen/repositorio2/Robot/install/proy_nexa_interface/share/proy_nexa_interface/srv/MyMoveMsg_Response.msg
[1.080s] -- Up-to-date: /home/chen/repositorio2/Robot/install/proy_nexa_interface/share/ament_index/resource_index/package_run_dependencies/proy_nexa_interface
[1.080s] -- Up-to-date: /home/chen/repositorio2/Robot/install/proy_nexa_interface/share/ament_index/resource_index/parent_prefix_path/proy_nexa_interface
[1.081s] -- Up-to-date: /home/chen/repositorio2/Robot/install/proy_nexa_interface/share/proy_nexa_interface/environment/ament_prefix_path.sh
[1.081s] -- Up-to-date: /home/chen/repositorio2/Robot/install/proy_nexa_interface/share/proy_nexa_interface/environment/ament_prefix_path.dsv
[1.081s] -- Up-to-date: /home/chen/repositorio2/Robot/install/proy_nexa_interface/share/proy_nexa_interface/environment/path.sh
[1.081s] -- Up-to-date: /home/chen/repositorio2/Robot/install/proy_nexa_interface/share/proy_nexa_interface/environment/path.dsv
[1.081s] -- Up-to-date: /home/chen/repositorio2/Robot/install/proy_nexa_interface/share/proy_nexa_interface/local_setup.bash
[1.082s] -- Up-to-date: /home/chen/repositorio2/Robot/install/proy_nexa_interface/share/proy_nexa_interface/local_setup.sh
[1.082s] -- Up-to-date: /home/chen/repositorio2/Robot/install/proy_nexa_interface/share/proy_nexa_interface/local_setup.zsh
[1.082s] -- Up-to-date: /home/chen/repositorio2/Robot/install/proy_nexa_interface/share/proy_nexa_interface/local_setup.dsv
[1.082s] -- Installing: /home/chen/repositorio2/Robot/install/proy_nexa_interface/share/proy_nexa_interface/package.dsv
[1.083s] -- Up-to-date: /home/chen/repositorio2/Robot/install/proy_nexa_interface/share/ament_index/resource_index/packages/proy_nexa_interface
[1.083s] -- Up-to-date: /home/chen/repositorio2/Robot/install/proy_nexa_interface/share/proy_nexa_interface/cmake/proy_nexa_interface__rosidl_generator_cExport.cmake
[1.083s] -- Up-to-date: /home/chen/repositorio2/Robot/install/proy_nexa_interface/share/proy_nexa_interface/cmake/proy_nexa_interface__rosidl_generator_cExport-noconfig.cmake
[1.084s] -- Up-to-date: /home/chen/repositorio2/Robot/install/proy_nexa_interface/share/proy_nexa_interface/cmake/proy_nexa_interface__rosidl_typesupport_introspection_cExport.cmake
[1.084s] -- Up-to-date: /home/chen/repositorio2/Robot/install/proy_nexa_interface/share/proy_nexa_interface/cmake/proy_nexa_interface__rosidl_typesupport_introspection_cExport-noconfig.cmake
[1.085s] -- Up-to-date: /home/chen/repositorio2/Robot/install/proy_nexa_interface/share/proy_nexa_interface/cmake/proy_nexa_interface__rosidl_typesupport_cExport.cmake
[1.085s] -- Up-to-date: /home/chen/repositorio2/Robot/install/proy_nexa_interface/share/proy_nexa_interface/cmake/proy_nexa_interface__rosidl_typesupport_cExport-noconfig.cmake
[1.085s] -- Up-to-date: /home/chen/repositorio2/Robot/install/proy_nexa_interface/share/proy_nexa_interface/cmake/proy_nexa_interface__rosidl_generator_cppExport.cmake
[1.085s] -- Up-to-date: /home/chen/repositorio2/Robot/install/proy_nexa_interface/share/proy_nexa_interface/cmake/proy_nexa_interface__rosidl_typesupport_introspection_cppExport.cmake
[1.086s] -- Up-to-date: /home/chen/repositorio2/Robot/install/proy_nexa_interface/share/proy_nexa_interface/cmake/proy_nexa_interface__rosidl_typesupport_introspection_cppExport-noconfig.cmake
[1.086s] -- Up-to-date: /home/chen/repositorio2/Robot/install/proy_nexa_interface/share/proy_nexa_interface/cmake/proy_nexa_interface__rosidl_typesupport_cppExport.cmake
[1.086s] -- Up-to-date: /home/chen/repositorio2/Robot/install/proy_nexa_interface/share/proy_nexa_interface/cmake/proy_nexa_interface__rosidl_typesupport_cppExport-noconfig.cmake
[1.086s] -- Up-to-date: /home/chen/repositorio2/Robot/install/proy_nexa_interface/share/proy_nexa_interface/cmake/rosidl_cmake-extras.cmake
[1.087s] -- Up-to-date: /home/chen/repositorio2/Robot/install/proy_nexa_interface/share/proy_nexa_interface/cmake/ament_cmake_export_dependencies-extras.cmake
[1.087s] -- Up-to-date: /home/chen/repositorio2/Robot/install/proy_nexa_interface/share/proy_nexa_interface/cmake/ament_cmake_export_libraries-extras.cmake
[1.087s] -- Up-to-date: /home/chen/repositorio2/Robot/install/proy_nexa_interface/share/proy_nexa_interface/cmake/ament_cmake_export_targets-extras.cmake
[1.087s] -- Up-to-date: /home/chen/repositorio2/Robot/install/proy_nexa_interface/share/proy_nexa_interface/cmake/ament_cmake_export_include_directories-extras.cmake
[1.087s] -- Up-to-date: /home/chen/repositorio2/Robot/install/proy_nexa_interface/share/proy_nexa_interface/cmake/rosidl_cmake_export_typesupport_libraries-extras.cmake
[1.088s] -- Up-to-date: /home/chen/repositorio2/Robot/install/proy_nexa_interface/share/proy_nexa_interface/cmake/rosidl_cmake_export_typesupport_targets-extras.cmake
[1.088s] -- Up-to-date: /home/chen/repositorio2/Robot/install/proy_nexa_interface/share/proy_nexa_interface/cmake/proy_nexa_interfaceConfig.cmake
[1.088s] -- Up-to-date: /home/chen/repositorio2/Robot/install/proy_nexa_interface/share/proy_nexa_interface/cmake/proy_nexa_interfaceConfig-version.cmake
[1.088s] -- Up-to-date: /home/chen/repositorio2/Robot/install/proy_nexa_interface/share/proy_nexa_interface/package.xml
[1.378s] Invoked command in '/home/chen/repositorio2/Robot/build/proy_nexa_interface' returned '0': CMAKE_PREFIX_PATH=${CMAKE_PREFIX_PATH}:/home/chen/turtlebot3_ws/install/show_msg:/home/chen/turtlebot3_ws/install/proy_nexa_show_msg:/home/chen/turtlebot3_ws/install/proy_nexa_service:/home/chen/turtlebot3_ws/install/provide_map:/home/chen/turtlebot3_ws/install/my_slam:/home/chen/turtlebot3_ws/install/my_nav2_system:/home/chen/turtlebot3_ws/install/my_first_subscriber:/home/chen/turtlebot3_ws/install/my_first_service:/home/chen/turtlebot3_ws/install/my_first_publisher:/home/chen/turtlebot3_ws/install/my_first_node:/home/chen/turtlebot3_ws/install/my_first_action:/home/chen/turtlebot3_ws/src/my_first_service/install/my_first_service:/opt/ros/galactic /usr/bin/cmake --install /home/chen/repositorio2/Robot/build/proy_nexa_interface
