[0.828s] Invoking command in '/home/chen/repositorio2/Robot/src/proy_nexa/proy_nexa_service': AMENT_PREFIX_PATH=/home/chen/repositorio2/Robot/install/proy_nexa_interface:${AMENT_PREFIX_PATH} CMAKE_PREFIX_PATH=/home/chen/repositorio2/Robot/install/proy_nexa_interface:${CMAKE_PREFIX_PATH} LD_LIBRARY_PATH=/home/chen/repositorio2/Robot/install/proy_nexa_interface/lib:${LD_LIBRARY_PATH} PYTHONPATH=/home/chen/repositorio2/Robot/build/proy_nexa_service/prefix_override:/home/chen/repositorio2/Robot/install/proy_nexa_service/lib/python3.8/site-packages:/home/chen/repositorio2/Robot/install/proy_nexa_interface/lib/python3.8/site-packages:${PYTHONPATH} /usr/bin/python3 setup.py egg_info --egg-base ../../../build/proy_nexa_service build --build-base /home/chen/repositorio2/Robot/build/proy_nexa_service/build install --record /home/chen/repositorio2/Robot/build/proy_nexa_service/install.log --single-version-externally-managed
[0.982s] running egg_info
[0.983s] creating ../../../build/proy_nexa_service/proy_nexa_service.egg-info
[0.983s] writing ../../../build/proy_nexa_service/proy_nexa_service.egg-info/PKG-INFO
[0.983s] writing dependency_links to ../../../build/proy_nexa_service/proy_nexa_service.egg-info/dependency_links.txt
[0.983s] writing entry points to ../../../build/proy_nexa_service/proy_nexa_service.egg-info/entry_points.txt
[0.983s] writing requirements to ../../../build/proy_nexa_service/proy_nexa_service.egg-info/requires.txt
[0.983s] writing top-level names to ../../../build/proy_nexa_service/proy_nexa_service.egg-info/top_level.txt
[0.984s] writing manifest file '../../../build/proy_nexa_service/proy_nexa_service.egg-info/SOURCES.txt'
[1.008s] reading manifest file '../../../build/proy_nexa_service/proy_nexa_service.egg-info/SOURCES.txt'
[1.008s] writing manifest file '../../../build/proy_nexa_service/proy_nexa_service.egg-info/SOURCES.txt'
[1.008s] running build
[1.008s] running build_py
[1.008s] creating /home/chen/repositorio2/Robot/build/proy_nexa_service/build
[1.008s] creating /home/chen/repositorio2/Robot/build/proy_nexa_service/build/lib
[1.008s] creating /home/chen/repositorio2/Robot/build/proy_nexa_service/build/lib/proy_nexa_service
[1.008s] copying proy_nexa_service/proy_nexa_movement_server.py -> /home/chen/repositorio2/Robot/build/proy_nexa_service/build/lib/proy_nexa_service
[1.008s] copying proy_nexa_service/proy_nexa_movement_client.py -> /home/chen/repositorio2/Robot/build/proy_nexa_service/build/lib/proy_nexa_service
[1.008s] copying proy_nexa_service/__init__.py -> /home/chen/repositorio2/Robot/build/proy_nexa_service/build/lib/proy_nexa_service
[1.008s] running install
[1.008s] running install_lib
[1.008s] creating /home/chen/repositorio2/Robot/install/proy_nexa_service/lib/python3.8/site-packages/proy_nexa_service
[1.008s] copying /home/chen/repositorio2/Robot/build/proy_nexa_service/build/lib/proy_nexa_service/proy_nexa_movement_server.py -> /home/chen/repositorio2/Robot/install/proy_nexa_service/lib/python3.8/site-packages/proy_nexa_service
[1.008s] copying /home/chen/repositorio2/Robot/build/proy_nexa_service/build/lib/proy_nexa_service/proy_nexa_movement_client.py -> /home/chen/repositorio2/Robot/install/proy_nexa_service/lib/python3.8/site-packages/proy_nexa_service
[1.008s] copying /home/chen/repositorio2/Robot/build/proy_nexa_service/build/lib/proy_nexa_service/__init__.py -> /home/chen/repositorio2/Robot/install/proy_nexa_service/lib/python3.8/site-packages/proy_nexa_service
[1.008s] byte-compiling /home/chen/repositorio2/Robot/install/proy_nexa_service/lib/python3.8/site-packages/proy_nexa_service/proy_nexa_movement_server.py to proy_nexa_movement_server.cpython-38.pyc
[1.009s] byte-compiling /home/chen/repositorio2/Robot/install/proy_nexa_service/lib/python3.8/site-packages/proy_nexa_service/proy_nexa_movement_client.py to proy_nexa_movement_client.cpython-38.pyc
[1.010s] byte-compiling /home/chen/repositorio2/Robot/install/proy_nexa_service/lib/python3.8/site-packages/proy_nexa_service/__init__.py to __init__.cpython-38.pyc
[1.010s] running install_data
[1.010s] creating /home/chen/repositorio2/Robot/install/proy_nexa_service/share/ament_index
[1.011s] creating /home/chen/repositorio2/Robot/install/proy_nexa_service/share/ament_index/resource_index
[1.011s] creating /home/chen/repositorio2/Robot/install/proy_nexa_service/share/ament_index/resource_index/packages
[1.011s] copying resource/proy_nexa_service -> /home/chen/repositorio2/Robot/install/proy_nexa_service/share/ament_index/resource_index/packages
[1.011s] copying package.xml -> /home/chen/repositorio2/Robot/install/proy_nexa_service/share/proy_nexa_service
[1.011s] copying launch/proy_nexa_movement_server_launch.launch.py -> /home/chen/repositorio2/Robot/install/proy_nexa_service/share/proy_nexa_service
[1.011s] running install_egg_info
[1.012s] Copying ../../../build/proy_nexa_service/proy_nexa_service.egg-info to /home/chen/repositorio2/Robot/install/proy_nexa_service/lib/python3.8/site-packages/proy_nexa_service-0.0.0-py3.8.egg-info
[1.013s] running install_scripts
[1.026s] Installing proy_nexa_movement_client script to /home/chen/repositorio2/Robot/install/proy_nexa_service/lib/proy_nexa_service
[1.026s] Installing proy_nexa_movement_server script to /home/chen/repositorio2/Robot/install/proy_nexa_service/lib/proy_nexa_service
[1.026s] writing list of installed files to '/home/chen/repositorio2/Robot/build/proy_nexa_service/install.log'
[1.042s] Invoked command in '/home/chen/repositorio2/Robot/src/proy_nexa/proy_nexa_service' returned '0': AMENT_PREFIX_PATH=/home/chen/repositorio2/Robot/install/proy_nexa_interface:${AMENT_PREFIX_PATH} CMAKE_PREFIX_PATH=/home/chen/repositorio2/Robot/install/proy_nexa_interface:${CMAKE_PREFIX_PATH} LD_LIBRARY_PATH=/home/chen/repositorio2/Robot/install/proy_nexa_interface/lib:${LD_LIBRARY_PATH} PYTHONPATH=/home/chen/repositorio2/Robot/build/proy_nexa_service/prefix_override:/home/chen/repositorio2/Robot/install/proy_nexa_service/lib/python3.8/site-packages:/home/chen/repositorio2/Robot/install/proy_nexa_interface/lib/python3.8/site-packages:${PYTHONPATH} /usr/bin/python3 setup.py egg_info --egg-base ../../../build/proy_nexa_service build --build-base /home/chen/repositorio2/Robot/build/proy_nexa_service/build install --record /home/chen/repositorio2/Robot/build/proy_nexa_service/install.log --single-version-externally-managed
