[1.967s] DEBUG:colcon:Command line arguments: ['/usr/bin/colcon', 'build', '--packages-select', 'web_video_server']
[1.967s] DEBUG:colcon:Parsed command line arguments: Namespace(allow_overriding=[], ament_cmake_args=None, base_paths=['.'], build_base='build', catkin_cmake_args=None, catkin_skip_building_tests=False, cmake_args=None, cmake_clean_cache=False, cmake_clean_first=False, cmake_force_configure=False, cmake_target=None, cmake_target_skip_unavailable=False, continue_on_error=False, event_handlers=None, executor='parallel', ignore_user_meta=False, install_base='install', log_base=None, log_level=None, main=<bound method BuildVerb.main of <colcon_core.verb.build.BuildVerb object at 0x7fbc40adda30>>, merge_install=False, metas=['./colcon.meta'], packages_above=None, packages_above_and_dependencies=None, packages_above_depth=None, packages_end=None, packages_ignore=None, packages_ignore_regex=None, packages_select=['web_video_server'], packages_select_build_failed=False, packages_select_by_dep=None, packages_select_regex=None, packages_select_test_failures=False, packages_skip=None, packages_skip_build_finished=False, packages_skip_by_dep=None, packages_skip_regex=None, packages_skip_test_passed=False, packages_skip_up_to=None, packages_start=None, packages_up_to=None, packages_up_to_regex=None, parallel_workers=2, paths=None, symlink_install=False, test_result_base=None, verb_extension=<colcon_core.verb.build.BuildVerb object at 0x7fbc40adda30>, verb_name='build', verb_parser=<colcon_defaults.argument_parser.defaults.DefaultArgumentsDecorator object at 0x7fbc406604f0>)
[2.086s] Level 1:colcon.colcon_core.package_discovery:discover_packages(colcon_meta) check parameters
[2.086s] Level 1:colcon.colcon_core.package_discovery:discover_packages(recursive) check parameters
[2.093s] Level 1:colcon.colcon_core.package_discovery:discover_packages(ignore) check parameters
[2.093s] Level 1:colcon.colcon_core.package_discovery:discover_packages(path) check parameters
[2.093s] Level 1:colcon.colcon_core.package_discovery:discover_packages(colcon_meta) discover
[2.093s] Level 1:colcon.colcon_core.package_discovery:discover_packages(recursive) discover
[2.093s] INFO:colcon.colcon_core.package_discovery:Crawling recursively for packages in '/home/chen/repositorio2/Robot/src'
[2.093s] Level 1:colcon.colcon_core.package_identification:_identify(.) by extensions ['ignore', 'ignore_ament_install']
[2.093s] Level 1:colcon.colcon_core.package_identification:_identify(.) by extension 'ignore'
[2.093s] Level 1:colcon.colcon_core.package_identification:_identify(.) by extension 'ignore_ament_install'
[2.093s] Level 1:colcon.colcon_core.package_identification:_identify(.) by extensions ['colcon_pkg']
[2.093s] Level 1:colcon.colcon_core.package_identification:_identify(.) by extension 'colcon_pkg'
[2.093s] Level 1:colcon.colcon_core.package_identification:_identify(.) by extensions ['colcon_meta']
[2.093s] Level 1:colcon.colcon_core.package_identification:_identify(.) by extension 'colcon_meta'
[2.093s] Level 1:colcon.colcon_core.package_identification:_identify(.) by extensions ['ros']
[2.093s] Level 1:colcon.colcon_core.package_identification:_identify(.) by extension 'ros'
[2.106s] Level 1:colcon.colcon_core.package_identification:_identify(.) by extensions ['cmake', 'python']
[2.107s] Level 1:colcon.colcon_core.package_identification:_identify(.) by extension 'cmake'
[2.107s] Level 1:colcon.colcon_core.package_identification:_identify(.) by extension 'python'
[2.107s] Level 1:colcon.colcon_core.package_identification:_identify(.) by extensions ['python_setup_py']
[2.107s] Level 1:colcon.colcon_core.package_identification:_identify(.) by extension 'python_setup_py'
[2.108s] Level 1:colcon.colcon_core.package_identification:_identify(async_web_server_cpp) by extensions ['ignore', 'ignore_ament_install']
[2.108s] Level 1:colcon.colcon_core.package_identification:_identify(async_web_server_cpp) by extension 'ignore'
[2.108s] Level 1:colcon.colcon_core.package_identification:_identify(async_web_server_cpp) by extension 'ignore_ament_install'
[2.108s] Level 1:colcon.colcon_core.package_identification:_identify(async_web_server_cpp) by extensions ['colcon_pkg']
[2.108s] Level 1:colcon.colcon_core.package_identification:_identify(async_web_server_cpp) by extension 'colcon_pkg'
[2.108s] Level 1:colcon.colcon_core.package_identification:_identify(async_web_server_cpp) by extensions ['colcon_meta']
[2.108s] Level 1:colcon.colcon_core.package_identification:_identify(async_web_server_cpp) by extension 'colcon_meta'
[2.109s] Level 1:colcon.colcon_core.package_identification:_identify(async_web_server_cpp) by extensions ['ros']
[2.109s] Level 1:colcon.colcon_core.package_identification:_identify(async_web_server_cpp) by extension 'ros'
[2.112s] DEBUG:colcon.colcon_core.package_identification:Package 'async_web_server_cpp' with type 'ros.catkin' and name 'async_web_server_cpp'
[2.112s] Level 1:colcon.colcon_core.package_identification:_identify(build) by extensions ['ignore', 'ignore_ament_install']
[2.112s] Level 1:colcon.colcon_core.package_identification:_identify(build) by extension 'ignore'
[2.113s] Level 1:colcon.colcon_core.package_identification:_identify(build) ignored
[2.113s] Level 1:colcon.colcon_core.package_identification:_identify(install) by extensions ['ignore', 'ignore_ament_install']
[2.113s] Level 1:colcon.colcon_core.package_identification:_identify(install) by extension 'ignore'
[2.113s] Level 1:colcon.colcon_core.package_identification:_identify(install) ignored
[2.114s] Level 1:colcon.colcon_core.package_identification:_identify(log) by extensions ['ignore', 'ignore_ament_install']
[2.114s] Level 1:colcon.colcon_core.package_identification:_identify(log) by extension 'ignore'
[2.114s] Level 1:colcon.colcon_core.package_identification:_identify(log) ignored
[2.115s] Level 1:colcon.colcon_core.package_identification:_identify(proy_nexa) by extensions ['ignore', 'ignore_ament_install']
[2.115s] Level 1:colcon.colcon_core.package_identification:_identify(proy_nexa) by extension 'ignore'
[2.116s] Level 1:colcon.colcon_core.package_identification:_identify(proy_nexa) by extension 'ignore_ament_install'
[2.116s] Level 1:colcon.colcon_core.package_identification:_identify(proy_nexa) by extensions ['colcon_pkg']
[2.116s] Level 1:colcon.colcon_core.package_identification:_identify(proy_nexa) by extension 'colcon_pkg'
[2.116s] Level 1:colcon.colcon_core.package_identification:_identify(proy_nexa) by extensions ['colcon_meta']
[2.116s] Level 1:colcon.colcon_core.package_identification:_identify(proy_nexa) by extension 'colcon_meta'
[2.116s] Level 1:colcon.colcon_core.package_identification:_identify(proy_nexa) by extensions ['ros']
[2.116s] Level 1:colcon.colcon_core.package_identification:_identify(proy_nexa) by extension 'ros'
[2.116s] Level 1:colcon.colcon_core.package_identification:_identify(proy_nexa) by extensions ['cmake', 'python']
[2.116s] Level 1:colcon.colcon_core.package_identification:_identify(proy_nexa) by extension 'cmake'
[2.116s] Level 1:colcon.colcon_core.package_identification:_identify(proy_nexa) by extension 'python'
[2.116s] Level 1:colcon.colcon_core.package_identification:_identify(proy_nexa) by extensions ['python_setup_py']
[2.116s] Level 1:colcon.colcon_core.package_identification:_identify(proy_nexa) by extension 'python_setup_py'
[2.116s] Level 1:colcon.colcon_core.package_identification:_identify(proy_nexa/my_world) by extensions ['ignore', 'ignore_ament_install']
[2.116s] Level 1:colcon.colcon_core.package_identification:_identify(proy_nexa/my_world) by extension 'ignore'
[2.116s] Level 1:colcon.colcon_core.package_identification:_identify(proy_nexa/my_world) by extension 'ignore_ament_install'
[2.117s] Level 1:colcon.colcon_core.package_identification:_identify(proy_nexa/my_world) by extensions ['colcon_pkg']
[2.117s] Level 1:colcon.colcon_core.package_identification:_identify(proy_nexa/my_world) by extension 'colcon_pkg'
[2.117s] Level 1:colcon.colcon_core.package_identification:_identify(proy_nexa/my_world) by extensions ['colcon_meta']
[2.117s] Level 1:colcon.colcon_core.package_identification:_identify(proy_nexa/my_world) by extension 'colcon_meta'
[2.117s] Level 1:colcon.colcon_core.package_identification:_identify(proy_nexa/my_world) by extensions ['ros']
[2.117s] Level 1:colcon.colcon_core.package_identification:_identify(proy_nexa/my_world) by extension 'ros'
[2.119s] DEBUG:colcon.colcon_core.package_identification:Package 'proy_nexa/my_world' with type 'ros.ament_cmake' and name 'my_world'
[2.119s] Level 1:colcon.colcon_core.package_identification:_identify(proy_nexa/proy_nexa) by extensions ['ignore', 'ignore_ament_install']
[2.119s] Level 1:colcon.colcon_core.package_identification:_identify(proy_nexa/proy_nexa) by extension 'ignore'
[2.119s] Level 1:colcon.colcon_core.package_identification:_identify(proy_nexa/proy_nexa) by extension 'ignore_ament_install'
[2.119s] Level 1:colcon.colcon_core.package_identification:_identify(proy_nexa/proy_nexa) by extensions ['colcon_pkg']
[2.119s] Level 1:colcon.colcon_core.package_identification:_identify(proy_nexa/proy_nexa) by extension 'colcon_pkg'
[2.119s] Level 1:colcon.colcon_core.package_identification:_identify(proy_nexa/proy_nexa) by extensions ['colcon_meta']
[2.119s] Level 1:colcon.colcon_core.package_identification:_identify(proy_nexa/proy_nexa) by extension 'colcon_meta'
[2.120s] Level 1:colcon.colcon_core.package_identification:_identify(proy_nexa/proy_nexa) by extensions ['ros']
[2.120s] Level 1:colcon.colcon_core.package_identification:_identify(proy_nexa/proy_nexa) by extension 'ros'
[2.120s] DEBUG:colcon.colcon_core.package_identification:Package 'proy_nexa/proy_nexa' with type 'ros.ament_cmake' and name 'proy_nexa'
[2.120s] Level 1:colcon.colcon_core.package_identification:_identify(proy_nexa/proy_nexa_action) by extensions ['ignore', 'ignore_ament_install']
[2.121s] Level 1:colcon.colcon_core.package_identification:_identify(proy_nexa/proy_nexa_action) by extension 'ignore'
[2.121s] Level 1:colcon.colcon_core.package_identification:_identify(proy_nexa/proy_nexa_action) by extension 'ignore_ament_install'
[2.121s] Level 1:colcon.colcon_core.package_identification:_identify(proy_nexa/proy_nexa_action) by extensions ['colcon_pkg']
[2.121s] Level 1:colcon.colcon_core.package_identification:_identify(proy_nexa/proy_nexa_action) by extension 'colcon_pkg'
[2.121s] Level 1:colcon.colcon_core.package_identification:_identify(proy_nexa/proy_nexa_action) by extensions ['colcon_meta']
[2.121s] Level 1:colcon.colcon_core.package_identification:_identify(proy_nexa/proy_nexa_action) by extension 'colcon_meta'
[2.121s] Level 1:colcon.colcon_core.package_identification:_identify(proy_nexa/proy_nexa_action) by extensions ['ros']
[2.121s] Level 1:colcon.colcon_core.package_identification:_identify(proy_nexa/proy_nexa_action) by extension 'ros'
[2.122s] DEBUG:colcon.colcon_core.package_identification:Package 'proy_nexa/proy_nexa_action' with type 'ros.ament_python' and name 'proy_nexa_action'
[2.122s] Level 1:colcon.colcon_core.package_identification:_identify(proy_nexa/proy_nexa_image) by extensions ['ignore', 'ignore_ament_install']
[2.122s] Level 1:colcon.colcon_core.package_identification:_identify(proy_nexa/proy_nexa_image) by extension 'ignore'
[2.122s] Level 1:colcon.colcon_core.package_identification:_identify(proy_nexa/proy_nexa_image) by extension 'ignore_ament_install'
[2.122s] Level 1:colcon.colcon_core.package_identification:_identify(proy_nexa/proy_nexa_image) by extensions ['colcon_pkg']
[2.122s] Level 1:colcon.colcon_core.package_identification:_identify(proy_nexa/proy_nexa_image) by extension 'colcon_pkg'
[2.122s] Level 1:colcon.colcon_core.package_identification:_identify(proy_nexa/proy_nexa_image) by extensions ['colcon_meta']
[2.122s] Level 1:colcon.colcon_core.package_identification:_identify(proy_nexa/proy_nexa_image) by extension 'colcon_meta'
[2.123s] Level 1:colcon.colcon_core.package_identification:_identify(proy_nexa/proy_nexa_image) by extensions ['ros']
[2.123s] Level 1:colcon.colcon_core.package_identification:_identify(proy_nexa/proy_nexa_image) by extension 'ros'
[2.124s] DEBUG:colcon.colcon_core.package_identification:Package 'proy_nexa/proy_nexa_image' with type 'ros.ament_python' and name 'proy_nexa_image'
[2.124s] Level 1:colcon.colcon_core.package_identification:_identify(proy_nexa/proy_nexa_interface) by extensions ['ignore', 'ignore_ament_install']
[2.124s] Level 1:colcon.colcon_core.package_identification:_identify(proy_nexa/proy_nexa_interface) by extension 'ignore'
[2.125s] Level 1:colcon.colcon_core.package_identification:_identify(proy_nexa/proy_nexa_interface) by extension 'ignore_ament_install'
[2.125s] Level 1:colcon.colcon_core.package_identification:_identify(proy_nexa/proy_nexa_interface) by extensions ['colcon_pkg']
[2.125s] Level 1:colcon.colcon_core.package_identification:_identify(proy_nexa/proy_nexa_interface) by extension 'colcon_pkg'
[2.125s] Level 1:colcon.colcon_core.package_identification:_identify(proy_nexa/proy_nexa_interface) by extensions ['colcon_meta']
[2.125s] Level 1:colcon.colcon_core.package_identification:_identify(proy_nexa/proy_nexa_interface) by extension 'colcon_meta'
[2.125s] Level 1:colcon.colcon_core.package_identification:_identify(proy_nexa/proy_nexa_interface) by extensions ['ros']
[2.125s] Level 1:colcon.colcon_core.package_identification:_identify(proy_nexa/proy_nexa_interface) by extension 'ros'
[2.127s] DEBUG:colcon.colcon_core.package_identification:Package 'proy_nexa/proy_nexa_interface' with type 'ros.ament_cmake' and name 'proy_nexa_interface'
[2.128s] Level 1:colcon.colcon_core.package_identification:_identify(proy_nexa/proy_nexa_my_slam) by extensions ['ignore', 'ignore_ament_install']
[2.128s] Level 1:colcon.colcon_core.package_identification:_identify(proy_nexa/proy_nexa_my_slam) by extension 'ignore'
[2.128s] Level 1:colcon.colcon_core.package_identification:_identify(proy_nexa/proy_nexa_my_slam) by extension 'ignore_ament_install'
[2.128s] Level 1:colcon.colcon_core.package_identification:_identify(proy_nexa/proy_nexa_my_slam) by extensions ['colcon_pkg']
[2.128s] Level 1:colcon.colcon_core.package_identification:_identify(proy_nexa/proy_nexa_my_slam) by extension 'colcon_pkg'
[2.128s] Level 1:colcon.colcon_core.package_identification:_identify(proy_nexa/proy_nexa_my_slam) by extensions ['colcon_meta']
[2.128s] Level 1:colcon.colcon_core.package_identification:_identify(proy_nexa/proy_nexa_my_slam) by extension 'colcon_meta'
[2.128s] Level 1:colcon.colcon_core.package_identification:_identify(proy_nexa/proy_nexa_my_slam) by extensions ['ros']
[2.128s] Level 1:colcon.colcon_core.package_identification:_identify(proy_nexa/proy_nexa_my_slam) by extension 'ros'
[2.129s] DEBUG:colcon.colcon_core.package_identification:Package 'proy_nexa/proy_nexa_my_slam' with type 'ros.ament_python' and name 'proy_nexa_my_slam'
[2.129s] Level 1:colcon.colcon_core.package_identification:_identify(proy_nexa/proy_nexa_nav2_system) by extensions ['ignore', 'ignore_ament_install']
[2.129s] Level 1:colcon.colcon_core.package_identification:_identify(proy_nexa/proy_nexa_nav2_system) by extension 'ignore'
[2.129s] Level 1:colcon.colcon_core.package_identification:_identify(proy_nexa/proy_nexa_nav2_system) by extension 'ignore_ament_install'
[2.129s] Level 1:colcon.colcon_core.package_identification:_identify(proy_nexa/proy_nexa_nav2_system) by extensions ['colcon_pkg']
[2.129s] Level 1:colcon.colcon_core.package_identification:_identify(proy_nexa/proy_nexa_nav2_system) by extension 'colcon_pkg'
[2.130s] Level 1:colcon.colcon_core.package_identification:_identify(proy_nexa/proy_nexa_nav2_system) by extensions ['colcon_meta']
[2.130s] Level 1:colcon.colcon_core.package_identification:_identify(proy_nexa/proy_nexa_nav2_system) by extension 'colcon_meta'
[2.130s] Level 1:colcon.colcon_core.package_identification:_identify(proy_nexa/proy_nexa_nav2_system) by extensions ['ros']
[2.130s] Level 1:colcon.colcon_core.package_identification:_identify(proy_nexa/proy_nexa_nav2_system) by extension 'ros'
[2.131s] DEBUG:colcon.colcon_core.package_identification:Package 'proy_nexa/proy_nexa_nav2_system' with type 'ros.ament_python' and name 'proy_nexa_nav2_system'
[2.131s] Level 1:colcon.colcon_core.package_identification:_identify(proy_nexa/proy_nexa_provide_map) by extensions ['ignore', 'ignore_ament_install']
[2.131s] Level 1:colcon.colcon_core.package_identification:_identify(proy_nexa/proy_nexa_provide_map) by extension 'ignore'
[2.131s] Level 1:colcon.colcon_core.package_identification:_identify(proy_nexa/proy_nexa_provide_map) by extension 'ignore_ament_install'
[2.132s] Level 1:colcon.colcon_core.package_identification:_identify(proy_nexa/proy_nexa_provide_map) by extensions ['colcon_pkg']
[2.132s] Level 1:colcon.colcon_core.package_identification:_identify(proy_nexa/proy_nexa_provide_map) by extension 'colcon_pkg'
[2.132s] Level 1:colcon.colcon_core.package_identification:_identify(proy_nexa/proy_nexa_provide_map) by extensions ['colcon_meta']
[2.132s] Level 1:colcon.colcon_core.package_identification:_identify(proy_nexa/proy_nexa_provide_map) by extension 'colcon_meta'
[2.132s] Level 1:colcon.colcon_core.package_identification:_identify(proy_nexa/proy_nexa_provide_map) by extensions ['ros']
[2.132s] Level 1:colcon.colcon_core.package_identification:_identify(proy_nexa/proy_nexa_provide_map) by extension 'ros'
[2.133s] DEBUG:colcon.colcon_core.package_identification:Package 'proy_nexa/proy_nexa_provide_map' with type 'ros.ament_python' and name 'proy_nexa_provide_map'
[2.133s] Level 1:colcon.colcon_core.package_identification:_identify(proy_nexa/proy_nexa_service) by extensions ['ignore', 'ignore_ament_install']
[2.133s] Level 1:colcon.colcon_core.package_identification:_identify(proy_nexa/proy_nexa_service) by extension 'ignore'
[2.133s] Level 1:colcon.colcon_core.package_identification:_identify(proy_nexa/proy_nexa_service) by extension 'ignore_ament_install'
[2.134s] Level 1:colcon.colcon_core.package_identification:_identify(proy_nexa/proy_nexa_service) by extensions ['colcon_pkg']
[2.134s] Level 1:colcon.colcon_core.package_identification:_identify(proy_nexa/proy_nexa_service) by extension 'colcon_pkg'
[2.134s] Level 1:colcon.colcon_core.package_identification:_identify(proy_nexa/proy_nexa_service) by extensions ['colcon_meta']
[2.134s] Level 1:colcon.colcon_core.package_identification:_identify(proy_nexa/proy_nexa_service) by extension 'colcon_meta'
[2.134s] Level 1:colcon.colcon_core.package_identification:_identify(proy_nexa/proy_nexa_service) by extensions ['ros']
[2.135s] Level 1:colcon.colcon_core.package_identification:_identify(proy_nexa/proy_nexa_service) by extension 'ros'
[2.135s] DEBUG:colcon.colcon_core.package_identification:Package 'proy_nexa/proy_nexa_service' with type 'ros.ament_python' and name 'proy_nexa_service'
[2.135s] Level 1:colcon.colcon_core.package_identification:_identify(proy_nexa/proy_nexa_show_msg) by extensions ['ignore', 'ignore_ament_install']
[2.135s] Level 1:colcon.colcon_core.package_identification:_identify(proy_nexa/proy_nexa_show_msg) by extension 'ignore'
[2.136s] Level 1:colcon.colcon_core.package_identification:_identify(proy_nexa/proy_nexa_show_msg) by extension 'ignore_ament_install'
[2.136s] Level 1:colcon.colcon_core.package_identification:_identify(proy_nexa/proy_nexa_show_msg) by extensions ['colcon_pkg']
[2.136s] Level 1:colcon.colcon_core.package_identification:_identify(proy_nexa/proy_nexa_show_msg) by extension 'colcon_pkg'
[2.136s] Level 1:colcon.colcon_core.package_identification:_identify(proy_nexa/proy_nexa_show_msg) by extensions ['colcon_meta']
[2.136s] Level 1:colcon.colcon_core.package_identification:_identify(proy_nexa/proy_nexa_show_msg) by extension 'colcon_meta'
[2.136s] Level 1:colcon.colcon_core.package_identification:_identify(proy_nexa/proy_nexa_show_msg) by extensions ['ros']
[2.136s] Level 1:colcon.colcon_core.package_identification:_identify(proy_nexa/proy_nexa_show_msg) by extension 'ros'
[2.136s] DEBUG:colcon.colcon_core.package_identification:Package 'proy_nexa/proy_nexa_show_msg' with type 'ros.ament_python' and name 'proy_nexa_show_msg'
[2.136s] Level 1:colcon.colcon_core.package_identification:_identify(web_video_server) by extensions ['ignore', 'ignore_ament_install']
[2.136s] Level 1:colcon.colcon_core.package_identification:_identify(web_video_server) by extension 'ignore'
[2.136s] Level 1:colcon.colcon_core.package_identification:_identify(web_video_server) by extension 'ignore_ament_install'
[2.136s] Level 1:colcon.colcon_core.package_identification:_identify(web_video_server) by extensions ['colcon_pkg']
[2.136s] Level 1:colcon.colcon_core.package_identification:_identify(web_video_server) by extension 'colcon_pkg'
[2.136s] Level 1:colcon.colcon_core.package_identification:_identify(web_video_server) by extensions ['colcon_meta']
[2.136s] Level 1:colcon.colcon_core.package_identification:_identify(web_video_server) by extension 'colcon_meta'
[2.136s] Level 1:colcon.colcon_core.package_identification:_identify(web_video_server) by extensions ['ros']
[2.136s] Level 1:colcon.colcon_core.package_identification:_identify(web_video_server) by extension 'ros'
[2.137s] DEBUG:colcon.colcon_core.package_identification:Package 'web_video_server' with type 'ros.ament_cmake' and name 'web_video_server'
[2.137s] Level 1:colcon.colcon_core.package_discovery:discover_packages(recursive) using defaults
[2.137s] Level 1:colcon.colcon_core.package_discovery:discover_packages(ignore) discover
[2.137s] Level 1:colcon.colcon_core.package_discovery:discover_packages(ignore) using defaults
[2.137s] Level 1:colcon.colcon_core.package_discovery:discover_packages(path) discover
[2.137s] Level 1:colcon.colcon_core.package_discovery:discover_packages(path) using defaults
[2.263s] INFO:colcon.colcon_core.package_selection:Skipping not selected package 'async_web_server_cpp' in 'async_web_server_cpp'
[2.263s] INFO:colcon.colcon_core.package_selection:Skipping not selected package 'my_world' in 'proy_nexa/my_world'
[2.263s] INFO:colcon.colcon_core.package_selection:Skipping not selected package 'proy_nexa_image' in 'proy_nexa/proy_nexa_image'
[2.263s] INFO:colcon.colcon_core.package_selection:Skipping not selected package 'proy_nexa_interface' in 'proy_nexa/proy_nexa_interface'
[2.263s] INFO:colcon.colcon_core.package_selection:Skipping not selected package 'proy_nexa_my_slam' in 'proy_nexa/proy_nexa_my_slam'
[2.263s] INFO:colcon.colcon_core.package_selection:Skipping not selected package 'proy_nexa_nav2_system' in 'proy_nexa/proy_nexa_nav2_system'
[2.263s] INFO:colcon.colcon_core.package_selection:Skipping not selected package 'proy_nexa_provide_map' in 'proy_nexa/proy_nexa_provide_map'
[2.263s] INFO:colcon.colcon_core.package_selection:Skipping not selected package 'proy_nexa_show_msg' in 'proy_nexa/proy_nexa_show_msg'
[2.263s] INFO:colcon.colcon_core.package_selection:Skipping not selected package 'proy_nexa_action' in 'proy_nexa/proy_nexa_action'
[2.263s] INFO:colcon.colcon_core.package_selection:Skipping not selected package 'proy_nexa_service' in 'proy_nexa/proy_nexa_service'
[2.263s] INFO:colcon.colcon_core.package_selection:Skipping not selected package 'proy_nexa' in 'proy_nexa/proy_nexa'
[2.334s] Level 1:colcon.colcon_core.package_discovery:discover_packages(prefix_path) check parameters
[2.335s] Level 1:colcon.colcon_core.package_discovery:discover_packages(prefix_path) discover
[2.417s] DEBUG:colcon.colcon_installed_package_information.package_discovery:Found 21 installed packages in /home/chen/turtlebot3_ws/install
[2.450s] DEBUG:colcon.colcon_installed_package_information.package_discovery:Found 1 installed packages in /home/chen/turtlebot3_ws/src/my_first_service/install
[2.483s] DEBUG:colcon.colcon_installed_package_information.package_discovery:Found 336 installed packages in /opt/ros/galactic
[2.484s] Level 1:colcon.colcon_core.package_discovery:discover_packages(prefix_path) using defaults
[2.615s] Level 5:colcon.colcon_core.verb:set package 'web_video_server' build argument 'cmake_args' from command line to 'None'
[2.615s] Level 5:colcon.colcon_core.verb:set package 'web_video_server' build argument 'cmake_target' from command line to 'None'
[2.615s] Level 5:colcon.colcon_core.verb:set package 'web_video_server' build argument 'cmake_target_skip_unavailable' from command line to 'False'
[2.615s] Level 5:colcon.colcon_core.verb:set package 'web_video_server' build argument 'cmake_clean_cache' from command line to 'False'
[2.615s] Level 5:colcon.colcon_core.verb:set package 'web_video_server' build argument 'cmake_clean_first' from command line to 'False'
[2.615s] Level 5:colcon.colcon_core.verb:set package 'web_video_server' build argument 'cmake_force_configure' from command line to 'False'
[2.615s] Level 5:colcon.colcon_core.verb:set package 'web_video_server' build argument 'ament_cmake_args' from command line to 'None'
[2.615s] Level 5:colcon.colcon_core.verb:set package 'web_video_server' build argument 'catkin_cmake_args' from command line to 'None'
[2.615s] Level 5:colcon.colcon_core.verb:set package 'web_video_server' build argument 'catkin_skip_building_tests' from command line to 'False'
[2.615s] DEBUG:colcon.colcon_core.verb:Building package 'web_video_server' with the following arguments: {'ament_cmake_args': None, 'build_base': '/home/chen/repositorio2/Robot/src/build/web_video_server', 'catkin_cmake_args': None, 'catkin_skip_building_tests': False, 'cmake_args': None, 'cmake_clean_cache': False, 'cmake_clean_first': False, 'cmake_force_configure': False, 'cmake_target': None, 'cmake_target_skip_unavailable': False, 'install_base': '/home/chen/repositorio2/Robot/src/install/web_video_server', 'merge_install': False, 'path': '/home/chen/repositorio2/Robot/src/web_video_server', 'symlink_install': False, 'test_result_base': None}
[2.649s] INFO:colcon.colcon_core.executor:Executing jobs using 'parallel' executor
[2.707s] DEBUG:colcon.colcon_parallel_executor.executor.parallel:run_until_complete
[2.707s] INFO:colcon.colcon_ros.task.ament_cmake.build:Building ROS package in '/home/chen/repositorio2/Robot/src/web_video_server' with build type 'ament_cmake'
[2.707s] INFO:colcon.colcon_cmake.task.cmake.build:Building CMake package in '/home/chen/repositorio2/Robot/src/web_video_server'
[2.760s] INFO:colcon.colcon_core.plugin_system:Skipping extension 'colcon_core.shell.bat': Not used on non-Windows systems
[2.761s] INFO:colcon.colcon_core.shell:Skip shell extension 'powershell' for command environment: Not usable outside of PowerShell
[2.761s] DEBUG:colcon.colcon_core.shell:Skip shell extension 'dsv' for command environment
[2.960s] DEBUG:colcon.colcon_core.event_handler.log_command:Invoking command in '/home/chen/repositorio2/Robot/src/build/web_video_server': CMAKE_PREFIX_PATH=/home/chen/turtlebot3_ws/install/show_msg:/home/chen/turtlebot3_ws/install/proy_nexa_show_msg:/home/chen/turtlebot3_ws/install/proy_nexa_service:/home/chen/turtlebot3_ws/install/provide_map:/home/chen/turtlebot3_ws/install/my_slam:/home/chen/turtlebot3_ws/install/my_nav2_system:/home/chen/turtlebot3_ws/install/my_first_subscriber:/home/chen/turtlebot3_ws/install/my_first_service:/home/chen/turtlebot3_ws/install/my_first_publisher:/home/chen/turtlebot3_ws/install/my_first_node:/home/chen/turtlebot3_ws/install/my_first_action:/home/chen/turtlebot3_ws/install/capture_image:/home/chen/turtlebot3_ws/install/apellido1_apellido2_ex_my_nav2_system:/home/chen/turtlebot3_ws/src/my_first_service/install/my_first_service:/opt/ros/galactic:/home/chen/repositorio2/Robot/src/install/async_web_server_cpp:${CMAKE_PREFIX_PATH} LD_LIBRARY_PATH=/home/chen/repositorio2/Robot/src/install/async_web_server_cpp/lib:${LD_LIBRARY_PATH} PKG_CONFIG_PATH=/home/chen/repositorio2/Robot/src/install/async_web_server_cpp/lib/x86_64-linux-gnu/pkgconfig:/home/chen/repositorio2/Robot/src/install/async_web_server_cpp/lib/pkgconfig ROS_PACKAGE_PATH=/home/chen/repositorio2/Robot/src/install/async_web_server_cpp/share /home/chen/.local/bin/cmake --build /home/chen/repositorio2/Robot/src/build/web_video_server -- -j2 -l2
[3.101s] DEBUG:colcon.colcon_core.event_handler.log_command:Invoked command in '/home/chen/repositorio2/Robot/src/build/web_video_server' returned '0': CMAKE_PREFIX_PATH=/home/chen/turtlebot3_ws/install/show_msg:/home/chen/turtlebot3_ws/install/proy_nexa_show_msg:/home/chen/turtlebot3_ws/install/proy_nexa_service:/home/chen/turtlebot3_ws/install/provide_map:/home/chen/turtlebot3_ws/install/my_slam:/home/chen/turtlebot3_ws/install/my_nav2_system:/home/chen/turtlebot3_ws/install/my_first_subscriber:/home/chen/turtlebot3_ws/install/my_first_service:/home/chen/turtlebot3_ws/install/my_first_publisher:/home/chen/turtlebot3_ws/install/my_first_node:/home/chen/turtlebot3_ws/install/my_first_action:/home/chen/turtlebot3_ws/install/capture_image:/home/chen/turtlebot3_ws/install/apellido1_apellido2_ex_my_nav2_system:/home/chen/turtlebot3_ws/src/my_first_service/install/my_first_service:/opt/ros/galactic:/home/chen/repositorio2/Robot/src/install/async_web_server_cpp:${CMAKE_PREFIX_PATH} LD_LIBRARY_PATH=/home/chen/repositorio2/Robot/src/install/async_web_server_cpp/lib:${LD_LIBRARY_PATH} PKG_CONFIG_PATH=/home/chen/repositorio2/Robot/src/install/async_web_server_cpp/lib/x86_64-linux-gnu/pkgconfig:/home/chen/repositorio2/Robot/src/install/async_web_server_cpp/lib/pkgconfig ROS_PACKAGE_PATH=/home/chen/repositorio2/Robot/src/install/async_web_server_cpp/share /home/chen/.local/bin/cmake --build /home/chen/repositorio2/Robot/src/build/web_video_server -- -j2 -l2
[3.283s] DEBUG:colcon.colcon_core.event_handler.log_command:Invoking command in '/home/chen/repositorio2/Robot/src/build/web_video_server': CMAKE_PREFIX_PATH=/home/chen/turtlebot3_ws/install/show_msg:/home/chen/turtlebot3_ws/install/proy_nexa_show_msg:/home/chen/turtlebot3_ws/install/proy_nexa_service:/home/chen/turtlebot3_ws/install/provide_map:/home/chen/turtlebot3_ws/install/my_slam:/home/chen/turtlebot3_ws/install/my_nav2_system:/home/chen/turtlebot3_ws/install/my_first_subscriber:/home/chen/turtlebot3_ws/install/my_first_service:/home/chen/turtlebot3_ws/install/my_first_publisher:/home/chen/turtlebot3_ws/install/my_first_node:/home/chen/turtlebot3_ws/install/my_first_action:/home/chen/turtlebot3_ws/install/capture_image:/home/chen/turtlebot3_ws/install/apellido1_apellido2_ex_my_nav2_system:/home/chen/turtlebot3_ws/src/my_first_service/install/my_first_service:/opt/ros/galactic:/home/chen/repositorio2/Robot/src/install/async_web_server_cpp:${CMAKE_PREFIX_PATH} LD_LIBRARY_PATH=/home/chen/repositorio2/Robot/src/install/async_web_server_cpp/lib:${LD_LIBRARY_PATH} PKG_CONFIG_PATH=/home/chen/repositorio2/Robot/src/install/async_web_server_cpp/lib/x86_64-linux-gnu/pkgconfig:/home/chen/repositorio2/Robot/src/install/async_web_server_cpp/lib/pkgconfig ROS_PACKAGE_PATH=/home/chen/repositorio2/Robot/src/install/async_web_server_cpp/share /home/chen/.local/bin/cmake --install /home/chen/repositorio2/Robot/src/build/web_video_server
[3.363s] Level 1:colcon.colcon_core.environment:create_environment_scripts_only(web_video_server)
[3.377s] DEBUG:colcon.colcon_core.event_handler.log_command:Invoked command in '/home/chen/repositorio2/Robot/src/build/web_video_server' returned '0': CMAKE_PREFIX_PATH=/home/chen/turtlebot3_ws/install/show_msg:/home/chen/turtlebot3_ws/install/proy_nexa_show_msg:/home/chen/turtlebot3_ws/install/proy_nexa_service:/home/chen/turtlebot3_ws/install/provide_map:/home/chen/turtlebot3_ws/install/my_slam:/home/chen/turtlebot3_ws/install/my_nav2_system:/home/chen/turtlebot3_ws/install/my_first_subscriber:/home/chen/turtlebot3_ws/install/my_first_service:/home/chen/turtlebot3_ws/install/my_first_publisher:/home/chen/turtlebot3_ws/install/my_first_node:/home/chen/turtlebot3_ws/install/my_first_action:/home/chen/turtlebot3_ws/install/capture_image:/home/chen/turtlebot3_ws/install/apellido1_apellido2_ex_my_nav2_system:/home/chen/turtlebot3_ws/src/my_first_service/install/my_first_service:/opt/ros/galactic:/home/chen/repositorio2/Robot/src/install/async_web_server_cpp:${CMAKE_PREFIX_PATH} LD_LIBRARY_PATH=/home/chen/repositorio2/Robot/src/install/async_web_server_cpp/lib:${LD_LIBRARY_PATH} PKG_CONFIG_PATH=/home/chen/repositorio2/Robot/src/install/async_web_server_cpp/lib/x86_64-linux-gnu/pkgconfig:/home/chen/repositorio2/Robot/src/install/async_web_server_cpp/lib/pkgconfig ROS_PACKAGE_PATH=/home/chen/repositorio2/Robot/src/install/async_web_server_cpp/share /home/chen/.local/bin/cmake --install /home/chen/repositorio2/Robot/src/build/web_video_server
[3.400s] Level 1:colcon.colcon_core.environment:checking '/home/chen/repositorio2/Robot/src/install/web_video_server' for CMake module files
[3.401s] Level 1:colcon.colcon_core.environment:checking '/home/chen/repositorio2/Robot/src/install/web_video_server' for CMake config files
[3.401s] Level 1:colcon.colcon_core.shell:create_environment_hook('web_video_server', 'cmake_prefix_path')
[3.431s] INFO:colcon.colcon_core.shell:Creating environment hook '/home/chen/repositorio2/Robot/src/install/web_video_server/share/web_video_server/hook/cmake_prefix_path.ps1'
[3.433s] INFO:colcon.colcon_core.shell:Creating environment descriptor '/home/chen/repositorio2/Robot/src/install/web_video_server/share/web_video_server/hook/cmake_prefix_path.dsv'
[3.434s] INFO:colcon.colcon_core.shell:Creating environment hook '/home/chen/repositorio2/Robot/src/install/web_video_server/share/web_video_server/hook/cmake_prefix_path.sh'
[3.436s] Level 1:colcon.colcon_core.environment:checking '/home/chen/repositorio2/Robot/src/install/web_video_server/lib'
[3.437s] Level 1:colcon.colcon_core.environment:checking '/home/chen/repositorio2/Robot/src/install/web_video_server/bin'
[3.437s] Level 1:colcon.colcon_core.environment:checking '/home/chen/repositorio2/Robot/src/install/web_video_server/lib/pkgconfig/web_video_server.pc'
[3.437s] Level 1:colcon.colcon_core.environment:checking '/home/chen/repositorio2/Robot/src/install/web_video_server/lib/python3.8/site-packages'
[3.437s] Level 1:colcon.colcon_core.environment:checking '/home/chen/repositorio2/Robot/src/install/web_video_server/bin'
[3.469s] INFO:colcon.colcon_core.shell:Creating package script '/home/chen/repositorio2/Robot/src/install/web_video_server/share/web_video_server/package.ps1'
[3.472s] INFO:colcon.colcon_core.shell:Creating package descriptor '/home/chen/repositorio2/Robot/src/install/web_video_server/share/web_video_server/package.dsv'
[3.472s] INFO:colcon.colcon_core.shell:Creating package script '/home/chen/repositorio2/Robot/src/install/web_video_server/share/web_video_server/package.sh'
[3.473s] INFO:colcon.colcon_core.shell:Creating package script '/home/chen/repositorio2/Robot/src/install/web_video_server/share/web_video_server/package.bash'
[3.474s] INFO:colcon.colcon_core.shell:Creating package script '/home/chen/repositorio2/Robot/src/install/web_video_server/share/web_video_server/package.zsh'
[3.475s] Level 1:colcon.colcon_core.environment:create_file_with_runtime_dependencies(/home/chen/repositorio2/Robot/src/install/web_video_server/share/colcon-core/packages/web_video_server)
[3.610s] Level 1:colcon.colcon_core.environment:create_environment_scripts_only(web_video_server)
[3.648s] Level 1:colcon.colcon_core.environment:checking '/home/chen/repositorio2/Robot/src/install/web_video_server' for CMake module files
[3.649s] Level 1:colcon.colcon_core.environment:checking '/home/chen/repositorio2/Robot/src/install/web_video_server' for CMake config files
[3.649s] Level 1:colcon.colcon_core.shell:create_environment_hook('web_video_server', 'cmake_prefix_path')
[3.683s] INFO:colcon.colcon_core.shell:Creating environment hook '/home/chen/repositorio2/Robot/src/install/web_video_server/share/web_video_server/hook/cmake_prefix_path.ps1'
[3.684s] INFO:colcon.colcon_core.shell:Creating environment descriptor '/home/chen/repositorio2/Robot/src/install/web_video_server/share/web_video_server/hook/cmake_prefix_path.dsv'
[3.685s] INFO:colcon.colcon_core.shell:Creating environment hook '/home/chen/repositorio2/Robot/src/install/web_video_server/share/web_video_server/hook/cmake_prefix_path.sh'
[3.686s] Level 1:colcon.colcon_core.environment:checking '/home/chen/repositorio2/Robot/src/install/web_video_server/lib'
[3.687s] Level 1:colcon.colcon_core.environment:checking '/home/chen/repositorio2/Robot/src/install/web_video_server/bin'
[3.687s] Level 1:colcon.colcon_core.environment:checking '/home/chen/repositorio2/Robot/src/install/web_video_server/lib/pkgconfig/web_video_server.pc'
[3.687s] Level 1:colcon.colcon_core.environment:checking '/home/chen/repositorio2/Robot/src/install/web_video_server/lib/python3.8/site-packages'
[3.687s] Level 1:colcon.colcon_core.environment:checking '/home/chen/repositorio2/Robot/src/install/web_video_server/bin'
[3.720s] INFO:colcon.colcon_core.shell:Creating package script '/home/chen/repositorio2/Robot/src/install/web_video_server/share/web_video_server/package.ps1'
[3.722s] INFO:colcon.colcon_core.shell:Creating package descriptor '/home/chen/repositorio2/Robot/src/install/web_video_server/share/web_video_server/package.dsv'
[3.723s] INFO:colcon.colcon_core.shell:Creating package script '/home/chen/repositorio2/Robot/src/install/web_video_server/share/web_video_server/package.sh'
[3.724s] INFO:colcon.colcon_core.shell:Creating package script '/home/chen/repositorio2/Robot/src/install/web_video_server/share/web_video_server/package.bash'
[3.725s] INFO:colcon.colcon_core.shell:Creating package script '/home/chen/repositorio2/Robot/src/install/web_video_server/share/web_video_server/package.zsh'
[3.726s] Level 1:colcon.colcon_core.environment:create_file_with_runtime_dependencies(/home/chen/repositorio2/Robot/src/install/web_video_server/share/colcon-core/packages/web_video_server)
[3.727s] DEBUG:colcon.colcon_parallel_executor.executor.parallel:closing loop
[3.728s] DEBUG:colcon.colcon_parallel_executor.executor.parallel:loop closed
[3.728s] DEBUG:colcon.colcon_parallel_executor.executor.parallel:run_until_complete finished with '0'
[3.728s] DEBUG:colcon.colcon_core.event_reactor:joining thread
[3.776s] INFO:colcon.colcon_core.plugin_system:Skipping extension 'colcon_notification.desktop_notification.terminal_notifier': Not used on non-Darwin systems
[3.777s] INFO:colcon.colcon_core.plugin_system:Skipping extension 'colcon_notification.desktop_notification.win32': Not used on non-Windows systems
[3.777s] INFO:colcon.colcon_notification.desktop_notification:Sending desktop notification using 'notify2'
[3.786s] DEBUG:colcon.colcon_core.event_reactor:joined thread
[3.822s] INFO:colcon.colcon_core.shell:Creating prefix script '/home/chen/repositorio2/Robot/src/install/local_setup.ps1'
[3.824s] INFO:colcon.colcon_core.shell:Creating prefix util module '/home/chen/repositorio2/Robot/src/install/_local_setup_util_ps1.py'
[3.825s] INFO:colcon.colcon_core.shell:Creating prefix chain script '/home/chen/repositorio2/Robot/src/install/setup.ps1'
[3.867s] INFO:colcon.colcon_core.shell:Creating prefix script '/home/chen/repositorio2/Robot/src/install/local_setup.sh'
[3.868s] INFO:colcon.colcon_core.shell:Creating prefix util module '/home/chen/repositorio2/Robot/src/install/_local_setup_util_sh.py'
[3.868s] INFO:colcon.colcon_core.shell:Creating prefix chain script '/home/chen/repositorio2/Robot/src/install/setup.sh'
[3.907s] INFO:colcon.colcon_core.shell:Creating prefix script '/home/chen/repositorio2/Robot/src/install/local_setup.bash'
[3.908s] INFO:colcon.colcon_core.shell:Creating prefix chain script '/home/chen/repositorio2/Robot/src/install/setup.bash'
[3.947s] INFO:colcon.colcon_core.shell:Creating prefix script '/home/chen/repositorio2/Robot/src/install/local_setup.zsh'
[3.949s] INFO:colcon.colcon_core.shell:Creating prefix chain script '/home/chen/repositorio2/Robot/src/install/setup.zsh'
