[0.910s] Invoking command in '/home/chen/repositorio2/Robot/build/proy_nexa_interface': CMAKE_PREFIX_PATH=${CMAKE_PREFIX_PATH}://home/chen/repositorio2/Robot/install/proy_nexa_action://home/chen/repositorio2/Robot/install/proy_nexa_show_msg://home/chen/repositorio2/Robot/install/proy_nexa_service://home/chen/repositorio2/Robot/install/proy_nexa_provide_map://home/chen/repositorio2/Robot/install/proy_nexa_nav2_system://home/chen/repositorio2/Robot/install/proy_nexa_my_slam:/home/chen/turtlebot3_ws/install/show_msg:/home/chen/turtlebot3_ws/install/proy_nexa_show_msg:/home/chen/turtlebot3_ws/install/proy_nexa_service:/home/chen/turtlebot3_ws/install/provide_map:/home/chen/turtlebot3_ws/install/my_slam:/home/chen/turtlebot3_ws/install/my_nav2_system:/home/chen/turtlebot3_ws/install/my_first_subscriber:/home/chen/turtlebot3_ws/install/my_first_service:/home/chen/turtlebot3_ws/install/my_first_publisher:/home/chen/turtlebot3_ws/install/my_first_node:/home/chen/turtlebot3_ws/install/my_first_action:/home/chen/turtlebot3_ws/src/my_first_service/install/my_first_service:/opt/ros/galactic /usr/bin/cmake --build /home/chen/repositorio2/Robot/build/proy_nexa_interface -- -j2 -l2
[1.025s] [  2%] Built target proy_nexa_interface__cpp
[1.075s] [ 12%] Built target proy_nexa_interface__rosidl_generator_c
[1.131s] [ 23%] Built target proy_nexa_interface__rosidl_typesupport_cpp
[1.184s] [ 34%] Built target proy_nexa_interface__rosidl_typesupport_fastrtps_cpp
[1.246s] [ 44%] Built target proy_nexa_interface__rosidl_typesupport_introspection_c
[1.288s] [ 55%] Built target proy_nexa_interface__rosidl_typesupport_introspection_cpp
[1.322s] [ 65%] Built target proy_nexa_interface__rosidl_typesupport_c
[1.372s] [ 76%] Built target proy_nexa_interface__rosidl_typesupport_fastrtps_c
[1.407s] [ 76%] Built target proy_nexa_interface
[1.444s] [ 78%] Built target proy_nexa_interface__py
[1.505s] [ 87%] Built target proy_nexa_interface__python
[1.565s] [ 91%] Built target proy_nexa_interface__rosidl_typesupport_introspection_c__pyext
[1.615s] [ 95%] Built target proy_nexa_interface__rosidl_typesupport_c__pyext
[1.667s] [100%] Built target proy_nexa_interface__rosidl_typesupport_fastrtps_c__pyext
[2.328s] Invoked command in '/home/chen/repositorio2/Robot/build/proy_nexa_interface' returned '0': CMAKE_PREFIX_PATH=${CMAKE_PREFIX_PATH}://home/chen/repositorio2/Robot/install/proy_nexa_action://home/chen/repositorio2/Robot/install/proy_nexa_show_msg://home/chen/repositorio2/Robot/install/proy_nexa_service://home/chen/repositorio2/Robot/install/proy_nexa_provide_map://home/chen/repositorio2/Robot/install/proy_nexa_nav2_system://home/chen/repositorio2/Robot/install/proy_nexa_my_slam:/home/chen/turtlebot3_ws/install/show_msg:/home/chen/turtlebot3_ws/install/proy_nexa_show_msg:/home/chen/turtlebot3_ws/install/proy_nexa_service:/home/chen/turtlebot3_ws/install/provide_map:/home/chen/turtlebot3_ws/install/my_slam:/home/chen/turtlebot3_ws/install/my_nav2_system:/home/chen/turtlebot3_ws/install/my_first_subscriber:/home/chen/turtlebot3_ws/install/my_first_service:/home/chen/turtlebot3_ws/install/my_first_publisher:/home/chen/turtlebot3_ws/install/my_first_node:/home/chen/turtlebot3_ws/install/my_first_action:/home/chen/turtlebot3_ws/src/my_first_service/install/my_first_service:/opt/ros/galactic /usr/bin/cmake --build /home/chen/repositorio2/Robot/build/proy_nexa_interface -- -j2 -l2
[3.184s] Invoking command in '/home/chen/repositorio2/Robot/build/proy_nexa_interface': CMAKE_PREFIX_PATH=${CMAKE_PREFIX_PATH}://home/chen/repositorio2/Robot/install/proy_nexa_action://home/chen/repositorio2/Robot/install/proy_nexa_show_msg://home/chen/repositorio2/Robot/install/proy_nexa_service://home/chen/repositorio2/Robot/install/proy_nexa_provide_map://home/chen/repositorio2/Robot/install/proy_nexa_nav2_system://home/chen/repositorio2/Robot/install/proy_nexa_my_slam:/home/chen/turtlebot3_ws/install/show_msg:/home/chen/turtlebot3_ws/install/proy_nexa_show_msg:/home/chen/turtlebot3_ws/install/proy_nexa_service:/home/chen/turtlebot3_ws/install/provide_map:/home/chen/turtlebot3_ws/install/my_slam:/home/chen/turtlebot3_ws/install/my_nav2_system:/home/chen/turtlebot3_ws/install/my_first_subscriber:/home/chen/turtlebot3_ws/install/my_first_service:/home/chen/turtlebot3_ws/install/my_first_publisher:/home/chen/turtlebot3_ws/install/my_first_node:/home/chen/turtlebot3_ws/install/my_first_action:/home/chen/turtlebot3_ws/src/my_first_service/install/my_first_service:/opt/ros/galactic /usr/bin/cmake --install /home/chen/repositorio2/Robot/build/proy_nexa_interface
[3.206s] -- Install configuration: ""
[3.207s] -- Up-to-date: /home/chen/repositorio2/Robot/install/proy_nexa_interface/share/ament_index/resource_index/rosidl_interfaces/proy_nexa_interface
[3.208s] -- Up-to-date: /home/chen/repositorio2/Robot/install/proy_nexa_interface/include/proy_nexa_interface
[3.208s] -- Up-to-date: /home/chen/repositorio2/Robot/install/proy_nexa_interface/include/proy_nexa_interface/msg
[3.209s] -- Up-to-date: /home/chen/repositorio2/Robot/install/proy_nexa_interface/include/proy_nexa_interface/msg/distvel.h
[3.209s] -- Up-to-date: /home/chen/repositorio2/Robot/install/proy_nexa_interface/include/proy_nexa_interface/msg/detail
[3.209s] -- Up-to-date: /home/chen/repositorio2/Robot/install/proy_nexa_interface/include/proy_nexa_interface/msg/detail/distvel__type_support.h
[3.211s] -- Up-to-date: /home/chen/repositorio2/Robot/install/proy_nexa_interface/include/proy_nexa_interface/msg/detail/distvel__functions.h
[3.211s] -- Up-to-date: /home/chen/repositorio2/Robot/install/proy_nexa_interface/include/proy_nexa_interface/msg/detail/distvel__struct.h
[3.211s] -- Up-to-date: /home/chen/repositorio2/Robot/install/proy_nexa_interface/include/proy_nexa_interface/msg/detail/distvel__functions.c
[3.212s] -- Up-to-date: /home/chen/repositorio2/Robot/install/proy_nexa_interface/include/proy_nexa_interface/msg/rosidl_generator_c__visibility_control.h
[3.212s] -- Up-to-date: /home/chen/repositorio2/Robot/install/proy_nexa_interface/include/proy_nexa_interface/action
[3.213s] -- Up-to-date: /home/chen/repositorio2/Robot/install/proy_nexa_interface/include/proy_nexa_interface/action/detail
[3.213s] -- Up-to-date: /home/chen/repositorio2/Robot/install/proy_nexa_interface/include/proy_nexa_interface/action/detail/move__functions.c
[3.214s] -- Up-to-date: /home/chen/repositorio2/Robot/install/proy_nexa_interface/include/proy_nexa_interface/action/detail/move__struct.h
[3.214s] -- Up-to-date: /home/chen/repositorio2/Robot/install/proy_nexa_interface/include/proy_nexa_interface/action/detail/move__type_support.h
[3.215s] -- Up-to-date: /home/chen/repositorio2/Robot/install/proy_nexa_interface/include/proy_nexa_interface/action/detail/move__functions.h
[3.215s] -- Up-to-date: /home/chen/repositorio2/Robot/install/proy_nexa_interface/include/proy_nexa_interface/action/move.h
[3.216s] -- Up-to-date: /home/chen/repositorio2/Robot/install/proy_nexa_interface/include/proy_nexa_interface/srv
[3.216s] -- Up-to-date: /home/chen/repositorio2/Robot/install/proy_nexa_interface/include/proy_nexa_interface/srv/my_move_msg.h
[3.217s] -- Up-to-date: /home/chen/repositorio2/Robot/install/proy_nexa_interface/include/proy_nexa_interface/srv/detail
[3.217s] -- Up-to-date: /home/chen/repositorio2/Robot/install/proy_nexa_interface/include/proy_nexa_interface/srv/detail/my_move_msg__type_support.h
[3.218s] -- Up-to-date: /home/chen/repositorio2/Robot/install/proy_nexa_interface/include/proy_nexa_interface/srv/detail/my_move_msg__struct.h
[3.218s] -- Up-to-date: /home/chen/repositorio2/Robot/install/proy_nexa_interface/include/proy_nexa_interface/srv/detail/my_move_msg__functions.h
[3.219s] -- Up-to-date: /home/chen/repositorio2/Robot/install/proy_nexa_interface/include/proy_nexa_interface/srv/detail/my_move_msg__functions.c
[3.219s] -- Up-to-date: /home/chen/repositorio2/Robot/install/proy_nexa_interface/share/proy_nexa_interface/environment/library_path.sh
[3.219s] -- Up-to-date: /home/chen/repositorio2/Robot/install/proy_nexa_interface/share/proy_nexa_interface/environment/library_path.dsv
[3.219s] -- Up-to-date: /home/chen/repositorio2/Robot/install/proy_nexa_interface/lib/libproy_nexa_interface__rosidl_generator_c.so
[3.220s] -- Up-to-date: /home/chen/repositorio2/Robot/install/proy_nexa_interface/include/proy_nexa_interface
[3.220s] -- Up-to-date: /home/chen/repositorio2/Robot/install/proy_nexa_interface/include/proy_nexa_interface/msg
[3.221s] -- Up-to-date: /home/chen/repositorio2/Robot/install/proy_nexa_interface/include/proy_nexa_interface/msg/rosidl_typesupport_fastrtps_c__visibility_control.h
[3.221s] -- Up-to-date: /home/chen/repositorio2/Robot/install/proy_nexa_interface/include/proy_nexa_interface/msg/detail
[3.222s] -- Up-to-date: /home/chen/repositorio2/Robot/install/proy_nexa_interface/include/proy_nexa_interface/msg/detail/distvel__rosidl_typesupport_fastrtps_c.h
[3.222s] -- Up-to-date: /home/chen/repositorio2/Robot/install/proy_nexa_interface/include/proy_nexa_interface/action
[3.222s] -- Up-to-date: /home/chen/repositorio2/Robot/install/proy_nexa_interface/include/proy_nexa_interface/action/detail
[3.222s] -- Up-to-date: /home/chen/repositorio2/Robot/install/proy_nexa_interface/include/proy_nexa_interface/action/detail/move__rosidl_typesupport_fastrtps_c.h
[3.223s] -- Up-to-date: /home/chen/repositorio2/Robot/install/proy_nexa_interface/include/proy_nexa_interface/srv
[3.223s] -- Up-to-date: /home/chen/repositorio2/Robot/install/proy_nexa_interface/include/proy_nexa_interface/srv/detail
[3.223s] -- Up-to-date: /home/chen/repositorio2/Robot/install/proy_nexa_interface/include/proy_nexa_interface/srv/detail/my_move_msg__rosidl_typesupport_fastrtps_c.h
[3.224s] -- Up-to-date: /home/chen/repositorio2/Robot/install/proy_nexa_interface/lib/libproy_nexa_interface__rosidl_typesupport_fastrtps_c.so
[3.224s] -- Up-to-date: /home/chen/repositorio2/Robot/install/proy_nexa_interface/include/proy_nexa_interface
[3.225s] -- Up-to-date: /home/chen/repositorio2/Robot/install/proy_nexa_interface/include/proy_nexa_interface/msg
[3.225s] -- Up-to-date: /home/chen/repositorio2/Robot/install/proy_nexa_interface/include/proy_nexa_interface/msg/rosidl_typesupport_fastrtps_cpp__visibility_control.h
[3.225s] -- Up-to-date: /home/chen/repositorio2/Robot/install/proy_nexa_interface/include/proy_nexa_interface/msg/detail
[3.225s] -- Up-to-date: /home/chen/repositorio2/Robot/install/proy_nexa_interface/include/proy_nexa_interface/msg/detail/distvel__rosidl_typesupport_fastrtps_cpp.hpp
[3.225s] -- Up-to-date: /home/chen/repositorio2/Robot/install/proy_nexa_interface/include/proy_nexa_interface/msg/detail/dds_fastrtps
[3.226s] -- Up-to-date: /home/chen/repositorio2/Robot/install/proy_nexa_interface/include/proy_nexa_interface/action
[3.226s] -- Up-to-date: /home/chen/repositorio2/Robot/install/proy_nexa_interface/include/proy_nexa_interface/action/detail
[3.226s] -- Up-to-date: /home/chen/repositorio2/Robot/install/proy_nexa_interface/include/proy_nexa_interface/action/detail/dds_fastrtps
[3.226s] -- Up-to-date: /home/chen/repositorio2/Robot/install/proy_nexa_interface/include/proy_nexa_interface/action/detail/move__rosidl_typesupport_fastrtps_cpp.hpp
[3.227s] -- Up-to-date: /home/chen/repositorio2/Robot/install/proy_nexa_interface/include/proy_nexa_interface/srv
[3.227s] -- Up-to-date: /home/chen/repositorio2/Robot/install/proy_nexa_interface/include/proy_nexa_interface/srv/detail
[3.228s] -- Up-to-date: /home/chen/repositorio2/Robot/install/proy_nexa_interface/include/proy_nexa_interface/srv/detail/my_move_msg__rosidl_typesupport_fastrtps_cpp.hpp
[3.228s] -- Up-to-date: /home/chen/repositorio2/Robot/install/proy_nexa_interface/include/proy_nexa_interface/srv/detail/dds_fastrtps
[3.228s] -- Up-to-date: /home/chen/repositorio2/Robot/install/proy_nexa_interface/lib/libproy_nexa_interface__rosidl_typesupport_fastrtps_cpp.so
[3.228s] -- Up-to-date: /home/chen/repositorio2/Robot/install/proy_nexa_interface/include/proy_nexa_interface
[3.229s] -- Up-to-date: /home/chen/repositorio2/Robot/install/proy_nexa_interface/include/proy_nexa_interface/msg
[3.229s] -- Up-to-date: /home/chen/repositorio2/Robot/install/proy_nexa_interface/include/proy_nexa_interface/msg/rosidl_typesupport_introspection_c__visibility_control.h
[3.229s] -- Up-to-date: /home/chen/repositorio2/Robot/install/proy_nexa_interface/include/proy_nexa_interface/msg/detail
[3.230s] -- Up-to-date: /home/chen/repositorio2/Robot/install/proy_nexa_interface/include/proy_nexa_interface/msg/detail/distvel__type_support.c
[3.230s] -- Up-to-date: /home/chen/repositorio2/Robot/install/proy_nexa_interface/include/proy_nexa_interface/msg/detail/distvel__rosidl_typesupport_introspection_c.h
[3.230s] -- Up-to-date: /home/chen/repositorio2/Robot/install/proy_nexa_interface/include/proy_nexa_interface/action
[3.230s] -- Up-to-date: /home/chen/repositorio2/Robot/install/proy_nexa_interface/include/proy_nexa_interface/action/detail
[3.231s] -- Up-to-date: /home/chen/repositorio2/Robot/install/proy_nexa_interface/include/proy_nexa_interface/action/detail/move__type_support.c
[3.231s] -- Up-to-date: /home/chen/repositorio2/Robot/install/proy_nexa_interface/include/proy_nexa_interface/action/detail/move__rosidl_typesupport_introspection_c.h
[3.231s] -- Up-to-date: /home/chen/repositorio2/Robot/install/proy_nexa_interface/include/proy_nexa_interface/srv
[3.231s] -- Up-to-date: /home/chen/repositorio2/Robot/install/proy_nexa_interface/include/proy_nexa_interface/srv/detail
[3.231s] -- Up-to-date: /home/chen/repositorio2/Robot/install/proy_nexa_interface/include/proy_nexa_interface/srv/detail/my_move_msg__rosidl_typesupport_introspection_c.h
[3.231s] -- Up-to-date: /home/chen/repositorio2/Robot/install/proy_nexa_interface/include/proy_nexa_interface/srv/detail/my_move_msg__type_support.c
[3.234s] -- Up-to-date: /home/chen/repositorio2/Robot/install/proy_nexa_interface/lib/libproy_nexa_interface__rosidl_typesupport_introspection_c.so
[3.234s] -- Up-to-date: /home/chen/repositorio2/Robot/install/proy_nexa_interface/lib/libproy_nexa_interface__rosidl_typesupport_c.so
[3.235s] -- Up-to-date: /home/chen/repositorio2/Robot/install/proy_nexa_interface/include/proy_nexa_interface
[3.235s] -- Up-to-date: /home/chen/repositorio2/Robot/install/proy_nexa_interface/include/proy_nexa_interface/msg
[3.235s] -- Up-to-date: /home/chen/repositorio2/Robot/install/proy_nexa_interface/include/proy_nexa_interface/msg/distvel.hpp
[3.235s] -- Up-to-date: /home/chen/repositorio2/Robot/install/proy_nexa_interface/include/proy_nexa_interface/msg/detail
[3.236s] -- Up-to-date: /home/chen/repositorio2/Robot/install/proy_nexa_interface/include/proy_nexa_interface/msg/detail/distvel__builder.hpp
[3.236s] -- Up-to-date: /home/chen/repositorio2/Robot/install/proy_nexa_interface/include/proy_nexa_interface/msg/detail/distvel__struct.hpp
[3.237s] -- Up-to-date: /home/chen/repositorio2/Robot/install/proy_nexa_interface/include/proy_nexa_interface/msg/detail/distvel__traits.hpp
[3.237s] -- Up-to-date: /home/chen/repositorio2/Robot/install/proy_nexa_interface/include/proy_nexa_interface/action
[3.237s] -- Up-to-date: /home/chen/repositorio2/Robot/install/proy_nexa_interface/include/proy_nexa_interface/action/detail
[3.237s] -- Up-to-date: /home/chen/repositorio2/Robot/install/proy_nexa_interface/include/proy_nexa_interface/action/detail/move__builder.hpp
[3.237s] -- Up-to-date: /home/chen/repositorio2/Robot/install/proy_nexa_interface/include/proy_nexa_interface/action/detail/move__traits.hpp
[3.239s] -- Up-to-date: /home/chen/repositorio2/Robot/install/proy_nexa_interface/include/proy_nexa_interface/action/detail/move__struct.hpp
[3.239s] -- Up-to-date: /home/chen/repositorio2/Robot/install/proy_nexa_interface/include/proy_nexa_interface/action/move.hpp
[3.239s] -- Up-to-date: /home/chen/repositorio2/Robot/install/proy_nexa_interface/include/proy_nexa_interface/srv
[3.240s] -- Up-to-date: /home/chen/repositorio2/Robot/install/proy_nexa_interface/include/proy_nexa_interface/srv/my_move_msg.hpp
[3.240s] -- Up-to-date: /home/chen/repositorio2/Robot/install/proy_nexa_interface/include/proy_nexa_interface/srv/detail
[3.240s] -- Up-to-date: /home/chen/repositorio2/Robot/install/proy_nexa_interface/include/proy_nexa_interface/srv/detail/my_move_msg__builder.hpp
[3.240s] -- Up-to-date: /home/chen/repositorio2/Robot/install/proy_nexa_interface/include/proy_nexa_interface/srv/detail/my_move_msg__struct.hpp
[3.240s] -- Up-to-date: /home/chen/repositorio2/Robot/install/proy_nexa_interface/include/proy_nexa_interface/srv/detail/my_move_msg__traits.hpp
[3.240s] -- Up-to-date: /home/chen/repositorio2/Robot/install/proy_nexa_interface/include/proy_nexa_interface
[3.240s] -- Up-to-date: /home/chen/repositorio2/Robot/install/proy_nexa_interface/include/proy_nexa_interface/msg
[3.241s] -- Up-to-date: /home/chen/repositorio2/Robot/install/proy_nexa_interface/include/proy_nexa_interface/msg/detail
[3.241s] -- Up-to-date: /home/chen/repositorio2/Robot/install/proy_nexa_interface/include/proy_nexa_interface/msg/detail/distvel__type_support.cpp
[3.244s] -- Up-to-date: /home/chen/repositorio2/Robot/install/proy_nexa_interface/include/proy_nexa_interface/msg/detail/distvel__rosidl_typesupport_introspection_cpp.hpp
[3.244s] -- Up-to-date: /home/chen/repositorio2/Robot/install/proy_nexa_interface/include/proy_nexa_interface/action
[3.244s] -- Up-to-date: /home/chen/repositorio2/Robot/install/proy_nexa_interface/include/proy_nexa_interface/action/detail
[3.244s] -- Up-to-date: /home/chen/repositorio2/Robot/install/proy_nexa_interface/include/proy_nexa_interface/action/detail/move__type_support.cpp
[3.244s] -- Up-to-date: /home/chen/repositorio2/Robot/install/proy_nexa_interface/include/proy_nexa_interface/action/detail/move__rosidl_typesupport_introspection_cpp.hpp
[3.244s] -- Up-to-date: /home/chen/repositorio2/Robot/install/proy_nexa_interface/include/proy_nexa_interface/srv
[3.245s] -- Up-to-date: /home/chen/repositorio2/Robot/install/proy_nexa_interface/include/proy_nexa_interface/srv/detail
[3.245s] -- Up-to-date: /home/chen/repositorio2/Robot/install/proy_nexa_interface/include/proy_nexa_interface/srv/detail/my_move_msg__type_support.cpp
[3.245s] -- Up-to-date: /home/chen/repositorio2/Robot/install/proy_nexa_interface/include/proy_nexa_interface/srv/detail/my_move_msg__rosidl_typesupport_introspection_cpp.hpp
[3.245s] -- Up-to-date: /home/chen/repositorio2/Robot/install/proy_nexa_interface/lib/libproy_nexa_interface__rosidl_typesupport_introspection_cpp.so
[3.246s] -- Up-to-date: /home/chen/repositorio2/Robot/install/proy_nexa_interface/lib/libproy_nexa_interface__rosidl_typesupport_cpp.so
[3.246s] -- Up-to-date: /home/chen/repositorio2/Robot/install/proy_nexa_interface/share/proy_nexa_interface/environment/pythonpath.sh
[3.246s] -- Up-to-date: /home/chen/repositorio2/Robot/install/proy_nexa_interface/share/proy_nexa_interface/environment/pythonpath.dsv
[3.247s] -- Up-to-date: /home/chen/repositorio2/Robot/install/proy_nexa_interface/lib/python3.8/site-packages/proy_nexa_interface/__init__.py
[3.325s] -- Up-to-date: /home/chen/repositorio2/Robot/install/proy_nexa_interface/lib/python3.8/site-packages/proy_nexa_interface/msg
[3.325s] -- Up-to-date: /home/chen/repositorio2/Robot/install/proy_nexa_interface/lib/python3.8/site-packages/proy_nexa_interface/msg/_distvel_s.c
[3.326s] -- Up-to-date: /home/chen/repositorio2/Robot/install/proy_nexa_interface/lib/python3.8/site-packages/proy_nexa_interface/msg/__init__.py
[3.326s] -- Up-to-date: /home/chen/repositorio2/Robot/install/proy_nexa_interface/lib/python3.8/site-packages/proy_nexa_interface/msg/_distvel.py
[3.327s] -- Up-to-date: /home/chen/repositorio2/Robot/install/proy_nexa_interface/lib/python3.8/site-packages/proy_nexa_interface/srv
[3.327s] -- Up-to-date: /home/chen/repositorio2/Robot/install/proy_nexa_interface/lib/python3.8/site-packages/proy_nexa_interface/srv/_my_move_msg_s.c
[3.327s] -- Up-to-date: /home/chen/repositorio2/Robot/install/proy_nexa_interface/lib/python3.8/site-packages/proy_nexa_interface/srv/__init__.py
[3.327s] -- Up-to-date: /home/chen/repositorio2/Robot/install/proy_nexa_interface/lib/python3.8/site-packages/proy_nexa_interface/srv/_my_move_msg.py
[3.328s] -- Up-to-date: /home/chen/repositorio2/Robot/install/proy_nexa_interface/lib/python3.8/site-packages/proy_nexa_interface/action
[3.328s] -- Up-to-date: /home/chen/repositorio2/Robot/install/proy_nexa_interface/lib/python3.8/site-packages/proy_nexa_interface/action/_move_s.c
[3.328s] -- Up-to-date: /home/chen/repositorio2/Robot/install/proy_nexa_interface/lib/python3.8/site-packages/proy_nexa_interface/action/_move.py
[3.328s] -- Up-to-date: /home/chen/repositorio2/Robot/install/proy_nexa_interface/lib/python3.8/site-packages/proy_nexa_interface/action/__init__.py
[3.329s] -- Up-to-date: /home/chen/repositorio2/Robot/install/proy_nexa_interface/lib/python3.8/site-packages/proy_nexa_interface/proy_nexa_interface_s__rosidl_typesupport_fastrtps_c.cpython-38-x86_64-linux-gnu.so
[3.330s] -- Up-to-date: /home/chen/repositorio2/Robot/install/proy_nexa_interface/lib/python3.8/site-packages/proy_nexa_interface/proy_nexa_interface_s__rosidl_typesupport_introspection_c.cpython-38-x86_64-linux-gnu.so
[3.331s] -- Up-to-date: /home/chen/repositorio2/Robot/install/proy_nexa_interface/lib/python3.8/site-packages/proy_nexa_interface/proy_nexa_interface_s__rosidl_typesupport_c.cpython-38-x86_64-linux-gnu.so
[3.332s] -- Up-to-date: /home/chen/repositorio2/Robot/install/proy_nexa_interface/lib/libproy_nexa_interface__python.so
[3.332s] -- Up-to-date: /home/chen/repositorio2/Robot/install/proy_nexa_interface/share/proy_nexa_interface/msg/Distvel.idl
[3.333s] -- Up-to-date: /home/chen/repositorio2/Robot/install/proy_nexa_interface/share/proy_nexa_interface/srv/MyMoveMsg.idl
[3.333s] -- Up-to-date: /home/chen/repositorio2/Robot/install/proy_nexa_interface/share/proy_nexa_interface/action/Move.idl
[3.333s] -- Up-to-date: /home/chen/repositorio2/Robot/install/proy_nexa_interface/share/proy_nexa_interface/msg/Distvel.msg
[3.334s] -- Up-to-date: /home/chen/repositorio2/Robot/install/proy_nexa_interface/share/proy_nexa_interface/srv/MyMoveMsg.srv
[3.334s] -- Up-to-date: /home/chen/repositorio2/Robot/install/proy_nexa_interface/share/proy_nexa_interface/srv/MyMoveMsg_Request.msg
[3.334s] -- Up-to-date: /home/chen/repositorio2/Robot/install/proy_nexa_interface/share/proy_nexa_interface/srv/MyMoveMsg_Response.msg
[3.334s] -- Up-to-date: /home/chen/repositorio2/Robot/install/proy_nexa_interface/share/proy_nexa_interface/action/Move.action
[3.335s] -- Up-to-date: /home/chen/repositorio2/Robot/install/proy_nexa_interface/share/ament_index/resource_index/package_run_dependencies/proy_nexa_interface
[3.335s] -- Up-to-date: /home/chen/repositorio2/Robot/install/proy_nexa_interface/share/ament_index/resource_index/parent_prefix_path/proy_nexa_interface
[3.335s] -- Up-to-date: /home/chen/repositorio2/Robot/install/proy_nexa_interface/share/proy_nexa_interface/environment/ament_prefix_path.sh
[3.336s] -- Up-to-date: /home/chen/repositorio2/Robot/install/proy_nexa_interface/share/proy_nexa_interface/environment/ament_prefix_path.dsv
[3.336s] -- Up-to-date: /home/chen/repositorio2/Robot/install/proy_nexa_interface/share/proy_nexa_interface/environment/path.sh
[3.337s] -- Up-to-date: /home/chen/repositorio2/Robot/install/proy_nexa_interface/share/proy_nexa_interface/environment/path.dsv
[3.337s] -- Up-to-date: /home/chen/repositorio2/Robot/install/proy_nexa_interface/share/proy_nexa_interface/local_setup.bash
[3.338s] -- Up-to-date: /home/chen/repositorio2/Robot/install/proy_nexa_interface/share/proy_nexa_interface/local_setup.sh
[3.338s] -- Up-to-date: /home/chen/repositorio2/Robot/install/proy_nexa_interface/share/proy_nexa_interface/local_setup.zsh
[3.338s] -- Up-to-date: /home/chen/repositorio2/Robot/install/proy_nexa_interface/share/proy_nexa_interface/local_setup.dsv
[3.339s] -- Installing: /home/chen/repositorio2/Robot/install/proy_nexa_interface/share/proy_nexa_interface/package.dsv
[3.339s] -- Up-to-date: /home/chen/repositorio2/Robot/install/proy_nexa_interface/share/ament_index/resource_index/packages/proy_nexa_interface
[3.340s] -- Up-to-date: /home/chen/repositorio2/Robot/install/proy_nexa_interface/share/proy_nexa_interface/cmake/proy_nexa_interface__rosidl_generator_cExport.cmake
[3.340s] -- Up-to-date: /home/chen/repositorio2/Robot/install/proy_nexa_interface/share/proy_nexa_interface/cmake/proy_nexa_interface__rosidl_generator_cExport-noconfig.cmake
[3.340s] -- Up-to-date: /home/chen/repositorio2/Robot/install/proy_nexa_interface/share/proy_nexa_interface/cmake/proy_nexa_interface__rosidl_typesupport_introspection_cExport.cmake
[3.341s] -- Up-to-date: /home/chen/repositorio2/Robot/install/proy_nexa_interface/share/proy_nexa_interface/cmake/proy_nexa_interface__rosidl_typesupport_introspection_cExport-noconfig.cmake
[3.341s] -- Up-to-date: /home/chen/repositorio2/Robot/install/proy_nexa_interface/share/proy_nexa_interface/cmake/proy_nexa_interface__rosidl_typesupport_cExport.cmake
[3.341s] -- Up-to-date: /home/chen/repositorio2/Robot/install/proy_nexa_interface/share/proy_nexa_interface/cmake/proy_nexa_interface__rosidl_typesupport_cExport-noconfig.cmake
[3.342s] -- Up-to-date: /home/chen/repositorio2/Robot/install/proy_nexa_interface/share/proy_nexa_interface/cmake/proy_nexa_interface__rosidl_generator_cppExport.cmake
[3.342s] -- Up-to-date: /home/chen/repositorio2/Robot/install/proy_nexa_interface/share/proy_nexa_interface/cmake/proy_nexa_interface__rosidl_typesupport_introspection_cppExport.cmake
[3.343s] -- Up-to-date: /home/chen/repositorio2/Robot/install/proy_nexa_interface/share/proy_nexa_interface/cmake/proy_nexa_interface__rosidl_typesupport_introspection_cppExport-noconfig.cmake
[3.343s] -- Up-to-date: /home/chen/repositorio2/Robot/install/proy_nexa_interface/share/proy_nexa_interface/cmake/proy_nexa_interface__rosidl_typesupport_cppExport.cmake
[3.343s] -- Up-to-date: /home/chen/repositorio2/Robot/install/proy_nexa_interface/share/proy_nexa_interface/cmake/proy_nexa_interface__rosidl_typesupport_cppExport-noconfig.cmake
[3.344s] -- Up-to-date: /home/chen/repositorio2/Robot/install/proy_nexa_interface/share/proy_nexa_interface/cmake/rosidl_cmake-extras.cmake
[3.344s] -- Up-to-date: /home/chen/repositorio2/Robot/install/proy_nexa_interface/share/proy_nexa_interface/cmake/ament_cmake_export_dependencies-extras.cmake
[3.344s] -- Up-to-date: /home/chen/repositorio2/Robot/install/proy_nexa_interface/share/proy_nexa_interface/cmake/ament_cmake_export_libraries-extras.cmake
[3.345s] -- Up-to-date: /home/chen/repositorio2/Robot/install/proy_nexa_interface/share/proy_nexa_interface/cmake/ament_cmake_export_targets-extras.cmake
[3.345s] -- Up-to-date: /home/chen/repositorio2/Robot/install/proy_nexa_interface/share/proy_nexa_interface/cmake/ament_cmake_export_include_directories-extras.cmake
[3.345s] -- Up-to-date: /home/chen/repositorio2/Robot/install/proy_nexa_interface/share/proy_nexa_interface/cmake/rosidl_cmake_export_typesupport_libraries-extras.cmake
[3.345s] -- Up-to-date: /home/chen/repositorio2/Robot/install/proy_nexa_interface/share/proy_nexa_interface/cmake/rosidl_cmake_export_typesupport_targets-extras.cmake
[3.346s] -- Up-to-date: /home/chen/repositorio2/Robot/install/proy_nexa_interface/share/proy_nexa_interface/cmake/proy_nexa_interfaceConfig.cmake
[3.346s] -- Up-to-date: /home/chen/repositorio2/Robot/install/proy_nexa_interface/share/proy_nexa_interface/cmake/proy_nexa_interfaceConfig-version.cmake
[3.346s] -- Up-to-date: /home/chen/repositorio2/Robot/install/proy_nexa_interface/share/proy_nexa_interface/package.xml
[3.359s] Invoked command in '/home/chen/repositorio2/Robot/build/proy_nexa_interface' returned '0': CMAKE_PREFIX_PATH=${CMAKE_PREFIX_PATH}://home/chen/repositorio2/Robot/install/proy_nexa_action://home/chen/repositorio2/Robot/install/proy_nexa_show_msg://home/chen/repositorio2/Robot/install/proy_nexa_service://home/chen/repositorio2/Robot/install/proy_nexa_provide_map://home/chen/repositorio2/Robot/install/proy_nexa_nav2_system://home/chen/repositorio2/Robot/install/proy_nexa_my_slam:/home/chen/turtlebot3_ws/install/show_msg:/home/chen/turtlebot3_ws/install/proy_nexa_show_msg:/home/chen/turtlebot3_ws/install/proy_nexa_service:/home/chen/turtlebot3_ws/install/provide_map:/home/chen/turtlebot3_ws/install/my_slam:/home/chen/turtlebot3_ws/install/my_nav2_system:/home/chen/turtlebot3_ws/install/my_first_subscriber:/home/chen/turtlebot3_ws/install/my_first_service:/home/chen/turtlebot3_ws/install/my_first_publisher:/home/chen/turtlebot3_ws/install/my_first_node:/home/chen/turtlebot3_ws/install/my_first_action:/home/chen/turtlebot3_ws/src/my_first_service/install/my_first_service:/opt/ros/galactic /usr/bin/cmake --install /home/chen/repositorio2/Robot/build/proy_nexa_interface
