[2.047s] DEBUG:colcon:Command line arguments: ['/usr/bin/colcon', 'build']
[2.047s] DEBUG:colcon:Parsed command line arguments: Namespace(allow_overriding=[], ament_cmake_args=None, base_paths=['.'], build_base='build', catkin_cmake_args=None, catkin_skip_building_tests=False, cmake_args=None, cmake_clean_cache=False, cmake_clean_first=False, cmake_force_configure=False, cmake_target=None, cmake_target_skip_unavailable=False, continue_on_error=False, event_handlers=None, executor='parallel', ignore_user_meta=False, install_base='install', log_base=None, log_level=None, main=<bound method BuildVerb.main of <colcon_core.verb.build.BuildVerb object at 0x7faf2d68b3a0>>, merge_install=False, metas=['./colcon.meta'], packages_above=None, packages_above_and_dependencies=None, packages_above_depth=None, packages_end=None, packages_ignore=None, packages_ignore_regex=None, packages_select=None, packages_select_build_failed=False, packages_select_by_dep=None, packages_select_regex=None, packages_select_test_failures=False, packages_skip=None, packages_skip_build_finished=False, packages_skip_by_dep=None, packages_skip_regex=None, packages_skip_test_passed=False, packages_skip_up_to=None, packages_start=None, packages_up_to=None, packages_up_to_regex=None, parallel_workers=2, paths=None, symlink_install=False, test_result_base=None, verb_extension=<colcon_core.verb.build.BuildVerb object at 0x7faf2d68b3a0>, verb_name='build', verb_parser=<colcon_defaults.argument_parser.defaults.DefaultArgumentsDecorator object at 0x7faf2d5a8bb0>)
[2.130s] Level 1:colcon.colcon_core.package_discovery:discover_packages(colcon_meta) check parameters
[2.130s] Level 1:colcon.colcon_core.package_discovery:discover_packages(recursive) check parameters
[2.130s] Level 1:colcon.colcon_core.package_discovery:discover_packages(ignore) check parameters
[2.130s] Level 1:colcon.colcon_core.package_discovery:discover_packages(path) check parameters
[2.130s] Level 1:colcon.colcon_core.package_discovery:discover_packages(colcon_meta) discover
[2.130s] Level 1:colcon.colcon_core.package_discovery:discover_packages(recursive) discover
[2.131s] INFO:colcon.colcon_core.package_discovery:Crawling recursively for packages in '/home/chen/repositorio2/Robot'
[2.131s] Level 1:colcon.colcon_core.package_identification:_identify(.) by extensions ['ignore', 'ignore_ament_install']
[2.131s] Level 1:colcon.colcon_core.package_identification:_identify(.) by extension 'ignore'
[2.131s] Level 1:colcon.colcon_core.package_identification:_identify(.) by extension 'ignore_ament_install'
[2.131s] Level 1:colcon.colcon_core.package_identification:_identify(.) by extensions ['colcon_pkg']
[2.131s] Level 1:colcon.colcon_core.package_identification:_identify(.) by extension 'colcon_pkg'
[2.131s] Level 1:colcon.colcon_core.package_identification:_identify(.) by extensions ['colcon_meta']
[2.131s] Level 1:colcon.colcon_core.package_identification:_identify(.) by extension 'colcon_meta'
[2.131s] Level 1:colcon.colcon_core.package_identification:_identify(.) by extensions ['ros']
[2.131s] Level 1:colcon.colcon_core.package_identification:_identify(.) by extension 'ros'
[2.139s] Level 1:colcon.colcon_core.package_identification:_identify(.) by extensions ['cmake', 'python']
[2.139s] Level 1:colcon.colcon_core.package_identification:_identify(.) by extension 'cmake'
[2.139s] Level 1:colcon.colcon_core.package_identification:_identify(.) by extension 'python'
[2.139s] Level 1:colcon.colcon_core.package_identification:_identify(.) by extensions ['python_setup_py']
[2.139s] Level 1:colcon.colcon_core.package_identification:_identify(.) by extension 'python_setup_py'
[2.139s] Level 1:colcon.colcon_core.package_identification:_identify(build) by extensions ['ignore', 'ignore_ament_install']
[2.139s] Level 1:colcon.colcon_core.package_identification:_identify(build) by extension 'ignore'
[2.139s] Level 1:colcon.colcon_core.package_identification:_identify(build) ignored
[2.140s] Level 1:colcon.colcon_core.package_identification:_identify(install) by extensions ['ignore', 'ignore_ament_install']
[2.140s] Level 1:colcon.colcon_core.package_identification:_identify(install) by extension 'ignore'
[2.140s] Level 1:colcon.colcon_core.package_identification:_identify(install) ignored
[2.140s] Level 1:colcon.colcon_core.package_identification:_identify(log) by extensions ['ignore', 'ignore_ament_install']
[2.140s] Level 1:colcon.colcon_core.package_identification:_identify(log) by extension 'ignore'
[2.140s] Level 1:colcon.colcon_core.package_identification:_identify(log) ignored
[2.140s] Level 1:colcon.colcon_core.package_identification:_identify(src) by extensions ['ignore', 'ignore_ament_install']
[2.140s] Level 1:colcon.colcon_core.package_identification:_identify(src) by extension 'ignore'
[2.140s] Level 1:colcon.colcon_core.package_identification:_identify(src) by extension 'ignore_ament_install'
[2.140s] Level 1:colcon.colcon_core.package_identification:_identify(src) by extensions ['colcon_pkg']
[2.140s] Level 1:colcon.colcon_core.package_identification:_identify(src) by extension 'colcon_pkg'
[2.140s] Level 1:colcon.colcon_core.package_identification:_identify(src) by extensions ['colcon_meta']
[2.140s] Level 1:colcon.colcon_core.package_identification:_identify(src) by extension 'colcon_meta'
[2.140s] Level 1:colcon.colcon_core.package_identification:_identify(src) by extensions ['ros']
[2.140s] Level 1:colcon.colcon_core.package_identification:_identify(src) by extension 'ros'
[2.140s] Level 1:colcon.colcon_core.package_identification:_identify(src) by extensions ['cmake', 'python']
[2.140s] Level 1:colcon.colcon_core.package_identification:_identify(src) by extension 'cmake'
[2.140s] Level 1:colcon.colcon_core.package_identification:_identify(src) by extension 'python'
[2.140s] Level 1:colcon.colcon_core.package_identification:_identify(src) by extensions ['python_setup_py']
[2.140s] Level 1:colcon.colcon_core.package_identification:_identify(src) by extension 'python_setup_py'
[2.140s] Level 1:colcon.colcon_core.package_identification:_identify(src/proy_nexa) by extensions ['ignore', 'ignore_ament_install']
[2.140s] Level 1:colcon.colcon_core.package_identification:_identify(src/proy_nexa) by extension 'ignore'
[2.140s] Level 1:colcon.colcon_core.package_identification:_identify(src/proy_nexa) by extension 'ignore_ament_install'
[2.141s] Level 1:colcon.colcon_core.package_identification:_identify(src/proy_nexa) by extensions ['colcon_pkg']
[2.141s] Level 1:colcon.colcon_core.package_identification:_identify(src/proy_nexa) by extension 'colcon_pkg'
[2.141s] Level 1:colcon.colcon_core.package_identification:_identify(src/proy_nexa) by extensions ['colcon_meta']
[2.141s] Level 1:colcon.colcon_core.package_identification:_identify(src/proy_nexa) by extension 'colcon_meta'
[2.141s] Level 1:colcon.colcon_core.package_identification:_identify(src/proy_nexa) by extensions ['ros']
[2.141s] Level 1:colcon.colcon_core.package_identification:_identify(src/proy_nexa) by extension 'ros'
[2.141s] Level 1:colcon.colcon_core.package_identification:_identify(src/proy_nexa) by extensions ['cmake', 'python']
[2.141s] Level 1:colcon.colcon_core.package_identification:_identify(src/proy_nexa) by extension 'cmake'
[2.141s] Level 1:colcon.colcon_core.package_identification:_identify(src/proy_nexa) by extension 'python'
[2.141s] Level 1:colcon.colcon_core.package_identification:_identify(src/proy_nexa) by extensions ['python_setup_py']
[2.141s] Level 1:colcon.colcon_core.package_identification:_identify(src/proy_nexa) by extension 'python_setup_py'
[2.141s] Level 1:colcon.colcon_core.package_identification:_identify(src/proy_nexa/my_world) by extensions ['ignore', 'ignore_ament_install']
[2.141s] Level 1:colcon.colcon_core.package_identification:_identify(src/proy_nexa/my_world) by extension 'ignore'
[2.141s] Level 1:colcon.colcon_core.package_identification:_identify(src/proy_nexa/my_world) by extension 'ignore_ament_install'
[2.141s] Level 1:colcon.colcon_core.package_identification:_identify(src/proy_nexa/my_world) by extensions ['colcon_pkg']
[2.141s] Level 1:colcon.colcon_core.package_identification:_identify(src/proy_nexa/my_world) by extension 'colcon_pkg'
[2.141s] Level 1:colcon.colcon_core.package_identification:_identify(src/proy_nexa/my_world) by extensions ['colcon_meta']
[2.141s] Level 1:colcon.colcon_core.package_identification:_identify(src/proy_nexa/my_world) by extension 'colcon_meta'
[2.141s] Level 1:colcon.colcon_core.package_identification:_identify(src/proy_nexa/my_world) by extensions ['ros']
[2.141s] Level 1:colcon.colcon_core.package_identification:_identify(src/proy_nexa/my_world) by extension 'ros'
[2.143s] DEBUG:colcon.colcon_core.package_identification:Package 'src/proy_nexa/my_world' with type 'ros.ament_cmake' and name 'my_world'
[2.143s] Level 1:colcon.colcon_core.package_identification:_identify(src/proy_nexa/proy_nexa) by extensions ['ignore', 'ignore_ament_install']
[2.143s] Level 1:colcon.colcon_core.package_identification:_identify(src/proy_nexa/proy_nexa) by extension 'ignore'
[2.143s] Level 1:colcon.colcon_core.package_identification:_identify(src/proy_nexa/proy_nexa) by extension 'ignore_ament_install'
[2.143s] Level 1:colcon.colcon_core.package_identification:_identify(src/proy_nexa/proy_nexa) by extensions ['colcon_pkg']
[2.143s] Level 1:colcon.colcon_core.package_identification:_identify(src/proy_nexa/proy_nexa) by extension 'colcon_pkg'
[2.143s] Level 1:colcon.colcon_core.package_identification:_identify(src/proy_nexa/proy_nexa) by extensions ['colcon_meta']
[2.143s] Level 1:colcon.colcon_core.package_identification:_identify(src/proy_nexa/proy_nexa) by extension 'colcon_meta'
[2.143s] Level 1:colcon.colcon_core.package_identification:_identify(src/proy_nexa/proy_nexa) by extensions ['ros']
[2.143s] Level 1:colcon.colcon_core.package_identification:_identify(src/proy_nexa/proy_nexa) by extension 'ros'
[2.144s] DEBUG:colcon.colcon_core.package_identification:Package 'src/proy_nexa/proy_nexa' with type 'ros.ament_cmake' and name 'proy_nexa'
[2.144s] Level 1:colcon.colcon_core.package_identification:_identify(src/proy_nexa/proy_nexa_interface) by extensions ['ignore', 'ignore_ament_install']
[2.144s] Level 1:colcon.colcon_core.package_identification:_identify(src/proy_nexa/proy_nexa_interface) by extension 'ignore'
[2.144s] Level 1:colcon.colcon_core.package_identification:_identify(src/proy_nexa/proy_nexa_interface) by extension 'ignore_ament_install'
[2.144s] Level 1:colcon.colcon_core.package_identification:_identify(src/proy_nexa/proy_nexa_interface) by extensions ['colcon_pkg']
[2.144s] Level 1:colcon.colcon_core.package_identification:_identify(src/proy_nexa/proy_nexa_interface) by extension 'colcon_pkg'
[2.144s] Level 1:colcon.colcon_core.package_identification:_identify(src/proy_nexa/proy_nexa_interface) by extensions ['colcon_meta']
[2.144s] Level 1:colcon.colcon_core.package_identification:_identify(src/proy_nexa/proy_nexa_interface) by extension 'colcon_meta'
[2.144s] Level 1:colcon.colcon_core.package_identification:_identify(src/proy_nexa/proy_nexa_interface) by extensions ['ros']
[2.144s] Level 1:colcon.colcon_core.package_identification:_identify(src/proy_nexa/proy_nexa_interface) by extension 'ros'
[2.145s] DEBUG:colcon.colcon_core.package_identification:Package 'src/proy_nexa/proy_nexa_interface' with type 'ros.ament_cmake' and name 'proy_nexa_interface'
[2.145s] Level 1:colcon.colcon_core.package_identification:_identify(src/proy_nexa/proy_nexa_my_slam) by extensions ['ignore', 'ignore_ament_install']
[2.145s] Level 1:colcon.colcon_core.package_identification:_identify(src/proy_nexa/proy_nexa_my_slam) by extension 'ignore'
[2.145s] Level 1:colcon.colcon_core.package_identification:_identify(src/proy_nexa/proy_nexa_my_slam) by extension 'ignore_ament_install'
[2.145s] Level 1:colcon.colcon_core.package_identification:_identify(src/proy_nexa/proy_nexa_my_slam) by extensions ['colcon_pkg']
[2.145s] Level 1:colcon.colcon_core.package_identification:_identify(src/proy_nexa/proy_nexa_my_slam) by extension 'colcon_pkg'
[2.145s] Level 1:colcon.colcon_core.package_identification:_identify(src/proy_nexa/proy_nexa_my_slam) by extensions ['colcon_meta']
[2.145s] Level 1:colcon.colcon_core.package_identification:_identify(src/proy_nexa/proy_nexa_my_slam) by extension 'colcon_meta'
[2.145s] Level 1:colcon.colcon_core.package_identification:_identify(src/proy_nexa/proy_nexa_my_slam) by extensions ['ros']
[2.145s] Level 1:colcon.colcon_core.package_identification:_identify(src/proy_nexa/proy_nexa_my_slam) by extension 'ros'
[2.145s] DEBUG:colcon.colcon_core.package_identification:Package 'src/proy_nexa/proy_nexa_my_slam' with type 'ros.ament_python' and name 'proy_nexa_my_slam'
[2.145s] Level 1:colcon.colcon_core.package_identification:_identify(src/proy_nexa/proy_nexa_service) by extensions ['ignore', 'ignore_ament_install']
[2.145s] Level 1:colcon.colcon_core.package_identification:_identify(src/proy_nexa/proy_nexa_service) by extension 'ignore'
[2.145s] Level 1:colcon.colcon_core.package_identification:_identify(src/proy_nexa/proy_nexa_service) by extension 'ignore_ament_install'
[2.146s] Level 1:colcon.colcon_core.package_identification:_identify(src/proy_nexa/proy_nexa_service) by extensions ['colcon_pkg']
[2.146s] Level 1:colcon.colcon_core.package_identification:_identify(src/proy_nexa/proy_nexa_service) by extension 'colcon_pkg'
[2.146s] Level 1:colcon.colcon_core.package_identification:_identify(src/proy_nexa/proy_nexa_service) by extensions ['colcon_meta']
[2.146s] Level 1:colcon.colcon_core.package_identification:_identify(src/proy_nexa/proy_nexa_service) by extension 'colcon_meta'
[2.146s] Level 1:colcon.colcon_core.package_identification:_identify(src/proy_nexa/proy_nexa_service) by extensions ['ros']
[2.146s] Level 1:colcon.colcon_core.package_identification:_identify(src/proy_nexa/proy_nexa_service) by extension 'ros'
[2.146s] DEBUG:colcon.colcon_core.package_identification:Package 'src/proy_nexa/proy_nexa_service' with type 'ros.ament_python' and name 'proy_nexa_service'
[2.146s] Level 1:colcon.colcon_core.package_identification:_identify(src/proy_nexa/proy_nexa_show_msg) by extensions ['ignore', 'ignore_ament_install']
[2.146s] Level 1:colcon.colcon_core.package_identification:_identify(src/proy_nexa/proy_nexa_show_msg) by extension 'ignore'
[2.146s] Level 1:colcon.colcon_core.package_identification:_identify(src/proy_nexa/proy_nexa_show_msg) by extension 'ignore_ament_install'
[2.146s] Level 1:colcon.colcon_core.package_identification:_identify(src/proy_nexa/proy_nexa_show_msg) by extensions ['colcon_pkg']
[2.146s] Level 1:colcon.colcon_core.package_identification:_identify(src/proy_nexa/proy_nexa_show_msg) by extension 'colcon_pkg'
[2.146s] Level 1:colcon.colcon_core.package_identification:_identify(src/proy_nexa/proy_nexa_show_msg) by extensions ['colcon_meta']
[2.146s] Level 1:colcon.colcon_core.package_identification:_identify(src/proy_nexa/proy_nexa_show_msg) by extension 'colcon_meta'
[2.146s] Level 1:colcon.colcon_core.package_identification:_identify(src/proy_nexa/proy_nexa_show_msg) by extensions ['ros']
[2.146s] Level 1:colcon.colcon_core.package_identification:_identify(src/proy_nexa/proy_nexa_show_msg) by extension 'ros'
[2.147s] DEBUG:colcon.colcon_core.package_identification:Package 'src/proy_nexa/proy_nexa_show_msg' with type 'ros.ament_python' and name 'proy_nexa_show_msg'
[2.147s] Level 1:colcon.colcon_core.package_discovery:discover_packages(recursive) using defaults
[2.147s] Level 1:colcon.colcon_core.package_discovery:discover_packages(ignore) discover
[2.147s] Level 1:colcon.colcon_core.package_discovery:discover_packages(ignore) using defaults
[2.147s] Level 1:colcon.colcon_core.package_discovery:discover_packages(path) discover
[2.147s] Level 1:colcon.colcon_core.package_discovery:discover_packages(path) using defaults
[2.308s] Level 1:colcon.colcon_core.package_discovery:discover_packages(prefix_path) check parameters
[2.308s] Level 1:colcon.colcon_core.package_discovery:discover_packages(prefix_path) discover
[2.367s] DEBUG:colcon.colcon_installed_package_information.package_discovery:Found 6 installed packages in //home/chen/repositorio2/Robot/install
[2.396s] DEBUG:colcon.colcon_installed_package_information.package_discovery:Found 18 installed packages in /home/chen/turtlebot3_ws/install
[2.425s] DEBUG:colcon.colcon_installed_package_information.package_discovery:Found 1 installed packages in /home/chen/turtlebot3_ws/src/my_first_service/install
[2.455s] DEBUG:colcon.colcon_installed_package_information.package_discovery:Found 336 installed packages in /opt/ros/galactic
[2.456s] Level 1:colcon.colcon_core.package_discovery:discover_packages(prefix_path) using defaults
[2.620s] Level 5:colcon.colcon_core.verb:set package 'my_world' build argument 'cmake_args' from command line to 'None'
[2.620s] Level 5:colcon.colcon_core.verb:set package 'my_world' build argument 'cmake_target' from command line to 'None'
[2.620s] Level 5:colcon.colcon_core.verb:set package 'my_world' build argument 'cmake_target_skip_unavailable' from command line to 'False'
[2.620s] Level 5:colcon.colcon_core.verb:set package 'my_world' build argument 'cmake_clean_cache' from command line to 'False'
[2.620s] Level 5:colcon.colcon_core.verb:set package 'my_world' build argument 'cmake_clean_first' from command line to 'False'
[2.620s] Level 5:colcon.colcon_core.verb:set package 'my_world' build argument 'cmake_force_configure' from command line to 'False'
[2.620s] Level 5:colcon.colcon_core.verb:set package 'my_world' build argument 'ament_cmake_args' from command line to 'None'
[2.620s] Level 5:colcon.colcon_core.verb:set package 'my_world' build argument 'catkin_cmake_args' from command line to 'None'
[2.620s] Level 5:colcon.colcon_core.verb:set package 'my_world' build argument 'catkin_skip_building_tests' from command line to 'False'
[2.620s] DEBUG:colcon.colcon_core.verb:Building package 'my_world' with the following arguments: {'ament_cmake_args': None, 'build_base': '/home/chen/repositorio2/Robot/build/my_world', 'catkin_cmake_args': None, 'catkin_skip_building_tests': False, 'cmake_args': None, 'cmake_clean_cache': False, 'cmake_clean_first': False, 'cmake_force_configure': False, 'cmake_target': None, 'cmake_target_skip_unavailable': False, 'install_base': '/home/chen/repositorio2/Robot/install/my_world', 'merge_install': False, 'path': '/home/chen/repositorio2/Robot/src/proy_nexa/my_world', 'symlink_install': False, 'test_result_base': None}
[2.648s] Level 5:colcon.colcon_core.verb:set package 'proy_nexa_interface' build argument 'cmake_args' from command line to 'None'
[2.649s] Level 5:colcon.colcon_core.verb:set package 'proy_nexa_interface' build argument 'cmake_target' from command line to 'None'
[2.649s] Level 5:colcon.colcon_core.verb:set package 'proy_nexa_interface' build argument 'cmake_target_skip_unavailable' from command line to 'False'
[2.649s] Level 5:colcon.colcon_core.verb:set package 'proy_nexa_interface' build argument 'cmake_clean_cache' from command line to 'False'
[2.649s] Level 5:colcon.colcon_core.verb:set package 'proy_nexa_interface' build argument 'cmake_clean_first' from command line to 'False'
[2.649s] Level 5:colcon.colcon_core.verb:set package 'proy_nexa_interface' build argument 'cmake_force_configure' from command line to 'False'
[2.649s] Level 5:colcon.colcon_core.verb:set package 'proy_nexa_interface' build argument 'ament_cmake_args' from command line to 'None'
[2.649s] Level 5:colcon.colcon_core.verb:set package 'proy_nexa_interface' build argument 'catkin_cmake_args' from command line to 'None'
[2.649s] Level 5:colcon.colcon_core.verb:set package 'proy_nexa_interface' build argument 'catkin_skip_building_tests' from command line to 'False'
[2.649s] DEBUG:colcon.colcon_core.verb:Building package 'proy_nexa_interface' with the following arguments: {'ament_cmake_args': None, 'build_base': '/home/chen/repositorio2/Robot/build/proy_nexa_interface', 'catkin_cmake_args': None, 'catkin_skip_building_tests': False, 'cmake_args': None, 'cmake_clean_cache': False, 'cmake_clean_first': False, 'cmake_force_configure': False, 'cmake_target': None, 'cmake_target_skip_unavailable': False, 'install_base': '/home/chen/repositorio2/Robot/install/proy_nexa_interface', 'merge_install': False, 'path': '/home/chen/repositorio2/Robot/src/proy_nexa/proy_nexa_interface', 'symlink_install': False, 'test_result_base': None}
[2.677s] Level 5:colcon.colcon_core.verb:set package 'proy_nexa_my_slam' build argument 'cmake_args' from command line to 'None'
[2.677s] Level 5:colcon.colcon_core.verb:set package 'proy_nexa_my_slam' build argument 'cmake_target' from command line to 'None'
[2.677s] Level 5:colcon.colcon_core.verb:set package 'proy_nexa_my_slam' build argument 'cmake_target_skip_unavailable' from command line to 'False'
[2.677s] Level 5:colcon.colcon_core.verb:set package 'proy_nexa_my_slam' build argument 'cmake_clean_cache' from command line to 'False'
[2.677s] Level 5:colcon.colcon_core.verb:set package 'proy_nexa_my_slam' build argument 'cmake_clean_first' from command line to 'False'
[2.677s] Level 5:colcon.colcon_core.verb:set package 'proy_nexa_my_slam' build argument 'cmake_force_configure' from command line to 'False'
[2.677s] Level 5:colcon.colcon_core.verb:set package 'proy_nexa_my_slam' build argument 'ament_cmake_args' from command line to 'None'
[2.677s] Level 5:colcon.colcon_core.verb:set package 'proy_nexa_my_slam' build argument 'catkin_cmake_args' from command line to 'None'
[2.677s] Level 5:colcon.colcon_core.verb:set package 'proy_nexa_my_slam' build argument 'catkin_skip_building_tests' from command line to 'False'
[2.677s] DEBUG:colcon.colcon_core.verb:Building package 'proy_nexa_my_slam' with the following arguments: {'ament_cmake_args': None, 'build_base': '/home/chen/repositorio2/Robot/build/proy_nexa_my_slam', 'catkin_cmake_args': None, 'catkin_skip_building_tests': False, 'cmake_args': None, 'cmake_clean_cache': False, 'cmake_clean_first': False, 'cmake_force_configure': False, 'cmake_target': None, 'cmake_target_skip_unavailable': False, 'install_base': '/home/chen/repositorio2/Robot/install/proy_nexa_my_slam', 'merge_install': False, 'path': '/home/chen/repositorio2/Robot/src/proy_nexa/proy_nexa_my_slam', 'symlink_install': False, 'test_result_base': None}
[2.706s] Level 5:colcon.colcon_core.verb:set package 'proy_nexa_show_msg' build argument 'cmake_args' from command line to 'None'
[2.706s] Level 5:colcon.colcon_core.verb:set package 'proy_nexa_show_msg' build argument 'cmake_target' from command line to 'None'
[2.706s] Level 5:colcon.colcon_core.verb:set package 'proy_nexa_show_msg' build argument 'cmake_target_skip_unavailable' from command line to 'False'
[2.706s] Level 5:colcon.colcon_core.verb:set package 'proy_nexa_show_msg' build argument 'cmake_clean_cache' from command line to 'False'
[2.706s] Level 5:colcon.colcon_core.verb:set package 'proy_nexa_show_msg' build argument 'cmake_clean_first' from command line to 'False'
[2.706s] Level 5:colcon.colcon_core.verb:set package 'proy_nexa_show_msg' build argument 'cmake_force_configure' from command line to 'False'
[2.706s] Level 5:colcon.colcon_core.verb:set package 'proy_nexa_show_msg' build argument 'ament_cmake_args' from command line to 'None'
[2.706s] Level 5:colcon.colcon_core.verb:set package 'proy_nexa_show_msg' build argument 'catkin_cmake_args' from command line to 'None'
[2.706s] Level 5:colcon.colcon_core.verb:set package 'proy_nexa_show_msg' build argument 'catkin_skip_building_tests' from command line to 'False'
[2.706s] DEBUG:colcon.colcon_core.verb:Building package 'proy_nexa_show_msg' with the following arguments: {'ament_cmake_args': None, 'build_base': '/home/chen/repositorio2/Robot/build/proy_nexa_show_msg', 'catkin_cmake_args': None, 'catkin_skip_building_tests': False, 'cmake_args': None, 'cmake_clean_cache': False, 'cmake_clean_first': False, 'cmake_force_configure': False, 'cmake_target': None, 'cmake_target_skip_unavailable': False, 'install_base': '/home/chen/repositorio2/Robot/install/proy_nexa_show_msg', 'merge_install': False, 'path': '/home/chen/repositorio2/Robot/src/proy_nexa/proy_nexa_show_msg', 'symlink_install': False, 'test_result_base': None}
[2.735s] Level 5:colcon.colcon_core.verb:set package 'proy_nexa_service' build argument 'cmake_args' from command line to 'None'
[2.735s] Level 5:colcon.colcon_core.verb:set package 'proy_nexa_service' build argument 'cmake_target' from command line to 'None'
[2.735s] Level 5:colcon.colcon_core.verb:set package 'proy_nexa_service' build argument 'cmake_target_skip_unavailable' from command line to 'False'
[2.735s] Level 5:colcon.colcon_core.verb:set package 'proy_nexa_service' build argument 'cmake_clean_cache' from command line to 'False'
[2.735s] Level 5:colcon.colcon_core.verb:set package 'proy_nexa_service' build argument 'cmake_clean_first' from command line to 'False'
[2.735s] Level 5:colcon.colcon_core.verb:set package 'proy_nexa_service' build argument 'cmake_force_configure' from command line to 'False'
[2.735s] Level 5:colcon.colcon_core.verb:set package 'proy_nexa_service' build argument 'ament_cmake_args' from command line to 'None'
[2.735s] Level 5:colcon.colcon_core.verb:set package 'proy_nexa_service' build argument 'catkin_cmake_args' from command line to 'None'
[2.735s] Level 5:colcon.colcon_core.verb:set package 'proy_nexa_service' build argument 'catkin_skip_building_tests' from command line to 'False'
[2.735s] DEBUG:colcon.colcon_core.verb:Building package 'proy_nexa_service' with the following arguments: {'ament_cmake_args': None, 'build_base': '/home/chen/repositorio2/Robot/build/proy_nexa_service', 'catkin_cmake_args': None, 'catkin_skip_building_tests': False, 'cmake_args': None, 'cmake_clean_cache': False, 'cmake_clean_first': False, 'cmake_force_configure': False, 'cmake_target': None, 'cmake_target_skip_unavailable': False, 'install_base': '/home/chen/repositorio2/Robot/install/proy_nexa_service', 'merge_install': False, 'path': '/home/chen/repositorio2/Robot/src/proy_nexa/proy_nexa_service', 'symlink_install': False, 'test_result_base': None}
[2.772s] Level 5:colcon.colcon_core.verb:set package 'proy_nexa' build argument 'cmake_args' from command line to 'None'
[2.772s] Level 5:colcon.colcon_core.verb:set package 'proy_nexa' build argument 'cmake_target' from command line to 'None'
[2.772s] Level 5:colcon.colcon_core.verb:set package 'proy_nexa' build argument 'cmake_target_skip_unavailable' from command line to 'False'
[2.772s] Level 5:colcon.colcon_core.verb:set package 'proy_nexa' build argument 'cmake_clean_cache' from command line to 'False'
[2.772s] Level 5:colcon.colcon_core.verb:set package 'proy_nexa' build argument 'cmake_clean_first' from command line to 'False'
[2.772s] Level 5:colcon.colcon_core.verb:set package 'proy_nexa' build argument 'cmake_force_configure' from command line to 'False'
[2.772s] Level 5:colcon.colcon_core.verb:set package 'proy_nexa' build argument 'ament_cmake_args' from command line to 'None'
[2.772s] Level 5:colcon.colcon_core.verb:set package 'proy_nexa' build argument 'catkin_cmake_args' from command line to 'None'
[2.772s] Level 5:colcon.colcon_core.verb:set package 'proy_nexa' build argument 'catkin_skip_building_tests' from command line to 'False'
[2.772s] DEBUG:colcon.colcon_core.verb:Building package 'proy_nexa' with the following arguments: {'ament_cmake_args': None, 'build_base': '/home/chen/repositorio2/Robot/build/proy_nexa', 'catkin_cmake_args': None, 'catkin_skip_building_tests': False, 'cmake_args': None, 'cmake_clean_cache': False, 'cmake_clean_first': False, 'cmake_force_configure': False, 'cmake_target': None, 'cmake_target_skip_unavailable': False, 'install_base': '/home/chen/repositorio2/Robot/install/proy_nexa', 'merge_install': False, 'path': '/home/chen/repositorio2/Robot/src/proy_nexa/proy_nexa', 'symlink_install': False, 'test_result_base': None}
[2.800s] INFO:colcon.colcon_core.executor:Executing jobs using 'parallel' executor
[2.883s] DEBUG:colcon.colcon_parallel_executor.executor.parallel:run_until_complete
[2.883s] INFO:colcon.colcon_ros.task.ament_cmake.build:Building ROS package in '/home/chen/repositorio2/Robot/src/proy_nexa/proy_nexa_interface' with build type 'ament_cmake'
[2.883s] INFO:colcon.colcon_cmake.task.cmake.build:Building CMake package in '/home/chen/repositorio2/Robot/src/proy_nexa/proy_nexa_interface'
[2.915s] INFO:colcon.colcon_core.plugin_system:Skipping extension 'colcon_core.shell.bat': Not used on non-Windows systems
[2.915s] INFO:colcon.colcon_core.shell:Skip shell extension 'powershell' for command environment: Not usable outside of PowerShell
[2.915s] DEBUG:colcon.colcon_core.shell:Skip shell extension 'dsv' for command environment
[3.085s] INFO:colcon.colcon_ros.task.ament_cmake.build:Building ROS package in '/home/chen/repositorio2/Robot/src/proy_nexa/my_world' with build type 'ament_cmake'
[3.085s] INFO:colcon.colcon_cmake.task.cmake.build:Building CMake package in '/home/chen/repositorio2/Robot/src/proy_nexa/my_world'
[3.149s] INFO:colcon.colcon_core.shell:Skip shell extension 'powershell' for command environment: Not usable outside of PowerShell
[3.150s] DEBUG:colcon.colcon_core.shell:Skip shell extension 'dsv' for command environment
[3.312s] DEBUG:colcon.colcon_core.event_handler.log_command:Invoking command in '/home/chen/repositorio2/Robot/build/proy_nexa_interface': CMAKE_PREFIX_PATH=${CMAKE_PREFIX_PATH}://home/chen/repositorio2/Robot/install/proy_nexa_show_msg://home/chen/repositorio2/Robot/install/proy_nexa_service://home/chen/repositorio2/Robot/install/proy_nexa_my_slam:/home/chen/turtlebot3_ws/install/show_msg:/home/chen/turtlebot3_ws/install/proy_nexa_show_msg:/home/chen/turtlebot3_ws/install/proy_nexa_service:/home/chen/turtlebot3_ws/install/provide_map:/home/chen/turtlebot3_ws/install/my_slam:/home/chen/turtlebot3_ws/install/my_nav2_system:/home/chen/turtlebot3_ws/install/my_first_subscriber:/home/chen/turtlebot3_ws/install/my_first_service:/home/chen/turtlebot3_ws/install/my_first_publisher:/home/chen/turtlebot3_ws/install/my_first_node:/home/chen/turtlebot3_ws/install/my_first_action:/home/chen/turtlebot3_ws/src/my_first_service/install/my_first_service:/opt/ros/galactic /usr/bin/cmake --build /home/chen/repositorio2/Robot/build/proy_nexa_interface -- -j2 -l2
[3.336s] DEBUG:colcon.colcon_core.event_handler.log_command:Invoking command in '/home/chen/repositorio2/Robot/build/my_world': CMAKE_PREFIX_PATH=${CMAKE_PREFIX_PATH}://home/chen/repositorio2/Robot/install/proy_nexa_show_msg://home/chen/repositorio2/Robot/install/proy_nexa_service://home/chen/repositorio2/Robot/install/proy_nexa_my_slam:/home/chen/turtlebot3_ws/install/show_msg:/home/chen/turtlebot3_ws/install/proy_nexa_show_msg:/home/chen/turtlebot3_ws/install/proy_nexa_service:/home/chen/turtlebot3_ws/install/provide_map:/home/chen/turtlebot3_ws/install/my_slam:/home/chen/turtlebot3_ws/install/my_nav2_system:/home/chen/turtlebot3_ws/install/my_first_subscriber:/home/chen/turtlebot3_ws/install/my_first_service:/home/chen/turtlebot3_ws/install/my_first_publisher:/home/chen/turtlebot3_ws/install/my_first_node:/home/chen/turtlebot3_ws/install/my_first_action:/home/chen/turtlebot3_ws/src/my_first_service/install/my_first_service:/opt/ros/galactic /usr/bin/cmake --build /home/chen/repositorio2/Robot/build/my_world -- -j2 -l2
[3.539s] DEBUG:colcon.colcon_core.event_handler.log_command:Invoked command in '/home/chen/repositorio2/Robot/build/my_world' returned '0': CMAKE_PREFIX_PATH=${CMAKE_PREFIX_PATH}://home/chen/repositorio2/Robot/install/proy_nexa_show_msg://home/chen/repositorio2/Robot/install/proy_nexa_service://home/chen/repositorio2/Robot/install/proy_nexa_my_slam:/home/chen/turtlebot3_ws/install/show_msg:/home/chen/turtlebot3_ws/install/proy_nexa_show_msg:/home/chen/turtlebot3_ws/install/proy_nexa_service:/home/chen/turtlebot3_ws/install/provide_map:/home/chen/turtlebot3_ws/install/my_slam:/home/chen/turtlebot3_ws/install/my_nav2_system:/home/chen/turtlebot3_ws/install/my_first_subscriber:/home/chen/turtlebot3_ws/install/my_first_service:/home/chen/turtlebot3_ws/install/my_first_publisher:/home/chen/turtlebot3_ws/install/my_first_node:/home/chen/turtlebot3_ws/install/my_first_action:/home/chen/turtlebot3_ws/src/my_first_service/install/my_first_service:/opt/ros/galactic /usr/bin/cmake --build /home/chen/repositorio2/Robot/build/my_world -- -j2 -l2
[3.640s] DEBUG:colcon.colcon_core.event_handler.log_command:Invoking command in '/home/chen/repositorio2/Robot/build/my_world': CMAKE_PREFIX_PATH=${CMAKE_PREFIX_PATH}://home/chen/repositorio2/Robot/install/proy_nexa_show_msg://home/chen/repositorio2/Robot/install/proy_nexa_service://home/chen/repositorio2/Robot/install/proy_nexa_my_slam:/home/chen/turtlebot3_ws/install/show_msg:/home/chen/turtlebot3_ws/install/proy_nexa_show_msg:/home/chen/turtlebot3_ws/install/proy_nexa_service:/home/chen/turtlebot3_ws/install/provide_map:/home/chen/turtlebot3_ws/install/my_slam:/home/chen/turtlebot3_ws/install/my_nav2_system:/home/chen/turtlebot3_ws/install/my_first_subscriber:/home/chen/turtlebot3_ws/install/my_first_service:/home/chen/turtlebot3_ws/install/my_first_publisher:/home/chen/turtlebot3_ws/install/my_first_node:/home/chen/turtlebot3_ws/install/my_first_action:/home/chen/turtlebot3_ws/src/my_first_service/install/my_first_service:/opt/ros/galactic /usr/bin/cmake --install /home/chen/repositorio2/Robot/build/my_world
[3.669s] Level 1:colcon.colcon_core.environment:create_environment_scripts_only(my_world)
[3.701s] Level 1:colcon.colcon_core.environment:checking '/home/chen/repositorio2/Robot/install/my_world' for CMake module files
[3.701s] Level 1:colcon.colcon_core.environment:checking '/home/chen/repositorio2/Robot/install/my_world' for CMake config files
[3.701s] Level 1:colcon.colcon_core.shell:create_environment_hook('my_world', 'cmake_prefix_path')
[3.732s] INFO:colcon.colcon_core.shell:Creating environment hook '/home/chen/repositorio2/Robot/install/my_world/share/my_world/hook/cmake_prefix_path.ps1'
[3.734s] DEBUG:colcon.colcon_core.event_handler.log_command:Invoked command in '/home/chen/repositorio2/Robot/build/my_world' returned '0': CMAKE_PREFIX_PATH=${CMAKE_PREFIX_PATH}://home/chen/repositorio2/Robot/install/proy_nexa_show_msg://home/chen/repositorio2/Robot/install/proy_nexa_service://home/chen/repositorio2/Robot/install/proy_nexa_my_slam:/home/chen/turtlebot3_ws/install/show_msg:/home/chen/turtlebot3_ws/install/proy_nexa_show_msg:/home/chen/turtlebot3_ws/install/proy_nexa_service:/home/chen/turtlebot3_ws/install/provide_map:/home/chen/turtlebot3_ws/install/my_slam:/home/chen/turtlebot3_ws/install/my_nav2_system:/home/chen/turtlebot3_ws/install/my_first_subscriber:/home/chen/turtlebot3_ws/install/my_first_service:/home/chen/turtlebot3_ws/install/my_first_publisher:/home/chen/turtlebot3_ws/install/my_first_node:/home/chen/turtlebot3_ws/install/my_first_action:/home/chen/turtlebot3_ws/src/my_first_service/install/my_first_service:/opt/ros/galactic /usr/bin/cmake --install /home/chen/repositorio2/Robot/build/my_world
[3.736s] INFO:colcon.colcon_core.shell:Creating environment descriptor '/home/chen/repositorio2/Robot/install/my_world/share/my_world/hook/cmake_prefix_path.dsv'
[3.737s] INFO:colcon.colcon_core.shell:Creating environment hook '/home/chen/repositorio2/Robot/install/my_world/share/my_world/hook/cmake_prefix_path.sh'
[3.738s] Level 1:colcon.colcon_core.environment:checking '/home/chen/repositorio2/Robot/install/my_world/lib'
[3.738s] Level 1:colcon.colcon_core.environment:checking '/home/chen/repositorio2/Robot/install/my_world/bin'
[3.738s] Level 1:colcon.colcon_core.environment:checking '/home/chen/repositorio2/Robot/install/my_world/lib/pkgconfig/my_world.pc'
[3.738s] Level 1:colcon.colcon_core.environment:checking '/home/chen/repositorio2/Robot/install/my_world/lib/python3.8/site-packages'
[3.738s] Level 1:colcon.colcon_core.environment:checking '/home/chen/repositorio2/Robot/install/my_world/bin'
[3.773s] INFO:colcon.colcon_core.shell:Creating package script '/home/chen/repositorio2/Robot/install/my_world/share/my_world/package.ps1'
[3.773s] INFO:colcon.colcon_core.shell:Creating package descriptor '/home/chen/repositorio2/Robot/install/my_world/share/my_world/package.dsv'
[3.774s] INFO:colcon.colcon_core.shell:Creating package script '/home/chen/repositorio2/Robot/install/my_world/share/my_world/package.sh'
[3.774s] INFO:colcon.colcon_core.shell:Creating package script '/home/chen/repositorio2/Robot/install/my_world/share/my_world/package.bash'
[3.775s] INFO:colcon.colcon_core.shell:Creating package script '/home/chen/repositorio2/Robot/install/my_world/share/my_world/package.zsh'
[3.776s] Level 1:colcon.colcon_core.environment:create_file_with_runtime_dependencies(/home/chen/repositorio2/Robot/install/my_world/share/colcon-core/packages/my_world)
[3.859s] Level 1:colcon.colcon_core.environment:create_environment_scripts_only(my_world)
[3.888s] Level 1:colcon.colcon_core.environment:checking '/home/chen/repositorio2/Robot/install/my_world' for CMake module files
[3.888s] Level 1:colcon.colcon_core.environment:checking '/home/chen/repositorio2/Robot/install/my_world' for CMake config files
[3.889s] Level 1:colcon.colcon_core.shell:create_environment_hook('my_world', 'cmake_prefix_path')
[3.918s] INFO:colcon.colcon_core.shell:Creating environment hook '/home/chen/repositorio2/Robot/install/my_world/share/my_world/hook/cmake_prefix_path.ps1'
[3.918s] INFO:colcon.colcon_core.shell:Creating environment descriptor '/home/chen/repositorio2/Robot/install/my_world/share/my_world/hook/cmake_prefix_path.dsv'
[3.935s] INFO:colcon.colcon_core.shell:Creating environment hook '/home/chen/repositorio2/Robot/install/my_world/share/my_world/hook/cmake_prefix_path.sh'
[3.936s] Level 1:colcon.colcon_core.environment:checking '/home/chen/repositorio2/Robot/install/my_world/lib'
[3.936s] Level 1:colcon.colcon_core.environment:checking '/home/chen/repositorio2/Robot/install/my_world/bin'
[3.936s] Level 1:colcon.colcon_core.environment:checking '/home/chen/repositorio2/Robot/install/my_world/lib/pkgconfig/my_world.pc'
[3.936s] Level 1:colcon.colcon_core.environment:checking '/home/chen/repositorio2/Robot/install/my_world/lib/python3.8/site-packages'
[3.936s] Level 1:colcon.colcon_core.environment:checking '/home/chen/repositorio2/Robot/install/my_world/bin'
[3.980s] INFO:colcon.colcon_core.shell:Creating package script '/home/chen/repositorio2/Robot/install/my_world/share/my_world/package.ps1'
[3.980s] INFO:colcon.colcon_core.shell:Creating package descriptor '/home/chen/repositorio2/Robot/install/my_world/share/my_world/package.dsv'
[3.985s] INFO:colcon.colcon_core.shell:Creating package script '/home/chen/repositorio2/Robot/install/my_world/share/my_world/package.sh'
[3.985s] INFO:colcon.colcon_core.shell:Creating package script '/home/chen/repositorio2/Robot/install/my_world/share/my_world/package.bash'
[3.987s] INFO:colcon.colcon_core.shell:Creating package script '/home/chen/repositorio2/Robot/install/my_world/share/my_world/package.zsh'
[3.988s] Level 1:colcon.colcon_core.environment:create_file_with_runtime_dependencies(/home/chen/repositorio2/Robot/install/my_world/share/colcon-core/packages/my_world)
[3.989s] INFO:colcon.colcon_ros.task.ament_python.build:Building ROS package in '/home/chen/repositorio2/Robot/src/proy_nexa/proy_nexa_show_msg' with build type 'ament_python'
[3.989s] Level 1:colcon.colcon_core.shell:create_environment_hook('proy_nexa_show_msg', 'ament_prefix_path')
[4.018s] INFO:colcon.colcon_core.shell:Creating environment hook '/home/chen/repositorio2/Robot/install/proy_nexa_show_msg/share/proy_nexa_show_msg/hook/ament_prefix_path.ps1'
[4.030s] INFO:colcon.colcon_core.shell:Creating environment descriptor '/home/chen/repositorio2/Robot/install/proy_nexa_show_msg/share/proy_nexa_show_msg/hook/ament_prefix_path.dsv'
[4.031s] INFO:colcon.colcon_core.shell:Creating environment hook '/home/chen/repositorio2/Robot/install/proy_nexa_show_msg/share/proy_nexa_show_msg/hook/ament_prefix_path.sh'
[4.083s] INFO:colcon.colcon_core.shell:Skip shell extension 'powershell' for command environment: Not usable outside of PowerShell
[4.083s] DEBUG:colcon.colcon_core.shell:Skip shell extension 'dsv' for command environment
[4.547s] INFO:colcon.colcon_core.task.python.build:Building Python package in '/home/chen/repositorio2/Robot/src/proy_nexa/proy_nexa_show_msg'
[4.588s] INFO:colcon.colcon_core.shell:Skip shell extension 'powershell' for command environment: Not usable outside of PowerShell
[4.589s] DEBUG:colcon.colcon_core.shell:Skip shell extension 'dsv' for command environment
[4.751s] DEBUG:colcon.colcon_core.event_handler.log_command:Invoked command in '/home/chen/repositorio2/Robot/build/proy_nexa_interface' returned '0': CMAKE_PREFIX_PATH=${CMAKE_PREFIX_PATH}://home/chen/repositorio2/Robot/install/proy_nexa_show_msg://home/chen/repositorio2/Robot/install/proy_nexa_service://home/chen/repositorio2/Robot/install/proy_nexa_my_slam:/home/chen/turtlebot3_ws/install/show_msg:/home/chen/turtlebot3_ws/install/proy_nexa_show_msg:/home/chen/turtlebot3_ws/install/proy_nexa_service:/home/chen/turtlebot3_ws/install/provide_map:/home/chen/turtlebot3_ws/install/my_slam:/home/chen/turtlebot3_ws/install/my_nav2_system:/home/chen/turtlebot3_ws/install/my_first_subscriber:/home/chen/turtlebot3_ws/install/my_first_service:/home/chen/turtlebot3_ws/install/my_first_publisher:/home/chen/turtlebot3_ws/install/my_first_node:/home/chen/turtlebot3_ws/install/my_first_action:/home/chen/turtlebot3_ws/src/my_first_service/install/my_first_service:/opt/ros/galactic /usr/bin/cmake --build /home/chen/repositorio2/Robot/build/proy_nexa_interface -- -j2 -l2
[5.135s] DEBUG:colcon.colcon_core.event_handler.log_command:Invoking command in '/home/chen/repositorio2/Robot/src/proy_nexa/proy_nexa_show_msg': PYTHONPATH=/home/chen/repositorio2/Robot/build/proy_nexa_show_msg/prefix_override:/home/chen/repositorio2/Robot/install/proy_nexa_show_msg/lib/python3.8/site-packages:${PYTHONPATH} /usr/bin/python3 setup.py egg_info --egg-base ../../../build/proy_nexa_show_msg build --build-base /home/chen/repositorio2/Robot/build/proy_nexa_show_msg/build install --record /home/chen/repositorio2/Robot/build/proy_nexa_show_msg/install.log --single-version-externally-managed
[5.446s] DEBUG:colcon.colcon_core.event_handler.log_command:Invoked command in '/home/chen/repositorio2/Robot/src/proy_nexa/proy_nexa_show_msg' returned '0': PYTHONPATH=/home/chen/repositorio2/Robot/build/proy_nexa_show_msg/prefix_override:/home/chen/repositorio2/Robot/install/proy_nexa_show_msg/lib/python3.8/site-packages:${PYTHONPATH} /usr/bin/python3 setup.py egg_info --egg-base ../../../build/proy_nexa_show_msg build --build-base /home/chen/repositorio2/Robot/build/proy_nexa_show_msg/build install --record /home/chen/repositorio2/Robot/build/proy_nexa_show_msg/install.log --single-version-externally-managed
[5.486s] Level 1:colcon.colcon_core.environment:checking '/home/chen/repositorio2/Robot/install/proy_nexa_show_msg' for CMake module files
[5.487s] Level 1:colcon.colcon_core.environment:checking '/home/chen/repositorio2/Robot/install/proy_nexa_show_msg' for CMake config files
[5.487s] Level 1:colcon.colcon_core.environment:checking '/home/chen/repositorio2/Robot/install/proy_nexa_show_msg/lib'
[5.487s] Level 1:colcon.colcon_core.environment:checking '/home/chen/repositorio2/Robot/install/proy_nexa_show_msg/bin'
[5.487s] Level 1:colcon.colcon_core.environment:checking '/home/chen/repositorio2/Robot/install/proy_nexa_show_msg/lib/pkgconfig/proy_nexa_show_msg.pc'
[5.487s] Level 1:colcon.colcon_core.environment:checking '/home/chen/repositorio2/Robot/install/proy_nexa_show_msg/lib/python3.8/site-packages'
[5.487s] Level 1:colcon.colcon_core.shell:create_environment_hook('proy_nexa_show_msg', 'pythonpath')
[5.533s] INFO:colcon.colcon_core.shell:Creating environment hook '/home/chen/repositorio2/Robot/install/proy_nexa_show_msg/share/proy_nexa_show_msg/hook/pythonpath.ps1'
[5.534s] INFO:colcon.colcon_core.shell:Creating environment descriptor '/home/chen/repositorio2/Robot/install/proy_nexa_show_msg/share/proy_nexa_show_msg/hook/pythonpath.dsv'
[5.534s] INFO:colcon.colcon_core.shell:Creating environment hook '/home/chen/repositorio2/Robot/install/proy_nexa_show_msg/share/proy_nexa_show_msg/hook/pythonpath.sh'
[5.540s] Level 1:colcon.colcon_core.environment:checking '/home/chen/repositorio2/Robot/install/proy_nexa_show_msg/bin'
[5.541s] Level 1:colcon.colcon_core.environment:create_environment_scripts_only(proy_nexa_show_msg)
[5.571s] INFO:colcon.colcon_core.shell:Creating package script '/home/chen/repositorio2/Robot/install/proy_nexa_show_msg/share/proy_nexa_show_msg/package.ps1'
[5.578s] INFO:colcon.colcon_core.shell:Creating package descriptor '/home/chen/repositorio2/Robot/install/proy_nexa_show_msg/share/proy_nexa_show_msg/package.dsv'
[5.579s] INFO:colcon.colcon_core.shell:Creating package script '/home/chen/repositorio2/Robot/install/proy_nexa_show_msg/share/proy_nexa_show_msg/package.sh'
[5.579s] INFO:colcon.colcon_core.shell:Creating package script '/home/chen/repositorio2/Robot/install/proy_nexa_show_msg/share/proy_nexa_show_msg/package.bash'
[5.580s] INFO:colcon.colcon_core.shell:Creating package script '/home/chen/repositorio2/Robot/install/proy_nexa_show_msg/share/proy_nexa_show_msg/package.zsh'
[5.580s] Level 1:colcon.colcon_core.environment:create_file_with_runtime_dependencies(/home/chen/repositorio2/Robot/install/proy_nexa_show_msg/share/colcon-core/packages/proy_nexa_show_msg)
[5.581s] INFO:colcon.colcon_ros.task.ament_python.build:Building ROS package in '/home/chen/repositorio2/Robot/src/proy_nexa/proy_nexa_my_slam' with build type 'ament_python'
[5.581s] Level 1:colcon.colcon_core.shell:create_environment_hook('proy_nexa_my_slam', 'ament_prefix_path')
[5.614s] INFO:colcon.colcon_core.shell:Creating environment hook '/home/chen/repositorio2/Robot/install/proy_nexa_my_slam/share/proy_nexa_my_slam/hook/ament_prefix_path.ps1'
[5.622s] INFO:colcon.colcon_core.shell:Creating environment descriptor '/home/chen/repositorio2/Robot/install/proy_nexa_my_slam/share/proy_nexa_my_slam/hook/ament_prefix_path.dsv'
[5.623s] INFO:colcon.colcon_core.shell:Creating environment hook '/home/chen/repositorio2/Robot/install/proy_nexa_my_slam/share/proy_nexa_my_slam/hook/ament_prefix_path.sh'
[5.656s] INFO:colcon.colcon_core.shell:Skip shell extension 'powershell' for command environment: Not usable outside of PowerShell
[5.656s] DEBUG:colcon.colcon_core.shell:Skip shell extension 'dsv' for command environment
[5.844s] DEBUG:colcon.colcon_core.event_handler.log_command:Invoking command in '/home/chen/repositorio2/Robot/build/proy_nexa_interface': CMAKE_PREFIX_PATH=${CMAKE_PREFIX_PATH}://home/chen/repositorio2/Robot/install/proy_nexa_show_msg://home/chen/repositorio2/Robot/install/proy_nexa_service://home/chen/repositorio2/Robot/install/proy_nexa_my_slam:/home/chen/turtlebot3_ws/install/show_msg:/home/chen/turtlebot3_ws/install/proy_nexa_show_msg:/home/chen/turtlebot3_ws/install/proy_nexa_service:/home/chen/turtlebot3_ws/install/provide_map:/home/chen/turtlebot3_ws/install/my_slam:/home/chen/turtlebot3_ws/install/my_nav2_system:/home/chen/turtlebot3_ws/install/my_first_subscriber:/home/chen/turtlebot3_ws/install/my_first_service:/home/chen/turtlebot3_ws/install/my_first_publisher:/home/chen/turtlebot3_ws/install/my_first_node:/home/chen/turtlebot3_ws/install/my_first_action:/home/chen/turtlebot3_ws/src/my_first_service/install/my_first_service:/opt/ros/galactic /usr/bin/cmake --install /home/chen/repositorio2/Robot/build/proy_nexa_interface
[6.092s] INFO:colcon.colcon_core.task.python.build:Building Python package in '/home/chen/repositorio2/Robot/src/proy_nexa/proy_nexa_my_slam'
[6.123s] INFO:colcon.colcon_core.shell:Skip shell extension 'powershell' for command environment: Not usable outside of PowerShell
[6.123s] DEBUG:colcon.colcon_core.shell:Skip shell extension 'dsv' for command environment
[6.319s] Level 1:colcon.colcon_core.environment:create_environment_scripts_only(proy_nexa_interface)
[6.337s] DEBUG:colcon.colcon_core.event_handler.log_command:Invoked command in '/home/chen/repositorio2/Robot/build/proy_nexa_interface' returned '0': CMAKE_PREFIX_PATH=${CMAKE_PREFIX_PATH}://home/chen/repositorio2/Robot/install/proy_nexa_show_msg://home/chen/repositorio2/Robot/install/proy_nexa_service://home/chen/repositorio2/Robot/install/proy_nexa_my_slam:/home/chen/turtlebot3_ws/install/show_msg:/home/chen/turtlebot3_ws/install/proy_nexa_show_msg:/home/chen/turtlebot3_ws/install/proy_nexa_service:/home/chen/turtlebot3_ws/install/provide_map:/home/chen/turtlebot3_ws/install/my_slam:/home/chen/turtlebot3_ws/install/my_nav2_system:/home/chen/turtlebot3_ws/install/my_first_subscriber:/home/chen/turtlebot3_ws/install/my_first_service:/home/chen/turtlebot3_ws/install/my_first_publisher:/home/chen/turtlebot3_ws/install/my_first_node:/home/chen/turtlebot3_ws/install/my_first_action:/home/chen/turtlebot3_ws/src/my_first_service/install/my_first_service:/opt/ros/galactic /usr/bin/cmake --install /home/chen/repositorio2/Robot/build/proy_nexa_interface
[6.369s] Level 1:colcon.colcon_core.environment:checking '/home/chen/repositorio2/Robot/install/proy_nexa_interface' for CMake module files
[6.370s] Level 1:colcon.colcon_core.environment:checking '/home/chen/repositorio2/Robot/install/proy_nexa_interface' for CMake config files
[6.370s] Level 1:colcon.colcon_core.shell:create_environment_hook('proy_nexa_interface', 'cmake_prefix_path')
[6.400s] INFO:colcon.colcon_core.shell:Creating environment hook '/home/chen/repositorio2/Robot/install/proy_nexa_interface/share/proy_nexa_interface/hook/cmake_prefix_path.ps1'
[6.433s] INFO:colcon.colcon_core.shell:Creating environment descriptor '/home/chen/repositorio2/Robot/install/proy_nexa_interface/share/proy_nexa_interface/hook/cmake_prefix_path.dsv'
[6.434s] INFO:colcon.colcon_core.shell:Creating environment hook '/home/chen/repositorio2/Robot/install/proy_nexa_interface/share/proy_nexa_interface/hook/cmake_prefix_path.sh'
[6.435s] Level 1:colcon.colcon_core.environment:checking '/home/chen/repositorio2/Robot/install/proy_nexa_interface/lib'
[6.435s] Level 1:colcon.colcon_core.shell:create_environment_hook('proy_nexa_interface', 'ld_library_path_lib')
[6.466s] INFO:colcon.colcon_core.shell:Creating environment hook '/home/chen/repositorio2/Robot/install/proy_nexa_interface/share/proy_nexa_interface/hook/ld_library_path_lib.ps1'
[6.528s] INFO:colcon.colcon_core.shell:Creating environment descriptor '/home/chen/repositorio2/Robot/install/proy_nexa_interface/share/proy_nexa_interface/hook/ld_library_path_lib.dsv'
[6.528s] INFO:colcon.colcon_core.shell:Creating environment hook '/home/chen/repositorio2/Robot/install/proy_nexa_interface/share/proy_nexa_interface/hook/ld_library_path_lib.sh'
[6.529s] Level 1:colcon.colcon_core.environment:checking '/home/chen/repositorio2/Robot/install/proy_nexa_interface/bin'
[6.529s] Level 1:colcon.colcon_core.environment:checking '/home/chen/repositorio2/Robot/install/proy_nexa_interface/lib/pkgconfig/proy_nexa_interface.pc'
[6.529s] Level 1:colcon.colcon_core.environment:checking '/home/chen/repositorio2/Robot/install/proy_nexa_interface/lib/python3.8/site-packages'
[6.529s] Level 1:colcon.colcon_core.shell:create_environment_hook('proy_nexa_interface', 'pythonpath')
[6.611s] INFO:colcon.colcon_core.shell:Creating environment hook '/home/chen/repositorio2/Robot/install/proy_nexa_interface/share/proy_nexa_interface/hook/pythonpath.ps1'
[6.611s] INFO:colcon.colcon_core.shell:Creating environment descriptor '/home/chen/repositorio2/Robot/install/proy_nexa_interface/share/proy_nexa_interface/hook/pythonpath.dsv'
[6.612s] INFO:colcon.colcon_core.shell:Creating environment hook '/home/chen/repositorio2/Robot/install/proy_nexa_interface/share/proy_nexa_interface/hook/pythonpath.sh'
[6.613s] Level 1:colcon.colcon_core.environment:checking '/home/chen/repositorio2/Robot/install/proy_nexa_interface/bin'
[6.642s] INFO:colcon.colcon_core.shell:Creating package script '/home/chen/repositorio2/Robot/install/proy_nexa_interface/share/proy_nexa_interface/package.ps1'
[6.644s] INFO:colcon.colcon_core.shell:Creating package descriptor '/home/chen/repositorio2/Robot/install/proy_nexa_interface/share/proy_nexa_interface/package.dsv'
[6.647s] INFO:colcon.colcon_core.shell:Creating package script '/home/chen/repositorio2/Robot/install/proy_nexa_interface/share/proy_nexa_interface/package.sh'
[6.648s] INFO:colcon.colcon_core.shell:Creating package script '/home/chen/repositorio2/Robot/install/proy_nexa_interface/share/proy_nexa_interface/package.bash'
[6.650s] INFO:colcon.colcon_core.shell:Creating package script '/home/chen/repositorio2/Robot/install/proy_nexa_interface/share/proy_nexa_interface/package.zsh'
[6.650s] Level 1:colcon.colcon_core.environment:create_file_with_runtime_dependencies(/home/chen/repositorio2/Robot/install/proy_nexa_interface/share/colcon-core/packages/proy_nexa_interface)
[6.721s] DEBUG:colcon.colcon_core.event_handler.log_command:Invoking command in '/home/chen/repositorio2/Robot/src/proy_nexa/proy_nexa_my_slam': PYTHONPATH=/home/chen/repositorio2/Robot/build/proy_nexa_my_slam/prefix_override:/home/chen/repositorio2/Robot/install/proy_nexa_my_slam/lib/python3.8/site-packages:${PYTHONPATH} /usr/bin/python3 setup.py egg_info --egg-base ../../../build/proy_nexa_my_slam build --build-base /home/chen/repositorio2/Robot/build/proy_nexa_my_slam/build install --record /home/chen/repositorio2/Robot/build/proy_nexa_my_slam/install.log --single-version-externally-managed
[7.050s] Level 1:colcon.colcon_core.environment:create_environment_scripts_only(proy_nexa_interface)
[7.108s] Level 1:colcon.colcon_core.environment:checking '/home/chen/repositorio2/Robot/install/proy_nexa_interface' for CMake module files
[7.109s] Level 1:colcon.colcon_core.environment:checking '/home/chen/repositorio2/Robot/install/proy_nexa_interface' for CMake config files
[7.109s] Level 1:colcon.colcon_core.shell:create_environment_hook('proy_nexa_interface', 'cmake_prefix_path')
[7.142s] INFO:colcon.colcon_core.shell:Creating environment hook '/home/chen/repositorio2/Robot/install/proy_nexa_interface/share/proy_nexa_interface/hook/cmake_prefix_path.ps1'
[7.142s] INFO:colcon.colcon_core.shell:Creating environment descriptor '/home/chen/repositorio2/Robot/install/proy_nexa_interface/share/proy_nexa_interface/hook/cmake_prefix_path.dsv'
[7.143s] INFO:colcon.colcon_core.shell:Creating environment hook '/home/chen/repositorio2/Robot/install/proy_nexa_interface/share/proy_nexa_interface/hook/cmake_prefix_path.sh'
[7.144s] Level 1:colcon.colcon_core.environment:checking '/home/chen/repositorio2/Robot/install/proy_nexa_interface/lib'
[7.144s] Level 1:colcon.colcon_core.shell:create_environment_hook('proy_nexa_interface', 'ld_library_path_lib')
[7.174s] INFO:colcon.colcon_core.shell:Creating environment hook '/home/chen/repositorio2/Robot/install/proy_nexa_interface/share/proy_nexa_interface/hook/ld_library_path_lib.ps1'
[7.174s] INFO:colcon.colcon_core.shell:Creating environment descriptor '/home/chen/repositorio2/Robot/install/proy_nexa_interface/share/proy_nexa_interface/hook/ld_library_path_lib.dsv'
[7.175s] INFO:colcon.colcon_core.shell:Creating environment hook '/home/chen/repositorio2/Robot/install/proy_nexa_interface/share/proy_nexa_interface/hook/ld_library_path_lib.sh'
[7.176s] Level 1:colcon.colcon_core.environment:checking '/home/chen/repositorio2/Robot/install/proy_nexa_interface/bin'
[7.176s] Level 1:colcon.colcon_core.environment:checking '/home/chen/repositorio2/Robot/install/proy_nexa_interface/lib/pkgconfig/proy_nexa_interface.pc'
[7.176s] Level 1:colcon.colcon_core.environment:checking '/home/chen/repositorio2/Robot/install/proy_nexa_interface/lib/python3.8/site-packages'
[7.176s] Level 1:colcon.colcon_core.shell:create_environment_hook('proy_nexa_interface', 'pythonpath')
[7.206s] INFO:colcon.colcon_core.shell:Creating environment hook '/home/chen/repositorio2/Robot/install/proy_nexa_interface/share/proy_nexa_interface/hook/pythonpath.ps1'
[7.206s] INFO:colcon.colcon_core.shell:Creating environment descriptor '/home/chen/repositorio2/Robot/install/proy_nexa_interface/share/proy_nexa_interface/hook/pythonpath.dsv'
[7.229s] INFO:colcon.colcon_core.shell:Creating environment hook '/home/chen/repositorio2/Robot/install/proy_nexa_interface/share/proy_nexa_interface/hook/pythonpath.sh'
[7.230s] Level 1:colcon.colcon_core.environment:checking '/home/chen/repositorio2/Robot/install/proy_nexa_interface/bin'
[7.259s] INFO:colcon.colcon_core.shell:Creating package script '/home/chen/repositorio2/Robot/install/proy_nexa_interface/share/proy_nexa_interface/package.ps1'
[7.260s] INFO:colcon.colcon_core.shell:Creating package descriptor '/home/chen/repositorio2/Robot/install/proy_nexa_interface/share/proy_nexa_interface/package.dsv'
[7.262s] INFO:colcon.colcon_core.shell:Creating package script '/home/chen/repositorio2/Robot/install/proy_nexa_interface/share/proy_nexa_interface/package.sh'
[7.263s] INFO:colcon.colcon_core.shell:Creating package script '/home/chen/repositorio2/Robot/install/proy_nexa_interface/share/proy_nexa_interface/package.bash'
[7.264s] INFO:colcon.colcon_core.shell:Creating package script '/home/chen/repositorio2/Robot/install/proy_nexa_interface/share/proy_nexa_interface/package.zsh'
[7.265s] Level 1:colcon.colcon_core.environment:create_file_with_runtime_dependencies(/home/chen/repositorio2/Robot/install/proy_nexa_interface/share/colcon-core/packages/proy_nexa_interface)
[7.266s] INFO:colcon.colcon_ros.task.ament_python.build:Building ROS package in '/home/chen/repositorio2/Robot/src/proy_nexa/proy_nexa_service' with build type 'ament_python'
[7.270s] Level 1:colcon.colcon_core.shell:create_environment_hook('proy_nexa_service', 'ament_prefix_path')
[7.309s] INFO:colcon.colcon_core.shell:Creating environment hook '/home/chen/repositorio2/Robot/install/proy_nexa_service/share/proy_nexa_service/hook/ament_prefix_path.ps1'
[7.310s] INFO:colcon.colcon_core.shell:Creating environment descriptor '/home/chen/repositorio2/Robot/install/proy_nexa_service/share/proy_nexa_service/hook/ament_prefix_path.dsv'
[7.311s] INFO:colcon.colcon_core.shell:Creating environment hook '/home/chen/repositorio2/Robot/install/proy_nexa_service/share/proy_nexa_service/hook/ament_prefix_path.sh'
[7.349s] INFO:colcon.colcon_core.shell:Skip shell extension 'powershell' for command environment: Not usable outside of PowerShell
[7.349s] DEBUG:colcon.colcon_core.shell:Skip shell extension 'dsv' for command environment
[7.517s] DEBUG:colcon.colcon_core.event_handler.log_command:Invoked command in '/home/chen/repositorio2/Robot/src/proy_nexa/proy_nexa_my_slam' returned '0': PYTHONPATH=/home/chen/repositorio2/Robot/build/proy_nexa_my_slam/prefix_override:/home/chen/repositorio2/Robot/install/proy_nexa_my_slam/lib/python3.8/site-packages:${PYTHONPATH} /usr/bin/python3 setup.py egg_info --egg-base ../../../build/proy_nexa_my_slam build --build-base /home/chen/repositorio2/Robot/build/proy_nexa_my_slam/build install --record /home/chen/repositorio2/Robot/build/proy_nexa_my_slam/install.log --single-version-externally-managed
[7.551s] Level 1:colcon.colcon_core.environment:checking '/home/chen/repositorio2/Robot/install/proy_nexa_my_slam' for CMake module files
[7.551s] Level 1:colcon.colcon_core.environment:checking '/home/chen/repositorio2/Robot/install/proy_nexa_my_slam' for CMake config files
[7.551s] Level 1:colcon.colcon_core.environment:checking '/home/chen/repositorio2/Robot/install/proy_nexa_my_slam/lib'
[7.552s] Level 1:colcon.colcon_core.environment:checking '/home/chen/repositorio2/Robot/install/proy_nexa_my_slam/bin'
[7.552s] Level 1:colcon.colcon_core.environment:checking '/home/chen/repositorio2/Robot/install/proy_nexa_my_slam/lib/pkgconfig/proy_nexa_my_slam.pc'
[7.552s] Level 1:colcon.colcon_core.environment:checking '/home/chen/repositorio2/Robot/install/proy_nexa_my_slam/lib/python3.8/site-packages'
[7.552s] Level 1:colcon.colcon_core.shell:create_environment_hook('proy_nexa_my_slam', 'pythonpath')
[7.581s] INFO:colcon.colcon_core.shell:Creating environment hook '/home/chen/repositorio2/Robot/install/proy_nexa_my_slam/share/proy_nexa_my_slam/hook/pythonpath.ps1'
[7.585s] INFO:colcon.colcon_core.shell:Creating environment descriptor '/home/chen/repositorio2/Robot/install/proy_nexa_my_slam/share/proy_nexa_my_slam/hook/pythonpath.dsv'
[7.585s] INFO:colcon.colcon_core.shell:Creating environment hook '/home/chen/repositorio2/Robot/install/proy_nexa_my_slam/share/proy_nexa_my_slam/hook/pythonpath.sh'
[7.586s] Level 1:colcon.colcon_core.environment:checking '/home/chen/repositorio2/Robot/install/proy_nexa_my_slam/bin'
[7.587s] Level 1:colcon.colcon_core.environment:create_environment_scripts_only(proy_nexa_my_slam)
[7.617s] INFO:colcon.colcon_core.shell:Creating package script '/home/chen/repositorio2/Robot/install/proy_nexa_my_slam/share/proy_nexa_my_slam/package.ps1'
[7.618s] INFO:colcon.colcon_core.shell:Creating package descriptor '/home/chen/repositorio2/Robot/install/proy_nexa_my_slam/share/proy_nexa_my_slam/package.dsv'
[7.619s] INFO:colcon.colcon_core.shell:Creating package script '/home/chen/repositorio2/Robot/install/proy_nexa_my_slam/share/proy_nexa_my_slam/package.sh'
[7.620s] INFO:colcon.colcon_core.shell:Creating package script '/home/chen/repositorio2/Robot/install/proy_nexa_my_slam/share/proy_nexa_my_slam/package.bash'
[7.621s] INFO:colcon.colcon_core.shell:Creating package script '/home/chen/repositorio2/Robot/install/proy_nexa_my_slam/share/proy_nexa_my_slam/package.zsh'
[7.621s] Level 1:colcon.colcon_core.environment:create_file_with_runtime_dependencies(/home/chen/repositorio2/Robot/install/proy_nexa_my_slam/share/colcon-core/packages/proy_nexa_my_slam)
[7.814s] INFO:colcon.colcon_core.task.python.build:Building Python package in '/home/chen/repositorio2/Robot/src/proy_nexa/proy_nexa_service'
[7.845s] INFO:colcon.colcon_core.shell:Skip shell extension 'powershell' for command environment: Not usable outside of PowerShell
[7.845s] DEBUG:colcon.colcon_core.shell:Skip shell extension 'dsv' for command environment
[8.533s] DEBUG:colcon.colcon_core.event_handler.log_command:Invoking command in '/home/chen/repositorio2/Robot/src/proy_nexa/proy_nexa_service': AMENT_PREFIX_PATH=/home/chen/repositorio2/Robot/install/proy_nexa_interface:${AMENT_PREFIX_PATH} CMAKE_PREFIX_PATH=/home/chen/repositorio2/Robot/install/proy_nexa_interface:${CMAKE_PREFIX_PATH} LD_LIBRARY_PATH=/home/chen/repositorio2/Robot/install/proy_nexa_interface/lib:${LD_LIBRARY_PATH} PYTHONPATH=/home/chen/repositorio2/Robot/build/proy_nexa_service/prefix_override:/home/chen/repositorio2/Robot/install/proy_nexa_service/lib/python3.8/site-packages:/home/chen/repositorio2/Robot/install/proy_nexa_interface/lib/python3.8/site-packages:${PYTHONPATH} /usr/bin/python3 setup.py egg_info --egg-base ../../../build/proy_nexa_service build --build-base /home/chen/repositorio2/Robot/build/proy_nexa_service/build install --record /home/chen/repositorio2/Robot/build/proy_nexa_service/install.log --single-version-externally-managed
[9.023s] DEBUG:colcon.colcon_core.event_handler.log_command:Invoked command in '/home/chen/repositorio2/Robot/src/proy_nexa/proy_nexa_service' returned '0': AMENT_PREFIX_PATH=/home/chen/repositorio2/Robot/install/proy_nexa_interface:${AMENT_PREFIX_PATH} CMAKE_PREFIX_PATH=/home/chen/repositorio2/Robot/install/proy_nexa_interface:${CMAKE_PREFIX_PATH} LD_LIBRARY_PATH=/home/chen/repositorio2/Robot/install/proy_nexa_interface/lib:${LD_LIBRARY_PATH} PYTHONPATH=/home/chen/repositorio2/Robot/build/proy_nexa_service/prefix_override:/home/chen/repositorio2/Robot/install/proy_nexa_service/lib/python3.8/site-packages:/home/chen/repositorio2/Robot/install/proy_nexa_interface/lib/python3.8/site-packages:${PYTHONPATH} /usr/bin/python3 setup.py egg_info --egg-base ../../../build/proy_nexa_service build --build-base /home/chen/repositorio2/Robot/build/proy_nexa_service/build install --record /home/chen/repositorio2/Robot/build/proy_nexa_service/install.log --single-version-externally-managed
[9.064s] Level 1:colcon.colcon_core.environment:checking '/home/chen/repositorio2/Robot/install/proy_nexa_service' for CMake module files
[9.064s] Level 1:colcon.colcon_core.environment:checking '/home/chen/repositorio2/Robot/install/proy_nexa_service' for CMake config files
[9.065s] Level 1:colcon.colcon_core.environment:checking '/home/chen/repositorio2/Robot/install/proy_nexa_service/lib'
[9.065s] Level 1:colcon.colcon_core.environment:checking '/home/chen/repositorio2/Robot/install/proy_nexa_service/bin'
[9.065s] Level 1:colcon.colcon_core.environment:checking '/home/chen/repositorio2/Robot/install/proy_nexa_service/lib/pkgconfig/proy_nexa_service.pc'
[9.065s] Level 1:colcon.colcon_core.environment:checking '/home/chen/repositorio2/Robot/install/proy_nexa_service/lib/python3.8/site-packages'
[9.065s] Level 1:colcon.colcon_core.shell:create_environment_hook('proy_nexa_service', 'pythonpath')
[9.105s] INFO:colcon.colcon_core.shell:Creating environment hook '/home/chen/repositorio2/Robot/install/proy_nexa_service/share/proy_nexa_service/hook/pythonpath.ps1'
[9.106s] INFO:colcon.colcon_core.shell:Creating environment descriptor '/home/chen/repositorio2/Robot/install/proy_nexa_service/share/proy_nexa_service/hook/pythonpath.dsv'
[9.107s] INFO:colcon.colcon_core.shell:Creating environment hook '/home/chen/repositorio2/Robot/install/proy_nexa_service/share/proy_nexa_service/hook/pythonpath.sh'
[9.108s] Level 1:colcon.colcon_core.environment:checking '/home/chen/repositorio2/Robot/install/proy_nexa_service/bin'
[9.108s] Level 1:colcon.colcon_core.environment:create_environment_scripts_only(proy_nexa_service)
[9.137s] INFO:colcon.colcon_core.shell:Creating package script '/home/chen/repositorio2/Robot/install/proy_nexa_service/share/proy_nexa_service/package.ps1'
[9.138s] INFO:colcon.colcon_core.shell:Creating package descriptor '/home/chen/repositorio2/Robot/install/proy_nexa_service/share/proy_nexa_service/package.dsv'
[9.139s] INFO:colcon.colcon_core.shell:Creating package script '/home/chen/repositorio2/Robot/install/proy_nexa_service/share/proy_nexa_service/package.sh'
[9.140s] INFO:colcon.colcon_core.shell:Creating package script '/home/chen/repositorio2/Robot/install/proy_nexa_service/share/proy_nexa_service/package.bash'
[9.140s] INFO:colcon.colcon_core.shell:Creating package script '/home/chen/repositorio2/Robot/install/proy_nexa_service/share/proy_nexa_service/package.zsh'
[9.141s] Level 1:colcon.colcon_core.environment:create_file_with_runtime_dependencies(/home/chen/repositorio2/Robot/install/proy_nexa_service/share/colcon-core/packages/proy_nexa_service)
[9.142s] INFO:colcon.colcon_ros.task.ament_cmake.build:Building ROS package in '/home/chen/repositorio2/Robot/src/proy_nexa/proy_nexa' with build type 'ament_cmake'
[9.143s] INFO:colcon.colcon_cmake.task.cmake.build:Building CMake package in '/home/chen/repositorio2/Robot/src/proy_nexa/proy_nexa'
[9.182s] INFO:colcon.colcon_core.shell:Skip shell extension 'powershell' for command environment: Not usable outside of PowerShell
[9.182s] DEBUG:colcon.colcon_core.shell:Skip shell extension 'dsv' for command environment
[9.426s] DEBUG:colcon.colcon_core.event_handler.log_command:Invoking command in '/home/chen/repositorio2/Robot/build/proy_nexa': AMENT_PREFIX_PATH=/home/chen/repositorio2/Robot/install/proy_nexa_service:/home/chen/repositorio2/Robot/install/proy_nexa_show_msg:/home/chen/repositorio2/Robot/install/proy_nexa_interface:/home/chen/repositorio2/Robot/install/my_world:${AMENT_PREFIX_PATH} CMAKE_PREFIX_PATH=/home/chen/repositorio2/Robot/install/proy_nexa_interface:/home/chen/repositorio2/Robot/install/my_world://home/chen/repositorio2/Robot/install/proy_nexa://home/chen/repositorio2/Robot/install/proy_nexa_interface://home/chen/repositorio2/Robot/install/my_world:/home/chen/turtlebot3_ws/install/turtlebot3_simulations:/home/chen/turtlebot3_ws/install/my_world:/home/chen/turtlebot3_ws/install/turtlebot3_gazebo:/home/chen/turtlebot3_ws/install/turtlebot3_fake_node:/home/chen/turtlebot3_ws/install/proy_nexa:/home/chen/turtlebot3_ws/install/proy_nexa_interface:/home/chen/turtlebot3_ws/install/custom_interface://home/chen/repositorio2/Robot/install/proy_nexa_show_msg://home/chen/repositorio2/Robot/install/proy_nexa_service://home/chen/repositorio2/Robot/install/proy_nexa_my_slam:/home/chen/turtlebot3_ws/install/show_msg:/home/chen/turtlebot3_ws/install/proy_nexa_show_msg:/home/chen/turtlebot3_ws/install/proy_nexa_service:/home/chen/turtlebot3_ws/install/provide_map:/home/chen/turtlebot3_ws/install/my_slam:/home/chen/turtlebot3_ws/install/my_nav2_system:/home/chen/turtlebot3_ws/install/my_first_subscriber:/home/chen/turtlebot3_ws/install/my_first_service:/home/chen/turtlebot3_ws/install/my_first_publisher:/home/chen/turtlebot3_ws/install/my_first_node:/home/chen/turtlebot3_ws/install/my_first_action:/home/chen/turtlebot3_ws/src/my_first_service/install/my_first_service:/opt/ros/galactic LD_LIBRARY_PATH=/home/chen/repositorio2/Robot/install/proy_nexa_interface/lib:${LD_LIBRARY_PATH} PYTHONPATH=/home/chen/repositorio2/Robot/install/proy_nexa_service/lib/python3.8/site-packages:/home/chen/repositorio2/Robot/install/proy_nexa_show_msg/lib/python3.8/site-packages:/home/chen/repositorio2/Robot/install/proy_nexa_interface/lib/python3.8/site-packages:${PYTHONPATH} /usr/bin/cmake --build /home/chen/repositorio2/Robot/build/proy_nexa -- -j2 -l2
[9.516s] DEBUG:colcon.colcon_core.event_handler.log_command:Invoked command in '/home/chen/repositorio2/Robot/build/proy_nexa' returned '0': AMENT_PREFIX_PATH=/home/chen/repositorio2/Robot/install/proy_nexa_service:/home/chen/repositorio2/Robot/install/proy_nexa_show_msg:/home/chen/repositorio2/Robot/install/proy_nexa_interface:/home/chen/repositorio2/Robot/install/my_world:${AMENT_PREFIX_PATH} CMAKE_PREFIX_PATH=/home/chen/repositorio2/Robot/install/proy_nexa_interface:/home/chen/repositorio2/Robot/install/my_world://home/chen/repositorio2/Robot/install/proy_nexa://home/chen/repositorio2/Robot/install/proy_nexa_interface://home/chen/repositorio2/Robot/install/my_world:/home/chen/turtlebot3_ws/install/turtlebot3_simulations:/home/chen/turtlebot3_ws/install/my_world:/home/chen/turtlebot3_ws/install/turtlebot3_gazebo:/home/chen/turtlebot3_ws/install/turtlebot3_fake_node:/home/chen/turtlebot3_ws/install/proy_nexa:/home/chen/turtlebot3_ws/install/proy_nexa_interface:/home/chen/turtlebot3_ws/install/custom_interface://home/chen/repositorio2/Robot/install/proy_nexa_show_msg://home/chen/repositorio2/Robot/install/proy_nexa_service://home/chen/repositorio2/Robot/install/proy_nexa_my_slam:/home/chen/turtlebot3_ws/install/show_msg:/home/chen/turtlebot3_ws/install/proy_nexa_show_msg:/home/chen/turtlebot3_ws/install/proy_nexa_service:/home/chen/turtlebot3_ws/install/provide_map:/home/chen/turtlebot3_ws/install/my_slam:/home/chen/turtlebot3_ws/install/my_nav2_system:/home/chen/turtlebot3_ws/install/my_first_subscriber:/home/chen/turtlebot3_ws/install/my_first_service:/home/chen/turtlebot3_ws/install/my_first_publisher:/home/chen/turtlebot3_ws/install/my_first_node:/home/chen/turtlebot3_ws/install/my_first_action:/home/chen/turtlebot3_ws/src/my_first_service/install/my_first_service:/opt/ros/galactic LD_LIBRARY_PATH=/home/chen/repositorio2/Robot/install/proy_nexa_interface/lib:${LD_LIBRARY_PATH} PYTHONPATH=/home/chen/repositorio2/Robot/install/proy_nexa_service/lib/python3.8/site-packages:/home/chen/repositorio2/Robot/install/proy_nexa_show_msg/lib/python3.8/site-packages:/home/chen/repositorio2/Robot/install/proy_nexa_interface/lib/python3.8/site-packages:${PYTHONPATH} /usr/bin/cmake --build /home/chen/repositorio2/Robot/build/proy_nexa -- -j2 -l2
[9.574s] DEBUG:colcon.colcon_core.event_handler.log_command:Invoking command in '/home/chen/repositorio2/Robot/build/proy_nexa': AMENT_PREFIX_PATH=/home/chen/repositorio2/Robot/install/proy_nexa_service:/home/chen/repositorio2/Robot/install/proy_nexa_show_msg:/home/chen/repositorio2/Robot/install/proy_nexa_interface:/home/chen/repositorio2/Robot/install/my_world:${AMENT_PREFIX_PATH} CMAKE_PREFIX_PATH=/home/chen/repositorio2/Robot/install/proy_nexa_interface:/home/chen/repositorio2/Robot/install/my_world://home/chen/repositorio2/Robot/install/proy_nexa://home/chen/repositorio2/Robot/install/proy_nexa_interface://home/chen/repositorio2/Robot/install/my_world:/home/chen/turtlebot3_ws/install/turtlebot3_simulations:/home/chen/turtlebot3_ws/install/my_world:/home/chen/turtlebot3_ws/install/turtlebot3_gazebo:/home/chen/turtlebot3_ws/install/turtlebot3_fake_node:/home/chen/turtlebot3_ws/install/proy_nexa:/home/chen/turtlebot3_ws/install/proy_nexa_interface:/home/chen/turtlebot3_ws/install/custom_interface://home/chen/repositorio2/Robot/install/proy_nexa_show_msg://home/chen/repositorio2/Robot/install/proy_nexa_service://home/chen/repositorio2/Robot/install/proy_nexa_my_slam:/home/chen/turtlebot3_ws/install/show_msg:/home/chen/turtlebot3_ws/install/proy_nexa_show_msg:/home/chen/turtlebot3_ws/install/proy_nexa_service:/home/chen/turtlebot3_ws/install/provide_map:/home/chen/turtlebot3_ws/install/my_slam:/home/chen/turtlebot3_ws/install/my_nav2_system:/home/chen/turtlebot3_ws/install/my_first_subscriber:/home/chen/turtlebot3_ws/install/my_first_service:/home/chen/turtlebot3_ws/install/my_first_publisher:/home/chen/turtlebot3_ws/install/my_first_node:/home/chen/turtlebot3_ws/install/my_first_action:/home/chen/turtlebot3_ws/src/my_first_service/install/my_first_service:/opt/ros/galactic LD_LIBRARY_PATH=/home/chen/repositorio2/Robot/install/proy_nexa_interface/lib:${LD_LIBRARY_PATH} PYTHONPATH=/home/chen/repositorio2/Robot/install/proy_nexa_service/lib/python3.8/site-packages:/home/chen/repositorio2/Robot/install/proy_nexa_show_msg/lib/python3.8/site-packages:/home/chen/repositorio2/Robot/install/proy_nexa_interface/lib/python3.8/site-packages:${PYTHONPATH} /usr/bin/cmake --install /home/chen/repositorio2/Robot/build/proy_nexa
[9.602s] Level 1:colcon.colcon_core.environment:create_environment_scripts_only(proy_nexa)
[9.607s] DEBUG:colcon.colcon_core.event_handler.log_command:Invoked command in '/home/chen/repositorio2/Robot/build/proy_nexa' returned '0': AMENT_PREFIX_PATH=/home/chen/repositorio2/Robot/install/proy_nexa_service:/home/chen/repositorio2/Robot/install/proy_nexa_show_msg:/home/chen/repositorio2/Robot/install/proy_nexa_interface:/home/chen/repositorio2/Robot/install/my_world:${AMENT_PREFIX_PATH} CMAKE_PREFIX_PATH=/home/chen/repositorio2/Robot/install/proy_nexa_interface:/home/chen/repositorio2/Robot/install/my_world://home/chen/repositorio2/Robot/install/proy_nexa://home/chen/repositorio2/Robot/install/proy_nexa_interface://home/chen/repositorio2/Robot/install/my_world:/home/chen/turtlebot3_ws/install/turtlebot3_simulations:/home/chen/turtlebot3_ws/install/my_world:/home/chen/turtlebot3_ws/install/turtlebot3_gazebo:/home/chen/turtlebot3_ws/install/turtlebot3_fake_node:/home/chen/turtlebot3_ws/install/proy_nexa:/home/chen/turtlebot3_ws/install/proy_nexa_interface:/home/chen/turtlebot3_ws/install/custom_interface://home/chen/repositorio2/Robot/install/proy_nexa_show_msg://home/chen/repositorio2/Robot/install/proy_nexa_service://home/chen/repositorio2/Robot/install/proy_nexa_my_slam:/home/chen/turtlebot3_ws/install/show_msg:/home/chen/turtlebot3_ws/install/proy_nexa_show_msg:/home/chen/turtlebot3_ws/install/proy_nexa_service:/home/chen/turtlebot3_ws/install/provide_map:/home/chen/turtlebot3_ws/install/my_slam:/home/chen/turtlebot3_ws/install/my_nav2_system:/home/chen/turtlebot3_ws/install/my_first_subscriber:/home/chen/turtlebot3_ws/install/my_first_service:/home/chen/turtlebot3_ws/install/my_first_publisher:/home/chen/turtlebot3_ws/install/my_first_node:/home/chen/turtlebot3_ws/install/my_first_action:/home/chen/turtlebot3_ws/src/my_first_service/install/my_first_service:/opt/ros/galactic LD_LIBRARY_PATH=/home/chen/repositorio2/Robot/install/proy_nexa_interface/lib:${LD_LIBRARY_PATH} PYTHONPATH=/home/chen/repositorio2/Robot/install/proy_nexa_service/lib/python3.8/site-packages:/home/chen/repositorio2/Robot/install/proy_nexa_show_msg/lib/python3.8/site-packages:/home/chen/repositorio2/Robot/install/proy_nexa_interface/lib/python3.8/site-packages:${PYTHONPATH} /usr/bin/cmake --install /home/chen/repositorio2/Robot/build/proy_nexa
[9.683s] Level 1:colcon.colcon_core.environment:checking '/home/chen/repositorio2/Robot/install/proy_nexa' for CMake module files
[9.684s] Level 1:colcon.colcon_core.environment:checking '/home/chen/repositorio2/Robot/install/proy_nexa' for CMake config files
[9.684s] Level 1:colcon.colcon_core.shell:create_environment_hook('proy_nexa', 'cmake_prefix_path')
[9.733s] INFO:colcon.colcon_core.shell:Creating environment hook '/home/chen/repositorio2/Robot/install/proy_nexa/share/proy_nexa/hook/cmake_prefix_path.ps1'
[9.739s] INFO:colcon.colcon_core.shell:Creating environment descriptor '/home/chen/repositorio2/Robot/install/proy_nexa/share/proy_nexa/hook/cmake_prefix_path.dsv'
[9.740s] INFO:colcon.colcon_core.shell:Creating environment hook '/home/chen/repositorio2/Robot/install/proy_nexa/share/proy_nexa/hook/cmake_prefix_path.sh'
[9.740s] Level 1:colcon.colcon_core.environment:checking '/home/chen/repositorio2/Robot/install/proy_nexa/bin'
[9.740s] Level 1:colcon.colcon_core.environment:checking '/home/chen/repositorio2/Robot/install/proy_nexa/lib/pkgconfig/proy_nexa.pc'
[9.741s] Level 1:colcon.colcon_core.environment:checking '/home/chen/repositorio2/Robot/install/proy_nexa/lib/python3.8/site-packages'
[9.741s] Level 1:colcon.colcon_core.environment:checking '/home/chen/repositorio2/Robot/install/proy_nexa/bin'
[9.777s] INFO:colcon.colcon_core.shell:Creating package script '/home/chen/repositorio2/Robot/install/proy_nexa/share/proy_nexa/package.ps1'
[9.784s] INFO:colcon.colcon_core.shell:Creating package descriptor '/home/chen/repositorio2/Robot/install/proy_nexa/share/proy_nexa/package.dsv'
[9.786s] INFO:colcon.colcon_core.shell:Creating package script '/home/chen/repositorio2/Robot/install/proy_nexa/share/proy_nexa/package.sh'
[9.787s] INFO:colcon.colcon_core.shell:Creating package script '/home/chen/repositorio2/Robot/install/proy_nexa/share/proy_nexa/package.bash'
[9.787s] INFO:colcon.colcon_core.shell:Creating package script '/home/chen/repositorio2/Robot/install/proy_nexa/share/proy_nexa/package.zsh'
[9.788s] Level 1:colcon.colcon_core.environment:create_file_with_runtime_dependencies(/home/chen/repositorio2/Robot/install/proy_nexa/share/colcon-core/packages/proy_nexa)
[9.907s] Level 1:colcon.colcon_core.environment:create_environment_scripts_only(proy_nexa)
[9.960s] Level 1:colcon.colcon_core.environment:checking '/home/chen/repositorio2/Robot/install/proy_nexa' for CMake module files
[9.961s] Level 1:colcon.colcon_core.environment:checking '/home/chen/repositorio2/Robot/install/proy_nexa' for CMake config files
[9.961s] Level 1:colcon.colcon_core.shell:create_environment_hook('proy_nexa', 'cmake_prefix_path')
[9.994s] INFO:colcon.colcon_core.shell:Creating environment hook '/home/chen/repositorio2/Robot/install/proy_nexa/share/proy_nexa/hook/cmake_prefix_path.ps1'
[9.995s] INFO:colcon.colcon_core.shell:Creating environment descriptor '/home/chen/repositorio2/Robot/install/proy_nexa/share/proy_nexa/hook/cmake_prefix_path.dsv'
[9.995s] INFO:colcon.colcon_core.shell:Creating environment hook '/home/chen/repositorio2/Robot/install/proy_nexa/share/proy_nexa/hook/cmake_prefix_path.sh'
[9.996s] Level 1:colcon.colcon_core.environment:checking '/home/chen/repositorio2/Robot/install/proy_nexa/bin'
[9.996s] Level 1:colcon.colcon_core.environment:checking '/home/chen/repositorio2/Robot/install/proy_nexa/lib/pkgconfig/proy_nexa.pc'
[9.996s] Level 1:colcon.colcon_core.environment:checking '/home/chen/repositorio2/Robot/install/proy_nexa/lib/python3.8/site-packages'
[9.996s] Level 1:colcon.colcon_core.environment:checking '/home/chen/repositorio2/Robot/install/proy_nexa/bin'
[10.042s] INFO:colcon.colcon_core.shell:Creating package script '/home/chen/repositorio2/Robot/install/proy_nexa/share/proy_nexa/package.ps1'
[10.044s] INFO:colcon.colcon_core.shell:Creating package descriptor '/home/chen/repositorio2/Robot/install/proy_nexa/share/proy_nexa/package.dsv'
[10.045s] INFO:colcon.colcon_core.shell:Creating package script '/home/chen/repositorio2/Robot/install/proy_nexa/share/proy_nexa/package.sh'
[10.047s] INFO:colcon.colcon_core.shell:Creating package script '/home/chen/repositorio2/Robot/install/proy_nexa/share/proy_nexa/package.bash'
[10.048s] INFO:colcon.colcon_core.shell:Creating package script '/home/chen/repositorio2/Robot/install/proy_nexa/share/proy_nexa/package.zsh'
[10.048s] Level 1:colcon.colcon_core.environment:create_file_with_runtime_dependencies(/home/chen/repositorio2/Robot/install/proy_nexa/share/colcon-core/packages/proy_nexa)
[10.051s] DEBUG:colcon.colcon_parallel_executor.executor.parallel:closing loop
[10.051s] DEBUG:colcon.colcon_parallel_executor.executor.parallel:loop closed
[10.051s] DEBUG:colcon.colcon_parallel_executor.executor.parallel:run_until_complete finished with '0'
[10.051s] DEBUG:colcon.colcon_core.event_reactor:joining thread
[10.101s] INFO:colcon.colcon_core.plugin_system:Skipping extension 'colcon_notification.desktop_notification.terminal_notifier': Not used on non-Darwin systems
[10.101s] INFO:colcon.colcon_core.plugin_system:Skipping extension 'colcon_notification.desktop_notification.win32': Not used on non-Windows systems
[10.101s] INFO:colcon.colcon_notification.desktop_notification:Sending desktop notification using 'notify2'
[10.117s] DEBUG:colcon.colcon_core.event_reactor:joined thread
[10.158s] INFO:colcon.colcon_core.shell:Creating prefix script '/home/chen/repositorio2/Robot/install/local_setup.ps1'
[10.165s] INFO:colcon.colcon_core.shell:Creating prefix util module '/home/chen/repositorio2/Robot/install/_local_setup_util_ps1.py'
[10.166s] INFO:colcon.colcon_core.shell:Creating prefix chain script '/home/chen/repositorio2/Robot/install/setup.ps1'
[10.206s] INFO:colcon.colcon_core.shell:Creating prefix script '/home/chen/repositorio2/Robot/install/local_setup.sh'
[10.207s] INFO:colcon.colcon_core.shell:Creating prefix util module '/home/chen/repositorio2/Robot/install/_local_setup_util_sh.py'
[10.208s] INFO:colcon.colcon_core.shell:Creating prefix chain script '/home/chen/repositorio2/Robot/install/setup.sh'
[10.256s] INFO:colcon.colcon_core.shell:Creating prefix script '/home/chen/repositorio2/Robot/install/local_setup.bash'
[10.257s] INFO:colcon.colcon_core.shell:Creating prefix chain script '/home/chen/repositorio2/Robot/install/setup.bash'
[10.289s] INFO:colcon.colcon_core.shell:Creating prefix script '/home/chen/repositorio2/Robot/install/local_setup.zsh'
[10.290s] INFO:colcon.colcon_core.shell:Creating prefix chain script '/home/chen/repositorio2/Robot/install/setup.zsh'
