[0.358s] Invoking command in '/home/chen/repositorio2/Robot/build/proy_nexa_interface': CMAKE_PREFIX_PATH=${CMAKE_PREFIX_PATH}:/home/chen/turtlebot3_ws/install/show_msg:/home/chen/turtlebot3_ws/install/proy_nexa_show_msg:/home/chen/turtlebot3_ws/install/proy_nexa_service:/home/chen/turtlebot3_ws/install/provide_map:/home/chen/turtlebot3_ws/install/my_slam:/home/chen/turtlebot3_ws/install/my_nav2_system:/home/chen/turtlebot3_ws/install/my_first_subscriber:/home/chen/turtlebot3_ws/install/my_first_service:/home/chen/turtlebot3_ws/install/my_first_publisher:/home/chen/turtlebot3_ws/install/my_first_node:/home/chen/turtlebot3_ws/install/my_first_action:/home/chen/turtlebot3_ws/src/my_first_service/install/my_first_service:/opt/ros/galactic /usr/bin/cmake --build /home/chen/repositorio2/Robot/build/proy_nexa_interface -- -j2 -l2
[0.420s] [  2%] Built target proy_nexa_interface__cpp
[0.428s] [ 12%] Built target proy_nexa_interface__rosidl_generator_c
[0.441s] [ 23%] Built target proy_nexa_interface__rosidl_typesupport_cpp
[0.457s] [ 33%] Built target proy_nexa_interface__rosidl_typesupport_fastrtps_cpp
[0.473s] [ 43%] Built target proy_nexa_interface__rosidl_typesupport_introspection_c
[0.492s] [ 53%] Built target proy_nexa_interface__rosidl_typesupport_c
[0.513s] [ 64%] Built target proy_nexa_interface__rosidl_typesupport_fastrtps_c
[0.524s] [ 74%] Built target proy_nexa_interface__rosidl_typesupport_introspection_cpp
[0.542s] [ 74%] Built target proy_nexa_interface
[0.562s] [ 76%] Built target proy_nexa_interface__py
[0.604s] [ 84%] Built target proy_nexa_interface__python
[0.630s] [ 89%] Built target proy_nexa_interface__rosidl_typesupport_introspection_c__pyext
[0.657s] [ 94%] Built target proy_nexa_interface__rosidl_typesupport_c__pyext
[0.672s] [100%] Built target proy_nexa_interface__rosidl_typesupport_fastrtps_c__pyext
[0.733s] Invoked command in '/home/chen/repositorio2/Robot/build/proy_nexa_interface' returned '0': CMAKE_PREFIX_PATH=${CMAKE_PREFIX_PATH}:/home/chen/turtlebot3_ws/install/show_msg:/home/chen/turtlebot3_ws/install/proy_nexa_show_msg:/home/chen/turtlebot3_ws/install/proy_nexa_service:/home/chen/turtlebot3_ws/install/provide_map:/home/chen/turtlebot3_ws/install/my_slam:/home/chen/turtlebot3_ws/install/my_nav2_system:/home/chen/turtlebot3_ws/install/my_first_subscriber:/home/chen/turtlebot3_ws/install/my_first_service:/home/chen/turtlebot3_ws/install/my_first_publisher:/home/chen/turtlebot3_ws/install/my_first_node:/home/chen/turtlebot3_ws/install/my_first_action:/home/chen/turtlebot3_ws/src/my_first_service/install/my_first_service:/opt/ros/galactic /usr/bin/cmake --build /home/chen/repositorio2/Robot/build/proy_nexa_interface -- -j2 -l2
[1.079s] Invoking command in '/home/chen/repositorio2/Robot/build/proy_nexa_interface': CMAKE_PREFIX_PATH=${CMAKE_PREFIX_PATH}:/home/chen/turtlebot3_ws/install/show_msg:/home/chen/turtlebot3_ws/install/proy_nexa_show_msg:/home/chen/turtlebot3_ws/install/proy_nexa_service:/home/chen/turtlebot3_ws/install/provide_map:/home/chen/turtlebot3_ws/install/my_slam:/home/chen/turtlebot3_ws/install/my_nav2_system:/home/chen/turtlebot3_ws/install/my_first_subscriber:/home/chen/turtlebot3_ws/install/my_first_service:/home/chen/turtlebot3_ws/install/my_first_publisher:/home/chen/turtlebot3_ws/install/my_first_node:/home/chen/turtlebot3_ws/install/my_first_action:/home/chen/turtlebot3_ws/src/my_first_service/install/my_first_service:/opt/ros/galactic /usr/bin/cmake --install /home/chen/repositorio2/Robot/build/proy_nexa_interface
[1.090s] -- Install configuration: ""
[1.090s] -- Up-to-date: /home/chen/repositorio2/Robot/install/proy_nexa_interface/share/ament_index/resource_index/rosidl_interfaces/proy_nexa_interface
[1.091s] -- Up-to-date: /home/chen/repositorio2/Robot/install/proy_nexa_interface/include/proy_nexa_interface
[1.091s] -- Up-to-date: /home/chen/repositorio2/Robot/install/proy_nexa_interface/include/proy_nexa_interface/msg
[1.091s] -- Up-to-date: /home/chen/repositorio2/Robot/install/proy_nexa_interface/include/proy_nexa_interface/msg/distvel.h
[1.092s] -- Up-to-date: /home/chen/repositorio2/Robot/install/proy_nexa_interface/include/proy_nexa_interface/msg/detail
[1.092s] -- Up-to-date: /home/chen/repositorio2/Robot/install/proy_nexa_interface/include/proy_nexa_interface/msg/detail/distvel__type_support.h
[1.092s] -- Up-to-date: /home/chen/repositorio2/Robot/install/proy_nexa_interface/include/proy_nexa_interface/msg/detail/distvel__functions.h
[1.092s] -- Up-to-date: /home/chen/repositorio2/Robot/install/proy_nexa_interface/include/proy_nexa_interface/msg/detail/distvel__struct.h
[1.093s] -- Up-to-date: /home/chen/repositorio2/Robot/install/proy_nexa_interface/include/proy_nexa_interface/msg/detail/distvel__functions.c
[1.093s] -- Up-to-date: /home/chen/repositorio2/Robot/install/proy_nexa_interface/include/proy_nexa_interface/msg/rosidl_generator_c__visibility_control.h
[1.093s] -- Up-to-date: /home/chen/repositorio2/Robot/install/proy_nexa_interface/include/proy_nexa_interface/srv
[1.094s] -- Up-to-date: /home/chen/repositorio2/Robot/install/proy_nexa_interface/include/proy_nexa_interface/srv/my_move_msg.h
[1.094s] -- Up-to-date: /home/chen/repositorio2/Robot/install/proy_nexa_interface/include/proy_nexa_interface/srv/detail
[1.094s] -- Up-to-date: /home/chen/repositorio2/Robot/install/proy_nexa_interface/include/proy_nexa_interface/srv/detail/my_move_msg__type_support.h
[1.094s] -- Up-to-date: /home/chen/repositorio2/Robot/install/proy_nexa_interface/include/proy_nexa_interface/srv/detail/my_move_msg__struct.h
[1.094s] -- Up-to-date: /home/chen/repositorio2/Robot/install/proy_nexa_interface/include/proy_nexa_interface/srv/detail/my_move_msg__functions.h
[1.095s] -- Up-to-date: /home/chen/repositorio2/Robot/install/proy_nexa_interface/include/proy_nexa_interface/srv/detail/my_move_msg__functions.c
[1.095s] -- Up-to-date: /home/chen/repositorio2/Robot/install/proy_nexa_interface/share/proy_nexa_interface/environment/library_path.sh
[1.095s] -- Up-to-date: /home/chen/repositorio2/Robot/install/proy_nexa_interface/share/proy_nexa_interface/environment/library_path.dsv
[1.095s] -- Up-to-date: /home/chen/repositorio2/Robot/install/proy_nexa_interface/lib/libproy_nexa_interface__rosidl_generator_c.so
[1.096s] -- Up-to-date: /home/chen/repositorio2/Robot/install/proy_nexa_interface/include/proy_nexa_interface
[1.096s] -- Up-to-date: /home/chen/repositorio2/Robot/install/proy_nexa_interface/include/proy_nexa_interface/msg
[1.096s] -- Up-to-date: /home/chen/repositorio2/Robot/install/proy_nexa_interface/include/proy_nexa_interface/msg/rosidl_typesupport_fastrtps_c__visibility_control.h
[1.096s] -- Up-to-date: /home/chen/repositorio2/Robot/install/proy_nexa_interface/include/proy_nexa_interface/msg/detail
[1.096s] -- Up-to-date: /home/chen/repositorio2/Robot/install/proy_nexa_interface/include/proy_nexa_interface/msg/detail/distvel__rosidl_typesupport_fastrtps_c.h
[1.096s] -- Up-to-date: /home/chen/repositorio2/Robot/install/proy_nexa_interface/include/proy_nexa_interface/srv
[1.096s] -- Up-to-date: /home/chen/repositorio2/Robot/install/proy_nexa_interface/include/proy_nexa_interface/srv/detail
[1.097s] -- Up-to-date: /home/chen/repositorio2/Robot/install/proy_nexa_interface/include/proy_nexa_interface/srv/detail/my_move_msg__rosidl_typesupport_fastrtps_c.h
[1.097s] -- Up-to-date: /home/chen/repositorio2/Robot/install/proy_nexa_interface/lib/libproy_nexa_interface__rosidl_typesupport_fastrtps_c.so
[1.098s] -- Up-to-date: /home/chen/repositorio2/Robot/install/proy_nexa_interface/include/proy_nexa_interface
[1.098s] -- Up-to-date: /home/chen/repositorio2/Robot/install/proy_nexa_interface/include/proy_nexa_interface/msg
[1.098s] -- Up-to-date: /home/chen/repositorio2/Robot/install/proy_nexa_interface/include/proy_nexa_interface/msg/rosidl_typesupport_fastrtps_cpp__visibility_control.h
[1.099s] -- Up-to-date: /home/chen/repositorio2/Robot/install/proy_nexa_interface/include/proy_nexa_interface/msg/detail
[1.099s] -- Up-to-date: /home/chen/repositorio2/Robot/install/proy_nexa_interface/include/proy_nexa_interface/msg/detail/distvel__rosidl_typesupport_fastrtps_cpp.hpp
[1.100s] -- Up-to-date: /home/chen/repositorio2/Robot/install/proy_nexa_interface/include/proy_nexa_interface/msg/detail/dds_fastrtps
[1.100s] -- Up-to-date: /home/chen/repositorio2/Robot/install/proy_nexa_interface/include/proy_nexa_interface/srv
[1.100s] -- Up-to-date: /home/chen/repositorio2/Robot/install/proy_nexa_interface/include/proy_nexa_interface/srv/detail
[1.100s] -- Up-to-date: /home/chen/repositorio2/Robot/install/proy_nexa_interface/include/proy_nexa_interface/srv/detail/my_move_msg__rosidl_typesupport_fastrtps_cpp.hpp
[1.100s] -- Up-to-date: /home/chen/repositorio2/Robot/install/proy_nexa_interface/include/proy_nexa_interface/srv/detail/dds_fastrtps
[1.101s] -- Up-to-date: /home/chen/repositorio2/Robot/install/proy_nexa_interface/lib/libproy_nexa_interface__rosidl_typesupport_fastrtps_cpp.so
[1.101s] -- Up-to-date: /home/chen/repositorio2/Robot/install/proy_nexa_interface/include/proy_nexa_interface
[1.102s] -- Up-to-date: /home/chen/repositorio2/Robot/install/proy_nexa_interface/include/proy_nexa_interface/msg
[1.102s] -- Up-to-date: /home/chen/repositorio2/Robot/install/proy_nexa_interface/include/proy_nexa_interface/msg/rosidl_typesupport_introspection_c__visibility_control.h
[1.102s] -- Up-to-date: /home/chen/repositorio2/Robot/install/proy_nexa_interface/include/proy_nexa_interface/msg/detail
[1.102s] -- Up-to-date: /home/chen/repositorio2/Robot/install/proy_nexa_interface/include/proy_nexa_interface/msg/detail/distvel__type_support.c
[1.103s] -- Up-to-date: /home/chen/repositorio2/Robot/install/proy_nexa_interface/include/proy_nexa_interface/msg/detail/distvel__rosidl_typesupport_introspection_c.h
[1.103s] -- Up-to-date: /home/chen/repositorio2/Robot/install/proy_nexa_interface/include/proy_nexa_interface/srv
[1.103s] -- Up-to-date: /home/chen/repositorio2/Robot/install/proy_nexa_interface/include/proy_nexa_interface/srv/detail
[1.104s] -- Up-to-date: /home/chen/repositorio2/Robot/install/proy_nexa_interface/include/proy_nexa_interface/srv/detail/my_move_msg__rosidl_typesupport_introspection_c.h
[1.104s] -- Up-to-date: /home/chen/repositorio2/Robot/install/proy_nexa_interface/include/proy_nexa_interface/srv/detail/my_move_msg__type_support.c
[1.104s] -- Up-to-date: /home/chen/repositorio2/Robot/install/proy_nexa_interface/lib/libproy_nexa_interface__rosidl_typesupport_introspection_c.so
[1.105s] -- Up-to-date: /home/chen/repositorio2/Robot/install/proy_nexa_interface/lib/libproy_nexa_interface__rosidl_typesupport_c.so
[1.105s] -- Up-to-date: /home/chen/repositorio2/Robot/install/proy_nexa_interface/include/proy_nexa_interface
[1.106s] -- Up-to-date: /home/chen/repositorio2/Robot/install/proy_nexa_interface/include/proy_nexa_interface/msg
[1.106s] -- Up-to-date: /home/chen/repositorio2/Robot/install/proy_nexa_interface/include/proy_nexa_interface/msg/distvel.hpp
[1.106s] -- Up-to-date: /home/chen/repositorio2/Robot/install/proy_nexa_interface/include/proy_nexa_interface/msg/detail
[1.106s] -- Up-to-date: /home/chen/repositorio2/Robot/install/proy_nexa_interface/include/proy_nexa_interface/msg/detail/distvel__builder.hpp
[1.106s] -- Up-to-date: /home/chen/repositorio2/Robot/install/proy_nexa_interface/include/proy_nexa_interface/msg/detail/distvel__struct.hpp
[1.106s] -- Up-to-date: /home/chen/repositorio2/Robot/install/proy_nexa_interface/include/proy_nexa_interface/msg/detail/distvel__traits.hpp
[1.106s] -- Up-to-date: /home/chen/repositorio2/Robot/install/proy_nexa_interface/include/proy_nexa_interface/srv
[1.107s] -- Up-to-date: /home/chen/repositorio2/Robot/install/proy_nexa_interface/include/proy_nexa_interface/srv/my_move_msg.hpp
[1.107s] -- Up-to-date: /home/chen/repositorio2/Robot/install/proy_nexa_interface/include/proy_nexa_interface/srv/detail
[1.107s] -- Up-to-date: /home/chen/repositorio2/Robot/install/proy_nexa_interface/include/proy_nexa_interface/srv/detail/my_move_msg__builder.hpp
[1.107s] -- Up-to-date: /home/chen/repositorio2/Robot/install/proy_nexa_interface/include/proy_nexa_interface/srv/detail/my_move_msg__struct.hpp
[1.107s] -- Up-to-date: /home/chen/repositorio2/Robot/install/proy_nexa_interface/include/proy_nexa_interface/srv/detail/my_move_msg__traits.hpp
[1.107s] -- Up-to-date: /home/chen/repositorio2/Robot/install/proy_nexa_interface/include/proy_nexa_interface
[1.108s] -- Up-to-date: /home/chen/repositorio2/Robot/install/proy_nexa_interface/include/proy_nexa_interface/msg
[1.108s] -- Up-to-date: /home/chen/repositorio2/Robot/install/proy_nexa_interface/include/proy_nexa_interface/msg/detail
[1.108s] -- Up-to-date: /home/chen/repositorio2/Robot/install/proy_nexa_interface/include/proy_nexa_interface/msg/detail/distvel__type_support.cpp
[1.108s] -- Up-to-date: /home/chen/repositorio2/Robot/install/proy_nexa_interface/include/proy_nexa_interface/msg/detail/distvel__rosidl_typesupport_introspection_cpp.hpp
[1.109s] -- Up-to-date: /home/chen/repositorio2/Robot/install/proy_nexa_interface/include/proy_nexa_interface/srv
[1.109s] -- Up-to-date: /home/chen/repositorio2/Robot/install/proy_nexa_interface/include/proy_nexa_interface/srv/detail
[1.109s] -- Up-to-date: /home/chen/repositorio2/Robot/install/proy_nexa_interface/include/proy_nexa_interface/srv/detail/my_move_msg__type_support.cpp
[1.110s] -- Up-to-date: /home/chen/repositorio2/Robot/install/proy_nexa_interface/include/proy_nexa_interface/srv/detail/my_move_msg__rosidl_typesupport_introspection_cpp.hpp
[1.110s] -- Up-to-date: /home/chen/repositorio2/Robot/install/proy_nexa_interface/lib/libproy_nexa_interface__rosidl_typesupport_introspection_cpp.so
[1.111s] -- Up-to-date: /home/chen/repositorio2/Robot/install/proy_nexa_interface/lib/libproy_nexa_interface__rosidl_typesupport_cpp.so
[1.111s] -- Up-to-date: /home/chen/repositorio2/Robot/install/proy_nexa_interface/share/proy_nexa_interface/environment/pythonpath.sh
[1.111s] -- Up-to-date: /home/chen/repositorio2/Robot/install/proy_nexa_interface/share/proy_nexa_interface/environment/pythonpath.dsv
[1.111s] -- Up-to-date: /home/chen/repositorio2/Robot/install/proy_nexa_interface/lib/python3.8/site-packages/proy_nexa_interface/__init__.py
[1.140s] -- Up-to-date: /home/chen/repositorio2/Robot/install/proy_nexa_interface/lib/python3.8/site-packages/proy_nexa_interface/msg
[1.140s] -- Up-to-date: /home/chen/repositorio2/Robot/install/proy_nexa_interface/lib/python3.8/site-packages/proy_nexa_interface/msg/_distvel_s.c
[1.141s] -- Up-to-date: /home/chen/repositorio2/Robot/install/proy_nexa_interface/lib/python3.8/site-packages/proy_nexa_interface/msg/__init__.py
[1.141s] -- Up-to-date: /home/chen/repositorio2/Robot/install/proy_nexa_interface/lib/python3.8/site-packages/proy_nexa_interface/msg/_distvel.py
[1.141s] -- Up-to-date: /home/chen/repositorio2/Robot/install/proy_nexa_interface/lib/python3.8/site-packages/proy_nexa_interface/srv
[1.141s] -- Up-to-date: /home/chen/repositorio2/Robot/install/proy_nexa_interface/lib/python3.8/site-packages/proy_nexa_interface/srv/_my_move_msg_s.c
[1.141s] -- Up-to-date: /home/chen/repositorio2/Robot/install/proy_nexa_interface/lib/python3.8/site-packages/proy_nexa_interface/srv/__init__.py
[1.141s] -- Up-to-date: /home/chen/repositorio2/Robot/install/proy_nexa_interface/lib/python3.8/site-packages/proy_nexa_interface/srv/_my_move_msg.py
[1.141s] -- Up-to-date: /home/chen/repositorio2/Robot/install/proy_nexa_interface/lib/python3.8/site-packages/proy_nexa_interface/proy_nexa_interface_s__rosidl_typesupport_fastrtps_c.cpython-38-x86_64-linux-gnu.so
[1.142s] -- Up-to-date: /home/chen/repositorio2/Robot/install/proy_nexa_interface/lib/python3.8/site-packages/proy_nexa_interface/proy_nexa_interface_s__rosidl_typesupport_introspection_c.cpython-38-x86_64-linux-gnu.so
[1.143s] -- Up-to-date: /home/chen/repositorio2/Robot/install/proy_nexa_interface/lib/python3.8/site-packages/proy_nexa_interface/proy_nexa_interface_s__rosidl_typesupport_c.cpython-38-x86_64-linux-gnu.so
[1.144s] -- Up-to-date: /home/chen/repositorio2/Robot/install/proy_nexa_interface/lib/libproy_nexa_interface__python.so
[1.144s] -- Up-to-date: /home/chen/repositorio2/Robot/install/proy_nexa_interface/share/proy_nexa_interface/msg/Distvel.idl
[1.144s] -- Up-to-date: /home/chen/repositorio2/Robot/install/proy_nexa_interface/share/proy_nexa_interface/srv/MyMoveMsg.idl
[1.144s] -- Up-to-date: /home/chen/repositorio2/Robot/install/proy_nexa_interface/share/proy_nexa_interface/msg/Distvel.msg
[1.144s] -- Up-to-date: /home/chen/repositorio2/Robot/install/proy_nexa_interface/share/proy_nexa_interface/srv/MyMoveMsg.srv
[1.145s] -- Up-to-date: /home/chen/repositorio2/Robot/install/proy_nexa_interface/share/proy_nexa_interface/srv/MyMoveMsg_Request.msg
[1.145s] -- Up-to-date: /home/chen/repositorio2/Robot/install/proy_nexa_interface/share/proy_nexa_interface/srv/MyMoveMsg_Response.msg
[1.145s] -- Up-to-date: /home/chen/repositorio2/Robot/install/proy_nexa_interface/share/ament_index/resource_index/package_run_dependencies/proy_nexa_interface
[1.145s] -- Up-to-date: /home/chen/repositorio2/Robot/install/proy_nexa_interface/share/ament_index/resource_index/parent_prefix_path/proy_nexa_interface
[1.145s] -- Up-to-date: /home/chen/repositorio2/Robot/install/proy_nexa_interface/share/proy_nexa_interface/environment/ament_prefix_path.sh
[1.145s] -- Up-to-date: /home/chen/repositorio2/Robot/install/proy_nexa_interface/share/proy_nexa_interface/environment/ament_prefix_path.dsv
[1.146s] -- Up-to-date: /home/chen/repositorio2/Robot/install/proy_nexa_interface/share/proy_nexa_interface/environment/path.sh
[1.146s] -- Up-to-date: /home/chen/repositorio2/Robot/install/proy_nexa_interface/share/proy_nexa_interface/environment/path.dsv
[1.146s] -- Up-to-date: /home/chen/repositorio2/Robot/install/proy_nexa_interface/share/proy_nexa_interface/local_setup.bash
[1.146s] -- Up-to-date: /home/chen/repositorio2/Robot/install/proy_nexa_interface/share/proy_nexa_interface/local_setup.sh
[1.146s] -- Up-to-date: /home/chen/repositorio2/Robot/install/proy_nexa_interface/share/proy_nexa_interface/local_setup.zsh
[1.146s] -- Up-to-date: /home/chen/repositorio2/Robot/install/proy_nexa_interface/share/proy_nexa_interface/local_setup.dsv
[1.147s] -- Installing: /home/chen/repositorio2/Robot/install/proy_nexa_interface/share/proy_nexa_interface/package.dsv
[1.147s] -- Up-to-date: /home/chen/repositorio2/Robot/install/proy_nexa_interface/share/ament_index/resource_index/packages/proy_nexa_interface
[1.147s] -- Up-to-date: /home/chen/repositorio2/Robot/install/proy_nexa_interface/share/proy_nexa_interface/cmake/proy_nexa_interface__rosidl_generator_cExport.cmake
[1.147s] -- Up-to-date: /home/chen/repositorio2/Robot/install/proy_nexa_interface/share/proy_nexa_interface/cmake/proy_nexa_interface__rosidl_generator_cExport-noconfig.cmake
[1.148s] -- Up-to-date: /home/chen/repositorio2/Robot/install/proy_nexa_interface/share/proy_nexa_interface/cmake/proy_nexa_interface__rosidl_typesupport_introspection_cExport.cmake
[1.148s] -- Up-to-date: /home/chen/repositorio2/Robot/install/proy_nexa_interface/share/proy_nexa_interface/cmake/proy_nexa_interface__rosidl_typesupport_introspection_cExport-noconfig.cmake
[1.148s] -- Up-to-date: /home/chen/repositorio2/Robot/install/proy_nexa_interface/share/proy_nexa_interface/cmake/proy_nexa_interface__rosidl_typesupport_cExport.cmake
[1.148s] -- Up-to-date: /home/chen/repositorio2/Robot/install/proy_nexa_interface/share/proy_nexa_interface/cmake/proy_nexa_interface__rosidl_typesupport_cExport-noconfig.cmake
[1.148s] -- Up-to-date: /home/chen/repositorio2/Robot/install/proy_nexa_interface/share/proy_nexa_interface/cmake/proy_nexa_interface__rosidl_generator_cppExport.cmake
[1.149s] -- Up-to-date: /home/chen/repositorio2/Robot/install/proy_nexa_interface/share/proy_nexa_interface/cmake/proy_nexa_interface__rosidl_typesupport_introspection_cppExport.cmake
[1.149s] -- Up-to-date: /home/chen/repositorio2/Robot/install/proy_nexa_interface/share/proy_nexa_interface/cmake/proy_nexa_interface__rosidl_typesupport_introspection_cppExport-noconfig.cmake
[1.149s] -- Up-to-date: /home/chen/repositorio2/Robot/install/proy_nexa_interface/share/proy_nexa_interface/cmake/proy_nexa_interface__rosidl_typesupport_cppExport.cmake
[1.149s] -- Up-to-date: /home/chen/repositorio2/Robot/install/proy_nexa_interface/share/proy_nexa_interface/cmake/proy_nexa_interface__rosidl_typesupport_cppExport-noconfig.cmake
[1.150s] -- Up-to-date: /home/chen/repositorio2/Robot/install/proy_nexa_interface/share/proy_nexa_interface/cmake/rosidl_cmake-extras.cmake
[1.150s] -- Up-to-date: /home/chen/repositorio2/Robot/install/proy_nexa_interface/share/proy_nexa_interface/cmake/ament_cmake_export_dependencies-extras.cmake
[1.150s] -- Up-to-date: /home/chen/repositorio2/Robot/install/proy_nexa_interface/share/proy_nexa_interface/cmake/ament_cmake_export_libraries-extras.cmake
[1.150s] -- Up-to-date: /home/chen/repositorio2/Robot/install/proy_nexa_interface/share/proy_nexa_interface/cmake/ament_cmake_export_targets-extras.cmake
[1.150s] -- Up-to-date: /home/chen/repositorio2/Robot/install/proy_nexa_interface/share/proy_nexa_interface/cmake/ament_cmake_export_include_directories-extras.cmake
[1.150s] -- Up-to-date: /home/chen/repositorio2/Robot/install/proy_nexa_interface/share/proy_nexa_interface/cmake/rosidl_cmake_export_typesupport_libraries-extras.cmake
[1.150s] -- Up-to-date: /home/chen/repositorio2/Robot/install/proy_nexa_interface/share/proy_nexa_interface/cmake/rosidl_cmake_export_typesupport_targets-extras.cmake
[1.151s] -- Up-to-date: /home/chen/repositorio2/Robot/install/proy_nexa_interface/share/proy_nexa_interface/cmake/proy_nexa_interfaceConfig.cmake
[1.151s] -- Up-to-date: /home/chen/repositorio2/Robot/install/proy_nexa_interface/share/proy_nexa_interface/cmake/proy_nexa_interfaceConfig-version.cmake
[1.151s] -- Up-to-date: /home/chen/repositorio2/Robot/install/proy_nexa_interface/share/proy_nexa_interface/package.xml
[1.435s] Invoked command in '/home/chen/repositorio2/Robot/build/proy_nexa_interface' returned '0': CMAKE_PREFIX_PATH=${CMAKE_PREFIX_PATH}:/home/chen/turtlebot3_ws/install/show_msg:/home/chen/turtlebot3_ws/install/proy_nexa_show_msg:/home/chen/turtlebot3_ws/install/proy_nexa_service:/home/chen/turtlebot3_ws/install/provide_map:/home/chen/turtlebot3_ws/install/my_slam:/home/chen/turtlebot3_ws/install/my_nav2_system:/home/chen/turtlebot3_ws/install/my_first_subscriber:/home/chen/turtlebot3_ws/install/my_first_service:/home/chen/turtlebot3_ws/install/my_first_publisher:/home/chen/turtlebot3_ws/install/my_first_node:/home/chen/turtlebot3_ws/install/my_first_action:/home/chen/turtlebot3_ws/src/my_first_service/install/my_first_service:/opt/ros/galactic /usr/bin/cmake --install /home/chen/repositorio2/Robot/build/proy_nexa_interface
