running egg_info
creating ../../../build/proy_nexa_service/proy_nexa_service.egg-info
writing ../../../build/proy_nexa_service/proy_nexa_service.egg-info/PKG-INFO
writing dependency_links to ../../../build/proy_nexa_service/proy_nexa_service.egg-info/dependency_links.txt
writing entry points to ../../../build/proy_nexa_service/proy_nexa_service.egg-info/entry_points.txt
writing requirements to ../../../build/proy_nexa_service/proy_nexa_service.egg-info/requires.txt
writing top-level names to ../../../build/proy_nexa_service/proy_nexa_service.egg-info/top_level.txt
writing manifest file '../../../build/proy_nexa_service/proy_nexa_service.egg-info/SOURCES.txt'
reading manifest file '../../../build/proy_nexa_service/proy_nexa_service.egg-info/SOURCES.txt'
writing manifest file '../../../build/proy_nexa_service/proy_nexa_service.egg-info/SOURCES.txt'
running build
running build_py
creating /home/chen/turtlebot3_ws/src/proy_nexa/Robot/build/proy_nexa_service/build
creating /home/chen/turtlebot3_ws/src/proy_nexa/Robot/build/proy_nexa_service/build/lib
creating /home/chen/turtlebot3_ws/src/proy_nexa/Robot/build/proy_nexa_service/build/lib/proy_nexa_service
copying proy_nexa_service/proy_nexa_movement_server.py -> /home/chen/turtlebot3_ws/src/proy_nexa/Robot/build/proy_nexa_service/build/lib/proy_nexa_service
copying proy_nexa_service/proy_nexa_movement_client.py -> /home/chen/turtlebot3_ws/src/proy_nexa/Robot/build/proy_nexa_service/build/lib/proy_nexa_service
copying proy_nexa_service/__init__.py -> /home/chen/turtlebot3_ws/src/proy_nexa/Robot/build/proy_nexa_service/build/lib/proy_nexa_service
running install
running install_lib
creating /home/chen/turtlebot3_ws/src/proy_nexa/Robot/install/proy_nexa_service/lib/python3.8/site-packages/proy_nexa_service
copying /home/chen/turtlebot3_ws/src/proy_nexa/Robot/build/proy_nexa_service/build/lib/proy_nexa_service/proy_nexa_movement_server.py -> /home/chen/turtlebot3_ws/src/proy_nexa/Robot/install/proy_nexa_service/lib/python3.8/site-packages/proy_nexa_service
copying /home/chen/turtlebot3_ws/src/proy_nexa/Robot/build/proy_nexa_service/build/lib/proy_nexa_service/proy_nexa_movement_client.py -> /home/chen/turtlebot3_ws/src/proy_nexa/Robot/install/proy_nexa_service/lib/python3.8/site-packages/proy_nexa_service
copying /home/chen/turtlebot3_ws/src/proy_nexa/Robot/build/proy_nexa_service/build/lib/proy_nexa_service/__init__.py -> /home/chen/turtlebot3_ws/src/proy_nexa/Robot/install/proy_nexa_service/lib/python3.8/site-packages/proy_nexa_service
byte-compiling /home/chen/turtlebot3_ws/src/proy_nexa/Robot/install/proy_nexa_service/lib/python3.8/site-packages/proy_nexa_service/proy_nexa_movement_server.py to proy_nexa_movement_server.cpython-38.pyc
byte-compiling /home/chen/turtlebot3_ws/src/proy_nexa/Robot/install/proy_nexa_service/lib/python3.8/site-packages/proy_nexa_service/proy_nexa_movement_client.py to proy_nexa_movement_client.cpython-38.pyc
byte-compiling /home/chen/turtlebot3_ws/src/proy_nexa/Robot/install/proy_nexa_service/lib/python3.8/site-packages/proy_nexa_service/__init__.py to __init__.cpython-38.pyc
running install_data
creating /home/chen/turtlebot3_ws/src/proy_nexa/Robot/install/proy_nexa_service/share/ament_index
creating /home/chen/turtlebot3_ws/src/proy_nexa/Robot/install/proy_nexa_service/share/ament_index/resource_index
creating /home/chen/turtlebot3_ws/src/proy_nexa/Robot/install/proy_nexa_service/share/ament_index/resource_index/packages
copying resource/proy_nexa_service -> /home/chen/turtlebot3_ws/src/proy_nexa/Robot/install/proy_nexa_service/share/ament_index/resource_index/packages
copying package.xml -> /home/chen/turtlebot3_ws/src/proy_nexa/Robot/install/proy_nexa_service/share/proy_nexa_service
copying launch/proy_nexa_movement_server_launch.launch.py -> /home/chen/turtlebot3_ws/src/proy_nexa/Robot/install/proy_nexa_service/share/proy_nexa_service
running install_egg_info
Copying ../../../build/proy_nexa_service/proy_nexa_service.egg-info to /home/chen/turtlebot3_ws/src/proy_nexa/Robot/install/proy_nexa_service/lib/python3.8/site-packages/proy_nexa_service-0.0.0-py3.8.egg-info
running install_scripts
Installing proy_nexa_movement_client script to /home/chen/turtlebot3_ws/src/proy_nexa/Robot/install/proy_nexa_service/lib/proy_nexa_service
Installing proy_nexa_movement_server script to /home/chen/turtlebot3_ws/src/proy_nexa/Robot/install/proy_nexa_service/lib/proy_nexa_service
writing list of installed files to '/home/chen/turtlebot3_ws/src/proy_nexa/Robot/build/proy_nexa_service/install.log'
