[0.839s] Invoking command in '/home/chen/turtlebot3_ws/src/proy_nexa/Robot/src/proy_nexa/proy_nexa_service': AMENT_PREFIX_PATH=/home/chen/turtlebot3_ws/src/proy_nexa/Robot/install/proy_nexa_interface:${AMENT_PREFIX_PATH} CMAKE_PREFIX_PATH=/home/chen/turtlebot3_ws/src/proy_nexa/Robot/install/proy_nexa_interface:${CMAKE_PREFIX_PATH} LD_LIBRARY_PATH=/home/chen/turtlebot3_ws/src/proy_nexa/Robot/install/proy_nexa_interface/lib:${LD_LIBRARY_PATH} PYTHONPATH=/home/chen/turtlebot3_ws/src/proy_nexa/Robot/build/proy_nexa_service/prefix_override:/home/chen/turtlebot3_ws/src/proy_nexa/Robot/install/proy_nexa_service/lib/python3.8/site-packages:/home/chen/turtlebot3_ws/src/proy_nexa/Robot/install/proy_nexa_interface/lib/python3.8/site-packages:${PYTHONPATH} /usr/bin/python3 setup.py egg_info --egg-base ../../../build/proy_nexa_service build --build-base /home/chen/turtlebot3_ws/src/proy_nexa/Robot/build/proy_nexa_service/build install --record /home/chen/turtlebot3_ws/src/proy_nexa/Robot/build/proy_nexa_service/install.log --single-version-externally-managed
[1.005s] running egg_info
[1.005s] creating ../../../build/proy_nexa_service/proy_nexa_service.egg-info
[1.005s] writing ../../../build/proy_nexa_service/proy_nexa_service.egg-info/PKG-INFO
[1.005s] writing dependency_links to ../../../build/proy_nexa_service/proy_nexa_service.egg-info/dependency_links.txt
[1.005s] writing entry points to ../../../build/proy_nexa_service/proy_nexa_service.egg-info/entry_points.txt
[1.006s] writing requirements to ../../../build/proy_nexa_service/proy_nexa_service.egg-info/requires.txt
[1.006s] writing top-level names to ../../../build/proy_nexa_service/proy_nexa_service.egg-info/top_level.txt
[1.006s] writing manifest file '../../../build/proy_nexa_service/proy_nexa_service.egg-info/SOURCES.txt'
[1.029s] reading manifest file '../../../build/proy_nexa_service/proy_nexa_service.egg-info/SOURCES.txt'
[1.029s] writing manifest file '../../../build/proy_nexa_service/proy_nexa_service.egg-info/SOURCES.txt'
[1.029s] running build
[1.029s] running build_py
[1.029s] creating /home/chen/turtlebot3_ws/src/proy_nexa/Robot/build/proy_nexa_service/build
[1.030s] creating /home/chen/turtlebot3_ws/src/proy_nexa/Robot/build/proy_nexa_service/build/lib
[1.030s] creating /home/chen/turtlebot3_ws/src/proy_nexa/Robot/build/proy_nexa_service/build/lib/proy_nexa_service
[1.030s] copying proy_nexa_service/proy_nexa_movement_server.py -> /home/chen/turtlebot3_ws/src/proy_nexa/Robot/build/proy_nexa_service/build/lib/proy_nexa_service
[1.030s] copying proy_nexa_service/proy_nexa_movement_client.py -> /home/chen/turtlebot3_ws/src/proy_nexa/Robot/build/proy_nexa_service/build/lib/proy_nexa_service
[1.031s] copying proy_nexa_service/__init__.py -> /home/chen/turtlebot3_ws/src/proy_nexa/Robot/build/proy_nexa_service/build/lib/proy_nexa_service
[1.031s] running install
[1.031s] running install_lib
[1.031s] creating /home/chen/turtlebot3_ws/src/proy_nexa/Robot/install/proy_nexa_service/lib/python3.8/site-packages/proy_nexa_service
[1.031s] copying /home/chen/turtlebot3_ws/src/proy_nexa/Robot/build/proy_nexa_service/build/lib/proy_nexa_service/proy_nexa_movement_server.py -> /home/chen/turtlebot3_ws/src/proy_nexa/Robot/install/proy_nexa_service/lib/python3.8/site-packages/proy_nexa_service
[1.031s] copying /home/chen/turtlebot3_ws/src/proy_nexa/Robot/build/proy_nexa_service/build/lib/proy_nexa_service/proy_nexa_movement_client.py -> /home/chen/turtlebot3_ws/src/proy_nexa/Robot/install/proy_nexa_service/lib/python3.8/site-packages/proy_nexa_service
[1.032s] copying /home/chen/turtlebot3_ws/src/proy_nexa/Robot/build/proy_nexa_service/build/lib/proy_nexa_service/__init__.py -> /home/chen/turtlebot3_ws/src/proy_nexa/Robot/install/proy_nexa_service/lib/python3.8/site-packages/proy_nexa_service
[1.032s] byte-compiling /home/chen/turtlebot3_ws/src/proy_nexa/Robot/install/proy_nexa_service/lib/python3.8/site-packages/proy_nexa_service/proy_nexa_movement_server.py to proy_nexa_movement_server.cpython-38.pyc
[1.033s] byte-compiling /home/chen/turtlebot3_ws/src/proy_nexa/Robot/install/proy_nexa_service/lib/python3.8/site-packages/proy_nexa_service/proy_nexa_movement_client.py to proy_nexa_movement_client.cpython-38.pyc
[1.033s] byte-compiling /home/chen/turtlebot3_ws/src/proy_nexa/Robot/install/proy_nexa_service/lib/python3.8/site-packages/proy_nexa_service/__init__.py to __init__.cpython-38.pyc
[1.033s] running install_data
[1.034s] creating /home/chen/turtlebot3_ws/src/proy_nexa/Robot/install/proy_nexa_service/share/ament_index
[1.034s] creating /home/chen/turtlebot3_ws/src/proy_nexa/Robot/install/proy_nexa_service/share/ament_index/resource_index
[1.035s] creating /home/chen/turtlebot3_ws/src/proy_nexa/Robot/install/proy_nexa_service/share/ament_index/resource_index/packages
[1.035s] copying resource/proy_nexa_service -> /home/chen/turtlebot3_ws/src/proy_nexa/Robot/install/proy_nexa_service/share/ament_index/resource_index/packages
[1.035s] copying package.xml -> /home/chen/turtlebot3_ws/src/proy_nexa/Robot/install/proy_nexa_service/share/proy_nexa_service
[1.038s] copying launch/proy_nexa_movement_server_launch.launch.py -> /home/chen/turtlebot3_ws/src/proy_nexa/Robot/install/proy_nexa_service/share/proy_nexa_service
[1.038s] running install_egg_info
[1.039s] Copying ../../../build/proy_nexa_service/proy_nexa_service.egg-info to /home/chen/turtlebot3_ws/src/proy_nexa/Robot/install/proy_nexa_service/lib/python3.8/site-packages/proy_nexa_service-0.0.0-py3.8.egg-info
[1.040s] running install_scripts
[1.054s] Installing proy_nexa_movement_client script to /home/chen/turtlebot3_ws/src/proy_nexa/Robot/install/proy_nexa_service/lib/proy_nexa_service
[1.054s] Installing proy_nexa_movement_server script to /home/chen/turtlebot3_ws/src/proy_nexa/Robot/install/proy_nexa_service/lib/proy_nexa_service
[1.054s] writing list of installed files to '/home/chen/turtlebot3_ws/src/proy_nexa/Robot/build/proy_nexa_service/install.log'
[1.071s] Invoked command in '/home/chen/turtlebot3_ws/src/proy_nexa/Robot/src/proy_nexa/proy_nexa_service' returned '0': AMENT_PREFIX_PATH=/home/chen/turtlebot3_ws/src/proy_nexa/Robot/install/proy_nexa_interface:${AMENT_PREFIX_PATH} CMAKE_PREFIX_PATH=/home/chen/turtlebot3_ws/src/proy_nexa/Robot/install/proy_nexa_interface:${CMAKE_PREFIX_PATH} LD_LIBRARY_PATH=/home/chen/turtlebot3_ws/src/proy_nexa/Robot/install/proy_nexa_interface/lib:${LD_LIBRARY_PATH} PYTHONPATH=/home/chen/turtlebot3_ws/src/proy_nexa/Robot/build/proy_nexa_service/prefix_override:/home/chen/turtlebot3_ws/src/proy_nexa/Robot/install/proy_nexa_service/lib/python3.8/site-packages:/home/chen/turtlebot3_ws/src/proy_nexa/Robot/install/proy_nexa_interface/lib/python3.8/site-packages:${PYTHONPATH} /usr/bin/python3 setup.py egg_info --egg-base ../../../build/proy_nexa_service build --build-base /home/chen/turtlebot3_ws/src/proy_nexa/Robot/build/proy_nexa_service/build install --record /home/chen/turtlebot3_ws/src/proy_nexa/Robot/build/proy_nexa_service/install.log --single-version-externally-managed
