[2.509s] Invoking command in '/home/chen/repositorio2/Robot/src/proy_nexa/proy_nexa_my_slam': PYTHONPATH=/home/chen/repositorio2/Robot/build/proy_nexa_my_slam/prefix_override:/home/chen/repositorio2/Robot/install/proy_nexa_my_slam/lib/python3.8/site-packages:${PYTHONPATH} /usr/bin/python3 setup.py egg_info --egg-base ../../../build/proy_nexa_my_slam build --build-base /home/chen/repositorio2/Robot/build/proy_nexa_my_slam/build install --record /home/chen/repositorio2/Robot/build/proy_nexa_my_slam/install.log --single-version-externally-managed
[2.924s] running egg_info
[2.924s] writing ../../../build/proy_nexa_my_slam/proy_nexa_my_slam.egg-info/PKG-INFO
[2.925s] writing dependency_links to ../../../build/proy_nexa_my_slam/proy_nexa_my_slam.egg-info/dependency_links.txt
[2.925s] writing entry points to ../../../build/proy_nexa_my_slam/proy_nexa_my_slam.egg-info/entry_points.txt
[2.925s] writing requirements to ../../../build/proy_nexa_my_slam/proy_nexa_my_slam.egg-info/requires.txt
[2.925s] writing top-level names to ../../../build/proy_nexa_my_slam/proy_nexa_my_slam.egg-info/top_level.txt
[2.972s] reading manifest file '../../../build/proy_nexa_my_slam/proy_nexa_my_slam.egg-info/SOURCES.txt'
[2.975s] writing manifest file '../../../build/proy_nexa_my_slam/proy_nexa_my_slam.egg-info/SOURCES.txt'
[2.975s] running build
[2.976s] running build_py
[2.976s] running install
[2.977s] running install_lib
[2.979s] running install_data
[2.980s] running install_egg_info
[2.984s] removing '/home/chen/repositorio2/Robot/install/proy_nexa_my_slam/lib/python3.8/site-packages/proy_nexa_my_slam-0.0.0-py3.8.egg-info' (and everything under it)
[2.984s] Copying ../../../build/proy_nexa_my_slam/proy_nexa_my_slam.egg-info to /home/chen/repositorio2/Robot/install/proy_nexa_my_slam/lib/python3.8/site-packages/proy_nexa_my_slam-0.0.0-py3.8.egg-info
[2.985s] running install_scripts
[3.015s] writing list of installed files to '/home/chen/repositorio2/Robot/build/proy_nexa_my_slam/install.log'
[3.389s] Invoked command in '/home/chen/repositorio2/Robot/src/proy_nexa/proy_nexa_my_slam' returned '0': PYTHONPATH=/home/chen/repositorio2/Robot/build/proy_nexa_my_slam/prefix_override:/home/chen/repositorio2/Robot/install/proy_nexa_my_slam/lib/python3.8/site-packages:${PYTHONPATH} /usr/bin/python3 setup.py egg_info --egg-base ../../../build/proy_nexa_my_slam build --build-base /home/chen/repositorio2/Robot/build/proy_nexa_my_slam/build install --record /home/chen/repositorio2/Robot/build/proy_nexa_my_slam/install.log --single-version-externally-managed
