running egg_info
writing ../../../build/proy_nexa_action/proy_nexa_action.egg-info/PKG-INFO
writing dependency_links to ../../../build/proy_nexa_action/proy_nexa_action.egg-info/dependency_links.txt
writing entry points to ../../../build/proy_nexa_action/proy_nexa_action.egg-info/entry_points.txt
writing requirements to ../../../build/proy_nexa_action/proy_nexa_action.egg-info/requires.txt
writing top-level names to ../../../build/proy_nexa_action/proy_nexa_action.egg-info/top_level.txt
reading manifest file '../../../build/proy_nexa_action/proy_nexa_action.egg-info/SOURCES.txt'
writing manifest file '../../../build/proy_nexa_action/proy_nexa_action.egg-info/SOURCES.txt'
running build
running build_py
copying proy_nexa_action/proy_nexa_action_server.py -> /home/chen/repositorio2/Robot/build/proy_nexa_action/build/lib/proy_nexa_action
copying proy_nexa_action/proy_nexa_action_client.py -> /home/chen/repositorio2/Robot/build/proy_nexa_action/build/lib/proy_nexa_action
running install
running install_lib
copying /home/chen/repositorio2/Robot/build/proy_nexa_action/build/lib/proy_nexa_action/proy_nexa_action_server.py -> /home/chen/repositorio2/Robot/install/proy_nexa_action/lib/python3.8/site-packages/proy_nexa_action
copying /home/chen/repositorio2/Robot/build/proy_nexa_action/build/lib/proy_nexa_action/proy_nexa_action_client.py -> /home/chen/repositorio2/Robot/install/proy_nexa_action/lib/python3.8/site-packages/proy_nexa_action
byte-compiling /home/chen/repositorio2/Robot/install/proy_nexa_action/lib/python3.8/site-packages/proy_nexa_action/proy_nexa_action_server.py to proy_nexa_action_server.cpython-38.pyc
byte-compiling /home/chen/repositorio2/Robot/install/proy_nexa_action/lib/python3.8/site-packages/proy_nexa_action/proy_nexa_action_client.py to proy_nexa_action_client.cpython-38.pyc
running install_data
copying launch/proy_nexa_action_client.launch.py -> /home/chen/repositorio2/Robot/install/proy_nexa_action/share/proy_nexa_action
running install_egg_info
removing '/home/chen/repositorio2/Robot/install/proy_nexa_action/lib/python3.8/site-packages/proy_nexa_action-0.0.0-py3.8.egg-info' (and everything under it)
Copying ../../../build/proy_nexa_action/proy_nexa_action.egg-info to /home/chen/repositorio2/Robot/install/proy_nexa_action/lib/python3.8/site-packages/proy_nexa_action-0.0.0-py3.8.egg-info
running install_scripts
Installing proy_nexa_action_client script to /home/chen/repositorio2/Robot/install/proy_nexa_action/lib/proy_nexa_action
Installing proy_nexa_action_server script to /home/chen/repositorio2/Robot/install/proy_nexa_action/lib/proy_nexa_action
writing list of installed files to '/home/chen/repositorio2/Robot/build/proy_nexa_action/install.log'
