[100%] Built target turtlebot3_drive
-- Install configuration: ""
-- Up-to-date: /home/chen/repositorio2/Robot/install/my_world/lib/my_world/turtlebot3_drive
-- Up-to-date: /home/chen/repositorio2/Robot/install/my_world/share/my_world//launch
-- Up-to-date: /home/chen/repositorio2/Robot/install/my_world/share/my_world//launch/turtlebot3_my_world.launch.py
-- Up-to-date: /home/chen/repositorio2/Robot/install/my_world/share/my_world//models
-- Up-to-date: /home/chen/repositorio2/Robot/install/my_world/share/my_world//models/turtlebot3_burger
-- Up-to-date: /home/chen/repositorio2/Robot/install/my_world/share/my_world//models/turtlebot3_burger/model.sdf
-- Up-to-date: /home/chen/repositorio2/Robot/install/my_world/share/my_world//models/turtlebot3_burger/model-1_4.sdf
-- Up-to-date: /home/chen/repositorio2/Robot/install/my_world/share/my_world//models/turtlebot3_burger/model.config
-- Up-to-date: /home/chen/repositorio2/Robot/install/my_world/share/my_world//models/turtlebot3_burger/meshes
-- Up-to-date: /home/chen/repositorio2/Robot/install/my_world/share/my_world//models/turtlebot3_burger/meshes/lds.dae
-- Up-to-date: /home/chen/repositorio2/Robot/install/my_world/share/my_world//models/turtlebot3_burger/meshes/tire.dae
-- Up-to-date: /home/chen/repositorio2/Robot/install/my_world/share/my_world//models/turtlebot3_burger/meshes/burger_base.dae
-- Up-to-date: /home/chen/repositorio2/Robot/install/my_world/share/my_world//models/turtlebot3_burger_pi
-- Up-to-date: /home/chen/repositorio2/Robot/install/my_world/share/my_world//models/turtlebot3_burger_pi/model.sdf
-- Up-to-date: /home/chen/repositorio2/Robot/install/my_world/share/my_world//models/turtlebot3_burger_pi/model-1_4.sdf
-- Up-to-date: /home/chen/repositorio2/Robot/install/my_world/share/my_world//models/turtlebot3_burger_pi/model.config
-- Up-to-date: /home/chen/repositorio2/Robot/install/my_world/share/my_world//models/turtlebot3_burger_pi/meshes
-- Up-to-date: /home/chen/repositorio2/Robot/install/my_world/share/my_world//models/turtlebot3_burger_pi/meshes/lds.dae
-- Up-to-date: /home/chen/repositorio2/Robot/install/my_world/share/my_world//models/turtlebot3_burger_pi/meshes/tire.dae
-- Up-to-date: /home/chen/repositorio2/Robot/install/my_world/share/my_world//models/turtlebot3_burger_pi/meshes/burger_base.dae
-- Up-to-date: /home/chen/repositorio2/Robot/install/my_world/share/my_world//models/cpr_agriculture
-- Up-to-date: /home/chen/repositorio2/Robot/install/my_world/share/my_world//models/cpr_agriculture/model.sdf
-- Up-to-date: /home/chen/repositorio2/Robot/install/my_world/share/my_world//models/cpr_agriculture/model.config
-- Up-to-date: /home/chen/repositorio2/Robot/install/my_world/share/my_world//models/cpr_agriculture/meshes
-- Up-to-date: /home/chen/repositorio2/Robot/install/my_world/share/my_world//models/cpr_agriculture/meshes/agriculture_world.dae
-- Up-to-date: /home/chen/repositorio2/Robot/install/my_world/share/my_world//models/cpr_agriculture/materials
-- Up-to-date: /home/chen/repositorio2/Robot/install/my_world/share/my_world//models/cpr_agriculture/materials/textures
-- Up-to-date: /home/chen/repositorio2/Robot/install/my_world/share/my_world//models/cpr_agriculture/materials/textures/AgriBakeLarge.jpg
-- Up-to-date: /home/chen/repositorio2/Robot/install/my_world/share/my_world//models/cpr_agriculture/materials/textures/SolarPanelsPolycrystallineTypeBFramedClean001_COL_3K.jpg
-- Up-to-date: /home/chen/repositorio2/Robot/install/my_world/share/my_world//models/cpr_agriculture/materials/textures/WoodPlanksWornWhite33_COL_VAR1_3K.jpg
-- Up-to-date: /home/chen/repositorio2/Robot/install/my_world/share/my_world//models/cpr_agriculture/materials/textures/WoodPlanksWorn33_COL_VAR1_3K.jpg
-- Up-to-date: /home/chen/repositorio2/Robot/install/my_world/share/my_world//models/cpr_agriculture/materials/textures/WoodPlanksWornRed33_COL_VAR1_3K.jpg
-- Up-to-date: /home/chen/repositorio2/Robot/install/my_world/share/my_world//models/cpr_agriculture/materials/textures/MetalCorrugatedIronSheet002_METALNESS_3K_METALNESS.jpg
-- Up-to-date: /home/chen/repositorio2/Robot/install/my_world/share/my_world//models/monkey
-- Up-to-date: /home/chen/repositorio2/Robot/install/my_world/share/my_world//models/monkey/model.sdf
-- Up-to-date: /home/chen/repositorio2/Robot/install/my_world/share/my_world//models/monkey/model.config
-- Up-to-date: /home/chen/repositorio2/Robot/install/my_world/share/my_world//models/monkey/meshes
-- Up-to-date: /home/chen/repositorio2/Robot/install/my_world/share/my_world//models/monkey/meshes/monkey.dae
-- Up-to-date: /home/chen/repositorio2/Robot/install/my_world/share/my_world//models/lion
-- Up-to-date: /home/chen/repositorio2/Robot/install/my_world/share/my_world//models/lion/model.sdf
-- Up-to-date: /home/chen/repositorio2/Robot/install/my_world/share/my_world//models/lion/model.config
-- Up-to-date: /home/chen/repositorio2/Robot/install/my_world/share/my_world//models/lion/meshes
-- Up-to-date: /home/chen/repositorio2/Robot/install/my_world/share/my_world//models/lion/meshes/lion.dae
-- Up-to-date: /home/chen/repositorio2/Robot/install/my_world/share/my_world//models/my_world
-- Up-to-date: /home/chen/repositorio2/Robot/install/my_world/share/my_world//models/my_world/model.sdf
-- Up-to-date: /home/chen/repositorio2/Robot/install/my_world/share/my_world//models/my_world/model.config
-- Up-to-date: /home/chen/repositorio2/Robot/install/my_world/share/my_world//models/girafe
-- Up-to-date: /home/chen/repositorio2/Robot/install/my_world/share/my_world//models/girafe/model.sdf
-- Up-to-date: /home/chen/repositorio2/Robot/install/my_world/share/my_world//models/girafe/model.config
-- Up-to-date: /home/chen/repositorio2/Robot/install/my_world/share/my_world//models/girafe/meshes
-- Up-to-date: /home/chen/repositorio2/Robot/install/my_world/share/my_world//models/girafe/meshes/Giraffe.dae
-- Up-to-date: /home/chen/repositorio2/Robot/install/my_world/share/my_world//world
-- Up-to-date: /home/chen/repositorio2/Robot/install/my_world/share/my_world//world/burger.model
-- Up-to-date: /home/chen/repositorio2/Robot/install/my_world/share/my_world//world/agriculture.world
-- Up-to-date: /home/chen/repositorio2/Robot/install/my_world/share/my_world//world/burger_pi.model
-- Up-to-date: /home/chen/repositorio2/Robot/install/my_world/share/my_world//urdf
-- Up-to-date: /home/chen/repositorio2/Robot/install/my_world/share/my_world//urdf/turtlebot3_burger_pi.urdf
-- Up-to-date: /home/chen/repositorio2/Robot/install/my_world/share/my_world//urdf/turtlebot3_burger.urdf
-- Up-to-date: /home/chen/repositorio2/Robot/install/my_world/include/
-- Up-to-date: /home/chen/repositorio2/Robot/install/my_world/share/ament_index/resource_index/package_run_dependencies/my_world
-- Up-to-date: /home/chen/repositorio2/Robot/install/my_world/share/ament_index/resource_index/parent_prefix_path/my_world
-- Up-to-date: /home/chen/repositorio2/Robot/install/my_world/share/my_world/environment/ament_prefix_path.sh
-- Up-to-date: /home/chen/repositorio2/Robot/install/my_world/share/my_world/environment/ament_prefix_path.dsv
-- Up-to-date: /home/chen/repositorio2/Robot/install/my_world/share/my_world/environment/path.sh
-- Up-to-date: /home/chen/repositorio2/Robot/install/my_world/share/my_world/environment/path.dsv
-- Up-to-date: /home/chen/repositorio2/Robot/install/my_world/share/my_world/local_setup.bash
-- Up-to-date: /home/chen/repositorio2/Robot/install/my_world/share/my_world/local_setup.sh
-- Up-to-date: /home/chen/repositorio2/Robot/install/my_world/share/my_world/local_setup.zsh
-- Up-to-date: /home/chen/repositorio2/Robot/install/my_world/share/my_world/local_setup.dsv
-- Installing: /home/chen/repositorio2/Robot/install/my_world/share/my_world/package.dsv
-- Up-to-date: /home/chen/repositorio2/Robot/install/my_world/share/ament_index/resource_index/packages/my_world
-- Up-to-date: /home/chen/repositorio2/Robot/install/my_world/share/my_world/cmake/ament_cmake_export_include_directories-extras.cmake
-- Up-to-date: /home/chen/repositorio2/Robot/install/my_world/share/my_world/cmake/ament_cmake_export_dependencies-extras.cmake
-- Up-to-date: /home/chen/repositorio2/Robot/install/my_world/share/my_world/cmake/my_worldConfig.cmake
-- Up-to-date: /home/chen/repositorio2/Robot/install/my_world/share/my_world/cmake/my_worldConfig-version.cmake
-- Up-to-date: /home/chen/repositorio2/Robot/install/my_world/share/my_world/package.xml
