[1.139s] Invoking command in '/home/chen/repositorio2/Robot/src/proy_nexa/proy_nexa_action': AMENT_PREFIX_PATH=/home/chen/repositorio2/Robot/install/proy_nexa_interface:${AMENT_PREFIX_PATH} CMAKE_PREFIX_PATH=/home/chen/repositorio2/Robot/install/proy_nexa_interface:${CMAKE_PREFIX_PATH} LD_LIBRARY_PATH=/home/chen/repositorio2/Robot/install/proy_nexa_interface/lib:${LD_LIBRARY_PATH} PYTHONPATH=/home/chen/repositorio2/Robot/build/proy_nexa_action/prefix_override:/home/chen/repositorio2/Robot/install/proy_nexa_action/lib/python3.8/site-packages:/home/chen/repositorio2/Robot/install/proy_nexa_interface/lib/python3.8/site-packages:${PYTHONPATH} /usr/bin/python3 setup.py egg_info --egg-base ../../../build/proy_nexa_action build --build-base /home/chen/repositorio2/Robot/build/proy_nexa_action/build install --record /home/chen/repositorio2/Robot/build/proy_nexa_action/install.log --single-version-externally-managed
[1.304s] running egg_info
[1.304s] writing ../../../build/proy_nexa_action/proy_nexa_action.egg-info/PKG-INFO
[1.305s] writing dependency_links to ../../../build/proy_nexa_action/proy_nexa_action.egg-info/dependency_links.txt
[1.305s] writing entry points to ../../../build/proy_nexa_action/proy_nexa_action.egg-info/entry_points.txt
[1.306s] writing requirements to ../../../build/proy_nexa_action/proy_nexa_action.egg-info/requires.txt
[1.306s] writing top-level names to ../../../build/proy_nexa_action/proy_nexa_action.egg-info/top_level.txt
[1.329s] reading manifest file '../../../build/proy_nexa_action/proy_nexa_action.egg-info/SOURCES.txt'
[1.330s] writing manifest file '../../../build/proy_nexa_action/proy_nexa_action.egg-info/SOURCES.txt'
[1.331s] running build
[1.331s] running build_py
[1.331s] copying proy_nexa_action/proy_nexa_action_client.py -> /home/chen/repositorio2/Robot/build/proy_nexa_action/build/lib/proy_nexa_action
[1.331s] running install
[1.332s] running install_lib
[1.333s] copying /home/chen/repositorio2/Robot/build/proy_nexa_action/build/lib/proy_nexa_action/proy_nexa_action_client.py -> /home/chen/repositorio2/Robot/install/proy_nexa_action/lib/python3.8/site-packages/proy_nexa_action
[1.333s] byte-compiling /home/chen/repositorio2/Robot/install/proy_nexa_action/lib/python3.8/site-packages/proy_nexa_action/proy_nexa_action_client.py to proy_nexa_action_client.cpython-38.pyc
[1.334s] running install_data
[1.335s] running install_egg_info
[1.336s] removing '/home/chen/repositorio2/Robot/install/proy_nexa_action/lib/python3.8/site-packages/proy_nexa_action-0.0.0-py3.8.egg-info' (and everything under it)
[1.336s] Copying ../../../build/proy_nexa_action/proy_nexa_action.egg-info to /home/chen/repositorio2/Robot/install/proy_nexa_action/lib/python3.8/site-packages/proy_nexa_action-0.0.0-py3.8.egg-info
[1.337s] running install_scripts
[1.349s] Installing proy_nexa_action_client script to /home/chen/repositorio2/Robot/install/proy_nexa_action/lib/proy_nexa_action
[1.349s] writing list of installed files to '/home/chen/repositorio2/Robot/build/proy_nexa_action/install.log'
[1.367s] Invoked command in '/home/chen/repositorio2/Robot/src/proy_nexa/proy_nexa_action' returned '0': AMENT_PREFIX_PATH=/home/chen/repositorio2/Robot/install/proy_nexa_interface:${AMENT_PREFIX_PATH} CMAKE_PREFIX_PATH=/home/chen/repositorio2/Robot/install/proy_nexa_interface:${CMAKE_PREFIX_PATH} LD_LIBRARY_PATH=/home/chen/repositorio2/Robot/install/proy_nexa_interface/lib:${LD_LIBRARY_PATH} PYTHONPATH=/home/chen/repositorio2/Robot/build/proy_nexa_action/prefix_override:/home/chen/repositorio2/Robot/install/proy_nexa_action/lib/python3.8/site-packages:/home/chen/repositorio2/Robot/install/proy_nexa_interface/lib/python3.8/site-packages:${PYTHONPATH} /usr/bin/python3 setup.py egg_info --egg-base ../../../build/proy_nexa_action build --build-base /home/chen/repositorio2/Robot/build/proy_nexa_action/build install --record /home/chen/repositorio2/Robot/build/proy_nexa_action/install.log --single-version-externally-managed
