[0.877s] Invoking command in '/home/chen/repositorio2/Robot/build/proy_nexa_interface': CMAKE_PREFIX_PATH=${CMAKE_PREFIX_PATH}://home/chen/repositorio2/Robot/install/proy_nexa_action://home/chen/repositorio2/Robot/install/proy_nexa_show_msg://home/chen/repositorio2/Robot/install/proy_nexa_service://home/chen/repositorio2/Robot/install/proy_nexa_provide_map://home/chen/repositorio2/Robot/install/proy_nexa_nav2_system://home/chen/repositorio2/Robot/install/proy_nexa_my_slam:/home/chen/turtlebot3_ws/install/show_msg:/home/chen/turtlebot3_ws/install/proy_nexa_show_msg:/home/chen/turtlebot3_ws/install/proy_nexa_service:/home/chen/turtlebot3_ws/install/provide_map:/home/chen/turtlebot3_ws/install/my_slam:/home/chen/turtlebot3_ws/install/my_nav2_system:/home/chen/turtlebot3_ws/install/my_first_subscriber:/home/chen/turtlebot3_ws/install/my_first_service:/home/chen/turtlebot3_ws/install/my_first_publisher:/home/chen/turtlebot3_ws/install/my_first_node:/home/chen/turtlebot3_ws/install/my_first_action:/home/chen/turtlebot3_ws/src/my_first_service/install/my_first_service:/opt/ros/galactic /usr/bin/cmake --build /home/chen/repositorio2/Robot/build/proy_nexa_interface -- -j2 -l2
[1.037s] [ 10%] Built target proy_nexa_interface__rosidl_generator_c
[1.049s] [ 12%] Built target proy_nexa_interface__cpp
[1.096s] [ 23%] Built target proy_nexa_interface__rosidl_typesupport_introspection_c
[1.105s] [ 34%] Built target proy_nexa_interface__rosidl_typesupport_c
[1.157s] [ 53%] Built target proy_nexa_interface__rosidl_typesupport_fastrtps_cpp
[1.159s] [ 55%] Built target proy_nexa_interface__rosidl_typesupport_cpp
[1.210s] [ 65%] Built target proy_nexa_interface__rosidl_typesupport_fastrtps_c
[1.220s] [ 76%] Built target proy_nexa_interface__rosidl_typesupport_introspection_cpp
[1.255s] [ 76%] Built target proy_nexa_interface
[1.301s] [ 78%] Built target proy_nexa_interface__py
[1.376s] [ 87%] Built target proy_nexa_interface__python
[1.463s] [ 91%] Built target proy_nexa_interface__rosidl_typesupport_introspection_c__pyext
[1.522s] [ 95%] Built target proy_nexa_interface__rosidl_typesupport_fastrtps_c__pyext
[1.533s] [100%] Built target proy_nexa_interface__rosidl_typesupport_c__pyext
[1.570s] Invoked command in '/home/chen/repositorio2/Robot/build/proy_nexa_interface' returned '0': CMAKE_PREFIX_PATH=${CMAKE_PREFIX_PATH}://home/chen/repositorio2/Robot/install/proy_nexa_action://home/chen/repositorio2/Robot/install/proy_nexa_show_msg://home/chen/repositorio2/Robot/install/proy_nexa_service://home/chen/repositorio2/Robot/install/proy_nexa_provide_map://home/chen/repositorio2/Robot/install/proy_nexa_nav2_system://home/chen/repositorio2/Robot/install/proy_nexa_my_slam:/home/chen/turtlebot3_ws/install/show_msg:/home/chen/turtlebot3_ws/install/proy_nexa_show_msg:/home/chen/turtlebot3_ws/install/proy_nexa_service:/home/chen/turtlebot3_ws/install/provide_map:/home/chen/turtlebot3_ws/install/my_slam:/home/chen/turtlebot3_ws/install/my_nav2_system:/home/chen/turtlebot3_ws/install/my_first_subscriber:/home/chen/turtlebot3_ws/install/my_first_service:/home/chen/turtlebot3_ws/install/my_first_publisher:/home/chen/turtlebot3_ws/install/my_first_node:/home/chen/turtlebot3_ws/install/my_first_action:/home/chen/turtlebot3_ws/src/my_first_service/install/my_first_service:/opt/ros/galactic /usr/bin/cmake --build /home/chen/repositorio2/Robot/build/proy_nexa_interface -- -j2 -l2
[2.412s] Invoking command in '/home/chen/repositorio2/Robot/build/proy_nexa_interface': CMAKE_PREFIX_PATH=${CMAKE_PREFIX_PATH}://home/chen/repositorio2/Robot/install/proy_nexa_action://home/chen/repositorio2/Robot/install/proy_nexa_show_msg://home/chen/repositorio2/Robot/install/proy_nexa_service://home/chen/repositorio2/Robot/install/proy_nexa_provide_map://home/chen/repositorio2/Robot/install/proy_nexa_nav2_system://home/chen/repositorio2/Robot/install/proy_nexa_my_slam:/home/chen/turtlebot3_ws/install/show_msg:/home/chen/turtlebot3_ws/install/proy_nexa_show_msg:/home/chen/turtlebot3_ws/install/proy_nexa_service:/home/chen/turtlebot3_ws/install/provide_map:/home/chen/turtlebot3_ws/install/my_slam:/home/chen/turtlebot3_ws/install/my_nav2_system:/home/chen/turtlebot3_ws/install/my_first_subscriber:/home/chen/turtlebot3_ws/install/my_first_service:/home/chen/turtlebot3_ws/install/my_first_publisher:/home/chen/turtlebot3_ws/install/my_first_node:/home/chen/turtlebot3_ws/install/my_first_action:/home/chen/turtlebot3_ws/src/my_first_service/install/my_first_service:/opt/ros/galactic /usr/bin/cmake --install /home/chen/repositorio2/Robot/build/proy_nexa_interface
[2.428s] -- Install configuration: ""
[2.429s] -- Up-to-date: /home/chen/repositorio2/Robot/install/proy_nexa_interface/share/ament_index/resource_index/rosidl_interfaces/proy_nexa_interface
[2.429s] -- Up-to-date: /home/chen/repositorio2/Robot/install/proy_nexa_interface/include/proy_nexa_interface
[2.429s] -- Up-to-date: /home/chen/repositorio2/Robot/install/proy_nexa_interface/include/proy_nexa_interface/msg
[2.429s] -- Up-to-date: /home/chen/repositorio2/Robot/install/proy_nexa_interface/include/proy_nexa_interface/msg/distvel.h
[2.430s] -- Up-to-date: /home/chen/repositorio2/Robot/install/proy_nexa_interface/include/proy_nexa_interface/msg/detail
[2.430s] -- Up-to-date: /home/chen/repositorio2/Robot/install/proy_nexa_interface/include/proy_nexa_interface/msg/detail/distvel__type_support.h
[2.430s] -- Up-to-date: /home/chen/repositorio2/Robot/install/proy_nexa_interface/include/proy_nexa_interface/msg/detail/distvel__functions.h
[2.430s] -- Up-to-date: /home/chen/repositorio2/Robot/install/proy_nexa_interface/include/proy_nexa_interface/msg/detail/distvel__struct.h
[2.431s] -- Up-to-date: /home/chen/repositorio2/Robot/install/proy_nexa_interface/include/proy_nexa_interface/msg/detail/distvel__functions.c
[2.431s] -- Up-to-date: /home/chen/repositorio2/Robot/install/proy_nexa_interface/include/proy_nexa_interface/msg/rosidl_generator_c__visibility_control.h
[2.431s] -- Up-to-date: /home/chen/repositorio2/Robot/install/proy_nexa_interface/include/proy_nexa_interface/action
[2.431s] -- Up-to-date: /home/chen/repositorio2/Robot/install/proy_nexa_interface/include/proy_nexa_interface/action/detail
[2.432s] -- Up-to-date: /home/chen/repositorio2/Robot/install/proy_nexa_interface/include/proy_nexa_interface/action/detail/move__functions.c
[2.432s] -- Up-to-date: /home/chen/repositorio2/Robot/install/proy_nexa_interface/include/proy_nexa_interface/action/detail/move__struct.h
[2.432s] -- Up-to-date: /home/chen/repositorio2/Robot/install/proy_nexa_interface/include/proy_nexa_interface/action/detail/move__type_support.h
[2.432s] -- Up-to-date: /home/chen/repositorio2/Robot/install/proy_nexa_interface/include/proy_nexa_interface/action/detail/move__functions.h
[2.432s] -- Up-to-date: /home/chen/repositorio2/Robot/install/proy_nexa_interface/include/proy_nexa_interface/action/move.h
[2.433s] -- Up-to-date: /home/chen/repositorio2/Robot/install/proy_nexa_interface/include/proy_nexa_interface/srv
[2.433s] -- Up-to-date: /home/chen/repositorio2/Robot/install/proy_nexa_interface/include/proy_nexa_interface/srv/my_move_msg.h
[2.433s] -- Up-to-date: /home/chen/repositorio2/Robot/install/proy_nexa_interface/include/proy_nexa_interface/srv/detail
[2.433s] -- Up-to-date: /home/chen/repositorio2/Robot/install/proy_nexa_interface/include/proy_nexa_interface/srv/detail/my_move_msg__type_support.h
[2.434s] -- Up-to-date: /home/chen/repositorio2/Robot/install/proy_nexa_interface/include/proy_nexa_interface/srv/detail/my_move_msg__struct.h
[2.434s] -- Up-to-date: /home/chen/repositorio2/Robot/install/proy_nexa_interface/include/proy_nexa_interface/srv/detail/my_move_msg__functions.h
[2.434s] -- Up-to-date: /home/chen/repositorio2/Robot/install/proy_nexa_interface/include/proy_nexa_interface/srv/detail/my_move_msg__functions.c
[2.436s] -- Up-to-date: /home/chen/repositorio2/Robot/install/proy_nexa_interface/share/proy_nexa_interface/environment/library_path.sh
[2.436s] -- Up-to-date: /home/chen/repositorio2/Robot/install/proy_nexa_interface/share/proy_nexa_interface/environment/library_path.dsv
[2.437s] -- Up-to-date: /home/chen/repositorio2/Robot/install/proy_nexa_interface/lib/libproy_nexa_interface__rosidl_generator_c.so
[2.437s] -- Up-to-date: /home/chen/repositorio2/Robot/install/proy_nexa_interface/include/proy_nexa_interface
[2.437s] -- Up-to-date: /home/chen/repositorio2/Robot/install/proy_nexa_interface/include/proy_nexa_interface/msg
[2.438s] -- Up-to-date: /home/chen/repositorio2/Robot/install/proy_nexa_interface/include/proy_nexa_interface/msg/rosidl_typesupport_fastrtps_c__visibility_control.h
[2.438s] -- Up-to-date: /home/chen/repositorio2/Robot/install/proy_nexa_interface/include/proy_nexa_interface/msg/detail
[2.438s] -- Up-to-date: /home/chen/repositorio2/Robot/install/proy_nexa_interface/include/proy_nexa_interface/msg/detail/distvel__rosidl_typesupport_fastrtps_c.h
[2.438s] -- Up-to-date: /home/chen/repositorio2/Robot/install/proy_nexa_interface/include/proy_nexa_interface/action
[2.438s] -- Up-to-date: /home/chen/repositorio2/Robot/install/proy_nexa_interface/include/proy_nexa_interface/action/detail
[2.439s] -- Up-to-date: /home/chen/repositorio2/Robot/install/proy_nexa_interface/include/proy_nexa_interface/action/detail/move__rosidl_typesupport_fastrtps_c.h
[2.439s] -- Up-to-date: /home/chen/repositorio2/Robot/install/proy_nexa_interface/include/proy_nexa_interface/srv
[2.439s] -- Up-to-date: /home/chen/repositorio2/Robot/install/proy_nexa_interface/include/proy_nexa_interface/srv/detail
[2.440s] -- Up-to-date: /home/chen/repositorio2/Robot/install/proy_nexa_interface/include/proy_nexa_interface/srv/detail/my_move_msg__rosidl_typesupport_fastrtps_c.h
[2.440s] -- Up-to-date: /home/chen/repositorio2/Robot/install/proy_nexa_interface/lib/libproy_nexa_interface__rosidl_typesupport_fastrtps_c.so
[2.441s] -- Up-to-date: /home/chen/repositorio2/Robot/install/proy_nexa_interface/include/proy_nexa_interface
[2.441s] -- Up-to-date: /home/chen/repositorio2/Robot/install/proy_nexa_interface/include/proy_nexa_interface/msg
[2.441s] -- Up-to-date: /home/chen/repositorio2/Robot/install/proy_nexa_interface/include/proy_nexa_interface/msg/rosidl_typesupport_fastrtps_cpp__visibility_control.h
[2.441s] -- Up-to-date: /home/chen/repositorio2/Robot/install/proy_nexa_interface/include/proy_nexa_interface/msg/detail
[2.442s] -- Up-to-date: /home/chen/repositorio2/Robot/install/proy_nexa_interface/include/proy_nexa_interface/msg/detail/distvel__rosidl_typesupport_fastrtps_cpp.hpp
[2.442s] -- Up-to-date: /home/chen/repositorio2/Robot/install/proy_nexa_interface/include/proy_nexa_interface/msg/detail/dds_fastrtps
[2.442s] -- Up-to-date: /home/chen/repositorio2/Robot/install/proy_nexa_interface/include/proy_nexa_interface/action
[2.442s] -- Up-to-date: /home/chen/repositorio2/Robot/install/proy_nexa_interface/include/proy_nexa_interface/action/detail
[2.443s] -- Up-to-date: /home/chen/repositorio2/Robot/install/proy_nexa_interface/include/proy_nexa_interface/action/detail/dds_fastrtps
[2.443s] -- Up-to-date: /home/chen/repositorio2/Robot/install/proy_nexa_interface/include/proy_nexa_interface/action/detail/move__rosidl_typesupport_fastrtps_cpp.hpp
[2.443s] -- Up-to-date: /home/chen/repositorio2/Robot/install/proy_nexa_interface/include/proy_nexa_interface/srv
[2.443s] -- Up-to-date: /home/chen/repositorio2/Robot/install/proy_nexa_interface/include/proy_nexa_interface/srv/detail
[2.443s] -- Up-to-date: /home/chen/repositorio2/Robot/install/proy_nexa_interface/include/proy_nexa_interface/srv/detail/my_move_msg__rosidl_typesupport_fastrtps_cpp.hpp
[2.444s] -- Up-to-date: /home/chen/repositorio2/Robot/install/proy_nexa_interface/include/proy_nexa_interface/srv/detail/dds_fastrtps
[2.444s] -- Up-to-date: /home/chen/repositorio2/Robot/install/proy_nexa_interface/lib/libproy_nexa_interface__rosidl_typesupport_fastrtps_cpp.so
[2.446s] -- Up-to-date: /home/chen/repositorio2/Robot/install/proy_nexa_interface/include/proy_nexa_interface
[2.446s] -- Up-to-date: /home/chen/repositorio2/Robot/install/proy_nexa_interface/include/proy_nexa_interface/msg
[2.446s] -- Up-to-date: /home/chen/repositorio2/Robot/install/proy_nexa_interface/include/proy_nexa_interface/msg/rosidl_typesupport_introspection_c__visibility_control.h
[2.446s] -- Up-to-date: /home/chen/repositorio2/Robot/install/proy_nexa_interface/include/proy_nexa_interface/msg/detail
[2.446s] -- Up-to-date: /home/chen/repositorio2/Robot/install/proy_nexa_interface/include/proy_nexa_interface/msg/detail/distvel__type_support.c
[2.447s] -- Up-to-date: /home/chen/repositorio2/Robot/install/proy_nexa_interface/include/proy_nexa_interface/msg/detail/distvel__rosidl_typesupport_introspection_c.h
[2.447s] -- Up-to-date: /home/chen/repositorio2/Robot/install/proy_nexa_interface/include/proy_nexa_interface/action
[2.447s] -- Up-to-date: /home/chen/repositorio2/Robot/install/proy_nexa_interface/include/proy_nexa_interface/action/detail
[2.447s] -- Up-to-date: /home/chen/repositorio2/Robot/install/proy_nexa_interface/include/proy_nexa_interface/action/detail/move__type_support.c
[2.448s] -- Up-to-date: /home/chen/repositorio2/Robot/install/proy_nexa_interface/include/proy_nexa_interface/action/detail/move__rosidl_typesupport_introspection_c.h
[2.448s] -- Up-to-date: /home/chen/repositorio2/Robot/install/proy_nexa_interface/include/proy_nexa_interface/srv
[2.448s] -- Up-to-date: /home/chen/repositorio2/Robot/install/proy_nexa_interface/include/proy_nexa_interface/srv/detail
[2.448s] -- Up-to-date: /home/chen/repositorio2/Robot/install/proy_nexa_interface/include/proy_nexa_interface/srv/detail/my_move_msg__rosidl_typesupport_introspection_c.h
[2.448s] -- Up-to-date: /home/chen/repositorio2/Robot/install/proy_nexa_interface/include/proy_nexa_interface/srv/detail/my_move_msg__type_support.c
[2.449s] -- Up-to-date: /home/chen/repositorio2/Robot/install/proy_nexa_interface/lib/libproy_nexa_interface__rosidl_typesupport_introspection_c.so
[2.450s] -- Up-to-date: /home/chen/repositorio2/Robot/install/proy_nexa_interface/lib/libproy_nexa_interface__rosidl_typesupport_c.so
[2.450s] -- Up-to-date: /home/chen/repositorio2/Robot/install/proy_nexa_interface/include/proy_nexa_interface
[2.450s] -- Up-to-date: /home/chen/repositorio2/Robot/install/proy_nexa_interface/include/proy_nexa_interface/msg
[2.451s] -- Up-to-date: /home/chen/repositorio2/Robot/install/proy_nexa_interface/include/proy_nexa_interface/msg/distvel.hpp
[2.451s] -- Up-to-date: /home/chen/repositorio2/Robot/install/proy_nexa_interface/include/proy_nexa_interface/msg/detail
[2.451s] -- Up-to-date: /home/chen/repositorio2/Robot/install/proy_nexa_interface/include/proy_nexa_interface/msg/detail/distvel__builder.hpp
[2.452s] -- Up-to-date: /home/chen/repositorio2/Robot/install/proy_nexa_interface/include/proy_nexa_interface/msg/detail/distvel__struct.hpp
[2.452s] -- Up-to-date: /home/chen/repositorio2/Robot/install/proy_nexa_interface/include/proy_nexa_interface/msg/detail/distvel__traits.hpp
[2.452s] -- Up-to-date: /home/chen/repositorio2/Robot/install/proy_nexa_interface/include/proy_nexa_interface/action
[2.452s] -- Up-to-date: /home/chen/repositorio2/Robot/install/proy_nexa_interface/include/proy_nexa_interface/action/detail
[2.453s] -- Up-to-date: /home/chen/repositorio2/Robot/install/proy_nexa_interface/include/proy_nexa_interface/action/detail/move__builder.hpp
[2.453s] -- Up-to-date: /home/chen/repositorio2/Robot/install/proy_nexa_interface/include/proy_nexa_interface/action/detail/move__traits.hpp
[2.453s] -- Up-to-date: /home/chen/repositorio2/Robot/install/proy_nexa_interface/include/proy_nexa_interface/action/detail/move__struct.hpp
[2.453s] -- Up-to-date: /home/chen/repositorio2/Robot/install/proy_nexa_interface/include/proy_nexa_interface/action/move.hpp
[2.453s] -- Up-to-date: /home/chen/repositorio2/Robot/install/proy_nexa_interface/include/proy_nexa_interface/srv
[2.454s] -- Up-to-date: /home/chen/repositorio2/Robot/install/proy_nexa_interface/include/proy_nexa_interface/srv/my_move_msg.hpp
[2.454s] -- Up-to-date: /home/chen/repositorio2/Robot/install/proy_nexa_interface/include/proy_nexa_interface/srv/detail
[2.454s] -- Up-to-date: /home/chen/repositorio2/Robot/install/proy_nexa_interface/include/proy_nexa_interface/srv/detail/my_move_msg__builder.hpp
[2.454s] -- Up-to-date: /home/chen/repositorio2/Robot/install/proy_nexa_interface/include/proy_nexa_interface/srv/detail/my_move_msg__struct.hpp
[2.454s] -- Up-to-date: /home/chen/repositorio2/Robot/install/proy_nexa_interface/include/proy_nexa_interface/srv/detail/my_move_msg__traits.hpp
[2.455s] -- Up-to-date: /home/chen/repositorio2/Robot/install/proy_nexa_interface/include/proy_nexa_interface
[2.455s] -- Up-to-date: /home/chen/repositorio2/Robot/install/proy_nexa_interface/include/proy_nexa_interface/msg
[2.456s] -- Up-to-date: /home/chen/repositorio2/Robot/install/proy_nexa_interface/include/proy_nexa_interface/msg/detail
[2.456s] -- Up-to-date: /home/chen/repositorio2/Robot/install/proy_nexa_interface/include/proy_nexa_interface/msg/detail/distvel__type_support.cpp
[2.456s] -- Up-to-date: /home/chen/repositorio2/Robot/install/proy_nexa_interface/include/proy_nexa_interface/msg/detail/distvel__rosidl_typesupport_introspection_cpp.hpp
[2.456s] -- Up-to-date: /home/chen/repositorio2/Robot/install/proy_nexa_interface/include/proy_nexa_interface/action
[2.457s] -- Up-to-date: /home/chen/repositorio2/Robot/install/proy_nexa_interface/include/proy_nexa_interface/action/detail
[2.457s] -- Up-to-date: /home/chen/repositorio2/Robot/install/proy_nexa_interface/include/proy_nexa_interface/action/detail/move__type_support.cpp
[2.457s] -- Up-to-date: /home/chen/repositorio2/Robot/install/proy_nexa_interface/include/proy_nexa_interface/action/detail/move__rosidl_typesupport_introspection_cpp.hpp
[2.457s] -- Up-to-date: /home/chen/repositorio2/Robot/install/proy_nexa_interface/include/proy_nexa_interface/srv
[2.458s] -- Up-to-date: /home/chen/repositorio2/Robot/install/proy_nexa_interface/include/proy_nexa_interface/srv/detail
[2.458s] -- Up-to-date: /home/chen/repositorio2/Robot/install/proy_nexa_interface/include/proy_nexa_interface/srv/detail/my_move_msg__type_support.cpp
[2.458s] -- Up-to-date: /home/chen/repositorio2/Robot/install/proy_nexa_interface/include/proy_nexa_interface/srv/detail/my_move_msg__rosidl_typesupport_introspection_cpp.hpp
[2.459s] -- Up-to-date: /home/chen/repositorio2/Robot/install/proy_nexa_interface/lib/libproy_nexa_interface__rosidl_typesupport_introspection_cpp.so
[2.459s] -- Up-to-date: /home/chen/repositorio2/Robot/install/proy_nexa_interface/lib/libproy_nexa_interface__rosidl_typesupport_cpp.so
[2.460s] -- Up-to-date: /home/chen/repositorio2/Robot/install/proy_nexa_interface/share/proy_nexa_interface/environment/pythonpath.sh
[2.460s] -- Up-to-date: /home/chen/repositorio2/Robot/install/proy_nexa_interface/share/proy_nexa_interface/environment/pythonpath.dsv
[2.461s] -- Up-to-date: /home/chen/repositorio2/Robot/install/proy_nexa_interface/lib/python3.8/site-packages/proy_nexa_interface/__init__.py
[2.538s] -- Up-to-date: /home/chen/repositorio2/Robot/install/proy_nexa_interface/lib/python3.8/site-packages/proy_nexa_interface/msg
[2.539s] -- Up-to-date: /home/chen/repositorio2/Robot/install/proy_nexa_interface/lib/python3.8/site-packages/proy_nexa_interface/msg/_distvel_s.c
[2.539s] -- Up-to-date: /home/chen/repositorio2/Robot/install/proy_nexa_interface/lib/python3.8/site-packages/proy_nexa_interface/msg/__init__.py
[2.540s] -- Up-to-date: /home/chen/repositorio2/Robot/install/proy_nexa_interface/lib/python3.8/site-packages/proy_nexa_interface/msg/_distvel.py
[2.540s] -- Up-to-date: /home/chen/repositorio2/Robot/install/proy_nexa_interface/lib/python3.8/site-packages/proy_nexa_interface/srv
[2.541s] -- Up-to-date: /home/chen/repositorio2/Robot/install/proy_nexa_interface/lib/python3.8/site-packages/proy_nexa_interface/srv/_my_move_msg_s.c
[2.541s] -- Up-to-date: /home/chen/repositorio2/Robot/install/proy_nexa_interface/lib/python3.8/site-packages/proy_nexa_interface/srv/__init__.py
[2.542s] -- Up-to-date: /home/chen/repositorio2/Robot/install/proy_nexa_interface/lib/python3.8/site-packages/proy_nexa_interface/srv/_my_move_msg.py
[2.542s] -- Up-to-date: /home/chen/repositorio2/Robot/install/proy_nexa_interface/lib/python3.8/site-packages/proy_nexa_interface/action
[2.543s] -- Up-to-date: /home/chen/repositorio2/Robot/install/proy_nexa_interface/lib/python3.8/site-packages/proy_nexa_interface/action/_move_s.c
[2.544s] -- Up-to-date: /home/chen/repositorio2/Robot/install/proy_nexa_interface/lib/python3.8/site-packages/proy_nexa_interface/action/_move.py
[2.544s] -- Up-to-date: /home/chen/repositorio2/Robot/install/proy_nexa_interface/lib/python3.8/site-packages/proy_nexa_interface/action/__init__.py
[2.544s] -- Up-to-date: /home/chen/repositorio2/Robot/install/proy_nexa_interface/lib/python3.8/site-packages/proy_nexa_interface/proy_nexa_interface_s__rosidl_typesupport_fastrtps_c.cpython-38-x86_64-linux-gnu.so
[2.546s] -- Up-to-date: /home/chen/repositorio2/Robot/install/proy_nexa_interface/lib/python3.8/site-packages/proy_nexa_interface/proy_nexa_interface_s__rosidl_typesupport_introspection_c.cpython-38-x86_64-linux-gnu.so
[2.548s] -- Up-to-date: /home/chen/repositorio2/Robot/install/proy_nexa_interface/lib/python3.8/site-packages/proy_nexa_interface/proy_nexa_interface_s__rosidl_typesupport_c.cpython-38-x86_64-linux-gnu.so
[2.550s] -- Up-to-date: /home/chen/repositorio2/Robot/install/proy_nexa_interface/lib/libproy_nexa_interface__python.so
[2.559s] -- Up-to-date: /home/chen/repositorio2/Robot/install/proy_nexa_interface/share/proy_nexa_interface/msg/Distvel.idl
[2.559s] -- Up-to-date: /home/chen/repositorio2/Robot/install/proy_nexa_interface/share/proy_nexa_interface/srv/MyMoveMsg.idl
[2.560s] -- Up-to-date: /home/chen/repositorio2/Robot/install/proy_nexa_interface/share/proy_nexa_interface/action/Move.idl
[2.560s] -- Up-to-date: /home/chen/repositorio2/Robot/install/proy_nexa_interface/share/proy_nexa_interface/msg/Distvel.msg
[2.560s] -- Up-to-date: /home/chen/repositorio2/Robot/install/proy_nexa_interface/share/proy_nexa_interface/srv/MyMoveMsg.srv
[2.561s] -- Up-to-date: /home/chen/repositorio2/Robot/install/proy_nexa_interface/share/proy_nexa_interface/srv/MyMoveMsg_Request.msg
[2.561s] -- Up-to-date: /home/chen/repositorio2/Robot/install/proy_nexa_interface/share/proy_nexa_interface/srv/MyMoveMsg_Response.msg
[2.561s] -- Up-to-date: /home/chen/repositorio2/Robot/install/proy_nexa_interface/share/proy_nexa_interface/action/Move.action
[2.562s] -- Up-to-date: /home/chen/repositorio2/Robot/install/proy_nexa_interface/share/ament_index/resource_index/package_run_dependencies/proy_nexa_interface
[2.562s] -- Up-to-date: /home/chen/repositorio2/Robot/install/proy_nexa_interface/share/ament_index/resource_index/parent_prefix_path/proy_nexa_interface
[2.564s] -- Up-to-date: /home/chen/repositorio2/Robot/install/proy_nexa_interface/share/proy_nexa_interface/environment/ament_prefix_path.sh
[2.564s] -- Up-to-date: /home/chen/repositorio2/Robot/install/proy_nexa_interface/share/proy_nexa_interface/environment/ament_prefix_path.dsv
[2.564s] -- Up-to-date: /home/chen/repositorio2/Robot/install/proy_nexa_interface/share/proy_nexa_interface/environment/path.sh
[2.565s] -- Up-to-date: /home/chen/repositorio2/Robot/install/proy_nexa_interface/share/proy_nexa_interface/environment/path.dsv
[2.565s] -- Up-to-date: /home/chen/repositorio2/Robot/install/proy_nexa_interface/share/proy_nexa_interface/local_setup.bash
[2.565s] -- Up-to-date: /home/chen/repositorio2/Robot/install/proy_nexa_interface/share/proy_nexa_interface/local_setup.sh
[2.566s] -- Up-to-date: /home/chen/repositorio2/Robot/install/proy_nexa_interface/share/proy_nexa_interface/local_setup.zsh
[2.566s] -- Up-to-date: /home/chen/repositorio2/Robot/install/proy_nexa_interface/share/proy_nexa_interface/local_setup.dsv
[2.566s] -- Installing: /home/chen/repositorio2/Robot/install/proy_nexa_interface/share/proy_nexa_interface/package.dsv
[2.567s] -- Up-to-date: /home/chen/repositorio2/Robot/install/proy_nexa_interface/share/ament_index/resource_index/packages/proy_nexa_interface
[2.567s] -- Up-to-date: /home/chen/repositorio2/Robot/install/proy_nexa_interface/share/proy_nexa_interface/cmake/proy_nexa_interface__rosidl_generator_cExport.cmake
[2.568s] -- Up-to-date: /home/chen/repositorio2/Robot/install/proy_nexa_interface/share/proy_nexa_interface/cmake/proy_nexa_interface__rosidl_generator_cExport-noconfig.cmake
[2.568s] -- Up-to-date: /home/chen/repositorio2/Robot/install/proy_nexa_interface/share/proy_nexa_interface/cmake/proy_nexa_interface__rosidl_typesupport_introspection_cExport.cmake
[2.569s] -- Up-to-date: /home/chen/repositorio2/Robot/install/proy_nexa_interface/share/proy_nexa_interface/cmake/proy_nexa_interface__rosidl_typesupport_introspection_cExport-noconfig.cmake
[2.572s] -- Up-to-date: /home/chen/repositorio2/Robot/install/proy_nexa_interface/share/proy_nexa_interface/cmake/proy_nexa_interface__rosidl_typesupport_cExport.cmake
[2.572s] -- Up-to-date: /home/chen/repositorio2/Robot/install/proy_nexa_interface/share/proy_nexa_interface/cmake/proy_nexa_interface__rosidl_typesupport_cExport-noconfig.cmake
[2.575s] -- Up-to-date: /home/chen/repositorio2/Robot/install/proy_nexa_interface/share/proy_nexa_interface/cmake/proy_nexa_interface__rosidl_generator_cppExport.cmake
[2.578s] -- Up-to-date: /home/chen/repositorio2/Robot/install/proy_nexa_interface/share/proy_nexa_interface/cmake/proy_nexa_interface__rosidl_typesupport_introspection_cppExport.cmake
[2.579s] -- Up-to-date: /home/chen/repositorio2/Robot/install/proy_nexa_interface/share/proy_nexa_interface/cmake/proy_nexa_interface__rosidl_typesupport_introspection_cppExport-noconfig.cmake
[2.580s] -- Up-to-date: /home/chen/repositorio2/Robot/install/proy_nexa_interface/share/proy_nexa_interface/cmake/proy_nexa_interface__rosidl_typesupport_cppExport.cmake
[2.581s] -- Up-to-date: /home/chen/repositorio2/Robot/install/proy_nexa_interface/share/proy_nexa_interface/cmake/proy_nexa_interface__rosidl_typesupport_cppExport-noconfig.cmake
[2.581s] -- Up-to-date: /home/chen/repositorio2/Robot/install/proy_nexa_interface/share/proy_nexa_interface/cmake/rosidl_cmake-extras.cmake
[2.581s] -- Up-to-date: /home/chen/repositorio2/Robot/install/proy_nexa_interface/share/proy_nexa_interface/cmake/ament_cmake_export_dependencies-extras.cmake
[2.583s] -- Up-to-date: /home/chen/repositorio2/Robot/install/proy_nexa_interface/share/proy_nexa_interface/cmake/ament_cmake_export_libraries-extras.cmake
[2.584s] -- Up-to-date: /home/chen/repositorio2/Robot/install/proy_nexa_interface/share/proy_nexa_interface/cmake/ament_cmake_export_targets-extras.cmake
[2.584s] -- Up-to-date: /home/chen/repositorio2/Robot/install/proy_nexa_interface/share/proy_nexa_interface/cmake/ament_cmake_export_include_directories-extras.cmake
[2.585s] -- Up-to-date: /home/chen/repositorio2/Robot/install/proy_nexa_interface/share/proy_nexa_interface/cmake/rosidl_cmake_export_typesupport_libraries-extras.cmake
[2.585s] -- Up-to-date: /home/chen/repositorio2/Robot/install/proy_nexa_interface/share/proy_nexa_interface/cmake/rosidl_cmake_export_typesupport_targets-extras.cmake
[2.585s] -- Up-to-date: /home/chen/repositorio2/Robot/install/proy_nexa_interface/share/proy_nexa_interface/cmake/proy_nexa_interfaceConfig.cmake
[2.586s] -- Up-to-date: /home/chen/repositorio2/Robot/install/proy_nexa_interface/share/proy_nexa_interface/cmake/proy_nexa_interfaceConfig-version.cmake
[2.597s] -- Up-to-date: /home/chen/repositorio2/Robot/install/proy_nexa_interface/share/proy_nexa_interface/package.xml
[3.358s] Invoked command in '/home/chen/repositorio2/Robot/build/proy_nexa_interface' returned '0': CMAKE_PREFIX_PATH=${CMAKE_PREFIX_PATH}://home/chen/repositorio2/Robot/install/proy_nexa_action://home/chen/repositorio2/Robot/install/proy_nexa_show_msg://home/chen/repositorio2/Robot/install/proy_nexa_service://home/chen/repositorio2/Robot/install/proy_nexa_provide_map://home/chen/repositorio2/Robot/install/proy_nexa_nav2_system://home/chen/repositorio2/Robot/install/proy_nexa_my_slam:/home/chen/turtlebot3_ws/install/show_msg:/home/chen/turtlebot3_ws/install/proy_nexa_show_msg:/home/chen/turtlebot3_ws/install/proy_nexa_service:/home/chen/turtlebot3_ws/install/provide_map:/home/chen/turtlebot3_ws/install/my_slam:/home/chen/turtlebot3_ws/install/my_nav2_system:/home/chen/turtlebot3_ws/install/my_first_subscriber:/home/chen/turtlebot3_ws/install/my_first_service:/home/chen/turtlebot3_ws/install/my_first_publisher:/home/chen/turtlebot3_ws/install/my_first_node:/home/chen/turtlebot3_ws/install/my_first_action:/home/chen/turtlebot3_ws/src/my_first_service/install/my_first_service:/opt/ros/galactic /usr/bin/cmake --install /home/chen/repositorio2/Robot/build/proy_nexa_interface
