[0.345s] Invoking command in '/home/chen/repositorio2/Robot/build/proy_nexa_interface': CMAKE_PREFIX_PATH=${CMAKE_PREFIX_PATH}:/home/chen/turtlebot3_ws/install/show_msg:/home/chen/turtlebot3_ws/install/proy_nexa_show_msg:/home/chen/turtlebot3_ws/install/proy_nexa_service:/home/chen/turtlebot3_ws/install/provide_map:/home/chen/turtlebot3_ws/install/my_slam:/home/chen/turtlebot3_ws/install/my_nav2_system:/home/chen/turtlebot3_ws/install/my_first_subscriber:/home/chen/turtlebot3_ws/install/my_first_service:/home/chen/turtlebot3_ws/install/my_first_publisher:/home/chen/turtlebot3_ws/install/my_first_node:/home/chen/turtlebot3_ws/install/my_first_action:/home/chen/turtlebot3_ws/src/my_first_service/install/my_first_service:/opt/ros/galactic /usr/bin/cmake --build /home/chen/repositorio2/Robot/build/proy_nexa_interface -- -j2 -l2
[0.642s] -- Found ament_cmake: 1.1.6 (/opt/ros/galactic/share/ament_cmake/cmake)
[0.708s] -- Found PythonInterp: /usr/bin/python3 (found suitable version "3.8.10", minimum required is "3") 
[0.709s] -- Using PYTHON_EXECUTABLE: /usr/bin/python3
[0.929s] -- Found rclcpp: 9.2.2 (/opt/ros/galactic/share/rclcpp/cmake)
[1.117s] -- Using all available rosidl_typesupport_c: rosidl_typesupport_fastrtps_c;rosidl_typesupport_introspection_c
[1.135s] -- Found rosidl_adapter: 2.2.3 (/opt/ros/galactic/share/rosidl_adapter/cmake)
[1.453s] -- Using all available rosidl_typesupport_cpp: rosidl_typesupport_fastrtps_cpp;rosidl_typesupport_introspection_cpp
[1.621s] -- Found rmw_implementation_cmake: 3.3.1 (/opt/ros/galactic/share/rmw_implementation_cmake/cmake)
[1.632s] -- Found rmw_cyclonedds_cpp: 0.22.6 (/opt/ros/galactic/share/rmw_cyclonedds_cpp/cmake)
[1.687s] -- Using RMW implementation 'rmw_cyclonedds_cpp' as default
[2.021s] -- Found rosidl_default_generators: 1.1.1 (/opt/ros/galactic/share/rosidl_default_generators/cmake)
[2.049s] -- Found ament_lint_auto: 0.10.7 (/opt/ros/galactic/share/ament_lint_auto/cmake)
[2.251s] -- Found PythonInterp: /usr/bin/python3 (found version "3.8.10") 
[2.665s] -- Found ament_cmake_ros: 0.9.2 (/opt/ros/galactic/share/ament_cmake_ros/cmake)
[2.962s] -- Using all available rosidl_typesupport_c: rosidl_typesupport_fastrtps_c;rosidl_typesupport_introspection_c
[3.043s] -- Using all available rosidl_typesupport_cpp: rosidl_typesupport_fastrtps_cpp;rosidl_typesupport_introspection_cpp
[3.107s] -- Found PythonInterp: /usr/bin/python3 (found suitable version "3.8.10", minimum required is "3.5") 
[3.114s] -- Found python_cmake_module: 0.8.1 (/opt/ros/galactic/share/python_cmake_module/cmake)
[3.176s] -- Using PYTHON_EXECUTABLE: /usr/bin/python3
[3.176s] -- Using PYTHON_INCLUDE_DIRS: /usr/include/python3.8
[3.176s] -- Using PYTHON_LIBRARIES: /usr/lib/x86_64-linux-gnu/libpython3.8.so
[3.282s] -- Added test 'copyright' to check source files copyright and LICENSE
[3.287s] -- Added test 'lint_cmake' to check CMake code style
[3.292s] -- Added test 'xmllint' to check XML markup files
[3.334s] -- Configuring done
[3.607s] -- Generating done
[3.614s] -- Build files have been written to: /home/chen/repositorio2/Robot/build/proy_nexa_interface
[3.661s] [35m[1mScanning dependencies of target proy_nexa_interface__cpp[0m
[3.667s] [  2%] [34m[1mGenerating C code for ROS interfaces[0m
[3.684s] [  4%] [34m[1mGenerating C++ code for ROS interfaces[0m
[4.738s] [  4%] Built target proy_nexa_interface__cpp
[4.759s] [  6%] [34m[1mGenerating C++ type support dispatch for ROS interfaces[0m
[4.837s] [35m[1mScanning dependencies of target proy_nexa_interface__rosidl_generator_c[0m
[4.897s] [  8%] [32mBuilding C object CMakeFiles/proy_nexa_interface__rosidl_generator_c.dir/rosidl_generator_c/proy_nexa_interface/msg/detail/distvel__functions.c.o[0m
[5.429s] [ 10%] [32mBuilding C object CMakeFiles/proy_nexa_interface__rosidl_generator_c.dir/rosidl_generator_c/proy_nexa_interface/srv/detail/my_move_msg__functions.c.o[0m
[5.510s] [ 12%] [32mBuilding C object CMakeFiles/proy_nexa_interface__rosidl_generator_c.dir/rosidl_generator_c/proy_nexa_interface/action/detail/move__functions.c.o[0m
[5.580s] [35m[1mScanning dependencies of target proy_nexa_interface__rosidl_typesupport_cpp[0m
[5.663s] [ 14%] [32mBuilding CXX object CMakeFiles/proy_nexa_interface__rosidl_typesupport_cpp.dir/rosidl_typesupport_cpp/proy_nexa_interface/msg/distvel__type_support.cpp.o[0m
[5.749s] [ 17%] [32m[1mLinking C shared library libproy_nexa_interface__rosidl_generator_c.so[0m
[5.921s] [ 17%] Built target proy_nexa_interface__rosidl_generator_c
[5.955s] [ 19%] [34m[1mGenerating C++ type support for eProsima Fast-RTPS[0m
[6.577s] [ 21%] [32mBuilding CXX object CMakeFiles/proy_nexa_interface__rosidl_typesupport_cpp.dir/rosidl_typesupport_cpp/proy_nexa_interface/srv/my_move_msg__type_support.cpp.o[0m
[6.813s] [35m[1mScanning dependencies of target proy_nexa_interface__rosidl_typesupport_fastrtps_cpp[0m
[6.854s] [ 23%] [32mBuilding CXX object CMakeFiles/proy_nexa_interface__rosidl_typesupport_fastrtps_cpp.dir/rosidl_typesupport_fastrtps_cpp/proy_nexa_interface/msg/detail/dds_fastrtps/distvel__type_support.cpp.o[0m
[7.085s] [ 25%] [32mBuilding CXX object CMakeFiles/proy_nexa_interface__rosidl_typesupport_cpp.dir/rosidl_typesupport_cpp/proy_nexa_interface/action/move__type_support.cpp.o[0m
[7.632s] [ 27%] [32mBuilding CXX object CMakeFiles/proy_nexa_interface__rosidl_typesupport_fastrtps_cpp.dir/rosidl_typesupport_fastrtps_cpp/proy_nexa_interface/srv/detail/dds_fastrtps/my_move_msg__type_support.cpp.o[0m
[8.009s] [ 29%] [32m[1mLinking CXX shared library libproy_nexa_interface__rosidl_typesupport_cpp.so[0m
[8.092s] [ 29%] Built target proy_nexa_interface__rosidl_typesupport_cpp
[8.126s] [ 31%] [34m[1mGenerating C introspection for ROS interfaces[0m
[8.400s] [ 34%] [32mBuilding CXX object CMakeFiles/proy_nexa_interface__rosidl_typesupport_fastrtps_cpp.dir/rosidl_typesupport_fastrtps_cpp/proy_nexa_interface/action/detail/dds_fastrtps/move__type_support.cpp.o[0m
[9.080s] [35m[1mScanning dependencies of target proy_nexa_interface__rosidl_typesupport_introspection_c[0m
[9.123s] [ 36%] [32mBuilding C object CMakeFiles/proy_nexa_interface__rosidl_typesupport_introspection_c.dir/rosidl_typesupport_introspection_c/proy_nexa_interface/msg/detail/distvel__type_support.c.o[0m
[9.179s] [ 38%] [32mBuilding C object CMakeFiles/proy_nexa_interface__rosidl_typesupport_introspection_c.dir/rosidl_typesupport_introspection_c/proy_nexa_interface/srv/detail/my_move_msg__type_support.c.o[0m
[9.244s] [ 40%] [32mBuilding C object CMakeFiles/proy_nexa_interface__rosidl_typesupport_introspection_c.dir/rosidl_typesupport_introspection_c/proy_nexa_interface/action/detail/move__type_support.c.o[0m
[9.319s] [ 42%] [32m[1mLinking C shared library libproy_nexa_interface__rosidl_typesupport_introspection_c.so[0m
[9.408s] [ 42%] Built target proy_nexa_interface__rosidl_typesupport_introspection_c
[9.435s] [ 44%] [34m[1mGenerating C++ introspection for ROS interfaces[0m
[9.734s] [ 46%] [32m[1mLinking CXX shared library libproy_nexa_interface__rosidl_typesupport_fastrtps_cpp.so[0m
[9.939s] [ 46%] Built target proy_nexa_interface__rosidl_typesupport_fastrtps_cpp
[9.959s] [ 48%] [34m[1mGenerating C type support dispatch for ROS interfaces[0m
[10.195s] [35m[1mScanning dependencies of target proy_nexa_interface__rosidl_typesupport_introspection_cpp[0m
[10.230s] [ 51%] [32mBuilding CXX object CMakeFiles/proy_nexa_interface__rosidl_typesupport_introspection_cpp.dir/rosidl_typesupport_introspection_cpp/proy_nexa_interface/msg/detail/distvel__type_support.cpp.o[0m
[10.560s] [35m[1mScanning dependencies of target proy_nexa_interface__rosidl_typesupport_c[0m
[10.617s] [ 53%] [32mBuilding CXX object CMakeFiles/proy_nexa_interface__rosidl_typesupport_c.dir/rosidl_typesupport_c/proy_nexa_interface/msg/distvel__type_support.cpp.o[0m
[10.691s] [ 55%] [32mBuilding CXX object CMakeFiles/proy_nexa_interface__rosidl_typesupport_c.dir/rosidl_typesupport_c/proy_nexa_interface/srv/my_move_msg__type_support.cpp.o[0m
[10.754s] [ 57%] [32mBuilding CXX object CMakeFiles/proy_nexa_interface__rosidl_typesupport_introspection_cpp.dir/rosidl_typesupport_introspection_cpp/proy_nexa_interface/srv/detail/my_move_msg__type_support.cpp.o[0m
[10.772s] [ 59%] [32mBuilding CXX object CMakeFiles/proy_nexa_interface__rosidl_typesupport_c.dir/rosidl_typesupport_c/proy_nexa_interface/action/move__type_support.cpp.o[0m
[10.864s] [ 61%] [32m[1mLinking CXX shared library libproy_nexa_interface__rosidl_typesupport_c.so[0m
[10.951s] [ 61%] Built target proy_nexa_interface__rosidl_typesupport_c
[10.974s] [ 63%] [34m[1mGenerating C type support for eProsima Fast-RTPS[0m
[11.266s] [ 65%] [32mBuilding CXX object CMakeFiles/proy_nexa_interface__rosidl_typesupport_introspection_cpp.dir/rosidl_typesupport_introspection_cpp/proy_nexa_interface/action/detail/move__type_support.cpp.o[0m
[11.823s] [35m[1mScanning dependencies of target proy_nexa_interface__rosidl_typesupport_fastrtps_c[0m
[11.862s] [ 68%] [32mBuilding CXX object CMakeFiles/proy_nexa_interface__rosidl_typesupport_fastrtps_c.dir/rosidl_typesupport_fastrtps_c/proy_nexa_interface/msg/detail/distvel__type_support_c.cpp.o[0m
[12.069s] [ 70%] [32m[1mLinking CXX shared library libproy_nexa_interface__rosidl_typesupport_introspection_cpp.so[0m
[12.218s] [ 70%] Built target proy_nexa_interface__rosidl_typesupport_introspection_cpp
[12.233s] [ 72%] [32mBuilding CXX object CMakeFiles/proy_nexa_interface__rosidl_typesupport_fastrtps_c.dir/rosidl_typesupport_fastrtps_c/proy_nexa_interface/srv/detail/my_move_msg__type_support_c.cpp.o[0m
[12.482s] [ 74%] [32mBuilding CXX object CMakeFiles/proy_nexa_interface__rosidl_typesupport_fastrtps_c.dir/rosidl_typesupport_fastrtps_c/proy_nexa_interface/action/detail/move__type_support_c.cpp.o[0m
[13.243s] [ 76%] [32m[1mLinking CXX shared library libproy_nexa_interface__rosidl_typesupport_fastrtps_c.so[0m
[13.384s] [ 76%] Built target proy_nexa_interface__rosidl_typesupport_fastrtps_c
[13.432s] [ 76%] Built target proy_nexa_interface
[13.452s] [35m[1mScanning dependencies of target proy_nexa_interface__py[0m
[13.478s] [ 78%] [34m[1mGenerating Python code for ROS interfaces[0m
[15.652s] [ 78%] Built target proy_nexa_interface__py
[15.691s] [35m[1mScanning dependencies of target proy_nexa_interface__python[0m
[15.725s] [ 80%] [32mBuilding C object CMakeFiles/proy_nexa_interface__python.dir/rosidl_generator_py/proy_nexa_interface/srv/_my_move_msg_s.c.o[0m
[15.726s] [ 82%] [32mBuilding C object CMakeFiles/proy_nexa_interface__python.dir/rosidl_generator_py/proy_nexa_interface/msg/_distvel_s.c.o[0m
[16.065s] [ 85%] [32mBuilding C object CMakeFiles/proy_nexa_interface__python.dir/rosidl_generator_py/proy_nexa_interface/action/_move_s.c.o[0m
[16.260s] [ 87%] [32m[1mLinking C shared library rosidl_generator_py/proy_nexa_interface/libproy_nexa_interface__python.so[0m
[16.351s] [ 87%] Built target proy_nexa_interface__python
[16.375s] [35m[1mScanning dependencies of target proy_nexa_interface__rosidl_typesupport_introspection_c__pyext[0m
[16.375s] [35m[1mScanning dependencies of target proy_nexa_interface__rosidl_typesupport_c__pyext[0m
[16.412s] [ 89%] [32mBuilding C object CMakeFiles/proy_nexa_interface__rosidl_typesupport_c__pyext.dir/rosidl_generator_py/proy_nexa_interface/_proy_nexa_interface_s.ep.rosidl_typesupport_c.c.o[0m
[16.416s] [ 91%] [32mBuilding C object CMakeFiles/proy_nexa_interface__rosidl_typesupport_introspection_c__pyext.dir/rosidl_generator_py/proy_nexa_interface/_proy_nexa_interface_s.ep.rosidl_typesupport_introspection_c.c.o[0m
[16.639s] [ 93%] [32m[1mLinking C shared library rosidl_generator_py/proy_nexa_interface/proy_nexa_interface_s__rosidl_typesupport_c.cpython-38-x86_64-linux-gnu.so[0m
[16.649s] [ 95%] [32m[1mLinking C shared library rosidl_generator_py/proy_nexa_interface/proy_nexa_interface_s__rosidl_typesupport_introspection_c.cpython-38-x86_64-linux-gnu.so[0m
[16.702s] [ 95%] Built target proy_nexa_interface__rosidl_typesupport_c__pyext
[16.708s] [ 95%] Built target proy_nexa_interface__rosidl_typesupport_introspection_c__pyext
[16.727s] [35m[1mScanning dependencies of target proy_nexa_interface__rosidl_typesupport_fastrtps_c__pyext[0m
[16.762s] [ 97%] [32mBuilding C object CMakeFiles/proy_nexa_interface__rosidl_typesupport_fastrtps_c__pyext.dir/rosidl_generator_py/proy_nexa_interface/_proy_nexa_interface_s.ep.rosidl_typesupport_fastrtps_c.c.o[0m
[16.936s] [100%] [32m[1mLinking CXX shared library rosidl_generator_py/proy_nexa_interface/proy_nexa_interface_s__rosidl_typesupport_fastrtps_c.cpython-38-x86_64-linux-gnu.so[0m
[17.055s] [100%] Built target proy_nexa_interface__rosidl_typesupport_fastrtps_c__pyext
[17.079s] Invoked command in '/home/chen/repositorio2/Robot/build/proy_nexa_interface' returned '0': CMAKE_PREFIX_PATH=${CMAKE_PREFIX_PATH}:/home/chen/turtlebot3_ws/install/show_msg:/home/chen/turtlebot3_ws/install/proy_nexa_show_msg:/home/chen/turtlebot3_ws/install/proy_nexa_service:/home/chen/turtlebot3_ws/install/provide_map:/home/chen/turtlebot3_ws/install/my_slam:/home/chen/turtlebot3_ws/install/my_nav2_system:/home/chen/turtlebot3_ws/install/my_first_subscriber:/home/chen/turtlebot3_ws/install/my_first_service:/home/chen/turtlebot3_ws/install/my_first_publisher:/home/chen/turtlebot3_ws/install/my_first_node:/home/chen/turtlebot3_ws/install/my_first_action:/home/chen/turtlebot3_ws/src/my_first_service/install/my_first_service:/opt/ros/galactic /usr/bin/cmake --build /home/chen/repositorio2/Robot/build/proy_nexa_interface -- -j2 -l2
[17.297s] Invoking command in '/home/chen/repositorio2/Robot/build/proy_nexa_interface': CMAKE_PREFIX_PATH=${CMAKE_PREFIX_PATH}:/home/chen/turtlebot3_ws/install/show_msg:/home/chen/turtlebot3_ws/install/proy_nexa_show_msg:/home/chen/turtlebot3_ws/install/proy_nexa_service:/home/chen/turtlebot3_ws/install/provide_map:/home/chen/turtlebot3_ws/install/my_slam:/home/chen/turtlebot3_ws/install/my_nav2_system:/home/chen/turtlebot3_ws/install/my_first_subscriber:/home/chen/turtlebot3_ws/install/my_first_service:/home/chen/turtlebot3_ws/install/my_first_publisher:/home/chen/turtlebot3_ws/install/my_first_node:/home/chen/turtlebot3_ws/install/my_first_action:/home/chen/turtlebot3_ws/src/my_first_service/install/my_first_service:/opt/ros/galactic /usr/bin/cmake --install /home/chen/repositorio2/Robot/build/proy_nexa_interface
[17.312s] -- Install configuration: ""
[17.314s] -- Installing: /home/chen/repositorio2/Robot/install/proy_nexa_interface/share/ament_index/resource_index/rosidl_interfaces/proy_nexa_interface
[17.317s] -- Up-to-date: /home/chen/repositorio2/Robot/install/proy_nexa_interface/include/proy_nexa_interface
[17.318s] -- Up-to-date: /home/chen/repositorio2/Robot/install/proy_nexa_interface/include/proy_nexa_interface/msg
[17.320s] -- Installing: /home/chen/repositorio2/Robot/install/proy_nexa_interface/include/proy_nexa_interface/msg/distvel.h
[17.321s] -- Up-to-date: /home/chen/repositorio2/Robot/install/proy_nexa_interface/include/proy_nexa_interface/msg/detail
[17.322s] -- Installing: /home/chen/repositorio2/Robot/install/proy_nexa_interface/include/proy_nexa_interface/msg/detail/distvel__type_support.h
[17.323s] -- Installing: /home/chen/repositorio2/Robot/install/proy_nexa_interface/include/proy_nexa_interface/msg/detail/distvel__functions.h
[17.324s] -- Installing: /home/chen/repositorio2/Robot/install/proy_nexa_interface/include/proy_nexa_interface/msg/detail/distvel__struct.h
[17.325s] -- Installing: /home/chen/repositorio2/Robot/install/proy_nexa_interface/include/proy_nexa_interface/msg/detail/distvel__functions.c
[17.325s] -- Up-to-date: /home/chen/repositorio2/Robot/install/proy_nexa_interface/include/proy_nexa_interface/msg/rosidl_generator_c__visibility_control.h
[17.326s] -- Installing: /home/chen/repositorio2/Robot/install/proy_nexa_interface/include/proy_nexa_interface/action
[17.327s] -- Installing: /home/chen/repositorio2/Robot/install/proy_nexa_interface/include/proy_nexa_interface/action/detail
[17.327s] -- Installing: /home/chen/repositorio2/Robot/install/proy_nexa_interface/include/proy_nexa_interface/action/detail/move__functions.c
[17.328s] -- Installing: /home/chen/repositorio2/Robot/install/proy_nexa_interface/include/proy_nexa_interface/action/detail/move__struct.h
[17.328s] -- Installing: /home/chen/repositorio2/Robot/install/proy_nexa_interface/include/proy_nexa_interface/action/detail/move__type_support.h
[17.329s] -- Installing: /home/chen/repositorio2/Robot/install/proy_nexa_interface/include/proy_nexa_interface/action/detail/move__functions.h
[17.330s] -- Installing: /home/chen/repositorio2/Robot/install/proy_nexa_interface/include/proy_nexa_interface/action/move.h
[17.330s] -- Up-to-date: /home/chen/repositorio2/Robot/install/proy_nexa_interface/include/proy_nexa_interface/srv
[17.332s] -- Installing: /home/chen/repositorio2/Robot/install/proy_nexa_interface/include/proy_nexa_interface/srv/my_move_msg.h
[17.332s] -- Up-to-date: /home/chen/repositorio2/Robot/install/proy_nexa_interface/include/proy_nexa_interface/srv/detail
[17.335s] -- Installing: /home/chen/repositorio2/Robot/install/proy_nexa_interface/include/proy_nexa_interface/srv/detail/my_move_msg__type_support.h
[17.336s] -- Installing: /home/chen/repositorio2/Robot/install/proy_nexa_interface/include/proy_nexa_interface/srv/detail/my_move_msg__struct.h
[17.338s] -- Installing: /home/chen/repositorio2/Robot/install/proy_nexa_interface/include/proy_nexa_interface/srv/detail/my_move_msg__functions.h
[17.338s] -- Installing: /home/chen/repositorio2/Robot/install/proy_nexa_interface/include/proy_nexa_interface/srv/detail/my_move_msg__functions.c
[17.343s] -- Up-to-date: /home/chen/repositorio2/Robot/install/proy_nexa_interface/share/proy_nexa_interface/environment/library_path.sh
[17.343s] -- Installing: /home/chen/repositorio2/Robot/install/proy_nexa_interface/share/proy_nexa_interface/environment/library_path.dsv
[17.348s] -- Installing: /home/chen/repositorio2/Robot/install/proy_nexa_interface/lib/libproy_nexa_interface__rosidl_generator_c.so
[17.350s] -- Set runtime path of "/home/chen/repositorio2/Robot/install/proy_nexa_interface/lib/libproy_nexa_interface__rosidl_generator_c.so" to ""
[17.352s] -- Up-to-date: /home/chen/repositorio2/Robot/install/proy_nexa_interface/include/proy_nexa_interface
[17.352s] -- Up-to-date: /home/chen/repositorio2/Robot/install/proy_nexa_interface/include/proy_nexa_interface/msg
[17.352s] -- Up-to-date: /home/chen/repositorio2/Robot/install/proy_nexa_interface/include/proy_nexa_interface/msg/rosidl_typesupport_fastrtps_c__visibility_control.h
[17.352s] -- Up-to-date: /home/chen/repositorio2/Robot/install/proy_nexa_interface/include/proy_nexa_interface/msg/detail
[17.352s] -- Installing: /home/chen/repositorio2/Robot/install/proy_nexa_interface/include/proy_nexa_interface/msg/detail/distvel__rosidl_typesupport_fastrtps_c.h
[17.353s] -- Up-to-date: /home/chen/repositorio2/Robot/install/proy_nexa_interface/include/proy_nexa_interface/action
[17.354s] -- Up-to-date: /home/chen/repositorio2/Robot/install/proy_nexa_interface/include/proy_nexa_interface/action/detail
[17.354s] -- Installing: /home/chen/repositorio2/Robot/install/proy_nexa_interface/include/proy_nexa_interface/action/detail/move__rosidl_typesupport_fastrtps_c.h
[17.354s] -- Up-to-date: /home/chen/repositorio2/Robot/install/proy_nexa_interface/include/proy_nexa_interface/srv
[17.354s] -- Up-to-date: /home/chen/repositorio2/Robot/install/proy_nexa_interface/include/proy_nexa_interface/srv/detail
[17.355s] -- Installing: /home/chen/repositorio2/Robot/install/proy_nexa_interface/include/proy_nexa_interface/srv/detail/my_move_msg__rosidl_typesupport_fastrtps_c.h
[17.359s] -- Installing: /home/chen/repositorio2/Robot/install/proy_nexa_interface/lib/libproy_nexa_interface__rosidl_typesupport_fastrtps_c.so
[17.362s] -- Set runtime path of "/home/chen/repositorio2/Robot/install/proy_nexa_interface/lib/libproy_nexa_interface__rosidl_typesupport_fastrtps_c.so" to ""
[17.363s] -- Up-to-date: /home/chen/repositorio2/Robot/install/proy_nexa_interface/include/proy_nexa_interface
[17.363s] -- Up-to-date: /home/chen/repositorio2/Robot/install/proy_nexa_interface/include/proy_nexa_interface/msg
[17.363s] -- Up-to-date: /home/chen/repositorio2/Robot/install/proy_nexa_interface/include/proy_nexa_interface/msg/rosidl_typesupport_fastrtps_cpp__visibility_control.h
[17.364s] -- Up-to-date: /home/chen/repositorio2/Robot/install/proy_nexa_interface/include/proy_nexa_interface/msg/detail
[17.364s] -- Installing: /home/chen/repositorio2/Robot/install/proy_nexa_interface/include/proy_nexa_interface/msg/detail/distvel__rosidl_typesupport_fastrtps_cpp.hpp
[17.364s] -- Up-to-date: /home/chen/repositorio2/Robot/install/proy_nexa_interface/include/proy_nexa_interface/msg/detail/dds_fastrtps
[17.364s] -- Up-to-date: /home/chen/repositorio2/Robot/install/proy_nexa_interface/include/proy_nexa_interface/action
[17.364s] -- Up-to-date: /home/chen/repositorio2/Robot/install/proy_nexa_interface/include/proy_nexa_interface/action/detail
[17.365s] -- Installing: /home/chen/repositorio2/Robot/install/proy_nexa_interface/include/proy_nexa_interface/action/detail/dds_fastrtps
[17.365s] -- Installing: /home/chen/repositorio2/Robot/install/proy_nexa_interface/include/proy_nexa_interface/action/detail/move__rosidl_typesupport_fastrtps_cpp.hpp
[17.366s] -- Up-to-date: /home/chen/repositorio2/Robot/install/proy_nexa_interface/include/proy_nexa_interface/srv
[17.366s] -- Up-to-date: /home/chen/repositorio2/Robot/install/proy_nexa_interface/include/proy_nexa_interface/srv/detail
[17.366s] -- Installing: /home/chen/repositorio2/Robot/install/proy_nexa_interface/include/proy_nexa_interface/srv/detail/my_move_msg__rosidl_typesupport_fastrtps_cpp.hpp
[17.366s] -- Up-to-date: /home/chen/repositorio2/Robot/install/proy_nexa_interface/include/proy_nexa_interface/srv/detail/dds_fastrtps
[17.370s] -- Installing: /home/chen/repositorio2/Robot/install/proy_nexa_interface/lib/libproy_nexa_interface__rosidl_typesupport_fastrtps_cpp.so
[17.373s] -- Set runtime path of "/home/chen/repositorio2/Robot/install/proy_nexa_interface/lib/libproy_nexa_interface__rosidl_typesupport_fastrtps_cpp.so" to ""
[17.376s] -- Up-to-date: /home/chen/repositorio2/Robot/install/proy_nexa_interface/include/proy_nexa_interface
[17.377s] -- Up-to-date: /home/chen/repositorio2/Robot/install/proy_nexa_interface/include/proy_nexa_interface/msg
[17.377s] -- Up-to-date: /home/chen/repositorio2/Robot/install/proy_nexa_interface/include/proy_nexa_interface/msg/rosidl_typesupport_introspection_c__visibility_control.h
[17.378s] -- Up-to-date: /home/chen/repositorio2/Robot/install/proy_nexa_interface/include/proy_nexa_interface/msg/detail
[17.378s] -- Installing: /home/chen/repositorio2/Robot/install/proy_nexa_interface/include/proy_nexa_interface/msg/detail/distvel__type_support.c
[17.378s] -- Installing: /home/chen/repositorio2/Robot/install/proy_nexa_interface/include/proy_nexa_interface/msg/detail/distvel__rosidl_typesupport_introspection_c.h
[17.379s] -- Up-to-date: /home/chen/repositorio2/Robot/install/proy_nexa_interface/include/proy_nexa_interface/action
[17.379s] -- Up-to-date: /home/chen/repositorio2/Robot/install/proy_nexa_interface/include/proy_nexa_interface/action/detail
[17.379s] -- Installing: /home/chen/repositorio2/Robot/install/proy_nexa_interface/include/proy_nexa_interface/action/detail/move__type_support.c
[17.380s] -- Installing: /home/chen/repositorio2/Robot/install/proy_nexa_interface/include/proy_nexa_interface/action/detail/move__rosidl_typesupport_introspection_c.h
[17.380s] -- Up-to-date: /home/chen/repositorio2/Robot/install/proy_nexa_interface/include/proy_nexa_interface/srv
[17.380s] -- Up-to-date: /home/chen/repositorio2/Robot/install/proy_nexa_interface/include/proy_nexa_interface/srv/detail
[17.380s] -- Installing: /home/chen/repositorio2/Robot/install/proy_nexa_interface/include/proy_nexa_interface/srv/detail/my_move_msg__rosidl_typesupport_introspection_c.h
[17.380s] -- Installing: /home/chen/repositorio2/Robot/install/proy_nexa_interface/include/proy_nexa_interface/srv/detail/my_move_msg__type_support.c
[17.382s] -- Installing: /home/chen/repositorio2/Robot/install/proy_nexa_interface/lib/libproy_nexa_interface__rosidl_typesupport_introspection_c.so
[17.383s] -- Set runtime path of "/home/chen/repositorio2/Robot/install/proy_nexa_interface/lib/libproy_nexa_interface__rosidl_typesupport_introspection_c.so" to ""
[17.386s] -- Installing: /home/chen/repositorio2/Robot/install/proy_nexa_interface/lib/libproy_nexa_interface__rosidl_typesupport_c.so
[17.388s] -- Set runtime path of "/home/chen/repositorio2/Robot/install/proy_nexa_interface/lib/libproy_nexa_interface__rosidl_typesupport_c.so" to ""
[17.388s] -- Up-to-date: /home/chen/repositorio2/Robot/install/proy_nexa_interface/include/proy_nexa_interface
[17.390s] -- Up-to-date: /home/chen/repositorio2/Robot/install/proy_nexa_interface/include/proy_nexa_interface/msg
[17.391s] -- Installing: /home/chen/repositorio2/Robot/install/proy_nexa_interface/include/proy_nexa_interface/msg/distvel.hpp
[17.392s] -- Up-to-date: /home/chen/repositorio2/Robot/install/proy_nexa_interface/include/proy_nexa_interface/msg/detail
[17.393s] -- Installing: /home/chen/repositorio2/Robot/install/proy_nexa_interface/include/proy_nexa_interface/msg/detail/distvel__builder.hpp
[17.393s] -- Installing: /home/chen/repositorio2/Robot/install/proy_nexa_interface/include/proy_nexa_interface/msg/detail/distvel__struct.hpp
[17.394s] -- Installing: /home/chen/repositorio2/Robot/install/proy_nexa_interface/include/proy_nexa_interface/msg/detail/distvel__traits.hpp
[17.395s] -- Up-to-date: /home/chen/repositorio2/Robot/install/proy_nexa_interface/include/proy_nexa_interface/action
[17.395s] -- Up-to-date: /home/chen/repositorio2/Robot/install/proy_nexa_interface/include/proy_nexa_interface/action/detail
[17.396s] -- Installing: /home/chen/repositorio2/Robot/install/proy_nexa_interface/include/proy_nexa_interface/action/detail/move__builder.hpp
[17.396s] -- Installing: /home/chen/repositorio2/Robot/install/proy_nexa_interface/include/proy_nexa_interface/action/detail/move__traits.hpp
[17.396s] -- Installing: /home/chen/repositorio2/Robot/install/proy_nexa_interface/include/proy_nexa_interface/action/detail/move__struct.hpp
[17.396s] -- Installing: /home/chen/repositorio2/Robot/install/proy_nexa_interface/include/proy_nexa_interface/action/move.hpp
[17.397s] -- Up-to-date: /home/chen/repositorio2/Robot/install/proy_nexa_interface/include/proy_nexa_interface/srv
[17.397s] -- Installing: /home/chen/repositorio2/Robot/install/proy_nexa_interface/include/proy_nexa_interface/srv/my_move_msg.hpp
[17.397s] -- Up-to-date: /home/chen/repositorio2/Robot/install/proy_nexa_interface/include/proy_nexa_interface/srv/detail
[17.397s] -- Installing: /home/chen/repositorio2/Robot/install/proy_nexa_interface/include/proy_nexa_interface/srv/detail/my_move_msg__builder.hpp
[17.398s] -- Installing: /home/chen/repositorio2/Robot/install/proy_nexa_interface/include/proy_nexa_interface/srv/detail/my_move_msg__struct.hpp
[17.398s] -- Installing: /home/chen/repositorio2/Robot/install/proy_nexa_interface/include/proy_nexa_interface/srv/detail/my_move_msg__traits.hpp
[17.398s] -- Up-to-date: /home/chen/repositorio2/Robot/install/proy_nexa_interface/include/proy_nexa_interface
[17.398s] -- Up-to-date: /home/chen/repositorio2/Robot/install/proy_nexa_interface/include/proy_nexa_interface/msg
[17.399s] -- Up-to-date: /home/chen/repositorio2/Robot/install/proy_nexa_interface/include/proy_nexa_interface/msg/detail
[17.399s] -- Installing: /home/chen/repositorio2/Robot/install/proy_nexa_interface/include/proy_nexa_interface/msg/detail/distvel__type_support.cpp
[17.399s] -- Installing: /home/chen/repositorio2/Robot/install/proy_nexa_interface/include/proy_nexa_interface/msg/detail/distvel__rosidl_typesupport_introspection_cpp.hpp
[17.399s] -- Up-to-date: /home/chen/repositorio2/Robot/install/proy_nexa_interface/include/proy_nexa_interface/action
[17.399s] -- Up-to-date: /home/chen/repositorio2/Robot/install/proy_nexa_interface/include/proy_nexa_interface/action/detail
[17.399s] -- Installing: /home/chen/repositorio2/Robot/install/proy_nexa_interface/include/proy_nexa_interface/action/detail/move__type_support.cpp
[17.399s] -- Installing: /home/chen/repositorio2/Robot/install/proy_nexa_interface/include/proy_nexa_interface/action/detail/move__rosidl_typesupport_introspection_cpp.hpp
[17.400s] -- Up-to-date: /home/chen/repositorio2/Robot/install/proy_nexa_interface/include/proy_nexa_interface/srv
[17.400s] -- Up-to-date: /home/chen/repositorio2/Robot/install/proy_nexa_interface/include/proy_nexa_interface/srv/detail
[17.400s] -- Installing: /home/chen/repositorio2/Robot/install/proy_nexa_interface/include/proy_nexa_interface/srv/detail/my_move_msg__type_support.cpp
[17.400s] -- Installing: /home/chen/repositorio2/Robot/install/proy_nexa_interface/include/proy_nexa_interface/srv/detail/my_move_msg__rosidl_typesupport_introspection_cpp.hpp
[17.402s] -- Installing: /home/chen/repositorio2/Robot/install/proy_nexa_interface/lib/libproy_nexa_interface__rosidl_typesupport_introspection_cpp.so
[17.403s] -- Set runtime path of "/home/chen/repositorio2/Robot/install/proy_nexa_interface/lib/libproy_nexa_interface__rosidl_typesupport_introspection_cpp.so" to ""
[17.406s] -- Installing: /home/chen/repositorio2/Robot/install/proy_nexa_interface/lib/libproy_nexa_interface__rosidl_typesupport_cpp.so
[17.407s] -- Set runtime path of "/home/chen/repositorio2/Robot/install/proy_nexa_interface/lib/libproy_nexa_interface__rosidl_typesupport_cpp.so" to ""
[17.407s] -- Up-to-date: /home/chen/repositorio2/Robot/install/proy_nexa_interface/share/proy_nexa_interface/environment/pythonpath.sh
[17.408s] -- Installing: /home/chen/repositorio2/Robot/install/proy_nexa_interface/share/proy_nexa_interface/environment/pythonpath.dsv
[17.411s] -- Installing: /home/chen/repositorio2/Robot/install/proy_nexa_interface/lib/python3.8/site-packages/proy_nexa_interface/__init__.py
[17.481s] Compiling '/home/chen/repositorio2/Robot/install/proy_nexa_interface/lib/python3.8/site-packages/proy_nexa_interface/__init__.py'...
[17.489s] -- Up-to-date: /home/chen/repositorio2/Robot/install/proy_nexa_interface/lib/python3.8/site-packages/proy_nexa_interface/msg
[17.491s] -- Installing: /home/chen/repositorio2/Robot/install/proy_nexa_interface/lib/python3.8/site-packages/proy_nexa_interface/msg/_distvel_s.c
[17.491s] -- Installing: /home/chen/repositorio2/Robot/install/proy_nexa_interface/lib/python3.8/site-packages/proy_nexa_interface/msg/__init__.py
[17.492s] -- Installing: /home/chen/repositorio2/Robot/install/proy_nexa_interface/lib/python3.8/site-packages/proy_nexa_interface/msg/_distvel.py
[17.492s] -- Up-to-date: /home/chen/repositorio2/Robot/install/proy_nexa_interface/lib/python3.8/site-packages/proy_nexa_interface/srv
[17.493s] -- Installing: /home/chen/repositorio2/Robot/install/proy_nexa_interface/lib/python3.8/site-packages/proy_nexa_interface/srv/_my_move_msg_s.c
[17.493s] -- Installing: /home/chen/repositorio2/Robot/install/proy_nexa_interface/lib/python3.8/site-packages/proy_nexa_interface/srv/__init__.py
[17.493s] -- Installing: /home/chen/repositorio2/Robot/install/proy_nexa_interface/lib/python3.8/site-packages/proy_nexa_interface/srv/_my_move_msg.py
[17.494s] -- Installing: /home/chen/repositorio2/Robot/install/proy_nexa_interface/lib/python3.8/site-packages/proy_nexa_interface/action
[17.494s] -- Installing: /home/chen/repositorio2/Robot/install/proy_nexa_interface/lib/python3.8/site-packages/proy_nexa_interface/action/_move_s.c
[17.495s] -- Installing: /home/chen/repositorio2/Robot/install/proy_nexa_interface/lib/python3.8/site-packages/proy_nexa_interface/action/_move.py
[17.495s] -- Installing: /home/chen/repositorio2/Robot/install/proy_nexa_interface/lib/python3.8/site-packages/proy_nexa_interface/action/__init__.py
[17.499s] -- Installing: /home/chen/repositorio2/Robot/install/proy_nexa_interface/lib/python3.8/site-packages/proy_nexa_interface/proy_nexa_interface_s__rosidl_typesupport_fastrtps_c.cpython-38-x86_64-linux-gnu.so
[17.500s] -- Set runtime path of "/home/chen/repositorio2/Robot/install/proy_nexa_interface/lib/python3.8/site-packages/proy_nexa_interface/proy_nexa_interface_s__rosidl_typesupport_fastrtps_c.cpython-38-x86_64-linux-gnu.so" to ""
[17.505s] -- Installing: /home/chen/repositorio2/Robot/install/proy_nexa_interface/lib/python3.8/site-packages/proy_nexa_interface/proy_nexa_interface_s__rosidl_typesupport_introspection_c.cpython-38-x86_64-linux-gnu.so
[17.506s] -- Set runtime path of "/home/chen/repositorio2/Robot/install/proy_nexa_interface/lib/python3.8/site-packages/proy_nexa_interface/proy_nexa_interface_s__rosidl_typesupport_introspection_c.cpython-38-x86_64-linux-gnu.so" to ""
[17.510s] -- Installing: /home/chen/repositorio2/Robot/install/proy_nexa_interface/lib/python3.8/site-packages/proy_nexa_interface/proy_nexa_interface_s__rosidl_typesupport_c.cpython-38-x86_64-linux-gnu.so
[17.511s] -- Set runtime path of "/home/chen/repositorio2/Robot/install/proy_nexa_interface/lib/python3.8/site-packages/proy_nexa_interface/proy_nexa_interface_s__rosidl_typesupport_c.cpython-38-x86_64-linux-gnu.so" to ""
[17.515s] -- Installing: /home/chen/repositorio2/Robot/install/proy_nexa_interface/lib/libproy_nexa_interface__python.so
[17.516s] -- Set runtime path of "/home/chen/repositorio2/Robot/install/proy_nexa_interface/lib/libproy_nexa_interface__python.so" to ""
[17.517s] -- Up-to-date: /home/chen/repositorio2/Robot/install/proy_nexa_interface/share/proy_nexa_interface/msg/Distvel.idl
[17.520s] -- Up-to-date: /home/chen/repositorio2/Robot/install/proy_nexa_interface/share/proy_nexa_interface/srv/MyMoveMsg.idl
[17.520s] -- Installing: /home/chen/repositorio2/Robot/install/proy_nexa_interface/share/proy_nexa_interface/action/Move.idl
[17.521s] -- Up-to-date: /home/chen/repositorio2/Robot/install/proy_nexa_interface/share/proy_nexa_interface/msg/Distvel.msg
[17.521s] -- Up-to-date: /home/chen/repositorio2/Robot/install/proy_nexa_interface/share/proy_nexa_interface/srv/MyMoveMsg.srv
[17.521s] -- Up-to-date: /home/chen/repositorio2/Robot/install/proy_nexa_interface/share/proy_nexa_interface/srv/MyMoveMsg_Request.msg
[17.521s] -- Up-to-date: /home/chen/repositorio2/Robot/install/proy_nexa_interface/share/proy_nexa_interface/srv/MyMoveMsg_Response.msg
[17.521s] -- Installing: /home/chen/repositorio2/Robot/install/proy_nexa_interface/share/proy_nexa_interface/action/Move.action
[17.522s] -- Up-to-date: /home/chen/repositorio2/Robot/install/proy_nexa_interface/share/ament_index/resource_index/package_run_dependencies/proy_nexa_interface
[17.523s] -- Installing: /home/chen/repositorio2/Robot/install/proy_nexa_interface/share/ament_index/resource_index/parent_prefix_path/proy_nexa_interface
[17.524s] -- Up-to-date: /home/chen/repositorio2/Robot/install/proy_nexa_interface/share/proy_nexa_interface/environment/ament_prefix_path.sh
[17.525s] -- Installing: /home/chen/repositorio2/Robot/install/proy_nexa_interface/share/proy_nexa_interface/environment/ament_prefix_path.dsv
[17.525s] -- Up-to-date: /home/chen/repositorio2/Robot/install/proy_nexa_interface/share/proy_nexa_interface/environment/path.sh
[17.525s] -- Installing: /home/chen/repositorio2/Robot/install/proy_nexa_interface/share/proy_nexa_interface/environment/path.dsv
[17.526s] -- Up-to-date: /home/chen/repositorio2/Robot/install/proy_nexa_interface/share/proy_nexa_interface/local_setup.bash
[17.526s] -- Up-to-date: /home/chen/repositorio2/Robot/install/proy_nexa_interface/share/proy_nexa_interface/local_setup.sh
[17.526s] -- Up-to-date: /home/chen/repositorio2/Robot/install/proy_nexa_interface/share/proy_nexa_interface/local_setup.zsh
[17.526s] -- Installing: /home/chen/repositorio2/Robot/install/proy_nexa_interface/share/proy_nexa_interface/local_setup.dsv
[17.527s] -- Installing: /home/chen/repositorio2/Robot/install/proy_nexa_interface/share/proy_nexa_interface/package.dsv
[17.528s] -- Up-to-date: /home/chen/repositorio2/Robot/install/proy_nexa_interface/share/ament_index/resource_index/packages/proy_nexa_interface
[17.530s] -- Old export file "/home/chen/repositorio2/Robot/install/proy_nexa_interface/share/proy_nexa_interface/cmake/proy_nexa_interface__rosidl_generator_cExport.cmake" will be replaced.  Removing files [/home/chen/repositorio2/Robot/install/proy_nexa_interface/share/proy_nexa_interface/cmake/proy_nexa_interface__rosidl_generator_cExport-noconfig.cmake].
[17.530s] -- Installing: /home/chen/repositorio2/Robot/install/proy_nexa_interface/share/proy_nexa_interface/cmake/proy_nexa_interface__rosidl_generator_cExport.cmake
[17.530s] -- Installing: /home/chen/repositorio2/Robot/install/proy_nexa_interface/share/proy_nexa_interface/cmake/proy_nexa_interface__rosidl_generator_cExport-noconfig.cmake
[17.531s] -- Old export file "/home/chen/repositorio2/Robot/install/proy_nexa_interface/share/proy_nexa_interface/cmake/proy_nexa_interface__rosidl_typesupport_introspection_cExport.cmake" will be replaced.  Removing files [/home/chen/repositorio2/Robot/install/proy_nexa_interface/share/proy_nexa_interface/cmake/proy_nexa_interface__rosidl_typesupport_introspection_cExport-noconfig.cmake].
[17.532s] -- Installing: /home/chen/repositorio2/Robot/install/proy_nexa_interface/share/proy_nexa_interface/cmake/proy_nexa_interface__rosidl_typesupport_introspection_cExport.cmake
[17.532s] -- Installing: /home/chen/repositorio2/Robot/install/proy_nexa_interface/share/proy_nexa_interface/cmake/proy_nexa_interface__rosidl_typesupport_introspection_cExport-noconfig.cmake
[17.532s] -- Old export file "/home/chen/repositorio2/Robot/install/proy_nexa_interface/share/proy_nexa_interface/cmake/proy_nexa_interface__rosidl_typesupport_cExport.cmake" will be replaced.  Removing files [/home/chen/repositorio2/Robot/install/proy_nexa_interface/share/proy_nexa_interface/cmake/proy_nexa_interface__rosidl_typesupport_cExport-noconfig.cmake].
[17.533s] -- Installing: /home/chen/repositorio2/Robot/install/proy_nexa_interface/share/proy_nexa_interface/cmake/proy_nexa_interface__rosidl_typesupport_cExport.cmake
[17.533s] -- Installing: /home/chen/repositorio2/Robot/install/proy_nexa_interface/share/proy_nexa_interface/cmake/proy_nexa_interface__rosidl_typesupport_cExport-noconfig.cmake
[17.534s] -- Installing: /home/chen/repositorio2/Robot/install/proy_nexa_interface/share/proy_nexa_interface/cmake/proy_nexa_interface__rosidl_generator_cppExport.cmake
[17.535s] -- Old export file "/home/chen/repositorio2/Robot/install/proy_nexa_interface/share/proy_nexa_interface/cmake/proy_nexa_interface__rosidl_typesupport_introspection_cppExport.cmake" will be replaced.  Removing files [/home/chen/repositorio2/Robot/install/proy_nexa_interface/share/proy_nexa_interface/cmake/proy_nexa_interface__rosidl_typesupport_introspection_cppExport-noconfig.cmake].
[17.535s] -- Installing: /home/chen/repositorio2/Robot/install/proy_nexa_interface/share/proy_nexa_interface/cmake/proy_nexa_interface__rosidl_typesupport_introspection_cppExport.cmake
[17.535s] -- Installing: /home/chen/repositorio2/Robot/install/proy_nexa_interface/share/proy_nexa_interface/cmake/proy_nexa_interface__rosidl_typesupport_introspection_cppExport-noconfig.cmake
[17.536s] -- Old export file "/home/chen/repositorio2/Robot/install/proy_nexa_interface/share/proy_nexa_interface/cmake/proy_nexa_interface__rosidl_typesupport_cppExport.cmake" will be replaced.  Removing files [/home/chen/repositorio2/Robot/install/proy_nexa_interface/share/proy_nexa_interface/cmake/proy_nexa_interface__rosidl_typesupport_cppExport-noconfig.cmake].
[17.536s] -- Installing: /home/chen/repositorio2/Robot/install/proy_nexa_interface/share/proy_nexa_interface/cmake/proy_nexa_interface__rosidl_typesupport_cppExport.cmake
[17.537s] -- Installing: /home/chen/repositorio2/Robot/install/proy_nexa_interface/share/proy_nexa_interface/cmake/proy_nexa_interface__rosidl_typesupport_cppExport-noconfig.cmake
[17.537s] -- Installing: /home/chen/repositorio2/Robot/install/proy_nexa_interface/share/proy_nexa_interface/cmake/rosidl_cmake-extras.cmake
[17.538s] -- Installing: /home/chen/repositorio2/Robot/install/proy_nexa_interface/share/proy_nexa_interface/cmake/ament_cmake_export_dependencies-extras.cmake
[17.539s] -- Up-to-date: /home/chen/repositorio2/Robot/install/proy_nexa_interface/share/proy_nexa_interface/cmake/ament_cmake_export_libraries-extras.cmake
[17.539s] -- Up-to-date: /home/chen/repositorio2/Robot/install/proy_nexa_interface/share/proy_nexa_interface/cmake/ament_cmake_export_targets-extras.cmake
[17.539s] -- Up-to-date: /home/chen/repositorio2/Robot/install/proy_nexa_interface/share/proy_nexa_interface/cmake/ament_cmake_export_include_directories-extras.cmake
[17.539s] -- Up-to-date: /home/chen/repositorio2/Robot/install/proy_nexa_interface/share/proy_nexa_interface/cmake/rosidl_cmake_export_typesupport_libraries-extras.cmake
[17.540s] -- Up-to-date: /home/chen/repositorio2/Robot/install/proy_nexa_interface/share/proy_nexa_interface/cmake/rosidl_cmake_export_typesupport_targets-extras.cmake
[17.540s] -- Up-to-date: /home/chen/repositorio2/Robot/install/proy_nexa_interface/share/proy_nexa_interface/cmake/proy_nexa_interfaceConfig.cmake
[17.540s] -- Up-to-date: /home/chen/repositorio2/Robot/install/proy_nexa_interface/share/proy_nexa_interface/cmake/proy_nexa_interfaceConfig-version.cmake
[17.540s] -- Up-to-date: /home/chen/repositorio2/Robot/install/proy_nexa_interface/share/proy_nexa_interface/package.xml
[17.544s] Invoked command in '/home/chen/repositorio2/Robot/build/proy_nexa_interface' returned '0': CMAKE_PREFIX_PATH=${CMAKE_PREFIX_PATH}:/home/chen/turtlebot3_ws/install/show_msg:/home/chen/turtlebot3_ws/install/proy_nexa_show_msg:/home/chen/turtlebot3_ws/install/proy_nexa_service:/home/chen/turtlebot3_ws/install/provide_map:/home/chen/turtlebot3_ws/install/my_slam:/home/chen/turtlebot3_ws/install/my_nav2_system:/home/chen/turtlebot3_ws/install/my_first_subscriber:/home/chen/turtlebot3_ws/install/my_first_service:/home/chen/turtlebot3_ws/install/my_first_publisher:/home/chen/turtlebot3_ws/install/my_first_node:/home/chen/turtlebot3_ws/install/my_first_action:/home/chen/turtlebot3_ws/src/my_first_service/install/my_first_service:/opt/ros/galactic /usr/bin/cmake --install /home/chen/repositorio2/Robot/build/proy_nexa_interface
