[1.384s] Invoking command in '/home/chen/repositorio2/Robot/src/proy_nexa/proy_nexa_my_slam': PYTHONPATH=/home/chen/repositorio2/Robot/build/proy_nexa_my_slam/prefix_override:/home/chen/repositorio2/Robot/install/proy_nexa_my_slam/lib/python3.8/site-packages:${PYTHONPATH} /usr/bin/python3 setup.py egg_info --egg-base ../../../build/proy_nexa_my_slam build --build-base /home/chen/repositorio2/Robot/build/proy_nexa_my_slam/build install --record /home/chen/repositorio2/Robot/build/proy_nexa_my_slam/install.log --single-version-externally-managed
[1.559s] running egg_info
[1.562s] writing ../../../build/proy_nexa_my_slam/proy_nexa_my_slam.egg-info/PKG-INFO
[1.562s] writing dependency_links to ../../../build/proy_nexa_my_slam/proy_nexa_my_slam.egg-info/dependency_links.txt
[1.562s] writing entry points to ../../../build/proy_nexa_my_slam/proy_nexa_my_slam.egg-info/entry_points.txt
[1.562s] writing requirements to ../../../build/proy_nexa_my_slam/proy_nexa_my_slam.egg-info/requires.txt
[1.562s] writing top-level names to ../../../build/proy_nexa_my_slam/proy_nexa_my_slam.egg-info/top_level.txt
[1.591s] reading manifest file '../../../build/proy_nexa_my_slam/proy_nexa_my_slam.egg-info/SOURCES.txt'
[1.593s] writing manifest file '../../../build/proy_nexa_my_slam/proy_nexa_my_slam.egg-info/SOURCES.txt'
[1.593s] running build
[1.593s] running build_py
[1.595s] running install
[1.596s] running install_lib
[1.598s] running install_data
[1.599s] running install_egg_info
[1.601s] removing '/home/chen/repositorio2/Robot/install/proy_nexa_my_slam/lib/python3.8/site-packages/proy_nexa_my_slam-0.0.0-py3.8.egg-info' (and everything under it)
[1.602s] Copying ../../../build/proy_nexa_my_slam/proy_nexa_my_slam.egg-info to /home/chen/repositorio2/Robot/install/proy_nexa_my_slam/lib/python3.8/site-packages/proy_nexa_my_slam-0.0.0-py3.8.egg-info
[1.612s] running install_scripts
[1.635s] writing list of installed files to '/home/chen/repositorio2/Robot/build/proy_nexa_my_slam/install.log'
[2.000s] Invoked command in '/home/chen/repositorio2/Robot/src/proy_nexa/proy_nexa_my_slam' returned '0': PYTHONPATH=/home/chen/repositorio2/Robot/build/proy_nexa_my_slam/prefix_override:/home/chen/repositorio2/Robot/install/proy_nexa_my_slam/lib/python3.8/site-packages:${PYTHONPATH} /usr/bin/python3 setup.py egg_info --egg-base ../../../build/proy_nexa_my_slam build --build-base /home/chen/repositorio2/Robot/build/proy_nexa_my_slam/build install --record /home/chen/repositorio2/Robot/build/proy_nexa_my_slam/install.log --single-version-externally-managed
