running egg_info
creating ../../../build/proy_nexa_action/proy_nexa_action.egg-info
writing ../../../build/proy_nexa_action/proy_nexa_action.egg-info/PKG-INFO
writing dependency_links to ../../../build/proy_nexa_action/proy_nexa_action.egg-info/dependency_links.txt
writing entry points to ../../../build/proy_nexa_action/proy_nexa_action.egg-info/entry_points.txt
writing requirements to ../../../build/proy_nexa_action/proy_nexa_action.egg-info/requires.txt
writing top-level names to ../../../build/proy_nexa_action/proy_nexa_action.egg-info/top_level.txt
writing manifest file '../../../build/proy_nexa_action/proy_nexa_action.egg-info/SOURCES.txt'
reading manifest file '../../../build/proy_nexa_action/proy_nexa_action.egg-info/SOURCES.txt'
writing manifest file '../../../build/proy_nexa_action/proy_nexa_action.egg-info/SOURCES.txt'
running build
running build_py
creating /home/chen/repositorio2/Robot/build/proy_nexa_action/build
creating /home/chen/repositorio2/Robot/build/proy_nexa_action/build/lib
creating /home/chen/repositorio2/Robot/build/proy_nexa_action/build/lib/proy_nexa_action
copying proy_nexa_action/__init__.py -> /home/chen/repositorio2/Robot/build/proy_nexa_action/build/lib/proy_nexa_action
copying proy_nexa_action/proy_nexa_action_server.py -> /home/chen/repositorio2/Robot/build/proy_nexa_action/build/lib/proy_nexa_action
running install
running install_lib
creating /home/chen/repositorio2/Robot/install/proy_nexa_action/lib/python3.8/site-packages/proy_nexa_action
copying /home/chen/repositorio2/Robot/build/proy_nexa_action/build/lib/proy_nexa_action/__init__.py -> /home/chen/repositorio2/Robot/install/proy_nexa_action/lib/python3.8/site-packages/proy_nexa_action
copying /home/chen/repositorio2/Robot/build/proy_nexa_action/build/lib/proy_nexa_action/proy_nexa_action_server.py -> /home/chen/repositorio2/Robot/install/proy_nexa_action/lib/python3.8/site-packages/proy_nexa_action
byte-compiling /home/chen/repositorio2/Robot/install/proy_nexa_action/lib/python3.8/site-packages/proy_nexa_action/__init__.py to __init__.cpython-38.pyc
byte-compiling /home/chen/repositorio2/Robot/install/proy_nexa_action/lib/python3.8/site-packages/proy_nexa_action/proy_nexa_action_server.py to proy_nexa_action_server.cpython-38.pyc
running install_data
creating /home/chen/repositorio2/Robot/install/proy_nexa_action/share/ament_index
creating /home/chen/repositorio2/Robot/install/proy_nexa_action/share/ament_index/resource_index
creating /home/chen/repositorio2/Robot/install/proy_nexa_action/share/ament_index/resource_index/packages
copying resource/proy_nexa_action -> /home/chen/repositorio2/Robot/install/proy_nexa_action/share/ament_index/resource_index/packages
copying package.xml -> /home/chen/repositorio2/Robot/install/proy_nexa_action/share/proy_nexa_action
copying launch/proy_nexa_action_server.launch.py -> /home/chen/repositorio2/Robot/install/proy_nexa_action/share/proy_nexa_action
running install_egg_info
Copying ../../../build/proy_nexa_action/proy_nexa_action.egg-info to /home/chen/repositorio2/Robot/install/proy_nexa_action/lib/python3.8/site-packages/proy_nexa_action-0.0.0-py3.8.egg-info
running install_scripts
Installing proy_nexa_action_server script to /home/chen/repositorio2/Robot/install/proy_nexa_action/lib/proy_nexa_action
writing list of installed files to '/home/chen/repositorio2/Robot/build/proy_nexa_action/install.log'
