[0.202s] Invoking command in '/home/chen/repositorio2/Robot/src/build/async_web_server_cpp': /home/chen/.local/bin/cmake --build /home/chen/repositorio2/Robot/src/build/async_web_server_cpp -- -j2 -l2
[0.368s] [ 83%] Built target async_web_server_cpp
[0.407s] [100%] Built target test_web_server
[0.448s] Invoked command in '/home/chen/repositorio2/Robot/src/build/async_web_server_cpp' returned '0': /home/chen/.local/bin/cmake --build /home/chen/repositorio2/Robot/src/build/async_web_server_cpp -- -j2 -l2
[0.812s] Invoking command in '/home/chen/repositorio2/Robot/src/build/async_web_server_cpp': /home/chen/.local/bin/cmake --install /home/chen/repositorio2/Robot/src/build/async_web_server_cpp
[0.882s] -- Install configuration: ""
[0.882s] -- Up-to-date: /home/chen/repositorio2/Robot/src/install/async_web_server_cpp/share/async_web_server_cpp/environment/library_path.sh
[0.882s] -- Up-to-date: /home/chen/repositorio2/Robot/src/install/async_web_server_cpp/share/async_web_server_cpp/environment/library_path.dsv
[0.882s] -- Up-to-date: /home/chen/repositorio2/Robot/src/install/async_web_server_cpp/share/ament_index/resource_index/package_run_dependencies/async_web_server_cpp
[0.891s] -- Up-to-date: /home/chen/repositorio2/Robot/src/install/async_web_server_cpp/share/ament_index/resource_index/parent_prefix_path/async_web_server_cpp
[0.892s] -- Up-to-date: /home/chen/repositorio2/Robot/src/install/async_web_server_cpp/share/async_web_server_cpp/environment/ament_prefix_path.sh
[0.893s] -- Up-to-date: /home/chen/repositorio2/Robot/src/install/async_web_server_cpp/share/async_web_server_cpp/environment/ament_prefix_path.dsv
[0.893s] -- Up-to-date: /home/chen/repositorio2/Robot/src/install/async_web_server_cpp/share/async_web_server_cpp/environment/path.sh
[0.893s] -- Up-to-date: /home/chen/repositorio2/Robot/src/install/async_web_server_cpp/share/async_web_server_cpp/environment/path.dsv
[0.894s] -- Up-to-date: /home/chen/repositorio2/Robot/src/install/async_web_server_cpp/share/async_web_server_cpp/local_setup.bash
[0.894s] -- Up-to-date: /home/chen/repositorio2/Robot/src/install/async_web_server_cpp/share/async_web_server_cpp/local_setup.sh
[0.894s] -- Up-to-date: /home/chen/repositorio2/Robot/src/install/async_web_server_cpp/share/async_web_server_cpp/local_setup.zsh
[0.894s] -- Up-to-date: /home/chen/repositorio2/Robot/src/install/async_web_server_cpp/share/async_web_server_cpp/local_setup.dsv
[0.894s] -- Installing: /home/chen/repositorio2/Robot/src/install/async_web_server_cpp/share/async_web_server_cpp/package.dsv
[0.894s] -- Up-to-date: /home/chen/repositorio2/Robot/src/install/async_web_server_cpp/share/ament_index/resource_index/packages/async_web_server_cpp
[0.894s] -- Up-to-date: /home/chen/repositorio2/Robot/src/install/async_web_server_cpp/share/async_web_server_cpp/cmake/async_web_server_cppTargetsExport.cmake
[0.894s] -- Up-to-date: /home/chen/repositorio2/Robot/src/install/async_web_server_cpp/share/async_web_server_cpp/cmake/async_web_server_cppTargetsExport-noconfig.cmake
[0.894s] -- Up-to-date: /home/chen/repositorio2/Robot/src/install/async_web_server_cpp/share/async_web_server_cpp/cmake/find_dependencies.cmake
[0.894s] -- Up-to-date: /home/chen/repositorio2/Robot/src/install/async_web_server_cpp/share/async_web_server_cpp/cmake/ament_cmake_export_targets-extras.cmake
[0.894s] -- Up-to-date: /home/chen/repositorio2/Robot/src/install/async_web_server_cpp/share/async_web_server_cpp/cmake/async_web_server_cppConfig.cmake
[0.894s] -- Up-to-date: /home/chen/repositorio2/Robot/src/install/async_web_server_cpp/share/async_web_server_cpp/cmake/async_web_server_cppConfig-version.cmake
[0.894s] -- Up-to-date: /home/chen/repositorio2/Robot/src/install/async_web_server_cpp/share/async_web_server_cpp/package.xml
[0.895s] -- Up-to-date: /home/chen/repositorio2/Robot/src/install/async_web_server_cpp/lib/libasync_web_server_cpp.so.2.0.0
[0.895s] -- Up-to-date: /home/chen/repositorio2/Robot/src/install/async_web_server_cpp/lib/libasync_web_server_cpp.so.1
[0.897s] -- Up-to-date: /home/chen/repositorio2/Robot/src/install/async_web_server_cpp/lib/libasync_web_server_cpp.so
[0.898s] -- Up-to-date: /home/chen/repositorio2/Robot/src/install/async_web_server_cpp/include/async_web_server_cpp
[0.898s] -- Up-to-date: /home/chen/repositorio2/Robot/src/install/async_web_server_cpp/include/async_web_server_cpp/http_request.hpp
[0.899s] -- Up-to-date: /home/chen/repositorio2/Robot/src/install/async_web_server_cpp/include/async_web_server_cpp/http_reply.hpp
[0.899s] -- Up-to-date: /home/chen/repositorio2/Robot/src/install/async_web_server_cpp/include/async_web_server_cpp/http_header.hpp
[0.899s] -- Up-to-date: /home/chen/repositorio2/Robot/src/install/async_web_server_cpp/include/async_web_server_cpp/http_connection.hpp
[0.899s] -- Up-to-date: /home/chen/repositorio2/Robot/src/install/async_web_server_cpp/include/async_web_server_cpp/websocket_request_handler.hpp
[0.899s] -- Up-to-date: /home/chen/repositorio2/Robot/src/install/async_web_server_cpp/include/async_web_server_cpp/http_server.hpp
[0.899s] -- Up-to-date: /home/chen/repositorio2/Robot/src/install/async_web_server_cpp/include/async_web_server_cpp/websocket_connection.hpp
[0.900s] -- Up-to-date: /home/chen/repositorio2/Robot/src/install/async_web_server_cpp/include/async_web_server_cpp/http_request_parser.hpp
[0.900s] -- Up-to-date: /home/chen/repositorio2/Robot/src/install/async_web_server_cpp/include/async_web_server_cpp/websocket_message.hpp
[0.900s] -- Up-to-date: /home/chen/repositorio2/Robot/src/install/async_web_server_cpp/include/async_web_server_cpp/http_request_handler.hpp
[0.925s] Invoked command in '/home/chen/repositorio2/Robot/src/build/async_web_server_cpp' returned '0': /home/chen/.local/bin/cmake --install /home/chen/repositorio2/Robot/src/build/async_web_server_cpp
