[4.371s] DEBUG:colcon:Command line arguments: ['/usr/bin/colcon', 'build', '--packages-select', 'my_first_subscriber/']
[4.371s] DEBUG:colcon:Parsed command line arguments: Namespace(allow_overriding=[], ament_cmake_args=None, base_paths=['.'], build_base='build', catkin_cmake_args=None, catkin_skip_building_tests=False, cmake_args=None, cmake_clean_cache=False, cmake_clean_first=False, cmake_force_configure=False, cmake_target=None, cmake_target_skip_unavailable=False, continue_on_error=False, event_handlers=None, executor='parallel', ignore_user_meta=False, install_base='install', log_base=None, log_level=None, main=<bound method BuildVerb.main of <colcon_core.verb.build.BuildVerb object at 0x7f6df338e880>>, merge_install=False, metas=['./colcon.meta'], packages_above=None, packages_above_and_dependencies=None, packages_above_depth=None, packages_end=None, packages_ignore=None, packages_ignore_regex=None, packages_select=['my_first_subscriber/'], packages_select_build_failed=False, packages_select_by_dep=None, packages_select_regex=None, packages_select_test_failures=False, packages_skip=None, packages_skip_build_finished=False, packages_skip_by_dep=None, packages_skip_regex=None, packages_skip_test_passed=False, packages_skip_up_to=None, packages_start=None, packages_up_to=None, packages_up_to_regex=None, parallel_workers=2, paths=None, symlink_install=False, test_result_base=None, verb_extension=<colcon_core.verb.build.BuildVerb object at 0x7f6df338e880>, verb_name='build', verb_parser=<colcon_defaults.argument_parser.defaults.DefaultArgumentsDecorator object at 0x7f6df2eb2460>)
[4.555s] Level 1:colcon.colcon_core.package_discovery:discover_packages(colcon_meta) check parameters
[4.556s] Level 1:colcon.colcon_core.package_discovery:discover_packages(recursive) check parameters
[4.556s] Level 1:colcon.colcon_core.package_discovery:discover_packages(ignore) check parameters
[4.556s] Level 1:colcon.colcon_core.package_discovery:discover_packages(path) check parameters
[4.556s] Level 1:colcon.colcon_core.package_discovery:discover_packages(colcon_meta) discover
[4.556s] Level 1:colcon.colcon_core.package_discovery:discover_packages(recursive) discover
[4.556s] INFO:colcon.colcon_core.package_discovery:Crawling recursively for packages in '/home/chen/turtlebot3_ws/src/proy_nexa/proy_nexa'
[4.556s] Level 1:colcon.colcon_core.package_identification:_identify(.) by extensions ['ignore', 'ignore_ament_install']
[4.556s] Level 1:colcon.colcon_core.package_identification:_identify(.) by extension 'ignore'
[4.557s] Level 1:colcon.colcon_core.package_identification:_identify(.) by extension 'ignore_ament_install'
[4.557s] Level 1:colcon.colcon_core.package_identification:_identify(.) by extensions ['colcon_pkg']
[4.557s] Level 1:colcon.colcon_core.package_identification:_identify(.) by extension 'colcon_pkg'
[4.557s] Level 1:colcon.colcon_core.package_identification:_identify(.) by extensions ['colcon_meta']
[4.557s] Level 1:colcon.colcon_core.package_identification:_identify(.) by extension 'colcon_meta'
[4.557s] Level 1:colcon.colcon_core.package_identification:_identify(.) by extensions ['ros']
[4.557s] Level 1:colcon.colcon_core.package_identification:_identify(.) by extension 'ros'
[4.575s] DEBUG:colcon.colcon_core.package_identification:Package '.' with type 'ros.ament_cmake' and name 'proy_nexa'
[4.576s] Level 1:colcon.colcon_core.package_discovery:discover_packages(recursive) using defaults
[4.576s] Level 1:colcon.colcon_core.package_discovery:discover_packages(ignore) discover
[4.576s] Level 1:colcon.colcon_core.package_discovery:discover_packages(ignore) using defaults
[4.576s] Level 1:colcon.colcon_core.package_discovery:discover_packages(path) discover
[4.576s] Level 1:colcon.colcon_core.package_discovery:discover_packages(path) using defaults
[4.650s] WARNING:colcon.colcon_core.package_selection:ignoring unknown package 'my_first_subscriber/' in --packages-select
[4.792s] INFO:colcon.colcon_core.package_selection:Skipping not selected package 'proy_nexa' in '.'
[4.917s] Level 1:colcon.colcon_core.package_discovery:discover_packages(prefix_path) check parameters
[4.918s] Level 1:colcon.colcon_core.package_discovery:discover_packages(prefix_path) discover
[5.075s] DEBUG:colcon.colcon_installed_package_information.package_discovery:Found 1 installed packages in /home/chen/turtlebot3_ws/src/proy_nexa/proy_nexa/install
[5.157s] DEBUG:colcon.colcon_installed_package_information.package_discovery:Found 15 installed packages in /home/chen/turtlebot3_ws/install
[5.247s] DEBUG:colcon.colcon_installed_package_information.package_discovery:Found 1 installed packages in /home/chen/turtlebot3_ws/src/my_first_service/install
[5.346s] DEBUG:colcon.colcon_installed_package_information.package_discovery:Found 336 installed packages in /opt/ros/galactic
[5.349s] Level 1:colcon.colcon_core.package_discovery:discover_packages(prefix_path) using defaults
[5.706s] INFO:colcon.colcon_core.executor:Executing jobs using 'parallel' executor
[5.791s] DEBUG:colcon.colcon_parallel_executor.executor.parallel:run_until_complete
[5.791s] DEBUG:colcon.colcon_parallel_executor.executor.parallel:closing loop
[5.791s] DEBUG:colcon.colcon_parallel_executor.executor.parallel:loop closed
[5.792s] DEBUG:colcon.colcon_parallel_executor.executor.parallel:run_until_complete finished with '0'
[5.792s] DEBUG:colcon.colcon_core.event_reactor:joining thread
[5.855s] INFO:colcon.colcon_core.plugin_system:Skipping extension 'colcon_notification.desktop_notification.terminal_notifier': Not used on non-Darwin systems
[5.855s] INFO:colcon.colcon_core.plugin_system:Skipping extension 'colcon_notification.desktop_notification.win32': Not used on non-Windows systems
[5.855s] INFO:colcon.colcon_notification.desktop_notification:Sending desktop notification using 'notify2'
[5.895s] DEBUG:colcon.colcon_core.event_reactor:joined thread
[6.002s] INFO:colcon.colcon_core.plugin_system:Skipping extension 'colcon_core.shell.bat': Not used on non-Windows systems
[6.004s] INFO:colcon.colcon_core.shell:Creating prefix script '/home/chen/turtlebot3_ws/src/proy_nexa/proy_nexa/install/local_setup.ps1'
[6.011s] INFO:colcon.colcon_core.shell:Creating prefix util module '/home/chen/turtlebot3_ws/src/proy_nexa/proy_nexa/install/_local_setup_util_ps1.py'
[6.014s] INFO:colcon.colcon_core.shell:Creating prefix chain script '/home/chen/turtlebot3_ws/src/proy_nexa/proy_nexa/install/setup.ps1'
[6.072s] INFO:colcon.colcon_core.shell:Creating prefix script '/home/chen/turtlebot3_ws/src/proy_nexa/proy_nexa/install/local_setup.sh'
[6.073s] INFO:colcon.colcon_core.shell:Creating prefix util module '/home/chen/turtlebot3_ws/src/proy_nexa/proy_nexa/install/_local_setup_util_sh.py'
[6.075s] INFO:colcon.colcon_core.shell:Creating prefix chain script '/home/chen/turtlebot3_ws/src/proy_nexa/proy_nexa/install/setup.sh'
[6.138s] INFO:colcon.colcon_core.shell:Creating prefix script '/home/chen/turtlebot3_ws/src/proy_nexa/proy_nexa/install/local_setup.bash'
[6.139s] INFO:colcon.colcon_core.shell:Creating prefix chain script '/home/chen/turtlebot3_ws/src/proy_nexa/proy_nexa/install/setup.bash'
[6.215s] INFO:colcon.colcon_core.shell:Creating prefix script '/home/chen/turtlebot3_ws/src/proy_nexa/proy_nexa/install/local_setup.zsh'
[6.215s] INFO:colcon.colcon_core.shell:Creating prefix chain script '/home/chen/turtlebot3_ws/src/proy_nexa/proy_nexa/install/setup.zsh'
