[1.656s] DEBUG:colcon:Command line arguments: ['/usr/bin/colcon', 'build']
[1.657s] DEBUG:colcon:Parsed command line arguments: Namespace(allow_overriding=[], ament_cmake_args=None, base_paths=['.'], build_base='build', catkin_cmake_args=None, catkin_skip_building_tests=False, cmake_args=None, cmake_clean_cache=False, cmake_clean_first=False, cmake_force_configure=False, cmake_target=None, cmake_target_skip_unavailable=False, continue_on_error=False, event_handlers=None, executor='parallel', ignore_user_meta=False, install_base='install', log_base=None, log_level=None, main=<bound method BuildVerb.main of <colcon_core.verb.build.BuildVerb object at 0x7fb0743fed90>>, merge_install=False, metas=['./colcon.meta'], packages_above=None, packages_above_and_dependencies=None, packages_above_depth=None, packages_end=None, packages_ignore=None, packages_ignore_regex=None, packages_select=None, packages_select_build_failed=False, packages_select_by_dep=None, packages_select_regex=None, packages_select_test_failures=False, packages_skip=None, packages_skip_build_finished=False, packages_skip_by_dep=None, packages_skip_regex=None, packages_skip_test_passed=False, packages_skip_up_to=None, packages_start=None, packages_up_to=None, packages_up_to_regex=None, parallel_workers=2, paths=None, symlink_install=False, test_result_base=None, verb_extension=<colcon_core.verb.build.BuildVerb object at 0x7fb0743fed90>, verb_name='build', verb_parser=<colcon_defaults.argument_parser.defaults.DefaultArgumentsDecorator object at 0x7fb0743a51f0>)
[1.742s] Level 1:colcon.colcon_core.package_discovery:discover_packages(colcon_meta) check parameters
[1.742s] Level 1:colcon.colcon_core.package_discovery:discover_packages(recursive) check parameters
[1.743s] Level 1:colcon.colcon_core.package_discovery:discover_packages(ignore) check parameters
[1.743s] Level 1:colcon.colcon_core.package_discovery:discover_packages(path) check parameters
[1.743s] Level 1:colcon.colcon_core.package_discovery:discover_packages(colcon_meta) discover
[1.743s] Level 1:colcon.colcon_core.package_discovery:discover_packages(recursive) discover
[1.743s] INFO:colcon.colcon_core.package_discovery:Crawling recursively for packages in '/home/chen/repositorio2/Robot'
[1.743s] Level 1:colcon.colcon_core.package_identification:_identify(.) by extensions ['ignore', 'ignore_ament_install']
[1.743s] Level 1:colcon.colcon_core.package_identification:_identify(.) by extension 'ignore'
[1.743s] Level 1:colcon.colcon_core.package_identification:_identify(.) by extension 'ignore_ament_install'
[1.743s] Level 1:colcon.colcon_core.package_identification:_identify(.) by extensions ['colcon_pkg']
[1.744s] Level 1:colcon.colcon_core.package_identification:_identify(.) by extension 'colcon_pkg'
[1.744s] Level 1:colcon.colcon_core.package_identification:_identify(.) by extensions ['colcon_meta']
[1.744s] Level 1:colcon.colcon_core.package_identification:_identify(.) by extension 'colcon_meta'
[1.744s] Level 1:colcon.colcon_core.package_identification:_identify(.) by extensions ['ros']
[1.744s] Level 1:colcon.colcon_core.package_identification:_identify(.) by extension 'ros'
[1.752s] Level 1:colcon.colcon_core.package_identification:_identify(.) by extensions ['cmake', 'python']
[1.752s] Level 1:colcon.colcon_core.package_identification:_identify(.) by extension 'cmake'
[1.753s] Level 1:colcon.colcon_core.package_identification:_identify(.) by extension 'python'
[1.753s] Level 1:colcon.colcon_core.package_identification:_identify(.) by extensions ['python_setup_py']
[1.753s] Level 1:colcon.colcon_core.package_identification:_identify(.) by extension 'python_setup_py'
[1.753s] Level 1:colcon.colcon_core.package_identification:_identify(build) by extensions ['ignore', 'ignore_ament_install']
[1.753s] Level 1:colcon.colcon_core.package_identification:_identify(build) by extension 'ignore'
[1.753s] Level 1:colcon.colcon_core.package_identification:_identify(build) ignored
[1.753s] Level 1:colcon.colcon_core.package_identification:_identify(install) by extensions ['ignore', 'ignore_ament_install']
[1.753s] Level 1:colcon.colcon_core.package_identification:_identify(install) by extension 'ignore'
[1.754s] Level 1:colcon.colcon_core.package_identification:_identify(install) ignored
[1.754s] Level 1:colcon.colcon_core.package_identification:_identify(log) by extensions ['ignore', 'ignore_ament_install']
[1.754s] Level 1:colcon.colcon_core.package_identification:_identify(log) by extension 'ignore'
[1.754s] Level 1:colcon.colcon_core.package_identification:_identify(log) ignored
[1.754s] Level 1:colcon.colcon_core.package_identification:_identify(src) by extensions ['ignore', 'ignore_ament_install']
[1.754s] Level 1:colcon.colcon_core.package_identification:_identify(src) by extension 'ignore'
[1.754s] Level 1:colcon.colcon_core.package_identification:_identify(src) by extension 'ignore_ament_install'
[1.754s] Level 1:colcon.colcon_core.package_identification:_identify(src) by extensions ['colcon_pkg']
[1.754s] Level 1:colcon.colcon_core.package_identification:_identify(src) by extension 'colcon_pkg'
[1.755s] Level 1:colcon.colcon_core.package_identification:_identify(src) by extensions ['colcon_meta']
[1.755s] Level 1:colcon.colcon_core.package_identification:_identify(src) by extension 'colcon_meta'
[1.755s] Level 1:colcon.colcon_core.package_identification:_identify(src) by extensions ['ros']
[1.755s] Level 1:colcon.colcon_core.package_identification:_identify(src) by extension 'ros'
[1.755s] Level 1:colcon.colcon_core.package_identification:_identify(src) by extensions ['cmake', 'python']
[1.755s] Level 1:colcon.colcon_core.package_identification:_identify(src) by extension 'cmake'
[1.755s] Level 1:colcon.colcon_core.package_identification:_identify(src) by extension 'python'
[1.755s] Level 1:colcon.colcon_core.package_identification:_identify(src) by extensions ['python_setup_py']
[1.755s] Level 1:colcon.colcon_core.package_identification:_identify(src) by extension 'python_setup_py'
[1.755s] Level 1:colcon.colcon_core.package_identification:_identify(src/proy_nexa) by extensions ['ignore', 'ignore_ament_install']
[1.756s] Level 1:colcon.colcon_core.package_identification:_identify(src/proy_nexa) by extension 'ignore'
[1.756s] Level 1:colcon.colcon_core.package_identification:_identify(src/proy_nexa) by extension 'ignore_ament_install'
[1.756s] Level 1:colcon.colcon_core.package_identification:_identify(src/proy_nexa) by extensions ['colcon_pkg']
[1.756s] Level 1:colcon.colcon_core.package_identification:_identify(src/proy_nexa) by extension 'colcon_pkg'
[1.756s] Level 1:colcon.colcon_core.package_identification:_identify(src/proy_nexa) by extensions ['colcon_meta']
[1.756s] Level 1:colcon.colcon_core.package_identification:_identify(src/proy_nexa) by extension 'colcon_meta'
[1.756s] Level 1:colcon.colcon_core.package_identification:_identify(src/proy_nexa) by extensions ['ros']
[1.756s] Level 1:colcon.colcon_core.package_identification:_identify(src/proy_nexa) by extension 'ros'
[1.756s] Level 1:colcon.colcon_core.package_identification:_identify(src/proy_nexa) by extensions ['cmake', 'python']
[1.756s] Level 1:colcon.colcon_core.package_identification:_identify(src/proy_nexa) by extension 'cmake'
[1.757s] Level 1:colcon.colcon_core.package_identification:_identify(src/proy_nexa) by extension 'python'
[1.757s] Level 1:colcon.colcon_core.package_identification:_identify(src/proy_nexa) by extensions ['python_setup_py']
[1.757s] Level 1:colcon.colcon_core.package_identification:_identify(src/proy_nexa) by extension 'python_setup_py'
[1.757s] Level 1:colcon.colcon_core.package_identification:_identify(src/proy_nexa/my_world) by extensions ['ignore', 'ignore_ament_install']
[1.757s] Level 1:colcon.colcon_core.package_identification:_identify(src/proy_nexa/my_world) by extension 'ignore'
[1.757s] Level 1:colcon.colcon_core.package_identification:_identify(src/proy_nexa/my_world) by extension 'ignore_ament_install'
[1.757s] Level 1:colcon.colcon_core.package_identification:_identify(src/proy_nexa/my_world) by extensions ['colcon_pkg']
[1.757s] Level 1:colcon.colcon_core.package_identification:_identify(src/proy_nexa/my_world) by extension 'colcon_pkg'
[1.757s] Level 1:colcon.colcon_core.package_identification:_identify(src/proy_nexa/my_world) by extensions ['colcon_meta']
[1.757s] Level 1:colcon.colcon_core.package_identification:_identify(src/proy_nexa/my_world) by extension 'colcon_meta'
[1.758s] Level 1:colcon.colcon_core.package_identification:_identify(src/proy_nexa/my_world) by extensions ['ros']
[1.758s] Level 1:colcon.colcon_core.package_identification:_identify(src/proy_nexa/my_world) by extension 'ros'
[1.760s] DEBUG:colcon.colcon_core.package_identification:Package 'src/proy_nexa/my_world' with type 'ros.ament_cmake' and name 'my_world'
[1.760s] Level 1:colcon.colcon_core.package_identification:_identify(src/proy_nexa/proy_nexa) by extensions ['ignore', 'ignore_ament_install']
[1.760s] Level 1:colcon.colcon_core.package_identification:_identify(src/proy_nexa/proy_nexa) by extension 'ignore'
[1.760s] Level 1:colcon.colcon_core.package_identification:_identify(src/proy_nexa/proy_nexa) by extension 'ignore_ament_install'
[1.760s] Level 1:colcon.colcon_core.package_identification:_identify(src/proy_nexa/proy_nexa) by extensions ['colcon_pkg']
[1.760s] Level 1:colcon.colcon_core.package_identification:_identify(src/proy_nexa/proy_nexa) by extension 'colcon_pkg'
[1.760s] Level 1:colcon.colcon_core.package_identification:_identify(src/proy_nexa/proy_nexa) by extensions ['colcon_meta']
[1.760s] Level 1:colcon.colcon_core.package_identification:_identify(src/proy_nexa/proy_nexa) by extension 'colcon_meta'
[1.761s] Level 1:colcon.colcon_core.package_identification:_identify(src/proy_nexa/proy_nexa) by extensions ['ros']
[1.761s] Level 1:colcon.colcon_core.package_identification:_identify(src/proy_nexa/proy_nexa) by extension 'ros'
[1.761s] DEBUG:colcon.colcon_core.package_identification:Package 'src/proy_nexa/proy_nexa' with type 'ros.ament_cmake' and name 'proy_nexa'
[1.761s] Level 1:colcon.colcon_core.package_identification:_identify(src/proy_nexa/proy_nexa_interface) by extensions ['ignore', 'ignore_ament_install']
[1.761s] Level 1:colcon.colcon_core.package_identification:_identify(src/proy_nexa/proy_nexa_interface) by extension 'ignore'
[1.762s] Level 1:colcon.colcon_core.package_identification:_identify(src/proy_nexa/proy_nexa_interface) by extension 'ignore_ament_install'
[1.762s] Level 1:colcon.colcon_core.package_identification:_identify(src/proy_nexa/proy_nexa_interface) by extensions ['colcon_pkg']
[1.762s] Level 1:colcon.colcon_core.package_identification:_identify(src/proy_nexa/proy_nexa_interface) by extension 'colcon_pkg'
[1.762s] Level 1:colcon.colcon_core.package_identification:_identify(src/proy_nexa/proy_nexa_interface) by extensions ['colcon_meta']
[1.762s] Level 1:colcon.colcon_core.package_identification:_identify(src/proy_nexa/proy_nexa_interface) by extension 'colcon_meta'
[1.762s] Level 1:colcon.colcon_core.package_identification:_identify(src/proy_nexa/proy_nexa_interface) by extensions ['ros']
[1.762s] Level 1:colcon.colcon_core.package_identification:_identify(src/proy_nexa/proy_nexa_interface) by extension 'ros'
[1.763s] DEBUG:colcon.colcon_core.package_identification:Package 'src/proy_nexa/proy_nexa_interface' with type 'ros.ament_cmake' and name 'proy_nexa_interface'
[1.763s] Level 1:colcon.colcon_core.package_identification:_identify(src/proy_nexa/proy_nexa_my_slam) by extensions ['ignore', 'ignore_ament_install']
[1.763s] Level 1:colcon.colcon_core.package_identification:_identify(src/proy_nexa/proy_nexa_my_slam) by extension 'ignore'
[1.763s] Level 1:colcon.colcon_core.package_identification:_identify(src/proy_nexa/proy_nexa_my_slam) by extension 'ignore_ament_install'
[1.763s] Level 1:colcon.colcon_core.package_identification:_identify(src/proy_nexa/proy_nexa_my_slam) by extensions ['colcon_pkg']
[1.763s] Level 1:colcon.colcon_core.package_identification:_identify(src/proy_nexa/proy_nexa_my_slam) by extension 'colcon_pkg'
[1.763s] Level 1:colcon.colcon_core.package_identification:_identify(src/proy_nexa/proy_nexa_my_slam) by extensions ['colcon_meta']
[1.763s] Level 1:colcon.colcon_core.package_identification:_identify(src/proy_nexa/proy_nexa_my_slam) by extension 'colcon_meta'
[1.763s] Level 1:colcon.colcon_core.package_identification:_identify(src/proy_nexa/proy_nexa_my_slam) by extensions ['ros']
[1.764s] Level 1:colcon.colcon_core.package_identification:_identify(src/proy_nexa/proy_nexa_my_slam) by extension 'ros'
[1.764s] DEBUG:colcon.colcon_core.package_identification:Package 'src/proy_nexa/proy_nexa_my_slam' with type 'ros.ament_python' and name 'proy_nexa_my_slam'
[1.764s] Level 1:colcon.colcon_core.package_identification:_identify(src/proy_nexa/proy_nexa_service) by extensions ['ignore', 'ignore_ament_install']
[1.764s] Level 1:colcon.colcon_core.package_identification:_identify(src/proy_nexa/proy_nexa_service) by extension 'ignore'
[1.764s] Level 1:colcon.colcon_core.package_identification:_identify(src/proy_nexa/proy_nexa_service) by extension 'ignore_ament_install'
[1.765s] Level 1:colcon.colcon_core.package_identification:_identify(src/proy_nexa/proy_nexa_service) by extensions ['colcon_pkg']
[1.765s] Level 1:colcon.colcon_core.package_identification:_identify(src/proy_nexa/proy_nexa_service) by extension 'colcon_pkg'
[1.765s] Level 1:colcon.colcon_core.package_identification:_identify(src/proy_nexa/proy_nexa_service) by extensions ['colcon_meta']
[1.765s] Level 1:colcon.colcon_core.package_identification:_identify(src/proy_nexa/proy_nexa_service) by extension 'colcon_meta'
[1.765s] Level 1:colcon.colcon_core.package_identification:_identify(src/proy_nexa/proy_nexa_service) by extensions ['ros']
[1.765s] Level 1:colcon.colcon_core.package_identification:_identify(src/proy_nexa/proy_nexa_service) by extension 'ros'
[1.766s] DEBUG:colcon.colcon_core.package_identification:Package 'src/proy_nexa/proy_nexa_service' with type 'ros.ament_python' and name 'proy_nexa_service'
[1.766s] Level 1:colcon.colcon_core.package_identification:_identify(src/proy_nexa/proy_nexa_show_msg) by extensions ['ignore', 'ignore_ament_install']
[1.766s] Level 1:colcon.colcon_core.package_identification:_identify(src/proy_nexa/proy_nexa_show_msg) by extension 'ignore'
[1.766s] Level 1:colcon.colcon_core.package_identification:_identify(src/proy_nexa/proy_nexa_show_msg) by extension 'ignore_ament_install'
[1.766s] Level 1:colcon.colcon_core.package_identification:_identify(src/proy_nexa/proy_nexa_show_msg) by extensions ['colcon_pkg']
[1.766s] Level 1:colcon.colcon_core.package_identification:_identify(src/proy_nexa/proy_nexa_show_msg) by extension 'colcon_pkg'
[1.766s] Level 1:colcon.colcon_core.package_identification:_identify(src/proy_nexa/proy_nexa_show_msg) by extensions ['colcon_meta']
[1.766s] Level 1:colcon.colcon_core.package_identification:_identify(src/proy_nexa/proy_nexa_show_msg) by extension 'colcon_meta'
[1.766s] Level 1:colcon.colcon_core.package_identification:_identify(src/proy_nexa/proy_nexa_show_msg) by extensions ['ros']
[1.766s] Level 1:colcon.colcon_core.package_identification:_identify(src/proy_nexa/proy_nexa_show_msg) by extension 'ros'
[1.767s] DEBUG:colcon.colcon_core.package_identification:Package 'src/proy_nexa/proy_nexa_show_msg' with type 'ros.ament_python' and name 'proy_nexa_show_msg'
[1.767s] Level 1:colcon.colcon_core.package_discovery:discover_packages(recursive) using defaults
[1.767s] Level 1:colcon.colcon_core.package_discovery:discover_packages(ignore) discover
[1.767s] Level 1:colcon.colcon_core.package_discovery:discover_packages(ignore) using defaults
[1.767s] Level 1:colcon.colcon_core.package_discovery:discover_packages(path) discover
[1.767s] Level 1:colcon.colcon_core.package_discovery:discover_packages(path) using defaults
[1.923s] Level 1:colcon.colcon_core.package_discovery:discover_packages(prefix_path) check parameters
[1.923s] Level 1:colcon.colcon_core.package_discovery:discover_packages(prefix_path) discover
[1.993s] DEBUG:colcon.colcon_installed_package_information.package_discovery:Found 6 installed packages in //home/chen/repositorio2/Robot/install
[2.023s] DEBUG:colcon.colcon_installed_package_information.package_discovery:Found 18 installed packages in /home/chen/turtlebot3_ws/install
[2.054s] DEBUG:colcon.colcon_installed_package_information.package_discovery:Found 1 installed packages in /home/chen/turtlebot3_ws/src/my_first_service/install
[2.084s] DEBUG:colcon.colcon_installed_package_information.package_discovery:Found 336 installed packages in /opt/ros/galactic
[2.085s] Level 1:colcon.colcon_core.package_discovery:discover_packages(prefix_path) using defaults
[2.219s] Level 5:colcon.colcon_core.verb:set package 'my_world' build argument 'cmake_args' from command line to 'None'
[2.220s] Level 5:colcon.colcon_core.verb:set package 'my_world' build argument 'cmake_target' from command line to 'None'
[2.220s] Level 5:colcon.colcon_core.verb:set package 'my_world' build argument 'cmake_target_skip_unavailable' from command line to 'False'
[2.220s] Level 5:colcon.colcon_core.verb:set package 'my_world' build argument 'cmake_clean_cache' from command line to 'False'
[2.220s] Level 5:colcon.colcon_core.verb:set package 'my_world' build argument 'cmake_clean_first' from command line to 'False'
[2.220s] Level 5:colcon.colcon_core.verb:set package 'my_world' build argument 'cmake_force_configure' from command line to 'False'
[2.220s] Level 5:colcon.colcon_core.verb:set package 'my_world' build argument 'ament_cmake_args' from command line to 'None'
[2.220s] Level 5:colcon.colcon_core.verb:set package 'my_world' build argument 'catkin_cmake_args' from command line to 'None'
[2.220s] Level 5:colcon.colcon_core.verb:set package 'my_world' build argument 'catkin_skip_building_tests' from command line to 'False'
[2.220s] DEBUG:colcon.colcon_core.verb:Building package 'my_world' with the following arguments: {'ament_cmake_args': None, 'build_base': '/home/chen/repositorio2/Robot/build/my_world', 'catkin_cmake_args': None, 'catkin_skip_building_tests': False, 'cmake_args': None, 'cmake_clean_cache': False, 'cmake_clean_first': False, 'cmake_force_configure': False, 'cmake_target': None, 'cmake_target_skip_unavailable': False, 'install_base': '/home/chen/repositorio2/Robot/install/my_world', 'merge_install': False, 'path': '/home/chen/repositorio2/Robot/src/proy_nexa/my_world', 'symlink_install': False, 'test_result_base': None}
[2.249s] Level 5:colcon.colcon_core.verb:set package 'proy_nexa_interface' build argument 'cmake_args' from command line to 'None'
[2.249s] Level 5:colcon.colcon_core.verb:set package 'proy_nexa_interface' build argument 'cmake_target' from command line to 'None'
[2.249s] Level 5:colcon.colcon_core.verb:set package 'proy_nexa_interface' build argument 'cmake_target_skip_unavailable' from command line to 'False'
[2.249s] Level 5:colcon.colcon_core.verb:set package 'proy_nexa_interface' build argument 'cmake_clean_cache' from command line to 'False'
[2.249s] Level 5:colcon.colcon_core.verb:set package 'proy_nexa_interface' build argument 'cmake_clean_first' from command line to 'False'
[2.249s] Level 5:colcon.colcon_core.verb:set package 'proy_nexa_interface' build argument 'cmake_force_configure' from command line to 'False'
[2.249s] Level 5:colcon.colcon_core.verb:set package 'proy_nexa_interface' build argument 'ament_cmake_args' from command line to 'None'
[2.249s] Level 5:colcon.colcon_core.verb:set package 'proy_nexa_interface' build argument 'catkin_cmake_args' from command line to 'None'
[2.249s] Level 5:colcon.colcon_core.verb:set package 'proy_nexa_interface' build argument 'catkin_skip_building_tests' from command line to 'False'
[2.250s] DEBUG:colcon.colcon_core.verb:Building package 'proy_nexa_interface' with the following arguments: {'ament_cmake_args': None, 'build_base': '/home/chen/repositorio2/Robot/build/proy_nexa_interface', 'catkin_cmake_args': None, 'catkin_skip_building_tests': False, 'cmake_args': None, 'cmake_clean_cache': False, 'cmake_clean_first': False, 'cmake_force_configure': False, 'cmake_target': None, 'cmake_target_skip_unavailable': False, 'install_base': '/home/chen/repositorio2/Robot/install/proy_nexa_interface', 'merge_install': False, 'path': '/home/chen/repositorio2/Robot/src/proy_nexa/proy_nexa_interface', 'symlink_install': False, 'test_result_base': None}
[2.278s] Level 5:colcon.colcon_core.verb:set package 'proy_nexa_my_slam' build argument 'cmake_args' from command line to 'None'
[2.278s] Level 5:colcon.colcon_core.verb:set package 'proy_nexa_my_slam' build argument 'cmake_target' from command line to 'None'
[2.278s] Level 5:colcon.colcon_core.verb:set package 'proy_nexa_my_slam' build argument 'cmake_target_skip_unavailable' from command line to 'False'
[2.278s] Level 5:colcon.colcon_core.verb:set package 'proy_nexa_my_slam' build argument 'cmake_clean_cache' from command line to 'False'
[2.278s] Level 5:colcon.colcon_core.verb:set package 'proy_nexa_my_slam' build argument 'cmake_clean_first' from command line to 'False'
[2.278s] Level 5:colcon.colcon_core.verb:set package 'proy_nexa_my_slam' build argument 'cmake_force_configure' from command line to 'False'
[2.278s] Level 5:colcon.colcon_core.verb:set package 'proy_nexa_my_slam' build argument 'ament_cmake_args' from command line to 'None'
[2.278s] Level 5:colcon.colcon_core.verb:set package 'proy_nexa_my_slam' build argument 'catkin_cmake_args' from command line to 'None'
[2.278s] Level 5:colcon.colcon_core.verb:set package 'proy_nexa_my_slam' build argument 'catkin_skip_building_tests' from command line to 'False'
[2.278s] DEBUG:colcon.colcon_core.verb:Building package 'proy_nexa_my_slam' with the following arguments: {'ament_cmake_args': None, 'build_base': '/home/chen/repositorio2/Robot/build/proy_nexa_my_slam', 'catkin_cmake_args': None, 'catkin_skip_building_tests': False, 'cmake_args': None, 'cmake_clean_cache': False, 'cmake_clean_first': False, 'cmake_force_configure': False, 'cmake_target': None, 'cmake_target_skip_unavailable': False, 'install_base': '/home/chen/repositorio2/Robot/install/proy_nexa_my_slam', 'merge_install': False, 'path': '/home/chen/repositorio2/Robot/src/proy_nexa/proy_nexa_my_slam', 'symlink_install': False, 'test_result_base': None}
[2.306s] Level 5:colcon.colcon_core.verb:set package 'proy_nexa_show_msg' build argument 'cmake_args' from command line to 'None'
[2.306s] Level 5:colcon.colcon_core.verb:set package 'proy_nexa_show_msg' build argument 'cmake_target' from command line to 'None'
[2.306s] Level 5:colcon.colcon_core.verb:set package 'proy_nexa_show_msg' build argument 'cmake_target_skip_unavailable' from command line to 'False'
[2.306s] Level 5:colcon.colcon_core.verb:set package 'proy_nexa_show_msg' build argument 'cmake_clean_cache' from command line to 'False'
[2.306s] Level 5:colcon.colcon_core.verb:set package 'proy_nexa_show_msg' build argument 'cmake_clean_first' from command line to 'False'
[2.306s] Level 5:colcon.colcon_core.verb:set package 'proy_nexa_show_msg' build argument 'cmake_force_configure' from command line to 'False'
[2.306s] Level 5:colcon.colcon_core.verb:set package 'proy_nexa_show_msg' build argument 'ament_cmake_args' from command line to 'None'
[2.306s] Level 5:colcon.colcon_core.verb:set package 'proy_nexa_show_msg' build argument 'catkin_cmake_args' from command line to 'None'
[2.306s] Level 5:colcon.colcon_core.verb:set package 'proy_nexa_show_msg' build argument 'catkin_skip_building_tests' from command line to 'False'
[2.307s] DEBUG:colcon.colcon_core.verb:Building package 'proy_nexa_show_msg' with the following arguments: {'ament_cmake_args': None, 'build_base': '/home/chen/repositorio2/Robot/build/proy_nexa_show_msg', 'catkin_cmake_args': None, 'catkin_skip_building_tests': False, 'cmake_args': None, 'cmake_clean_cache': False, 'cmake_clean_first': False, 'cmake_force_configure': False, 'cmake_target': None, 'cmake_target_skip_unavailable': False, 'install_base': '/home/chen/repositorio2/Robot/install/proy_nexa_show_msg', 'merge_install': False, 'path': '/home/chen/repositorio2/Robot/src/proy_nexa/proy_nexa_show_msg', 'symlink_install': False, 'test_result_base': None}
[2.335s] Level 5:colcon.colcon_core.verb:set package 'proy_nexa_service' build argument 'cmake_args' from command line to 'None'
[2.335s] Level 5:colcon.colcon_core.verb:set package 'proy_nexa_service' build argument 'cmake_target' from command line to 'None'
[2.335s] Level 5:colcon.colcon_core.verb:set package 'proy_nexa_service' build argument 'cmake_target_skip_unavailable' from command line to 'False'
[2.335s] Level 5:colcon.colcon_core.verb:set package 'proy_nexa_service' build argument 'cmake_clean_cache' from command line to 'False'
[2.335s] Level 5:colcon.colcon_core.verb:set package 'proy_nexa_service' build argument 'cmake_clean_first' from command line to 'False'
[2.335s] Level 5:colcon.colcon_core.verb:set package 'proy_nexa_service' build argument 'cmake_force_configure' from command line to 'False'
[2.335s] Level 5:colcon.colcon_core.verb:set package 'proy_nexa_service' build argument 'ament_cmake_args' from command line to 'None'
[2.335s] Level 5:colcon.colcon_core.verb:set package 'proy_nexa_service' build argument 'catkin_cmake_args' from command line to 'None'
[2.335s] Level 5:colcon.colcon_core.verb:set package 'proy_nexa_service' build argument 'catkin_skip_building_tests' from command line to 'False'
[2.335s] DEBUG:colcon.colcon_core.verb:Building package 'proy_nexa_service' with the following arguments: {'ament_cmake_args': None, 'build_base': '/home/chen/repositorio2/Robot/build/proy_nexa_service', 'catkin_cmake_args': None, 'catkin_skip_building_tests': False, 'cmake_args': None, 'cmake_clean_cache': False, 'cmake_clean_first': False, 'cmake_force_configure': False, 'cmake_target': None, 'cmake_target_skip_unavailable': False, 'install_base': '/home/chen/repositorio2/Robot/install/proy_nexa_service', 'merge_install': False, 'path': '/home/chen/repositorio2/Robot/src/proy_nexa/proy_nexa_service', 'symlink_install': False, 'test_result_base': None}
[2.364s] Level 5:colcon.colcon_core.verb:set package 'proy_nexa' build argument 'cmake_args' from command line to 'None'
[2.364s] Level 5:colcon.colcon_core.verb:set package 'proy_nexa' build argument 'cmake_target' from command line to 'None'
[2.364s] Level 5:colcon.colcon_core.verb:set package 'proy_nexa' build argument 'cmake_target_skip_unavailable' from command line to 'False'
[2.364s] Level 5:colcon.colcon_core.verb:set package 'proy_nexa' build argument 'cmake_clean_cache' from command line to 'False'
[2.364s] Level 5:colcon.colcon_core.verb:set package 'proy_nexa' build argument 'cmake_clean_first' from command line to 'False'
[2.364s] Level 5:colcon.colcon_core.verb:set package 'proy_nexa' build argument 'cmake_force_configure' from command line to 'False'
[2.364s] Level 5:colcon.colcon_core.verb:set package 'proy_nexa' build argument 'ament_cmake_args' from command line to 'None'
[2.364s] Level 5:colcon.colcon_core.verb:set package 'proy_nexa' build argument 'catkin_cmake_args' from command line to 'None'
[2.364s] Level 5:colcon.colcon_core.verb:set package 'proy_nexa' build argument 'catkin_skip_building_tests' from command line to 'False'
[2.364s] DEBUG:colcon.colcon_core.verb:Building package 'proy_nexa' with the following arguments: {'ament_cmake_args': None, 'build_base': '/home/chen/repositorio2/Robot/build/proy_nexa', 'catkin_cmake_args': None, 'catkin_skip_building_tests': False, 'cmake_args': None, 'cmake_clean_cache': False, 'cmake_clean_first': False, 'cmake_force_configure': False, 'cmake_target': None, 'cmake_target_skip_unavailable': False, 'install_base': '/home/chen/repositorio2/Robot/install/proy_nexa', 'merge_install': False, 'path': '/home/chen/repositorio2/Robot/src/proy_nexa/proy_nexa', 'symlink_install': False, 'test_result_base': None}
[2.392s] INFO:colcon.colcon_core.executor:Executing jobs using 'parallel' executor
[2.422s] DEBUG:colcon.colcon_parallel_executor.executor.parallel:run_until_complete
[2.422s] INFO:colcon.colcon_ros.task.ament_cmake.build:Building ROS package in '/home/chen/repositorio2/Robot/src/proy_nexa/proy_nexa_interface' with build type 'ament_cmake'
[2.422s] INFO:colcon.colcon_cmake.task.cmake.build:Building CMake package in '/home/chen/repositorio2/Robot/src/proy_nexa/proy_nexa_interface'
[2.455s] INFO:colcon.colcon_core.plugin_system:Skipping extension 'colcon_core.shell.bat': Not used on non-Windows systems
[2.455s] INFO:colcon.colcon_core.shell:Skip shell extension 'powershell' for command environment: Not usable outside of PowerShell
[2.455s] DEBUG:colcon.colcon_core.shell:Skip shell extension 'dsv' for command environment
[2.621s] INFO:colcon.colcon_ros.task.ament_cmake.build:Building ROS package in '/home/chen/repositorio2/Robot/src/proy_nexa/my_world' with build type 'ament_cmake'
[2.621s] INFO:colcon.colcon_cmake.task.cmake.build:Building CMake package in '/home/chen/repositorio2/Robot/src/proy_nexa/my_world'
[2.655s] INFO:colcon.colcon_core.shell:Skip shell extension 'powershell' for command environment: Not usable outside of PowerShell
[2.655s] DEBUG:colcon.colcon_core.shell:Skip shell extension 'dsv' for command environment
[2.818s] DEBUG:colcon.colcon_core.event_handler.log_command:Invoking command in '/home/chen/repositorio2/Robot/build/proy_nexa_interface': CMAKE_PREFIX_PATH=${CMAKE_PREFIX_PATH}://home/chen/repositorio2/Robot/install/proy_nexa_show_msg://home/chen/repositorio2/Robot/install/proy_nexa_service://home/chen/repositorio2/Robot/install/proy_nexa_my_slam:/home/chen/turtlebot3_ws/install/show_msg:/home/chen/turtlebot3_ws/install/proy_nexa_show_msg:/home/chen/turtlebot3_ws/install/proy_nexa_service:/home/chen/turtlebot3_ws/install/provide_map:/home/chen/turtlebot3_ws/install/my_slam:/home/chen/turtlebot3_ws/install/my_nav2_system:/home/chen/turtlebot3_ws/install/my_first_subscriber:/home/chen/turtlebot3_ws/install/my_first_service:/home/chen/turtlebot3_ws/install/my_first_publisher:/home/chen/turtlebot3_ws/install/my_first_node:/home/chen/turtlebot3_ws/install/my_first_action:/home/chen/turtlebot3_ws/src/my_first_service/install/my_first_service:/opt/ros/galactic /usr/bin/cmake --build /home/chen/repositorio2/Robot/build/proy_nexa_interface -- -j2 -l2
[2.834s] DEBUG:colcon.colcon_core.event_handler.log_command:Invoking command in '/home/chen/repositorio2/Robot/build/my_world': CMAKE_PREFIX_PATH=${CMAKE_PREFIX_PATH}://home/chen/repositorio2/Robot/install/proy_nexa_show_msg://home/chen/repositorio2/Robot/install/proy_nexa_service://home/chen/repositorio2/Robot/install/proy_nexa_my_slam:/home/chen/turtlebot3_ws/install/show_msg:/home/chen/turtlebot3_ws/install/proy_nexa_show_msg:/home/chen/turtlebot3_ws/install/proy_nexa_service:/home/chen/turtlebot3_ws/install/provide_map:/home/chen/turtlebot3_ws/install/my_slam:/home/chen/turtlebot3_ws/install/my_nav2_system:/home/chen/turtlebot3_ws/install/my_first_subscriber:/home/chen/turtlebot3_ws/install/my_first_service:/home/chen/turtlebot3_ws/install/my_first_publisher:/home/chen/turtlebot3_ws/install/my_first_node:/home/chen/turtlebot3_ws/install/my_first_action:/home/chen/turtlebot3_ws/src/my_first_service/install/my_first_service:/opt/ros/galactic /usr/bin/cmake --build /home/chen/repositorio2/Robot/build/my_world -- -j2 -l2
[2.916s] DEBUG:colcon.colcon_core.event_handler.log_command:Invoked command in '/home/chen/repositorio2/Robot/build/my_world' returned '0': CMAKE_PREFIX_PATH=${CMAKE_PREFIX_PATH}://home/chen/repositorio2/Robot/install/proy_nexa_show_msg://home/chen/repositorio2/Robot/install/proy_nexa_service://home/chen/repositorio2/Robot/install/proy_nexa_my_slam:/home/chen/turtlebot3_ws/install/show_msg:/home/chen/turtlebot3_ws/install/proy_nexa_show_msg:/home/chen/turtlebot3_ws/install/proy_nexa_service:/home/chen/turtlebot3_ws/install/provide_map:/home/chen/turtlebot3_ws/install/my_slam:/home/chen/turtlebot3_ws/install/my_nav2_system:/home/chen/turtlebot3_ws/install/my_first_subscriber:/home/chen/turtlebot3_ws/install/my_first_service:/home/chen/turtlebot3_ws/install/my_first_publisher:/home/chen/turtlebot3_ws/install/my_first_node:/home/chen/turtlebot3_ws/install/my_first_action:/home/chen/turtlebot3_ws/src/my_first_service/install/my_first_service:/opt/ros/galactic /usr/bin/cmake --build /home/chen/repositorio2/Robot/build/my_world -- -j2 -l2
[2.982s] DEBUG:colcon.colcon_core.event_handler.log_command:Invoking command in '/home/chen/repositorio2/Robot/build/my_world': CMAKE_PREFIX_PATH=${CMAKE_PREFIX_PATH}://home/chen/repositorio2/Robot/install/proy_nexa_show_msg://home/chen/repositorio2/Robot/install/proy_nexa_service://home/chen/repositorio2/Robot/install/proy_nexa_my_slam:/home/chen/turtlebot3_ws/install/show_msg:/home/chen/turtlebot3_ws/install/proy_nexa_show_msg:/home/chen/turtlebot3_ws/install/proy_nexa_service:/home/chen/turtlebot3_ws/install/provide_map:/home/chen/turtlebot3_ws/install/my_slam:/home/chen/turtlebot3_ws/install/my_nav2_system:/home/chen/turtlebot3_ws/install/my_first_subscriber:/home/chen/turtlebot3_ws/install/my_first_service:/home/chen/turtlebot3_ws/install/my_first_publisher:/home/chen/turtlebot3_ws/install/my_first_node:/home/chen/turtlebot3_ws/install/my_first_action:/home/chen/turtlebot3_ws/src/my_first_service/install/my_first_service:/opt/ros/galactic /usr/bin/cmake --install /home/chen/repositorio2/Robot/build/my_world
[3.012s] Level 1:colcon.colcon_core.environment:create_environment_scripts_only(my_world)
[3.015s] DEBUG:colcon.colcon_core.event_handler.log_command:Invoked command in '/home/chen/repositorio2/Robot/build/my_world' returned '0': CMAKE_PREFIX_PATH=${CMAKE_PREFIX_PATH}://home/chen/repositorio2/Robot/install/proy_nexa_show_msg://home/chen/repositorio2/Robot/install/proy_nexa_service://home/chen/repositorio2/Robot/install/proy_nexa_my_slam:/home/chen/turtlebot3_ws/install/show_msg:/home/chen/turtlebot3_ws/install/proy_nexa_show_msg:/home/chen/turtlebot3_ws/install/proy_nexa_service:/home/chen/turtlebot3_ws/install/provide_map:/home/chen/turtlebot3_ws/install/my_slam:/home/chen/turtlebot3_ws/install/my_nav2_system:/home/chen/turtlebot3_ws/install/my_first_subscriber:/home/chen/turtlebot3_ws/install/my_first_service:/home/chen/turtlebot3_ws/install/my_first_publisher:/home/chen/turtlebot3_ws/install/my_first_node:/home/chen/turtlebot3_ws/install/my_first_action:/home/chen/turtlebot3_ws/src/my_first_service/install/my_first_service:/opt/ros/galactic /usr/bin/cmake --install /home/chen/repositorio2/Robot/build/my_world
[3.047s] Level 1:colcon.colcon_core.environment:checking '/home/chen/repositorio2/Robot/install/my_world' for CMake module files
[3.048s] Level 1:colcon.colcon_core.environment:checking '/home/chen/repositorio2/Robot/install/my_world' for CMake config files
[3.048s] Level 1:colcon.colcon_core.shell:create_environment_hook('my_world', 'cmake_prefix_path')
[3.080s] INFO:colcon.colcon_core.shell:Creating environment hook '/home/chen/repositorio2/Robot/install/my_world/share/my_world/hook/cmake_prefix_path.ps1'
[3.081s] INFO:colcon.colcon_core.shell:Creating environment descriptor '/home/chen/repositorio2/Robot/install/my_world/share/my_world/hook/cmake_prefix_path.dsv'
[3.082s] INFO:colcon.colcon_core.shell:Creating environment hook '/home/chen/repositorio2/Robot/install/my_world/share/my_world/hook/cmake_prefix_path.sh'
[3.083s] Level 1:colcon.colcon_core.environment:checking '/home/chen/repositorio2/Robot/install/my_world/lib'
[3.083s] Level 1:colcon.colcon_core.environment:checking '/home/chen/repositorio2/Robot/install/my_world/bin'
[3.083s] Level 1:colcon.colcon_core.environment:checking '/home/chen/repositorio2/Robot/install/my_world/lib/pkgconfig/my_world.pc'
[3.083s] Level 1:colcon.colcon_core.environment:checking '/home/chen/repositorio2/Robot/install/my_world/lib/python3.8/site-packages'
[3.083s] Level 1:colcon.colcon_core.environment:checking '/home/chen/repositorio2/Robot/install/my_world/bin'
[3.129s] INFO:colcon.colcon_core.shell:Creating package script '/home/chen/repositorio2/Robot/install/my_world/share/my_world/package.ps1'
[3.130s] INFO:colcon.colcon_core.shell:Creating package descriptor '/home/chen/repositorio2/Robot/install/my_world/share/my_world/package.dsv'
[3.131s] INFO:colcon.colcon_core.shell:Creating package script '/home/chen/repositorio2/Robot/install/my_world/share/my_world/package.sh'
[3.132s] INFO:colcon.colcon_core.shell:Creating package script '/home/chen/repositorio2/Robot/install/my_world/share/my_world/package.bash'
[3.133s] INFO:colcon.colcon_core.shell:Creating package script '/home/chen/repositorio2/Robot/install/my_world/share/my_world/package.zsh'
[3.134s] Level 1:colcon.colcon_core.environment:create_file_with_runtime_dependencies(/home/chen/repositorio2/Robot/install/my_world/share/colcon-core/packages/my_world)
[3.140s] DEBUG:colcon.colcon_core.event_handler.log_command:Invoked command in '/home/chen/repositorio2/Robot/build/proy_nexa_interface' returned '0': CMAKE_PREFIX_PATH=${CMAKE_PREFIX_PATH}://home/chen/repositorio2/Robot/install/proy_nexa_show_msg://home/chen/repositorio2/Robot/install/proy_nexa_service://home/chen/repositorio2/Robot/install/proy_nexa_my_slam:/home/chen/turtlebot3_ws/install/show_msg:/home/chen/turtlebot3_ws/install/proy_nexa_show_msg:/home/chen/turtlebot3_ws/install/proy_nexa_service:/home/chen/turtlebot3_ws/install/provide_map:/home/chen/turtlebot3_ws/install/my_slam:/home/chen/turtlebot3_ws/install/my_nav2_system:/home/chen/turtlebot3_ws/install/my_first_subscriber:/home/chen/turtlebot3_ws/install/my_first_service:/home/chen/turtlebot3_ws/install/my_first_publisher:/home/chen/turtlebot3_ws/install/my_first_node:/home/chen/turtlebot3_ws/install/my_first_action:/home/chen/turtlebot3_ws/src/my_first_service/install/my_first_service:/opt/ros/galactic /usr/bin/cmake --build /home/chen/repositorio2/Robot/build/proy_nexa_interface -- -j2 -l2
[3.198s] Level 1:colcon.colcon_core.environment:create_environment_scripts_only(my_world)
[3.229s] Level 1:colcon.colcon_core.environment:checking '/home/chen/repositorio2/Robot/install/my_world' for CMake module files
[3.229s] Level 1:colcon.colcon_core.environment:checking '/home/chen/repositorio2/Robot/install/my_world' for CMake config files
[3.229s] Level 1:colcon.colcon_core.shell:create_environment_hook('my_world', 'cmake_prefix_path')
[3.270s] INFO:colcon.colcon_core.shell:Creating environment hook '/home/chen/repositorio2/Robot/install/my_world/share/my_world/hook/cmake_prefix_path.ps1'
[3.271s] INFO:colcon.colcon_core.shell:Creating environment descriptor '/home/chen/repositorio2/Robot/install/my_world/share/my_world/hook/cmake_prefix_path.dsv'
[3.272s] INFO:colcon.colcon_core.shell:Creating environment hook '/home/chen/repositorio2/Robot/install/my_world/share/my_world/hook/cmake_prefix_path.sh'
[3.273s] Level 1:colcon.colcon_core.environment:checking '/home/chen/repositorio2/Robot/install/my_world/lib'
[3.273s] Level 1:colcon.colcon_core.environment:checking '/home/chen/repositorio2/Robot/install/my_world/bin'
[3.273s] Level 1:colcon.colcon_core.environment:checking '/home/chen/repositorio2/Robot/install/my_world/lib/pkgconfig/my_world.pc'
[3.273s] Level 1:colcon.colcon_core.environment:checking '/home/chen/repositorio2/Robot/install/my_world/lib/python3.8/site-packages'
[3.273s] Level 1:colcon.colcon_core.environment:checking '/home/chen/repositorio2/Robot/install/my_world/bin'
[3.303s] INFO:colcon.colcon_core.shell:Creating package script '/home/chen/repositorio2/Robot/install/my_world/share/my_world/package.ps1'
[3.305s] INFO:colcon.colcon_core.shell:Creating package descriptor '/home/chen/repositorio2/Robot/install/my_world/share/my_world/package.dsv'
[3.305s] INFO:colcon.colcon_core.shell:Creating package script '/home/chen/repositorio2/Robot/install/my_world/share/my_world/package.sh'
[3.307s] INFO:colcon.colcon_core.shell:Creating package script '/home/chen/repositorio2/Robot/install/my_world/share/my_world/package.bash'
[3.307s] INFO:colcon.colcon_core.shell:Creating package script '/home/chen/repositorio2/Robot/install/my_world/share/my_world/package.zsh'
[3.308s] Level 1:colcon.colcon_core.environment:create_file_with_runtime_dependencies(/home/chen/repositorio2/Robot/install/my_world/share/colcon-core/packages/my_world)
[3.309s] INFO:colcon.colcon_ros.task.ament_python.build:Building ROS package in '/home/chen/repositorio2/Robot/src/proy_nexa/proy_nexa_show_msg' with build type 'ament_python'
[3.310s] Level 1:colcon.colcon_core.shell:create_environment_hook('proy_nexa_show_msg', 'ament_prefix_path')
[3.342s] INFO:colcon.colcon_core.shell:Creating environment hook '/home/chen/repositorio2/Robot/install/proy_nexa_show_msg/share/proy_nexa_show_msg/hook/ament_prefix_path.ps1'
[3.342s] INFO:colcon.colcon_core.shell:Creating environment descriptor '/home/chen/repositorio2/Robot/install/proy_nexa_show_msg/share/proy_nexa_show_msg/hook/ament_prefix_path.dsv'
[3.343s] INFO:colcon.colcon_core.shell:Creating environment hook '/home/chen/repositorio2/Robot/install/proy_nexa_show_msg/share/proy_nexa_show_msg/hook/ament_prefix_path.sh'
[3.376s] INFO:colcon.colcon_core.shell:Skip shell extension 'powershell' for command environment: Not usable outside of PowerShell
[3.376s] DEBUG:colcon.colcon_core.shell:Skip shell extension 'dsv' for command environment
[3.536s] DEBUG:colcon.colcon_core.event_handler.log_command:Invoking command in '/home/chen/repositorio2/Robot/build/proy_nexa_interface': CMAKE_PREFIX_PATH=${CMAKE_PREFIX_PATH}://home/chen/repositorio2/Robot/install/proy_nexa_show_msg://home/chen/repositorio2/Robot/install/proy_nexa_service://home/chen/repositorio2/Robot/install/proy_nexa_my_slam:/home/chen/turtlebot3_ws/install/show_msg:/home/chen/turtlebot3_ws/install/proy_nexa_show_msg:/home/chen/turtlebot3_ws/install/proy_nexa_service:/home/chen/turtlebot3_ws/install/provide_map:/home/chen/turtlebot3_ws/install/my_slam:/home/chen/turtlebot3_ws/install/my_nav2_system:/home/chen/turtlebot3_ws/install/my_first_subscriber:/home/chen/turtlebot3_ws/install/my_first_service:/home/chen/turtlebot3_ws/install/my_first_publisher:/home/chen/turtlebot3_ws/install/my_first_node:/home/chen/turtlebot3_ws/install/my_first_action:/home/chen/turtlebot3_ws/src/my_first_service/install/my_first_service:/opt/ros/galactic /usr/bin/cmake --install /home/chen/repositorio2/Robot/build/proy_nexa_interface
[3.781s] INFO:colcon.colcon_core.task.python.build:Building Python package in '/home/chen/repositorio2/Robot/src/proy_nexa/proy_nexa_show_msg'
[3.825s] INFO:colcon.colcon_core.shell:Skip shell extension 'powershell' for command environment: Not usable outside of PowerShell
[3.825s] DEBUG:colcon.colcon_core.shell:Skip shell extension 'dsv' for command environment
[3.979s] Level 1:colcon.colcon_core.environment:create_environment_scripts_only(proy_nexa_interface)
[3.986s] DEBUG:colcon.colcon_core.event_handler.log_command:Invoked command in '/home/chen/repositorio2/Robot/build/proy_nexa_interface' returned '0': CMAKE_PREFIX_PATH=${CMAKE_PREFIX_PATH}://home/chen/repositorio2/Robot/install/proy_nexa_show_msg://home/chen/repositorio2/Robot/install/proy_nexa_service://home/chen/repositorio2/Robot/install/proy_nexa_my_slam:/home/chen/turtlebot3_ws/install/show_msg:/home/chen/turtlebot3_ws/install/proy_nexa_show_msg:/home/chen/turtlebot3_ws/install/proy_nexa_service:/home/chen/turtlebot3_ws/install/provide_map:/home/chen/turtlebot3_ws/install/my_slam:/home/chen/turtlebot3_ws/install/my_nav2_system:/home/chen/turtlebot3_ws/install/my_first_subscriber:/home/chen/turtlebot3_ws/install/my_first_service:/home/chen/turtlebot3_ws/install/my_first_publisher:/home/chen/turtlebot3_ws/install/my_first_node:/home/chen/turtlebot3_ws/install/my_first_action:/home/chen/turtlebot3_ws/src/my_first_service/install/my_first_service:/opt/ros/galactic /usr/bin/cmake --install /home/chen/repositorio2/Robot/build/proy_nexa_interface
[4.011s] Level 1:colcon.colcon_core.environment:checking '/home/chen/repositorio2/Robot/install/proy_nexa_interface' for CMake module files
[4.012s] Level 1:colcon.colcon_core.environment:checking '/home/chen/repositorio2/Robot/install/proy_nexa_interface' for CMake config files
[4.012s] Level 1:colcon.colcon_core.shell:create_environment_hook('proy_nexa_interface', 'cmake_prefix_path')
[4.042s] INFO:colcon.colcon_core.shell:Creating environment hook '/home/chen/repositorio2/Robot/install/proy_nexa_interface/share/proy_nexa_interface/hook/cmake_prefix_path.ps1'
[4.043s] INFO:colcon.colcon_core.shell:Creating environment descriptor '/home/chen/repositorio2/Robot/install/proy_nexa_interface/share/proy_nexa_interface/hook/cmake_prefix_path.dsv'
[4.044s] INFO:colcon.colcon_core.shell:Creating environment hook '/home/chen/repositorio2/Robot/install/proy_nexa_interface/share/proy_nexa_interface/hook/cmake_prefix_path.sh'
[4.045s] Level 1:colcon.colcon_core.environment:checking '/home/chen/repositorio2/Robot/install/proy_nexa_interface/lib'
[4.045s] Level 1:colcon.colcon_core.shell:create_environment_hook('proy_nexa_interface', 'ld_library_path_lib')
[4.075s] INFO:colcon.colcon_core.shell:Creating environment hook '/home/chen/repositorio2/Robot/install/proy_nexa_interface/share/proy_nexa_interface/hook/ld_library_path_lib.ps1'
[4.076s] INFO:colcon.colcon_core.shell:Creating environment descriptor '/home/chen/repositorio2/Robot/install/proy_nexa_interface/share/proy_nexa_interface/hook/ld_library_path_lib.dsv'
[4.077s] INFO:colcon.colcon_core.shell:Creating environment hook '/home/chen/repositorio2/Robot/install/proy_nexa_interface/share/proy_nexa_interface/hook/ld_library_path_lib.sh'
[4.078s] Level 1:colcon.colcon_core.environment:checking '/home/chen/repositorio2/Robot/install/proy_nexa_interface/bin'
[4.078s] Level 1:colcon.colcon_core.environment:checking '/home/chen/repositorio2/Robot/install/proy_nexa_interface/lib/pkgconfig/proy_nexa_interface.pc'
[4.078s] Level 1:colcon.colcon_core.environment:checking '/home/chen/repositorio2/Robot/install/proy_nexa_interface/lib/python3.8/site-packages'
[4.078s] Level 1:colcon.colcon_core.shell:create_environment_hook('proy_nexa_interface', 'pythonpath')
[4.109s] INFO:colcon.colcon_core.shell:Creating environment hook '/home/chen/repositorio2/Robot/install/proy_nexa_interface/share/proy_nexa_interface/hook/pythonpath.ps1'
[4.110s] INFO:colcon.colcon_core.shell:Creating environment descriptor '/home/chen/repositorio2/Robot/install/proy_nexa_interface/share/proy_nexa_interface/hook/pythonpath.dsv'
[4.110s] INFO:colcon.colcon_core.shell:Creating environment hook '/home/chen/repositorio2/Robot/install/proy_nexa_interface/share/proy_nexa_interface/hook/pythonpath.sh'
[4.111s] Level 1:colcon.colcon_core.environment:checking '/home/chen/repositorio2/Robot/install/proy_nexa_interface/bin'
[4.142s] INFO:colcon.colcon_core.shell:Creating package script '/home/chen/repositorio2/Robot/install/proy_nexa_interface/share/proy_nexa_interface/package.ps1'
[4.142s] INFO:colcon.colcon_core.shell:Creating package descriptor '/home/chen/repositorio2/Robot/install/proy_nexa_interface/share/proy_nexa_interface/package.dsv'
[4.143s] INFO:colcon.colcon_core.shell:Creating package script '/home/chen/repositorio2/Robot/install/proy_nexa_interface/share/proy_nexa_interface/package.sh'
[4.144s] INFO:colcon.colcon_core.shell:Creating package script '/home/chen/repositorio2/Robot/install/proy_nexa_interface/share/proy_nexa_interface/package.bash'
[4.144s] INFO:colcon.colcon_core.shell:Creating package script '/home/chen/repositorio2/Robot/install/proy_nexa_interface/share/proy_nexa_interface/package.zsh'
[4.145s] Level 1:colcon.colcon_core.environment:create_file_with_runtime_dependencies(/home/chen/repositorio2/Robot/install/proy_nexa_interface/share/colcon-core/packages/proy_nexa_interface)
[4.247s] Level 1:colcon.colcon_core.environment:create_environment_scripts_only(proy_nexa_interface)
[4.277s] Level 1:colcon.colcon_core.environment:checking '/home/chen/repositorio2/Robot/install/proy_nexa_interface' for CMake module files
[4.278s] Level 1:colcon.colcon_core.environment:checking '/home/chen/repositorio2/Robot/install/proy_nexa_interface' for CMake config files
[4.278s] Level 1:colcon.colcon_core.shell:create_environment_hook('proy_nexa_interface', 'cmake_prefix_path')
[4.307s] INFO:colcon.colcon_core.shell:Creating environment hook '/home/chen/repositorio2/Robot/install/proy_nexa_interface/share/proy_nexa_interface/hook/cmake_prefix_path.ps1'
[4.308s] INFO:colcon.colcon_core.shell:Creating environment descriptor '/home/chen/repositorio2/Robot/install/proy_nexa_interface/share/proy_nexa_interface/hook/cmake_prefix_path.dsv'
[4.308s] INFO:colcon.colcon_core.shell:Creating environment hook '/home/chen/repositorio2/Robot/install/proy_nexa_interface/share/proy_nexa_interface/hook/cmake_prefix_path.sh'
[4.309s] Level 1:colcon.colcon_core.environment:checking '/home/chen/repositorio2/Robot/install/proy_nexa_interface/lib'
[4.309s] Level 1:colcon.colcon_core.shell:create_environment_hook('proy_nexa_interface', 'ld_library_path_lib')
[4.342s] INFO:colcon.colcon_core.shell:Creating environment hook '/home/chen/repositorio2/Robot/install/proy_nexa_interface/share/proy_nexa_interface/hook/ld_library_path_lib.ps1'
[4.343s] INFO:colcon.colcon_core.shell:Creating environment descriptor '/home/chen/repositorio2/Robot/install/proy_nexa_interface/share/proy_nexa_interface/hook/ld_library_path_lib.dsv'
[4.344s] INFO:colcon.colcon_core.shell:Creating environment hook '/home/chen/repositorio2/Robot/install/proy_nexa_interface/share/proy_nexa_interface/hook/ld_library_path_lib.sh'
[4.344s] Level 1:colcon.colcon_core.environment:checking '/home/chen/repositorio2/Robot/install/proy_nexa_interface/bin'
[4.344s] Level 1:colcon.colcon_core.environment:checking '/home/chen/repositorio2/Robot/install/proy_nexa_interface/lib/pkgconfig/proy_nexa_interface.pc'
[4.345s] Level 1:colcon.colcon_core.environment:checking '/home/chen/repositorio2/Robot/install/proy_nexa_interface/lib/python3.8/site-packages'
[4.345s] Level 1:colcon.colcon_core.shell:create_environment_hook('proy_nexa_interface', 'pythonpath')
[4.380s] INFO:colcon.colcon_core.shell:Creating environment hook '/home/chen/repositorio2/Robot/install/proy_nexa_interface/share/proy_nexa_interface/hook/pythonpath.ps1'
[4.381s] INFO:colcon.colcon_core.shell:Creating environment descriptor '/home/chen/repositorio2/Robot/install/proy_nexa_interface/share/proy_nexa_interface/hook/pythonpath.dsv'
[4.381s] INFO:colcon.colcon_core.shell:Creating environment hook '/home/chen/repositorio2/Robot/install/proy_nexa_interface/share/proy_nexa_interface/hook/pythonpath.sh'
[4.382s] Level 1:colcon.colcon_core.environment:checking '/home/chen/repositorio2/Robot/install/proy_nexa_interface/bin'
[4.415s] INFO:colcon.colcon_core.shell:Creating package script '/home/chen/repositorio2/Robot/install/proy_nexa_interface/share/proy_nexa_interface/package.ps1'
[4.417s] INFO:colcon.colcon_core.shell:Creating package descriptor '/home/chen/repositorio2/Robot/install/proy_nexa_interface/share/proy_nexa_interface/package.dsv'
[4.420s] INFO:colcon.colcon_core.shell:Creating package script '/home/chen/repositorio2/Robot/install/proy_nexa_interface/share/proy_nexa_interface/package.sh'
[4.421s] INFO:colcon.colcon_core.shell:Creating package script '/home/chen/repositorio2/Robot/install/proy_nexa_interface/share/proy_nexa_interface/package.bash'
[4.421s] INFO:colcon.colcon_core.shell:Creating package script '/home/chen/repositorio2/Robot/install/proy_nexa_interface/share/proy_nexa_interface/package.zsh'
[4.422s] Level 1:colcon.colcon_core.environment:create_file_with_runtime_dependencies(/home/chen/repositorio2/Robot/install/proy_nexa_interface/share/colcon-core/packages/proy_nexa_interface)
[4.423s] INFO:colcon.colcon_ros.task.ament_python.build:Building ROS package in '/home/chen/repositorio2/Robot/src/proy_nexa/proy_nexa_service' with build type 'ament_python'
[4.423s] Level 1:colcon.colcon_core.shell:create_environment_hook('proy_nexa_service', 'ament_prefix_path')
[4.477s] INFO:colcon.colcon_core.shell:Creating environment hook '/home/chen/repositorio2/Robot/install/proy_nexa_service/share/proy_nexa_service/hook/ament_prefix_path.ps1'
[4.478s] INFO:colcon.colcon_core.shell:Creating environment descriptor '/home/chen/repositorio2/Robot/install/proy_nexa_service/share/proy_nexa_service/hook/ament_prefix_path.dsv'
[4.478s] INFO:colcon.colcon_core.shell:Creating environment hook '/home/chen/repositorio2/Robot/install/proy_nexa_service/share/proy_nexa_service/hook/ament_prefix_path.sh'
[4.520s] INFO:colcon.colcon_core.shell:Skip shell extension 'powershell' for command environment: Not usable outside of PowerShell
[4.522s] DEBUG:colcon.colcon_core.shell:Skip shell extension 'dsv' for command environment
[4.700s] DEBUG:colcon.colcon_core.event_handler.log_command:Invoking command in '/home/chen/repositorio2/Robot/src/proy_nexa/proy_nexa_show_msg': PYTHONPATH=/home/chen/repositorio2/Robot/build/proy_nexa_show_msg/prefix_override:/home/chen/repositorio2/Robot/install/proy_nexa_show_msg/lib/python3.8/site-packages:${PYTHONPATH} /usr/bin/python3 setup.py egg_info --egg-base ../../../build/proy_nexa_show_msg build --build-base /home/chen/repositorio2/Robot/build/proy_nexa_show_msg/build install --record /home/chen/repositorio2/Robot/build/proy_nexa_show_msg/install.log --single-version-externally-managed
[4.901s] INFO:colcon.colcon_core.task.python.build:Building Python package in '/home/chen/repositorio2/Robot/src/proy_nexa/proy_nexa_service'
[4.941s] INFO:colcon.colcon_core.shell:Skip shell extension 'powershell' for command environment: Not usable outside of PowerShell
[4.941s] DEBUG:colcon.colcon_core.shell:Skip shell extension 'dsv' for command environment
[5.120s] DEBUG:colcon.colcon_core.event_handler.log_command:Invoked command in '/home/chen/repositorio2/Robot/src/proy_nexa/proy_nexa_show_msg' returned '0': PYTHONPATH=/home/chen/repositorio2/Robot/build/proy_nexa_show_msg/prefix_override:/home/chen/repositorio2/Robot/install/proy_nexa_show_msg/lib/python3.8/site-packages:${PYTHONPATH} /usr/bin/python3 setup.py egg_info --egg-base ../../../build/proy_nexa_show_msg build --build-base /home/chen/repositorio2/Robot/build/proy_nexa_show_msg/build install --record /home/chen/repositorio2/Robot/build/proy_nexa_show_msg/install.log --single-version-externally-managed
[5.152s] Level 1:colcon.colcon_core.environment:checking '/home/chen/repositorio2/Robot/install/proy_nexa_show_msg' for CMake module files
[5.152s] Level 1:colcon.colcon_core.environment:checking '/home/chen/repositorio2/Robot/install/proy_nexa_show_msg' for CMake config files
[5.153s] Level 1:colcon.colcon_core.environment:checking '/home/chen/repositorio2/Robot/install/proy_nexa_show_msg/lib'
[5.153s] Level 1:colcon.colcon_core.environment:checking '/home/chen/repositorio2/Robot/install/proy_nexa_show_msg/bin'
[5.153s] Level 1:colcon.colcon_core.environment:checking '/home/chen/repositorio2/Robot/install/proy_nexa_show_msg/lib/pkgconfig/proy_nexa_show_msg.pc'
[5.153s] Level 1:colcon.colcon_core.environment:checking '/home/chen/repositorio2/Robot/install/proy_nexa_show_msg/lib/python3.8/site-packages'
[5.154s] Level 1:colcon.colcon_core.shell:create_environment_hook('proy_nexa_show_msg', 'pythonpath')
[5.194s] INFO:colcon.colcon_core.shell:Creating environment hook '/home/chen/repositorio2/Robot/install/proy_nexa_show_msg/share/proy_nexa_show_msg/hook/pythonpath.ps1'
[5.195s] INFO:colcon.colcon_core.shell:Creating environment descriptor '/home/chen/repositorio2/Robot/install/proy_nexa_show_msg/share/proy_nexa_show_msg/hook/pythonpath.dsv'
[5.196s] INFO:colcon.colcon_core.shell:Creating environment hook '/home/chen/repositorio2/Robot/install/proy_nexa_show_msg/share/proy_nexa_show_msg/hook/pythonpath.sh'
[5.197s] Level 1:colcon.colcon_core.environment:checking '/home/chen/repositorio2/Robot/install/proy_nexa_show_msg/bin'
[5.197s] Level 1:colcon.colcon_core.environment:create_environment_scripts_only(proy_nexa_show_msg)
[5.227s] INFO:colcon.colcon_core.shell:Creating package script '/home/chen/repositorio2/Robot/install/proy_nexa_show_msg/share/proy_nexa_show_msg/package.ps1'
[5.228s] INFO:colcon.colcon_core.shell:Creating package descriptor '/home/chen/repositorio2/Robot/install/proy_nexa_show_msg/share/proy_nexa_show_msg/package.dsv'
[5.228s] INFO:colcon.colcon_core.shell:Creating package script '/home/chen/repositorio2/Robot/install/proy_nexa_show_msg/share/proy_nexa_show_msg/package.sh'
[5.229s] INFO:colcon.colcon_core.shell:Creating package script '/home/chen/repositorio2/Robot/install/proy_nexa_show_msg/share/proy_nexa_show_msg/package.bash'
[5.230s] INFO:colcon.colcon_core.shell:Creating package script '/home/chen/repositorio2/Robot/install/proy_nexa_show_msg/share/proy_nexa_show_msg/package.zsh'
[5.230s] Level 1:colcon.colcon_core.environment:create_file_with_runtime_dependencies(/home/chen/repositorio2/Robot/install/proy_nexa_show_msg/share/colcon-core/packages/proy_nexa_show_msg)
[5.232s] INFO:colcon.colcon_ros.task.ament_python.build:Building ROS package in '/home/chen/repositorio2/Robot/src/proy_nexa/proy_nexa_my_slam' with build type 'ament_python'
[5.232s] Level 1:colcon.colcon_core.shell:create_environment_hook('proy_nexa_my_slam', 'ament_prefix_path')
[5.263s] INFO:colcon.colcon_core.shell:Creating environment hook '/home/chen/repositorio2/Robot/install/proy_nexa_my_slam/share/proy_nexa_my_slam/hook/ament_prefix_path.ps1'
[5.263s] INFO:colcon.colcon_core.shell:Creating environment descriptor '/home/chen/repositorio2/Robot/install/proy_nexa_my_slam/share/proy_nexa_my_slam/hook/ament_prefix_path.dsv'
[5.264s] INFO:colcon.colcon_core.shell:Creating environment hook '/home/chen/repositorio2/Robot/install/proy_nexa_my_slam/share/proy_nexa_my_slam/hook/ament_prefix_path.sh'
[5.297s] INFO:colcon.colcon_core.shell:Skip shell extension 'powershell' for command environment: Not usable outside of PowerShell
[5.297s] DEBUG:colcon.colcon_core.shell:Skip shell extension 'dsv' for command environment
[5.649s] INFO:colcon.colcon_core.task.python.build:Building Python package in '/home/chen/repositorio2/Robot/src/proy_nexa/proy_nexa_my_slam'
[5.683s] INFO:colcon.colcon_core.shell:Skip shell extension 'powershell' for command environment: Not usable outside of PowerShell
[5.683s] DEBUG:colcon.colcon_core.shell:Skip shell extension 'dsv' for command environment
[5.905s] DEBUG:colcon.colcon_core.event_handler.log_command:Invoking command in '/home/chen/repositorio2/Robot/src/proy_nexa/proy_nexa_service': AMENT_PREFIX_PATH=/home/chen/repositorio2/Robot/install/proy_nexa_interface:${AMENT_PREFIX_PATH} CMAKE_PREFIX_PATH=/home/chen/repositorio2/Robot/install/proy_nexa_interface:${CMAKE_PREFIX_PATH} LD_LIBRARY_PATH=/home/chen/repositorio2/Robot/install/proy_nexa_interface/lib:${LD_LIBRARY_PATH} PYTHONPATH=/home/chen/repositorio2/Robot/build/proy_nexa_service/prefix_override:/home/chen/repositorio2/Robot/install/proy_nexa_service/lib/python3.8/site-packages:/home/chen/repositorio2/Robot/install/proy_nexa_interface/lib/python3.8/site-packages:${PYTHONPATH} /usr/bin/python3 setup.py egg_info --egg-base ../../../build/proy_nexa_service build --build-base /home/chen/repositorio2/Robot/build/proy_nexa_service/build install --record /home/chen/repositorio2/Robot/build/proy_nexa_service/install.log --single-version-externally-managed
[6.356s] DEBUG:colcon.colcon_core.event_handler.log_command:Invoked command in '/home/chen/repositorio2/Robot/src/proy_nexa/proy_nexa_service' returned '0': AMENT_PREFIX_PATH=/home/chen/repositorio2/Robot/install/proy_nexa_interface:${AMENT_PREFIX_PATH} CMAKE_PREFIX_PATH=/home/chen/repositorio2/Robot/install/proy_nexa_interface:${CMAKE_PREFIX_PATH} LD_LIBRARY_PATH=/home/chen/repositorio2/Robot/install/proy_nexa_interface/lib:${LD_LIBRARY_PATH} PYTHONPATH=/home/chen/repositorio2/Robot/build/proy_nexa_service/prefix_override:/home/chen/repositorio2/Robot/install/proy_nexa_service/lib/python3.8/site-packages:/home/chen/repositorio2/Robot/install/proy_nexa_interface/lib/python3.8/site-packages:${PYTHONPATH} /usr/bin/python3 setup.py egg_info --egg-base ../../../build/proy_nexa_service build --build-base /home/chen/repositorio2/Robot/build/proy_nexa_service/build install --record /home/chen/repositorio2/Robot/build/proy_nexa_service/install.log --single-version-externally-managed
[6.398s] Level 1:colcon.colcon_core.environment:checking '/home/chen/repositorio2/Robot/install/proy_nexa_service' for CMake module files
[6.398s] Level 1:colcon.colcon_core.environment:checking '/home/chen/repositorio2/Robot/install/proy_nexa_service' for CMake config files
[6.399s] Level 1:colcon.colcon_core.environment:checking '/home/chen/repositorio2/Robot/install/proy_nexa_service/lib'
[6.399s] Level 1:colcon.colcon_core.environment:checking '/home/chen/repositorio2/Robot/install/proy_nexa_service/bin'
[6.399s] Level 1:colcon.colcon_core.environment:checking '/home/chen/repositorio2/Robot/install/proy_nexa_service/lib/pkgconfig/proy_nexa_service.pc'
[6.399s] Level 1:colcon.colcon_core.environment:checking '/home/chen/repositorio2/Robot/install/proy_nexa_service/lib/python3.8/site-packages'
[6.399s] Level 1:colcon.colcon_core.shell:create_environment_hook('proy_nexa_service', 'pythonpath')
[6.428s] INFO:colcon.colcon_core.shell:Creating environment hook '/home/chen/repositorio2/Robot/install/proy_nexa_service/share/proy_nexa_service/hook/pythonpath.ps1'
[6.429s] INFO:colcon.colcon_core.shell:Creating environment descriptor '/home/chen/repositorio2/Robot/install/proy_nexa_service/share/proy_nexa_service/hook/pythonpath.dsv'
[6.429s] INFO:colcon.colcon_core.shell:Creating environment hook '/home/chen/repositorio2/Robot/install/proy_nexa_service/share/proy_nexa_service/hook/pythonpath.sh'
[6.430s] Level 1:colcon.colcon_core.environment:checking '/home/chen/repositorio2/Robot/install/proy_nexa_service/bin'
[6.430s] Level 1:colcon.colcon_core.environment:create_environment_scripts_only(proy_nexa_service)
[6.461s] INFO:colcon.colcon_core.shell:Creating package script '/home/chen/repositorio2/Robot/install/proy_nexa_service/share/proy_nexa_service/package.ps1'
[6.462s] INFO:colcon.colcon_core.shell:Creating package descriptor '/home/chen/repositorio2/Robot/install/proy_nexa_service/share/proy_nexa_service/package.dsv'
[6.462s] INFO:colcon.colcon_core.shell:Creating package script '/home/chen/repositorio2/Robot/install/proy_nexa_service/share/proy_nexa_service/package.sh'
[6.463s] INFO:colcon.colcon_core.shell:Creating package script '/home/chen/repositorio2/Robot/install/proy_nexa_service/share/proy_nexa_service/package.bash'
[6.463s] INFO:colcon.colcon_core.shell:Creating package script '/home/chen/repositorio2/Robot/install/proy_nexa_service/share/proy_nexa_service/package.zsh'
[6.464s] Level 1:colcon.colcon_core.environment:create_file_with_runtime_dependencies(/home/chen/repositorio2/Robot/install/proy_nexa_service/share/colcon-core/packages/proy_nexa_service)
[6.465s] INFO:colcon.colcon_ros.task.ament_cmake.build:Building ROS package in '/home/chen/repositorio2/Robot/src/proy_nexa/proy_nexa' with build type 'ament_cmake'
[6.465s] INFO:colcon.colcon_cmake.task.cmake.build:Building CMake package in '/home/chen/repositorio2/Robot/src/proy_nexa/proy_nexa'
[6.506s] INFO:colcon.colcon_core.shell:Skip shell extension 'powershell' for command environment: Not usable outside of PowerShell
[6.507s] DEBUG:colcon.colcon_core.shell:Skip shell extension 'dsv' for command environment
[6.688s] DEBUG:colcon.colcon_core.event_handler.log_command:Invoking command in '/home/chen/repositorio2/Robot/src/proy_nexa/proy_nexa_my_slam': PYTHONPATH=/home/chen/repositorio2/Robot/build/proy_nexa_my_slam/prefix_override:/home/chen/repositorio2/Robot/install/proy_nexa_my_slam/lib/python3.8/site-packages:${PYTHONPATH} /usr/bin/python3 setup.py egg_info --egg-base ../../../build/proy_nexa_my_slam build --build-base /home/chen/repositorio2/Robot/build/proy_nexa_my_slam/build install --record /home/chen/repositorio2/Robot/build/proy_nexa_my_slam/install.log --single-version-externally-managed
[6.709s] DEBUG:colcon.colcon_core.event_handler.log_command:Invoking command in '/home/chen/repositorio2/Robot/build/proy_nexa': AMENT_PREFIX_PATH=/home/chen/repositorio2/Robot/install/proy_nexa_service:/home/chen/repositorio2/Robot/install/proy_nexa_show_msg:/home/chen/repositorio2/Robot/install/proy_nexa_interface:/home/chen/repositorio2/Robot/install/my_world:${AMENT_PREFIX_PATH} CMAKE_PREFIX_PATH=/home/chen/repositorio2/Robot/install/proy_nexa_interface:/home/chen/repositorio2/Robot/install/my_world://home/chen/repositorio2/Robot/install/proy_nexa://home/chen/repositorio2/Robot/install/proy_nexa_interface://home/chen/repositorio2/Robot/install/my_world:/home/chen/turtlebot3_ws/install/turtlebot3_simulations:/home/chen/turtlebot3_ws/install/my_world:/home/chen/turtlebot3_ws/install/turtlebot3_gazebo:/home/chen/turtlebot3_ws/install/turtlebot3_fake_node:/home/chen/turtlebot3_ws/install/proy_nexa:/home/chen/turtlebot3_ws/install/proy_nexa_interface:/home/chen/turtlebot3_ws/install/custom_interface://home/chen/repositorio2/Robot/install/proy_nexa_show_msg://home/chen/repositorio2/Robot/install/proy_nexa_service://home/chen/repositorio2/Robot/install/proy_nexa_my_slam:/home/chen/turtlebot3_ws/install/show_msg:/home/chen/turtlebot3_ws/install/proy_nexa_show_msg:/home/chen/turtlebot3_ws/install/proy_nexa_service:/home/chen/turtlebot3_ws/install/provide_map:/home/chen/turtlebot3_ws/install/my_slam:/home/chen/turtlebot3_ws/install/my_nav2_system:/home/chen/turtlebot3_ws/install/my_first_subscriber:/home/chen/turtlebot3_ws/install/my_first_service:/home/chen/turtlebot3_ws/install/my_first_publisher:/home/chen/turtlebot3_ws/install/my_first_node:/home/chen/turtlebot3_ws/install/my_first_action:/home/chen/turtlebot3_ws/src/my_first_service/install/my_first_service:/opt/ros/galactic LD_LIBRARY_PATH=/home/chen/repositorio2/Robot/install/proy_nexa_interface/lib:${LD_LIBRARY_PATH} PYTHONPATH=/home/chen/repositorio2/Robot/install/proy_nexa_service/lib/python3.8/site-packages:/home/chen/repositorio2/Robot/install/proy_nexa_show_msg/lib/python3.8/site-packages:/home/chen/repositorio2/Robot/install/proy_nexa_interface/lib/python3.8/site-packages:${PYTHONPATH} /usr/bin/cmake --build /home/chen/repositorio2/Robot/build/proy_nexa -- -j2 -l2
[6.752s] DEBUG:colcon.colcon_core.event_handler.log_command:Invoked command in '/home/chen/repositorio2/Robot/build/proy_nexa' returned '0': AMENT_PREFIX_PATH=/home/chen/repositorio2/Robot/install/proy_nexa_service:/home/chen/repositorio2/Robot/install/proy_nexa_show_msg:/home/chen/repositorio2/Robot/install/proy_nexa_interface:/home/chen/repositorio2/Robot/install/my_world:${AMENT_PREFIX_PATH} CMAKE_PREFIX_PATH=/home/chen/repositorio2/Robot/install/proy_nexa_interface:/home/chen/repositorio2/Robot/install/my_world://home/chen/repositorio2/Robot/install/proy_nexa://home/chen/repositorio2/Robot/install/proy_nexa_interface://home/chen/repositorio2/Robot/install/my_world:/home/chen/turtlebot3_ws/install/turtlebot3_simulations:/home/chen/turtlebot3_ws/install/my_world:/home/chen/turtlebot3_ws/install/turtlebot3_gazebo:/home/chen/turtlebot3_ws/install/turtlebot3_fake_node:/home/chen/turtlebot3_ws/install/proy_nexa:/home/chen/turtlebot3_ws/install/proy_nexa_interface:/home/chen/turtlebot3_ws/install/custom_interface://home/chen/repositorio2/Robot/install/proy_nexa_show_msg://home/chen/repositorio2/Robot/install/proy_nexa_service://home/chen/repositorio2/Robot/install/proy_nexa_my_slam:/home/chen/turtlebot3_ws/install/show_msg:/home/chen/turtlebot3_ws/install/proy_nexa_show_msg:/home/chen/turtlebot3_ws/install/proy_nexa_service:/home/chen/turtlebot3_ws/install/provide_map:/home/chen/turtlebot3_ws/install/my_slam:/home/chen/turtlebot3_ws/install/my_nav2_system:/home/chen/turtlebot3_ws/install/my_first_subscriber:/home/chen/turtlebot3_ws/install/my_first_service:/home/chen/turtlebot3_ws/install/my_first_publisher:/home/chen/turtlebot3_ws/install/my_first_node:/home/chen/turtlebot3_ws/install/my_first_action:/home/chen/turtlebot3_ws/src/my_first_service/install/my_first_service:/opt/ros/galactic LD_LIBRARY_PATH=/home/chen/repositorio2/Robot/install/proy_nexa_interface/lib:${LD_LIBRARY_PATH} PYTHONPATH=/home/chen/repositorio2/Robot/install/proy_nexa_service/lib/python3.8/site-packages:/home/chen/repositorio2/Robot/install/proy_nexa_show_msg/lib/python3.8/site-packages:/home/chen/repositorio2/Robot/install/proy_nexa_interface/lib/python3.8/site-packages:${PYTHONPATH} /usr/bin/cmake --build /home/chen/repositorio2/Robot/build/proy_nexa -- -j2 -l2
[6.779s] DEBUG:colcon.colcon_core.event_handler.log_command:Invoking command in '/home/chen/repositorio2/Robot/build/proy_nexa': AMENT_PREFIX_PATH=/home/chen/repositorio2/Robot/install/proy_nexa_service:/home/chen/repositorio2/Robot/install/proy_nexa_show_msg:/home/chen/repositorio2/Robot/install/proy_nexa_interface:/home/chen/repositorio2/Robot/install/my_world:${AMENT_PREFIX_PATH} CMAKE_PREFIX_PATH=/home/chen/repositorio2/Robot/install/proy_nexa_interface:/home/chen/repositorio2/Robot/install/my_world://home/chen/repositorio2/Robot/install/proy_nexa://home/chen/repositorio2/Robot/install/proy_nexa_interface://home/chen/repositorio2/Robot/install/my_world:/home/chen/turtlebot3_ws/install/turtlebot3_simulations:/home/chen/turtlebot3_ws/install/my_world:/home/chen/turtlebot3_ws/install/turtlebot3_gazebo:/home/chen/turtlebot3_ws/install/turtlebot3_fake_node:/home/chen/turtlebot3_ws/install/proy_nexa:/home/chen/turtlebot3_ws/install/proy_nexa_interface:/home/chen/turtlebot3_ws/install/custom_interface://home/chen/repositorio2/Robot/install/proy_nexa_show_msg://home/chen/repositorio2/Robot/install/proy_nexa_service://home/chen/repositorio2/Robot/install/proy_nexa_my_slam:/home/chen/turtlebot3_ws/install/show_msg:/home/chen/turtlebot3_ws/install/proy_nexa_show_msg:/home/chen/turtlebot3_ws/install/proy_nexa_service:/home/chen/turtlebot3_ws/install/provide_map:/home/chen/turtlebot3_ws/install/my_slam:/home/chen/turtlebot3_ws/install/my_nav2_system:/home/chen/turtlebot3_ws/install/my_first_subscriber:/home/chen/turtlebot3_ws/install/my_first_service:/home/chen/turtlebot3_ws/install/my_first_publisher:/home/chen/turtlebot3_ws/install/my_first_node:/home/chen/turtlebot3_ws/install/my_first_action:/home/chen/turtlebot3_ws/src/my_first_service/install/my_first_service:/opt/ros/galactic LD_LIBRARY_PATH=/home/chen/repositorio2/Robot/install/proy_nexa_interface/lib:${LD_LIBRARY_PATH} PYTHONPATH=/home/chen/repositorio2/Robot/install/proy_nexa_service/lib/python3.8/site-packages:/home/chen/repositorio2/Robot/install/proy_nexa_show_msg/lib/python3.8/site-packages:/home/chen/repositorio2/Robot/install/proy_nexa_interface/lib/python3.8/site-packages:${PYTHONPATH} /usr/bin/cmake --install /home/chen/repositorio2/Robot/build/proy_nexa
[6.797s] Level 1:colcon.colcon_core.environment:create_environment_scripts_only(proy_nexa)
[6.813s] DEBUG:colcon.colcon_core.event_handler.log_command:Invoked command in '/home/chen/repositorio2/Robot/build/proy_nexa' returned '0': AMENT_PREFIX_PATH=/home/chen/repositorio2/Robot/install/proy_nexa_service:/home/chen/repositorio2/Robot/install/proy_nexa_show_msg:/home/chen/repositorio2/Robot/install/proy_nexa_interface:/home/chen/repositorio2/Robot/install/my_world:${AMENT_PREFIX_PATH} CMAKE_PREFIX_PATH=/home/chen/repositorio2/Robot/install/proy_nexa_interface:/home/chen/repositorio2/Robot/install/my_world://home/chen/repositorio2/Robot/install/proy_nexa://home/chen/repositorio2/Robot/install/proy_nexa_interface://home/chen/repositorio2/Robot/install/my_world:/home/chen/turtlebot3_ws/install/turtlebot3_simulations:/home/chen/turtlebot3_ws/install/my_world:/home/chen/turtlebot3_ws/install/turtlebot3_gazebo:/home/chen/turtlebot3_ws/install/turtlebot3_fake_node:/home/chen/turtlebot3_ws/install/proy_nexa:/home/chen/turtlebot3_ws/install/proy_nexa_interface:/home/chen/turtlebot3_ws/install/custom_interface://home/chen/repositorio2/Robot/install/proy_nexa_show_msg://home/chen/repositorio2/Robot/install/proy_nexa_service://home/chen/repositorio2/Robot/install/proy_nexa_my_slam:/home/chen/turtlebot3_ws/install/show_msg:/home/chen/turtlebot3_ws/install/proy_nexa_show_msg:/home/chen/turtlebot3_ws/install/proy_nexa_service:/home/chen/turtlebot3_ws/install/provide_map:/home/chen/turtlebot3_ws/install/my_slam:/home/chen/turtlebot3_ws/install/my_nav2_system:/home/chen/turtlebot3_ws/install/my_first_subscriber:/home/chen/turtlebot3_ws/install/my_first_service:/home/chen/turtlebot3_ws/install/my_first_publisher:/home/chen/turtlebot3_ws/install/my_first_node:/home/chen/turtlebot3_ws/install/my_first_action:/home/chen/turtlebot3_ws/src/my_first_service/install/my_first_service:/opt/ros/galactic LD_LIBRARY_PATH=/home/chen/repositorio2/Robot/install/proy_nexa_interface/lib:${LD_LIBRARY_PATH} PYTHONPATH=/home/chen/repositorio2/Robot/install/proy_nexa_service/lib/python3.8/site-packages:/home/chen/repositorio2/Robot/install/proy_nexa_show_msg/lib/python3.8/site-packages:/home/chen/repositorio2/Robot/install/proy_nexa_interface/lib/python3.8/site-packages:${PYTHONPATH} /usr/bin/cmake --install /home/chen/repositorio2/Robot/build/proy_nexa
[6.833s] Level 1:colcon.colcon_core.environment:checking '/home/chen/repositorio2/Robot/install/proy_nexa' for CMake module files
[6.833s] Level 1:colcon.colcon_core.environment:checking '/home/chen/repositorio2/Robot/install/proy_nexa' for CMake config files
[6.834s] Level 1:colcon.colcon_core.shell:create_environment_hook('proy_nexa', 'cmake_prefix_path')
[6.864s] INFO:colcon.colcon_core.shell:Creating environment hook '/home/chen/repositorio2/Robot/install/proy_nexa/share/proy_nexa/hook/cmake_prefix_path.ps1'
[6.865s] INFO:colcon.colcon_core.shell:Creating environment descriptor '/home/chen/repositorio2/Robot/install/proy_nexa/share/proy_nexa/hook/cmake_prefix_path.dsv'
[6.866s] INFO:colcon.colcon_core.shell:Creating environment hook '/home/chen/repositorio2/Robot/install/proy_nexa/share/proy_nexa/hook/cmake_prefix_path.sh'
[6.866s] Level 1:colcon.colcon_core.environment:checking '/home/chen/repositorio2/Robot/install/proy_nexa/bin'
[6.866s] Level 1:colcon.colcon_core.environment:checking '/home/chen/repositorio2/Robot/install/proy_nexa/lib/pkgconfig/proy_nexa.pc'
[6.867s] Level 1:colcon.colcon_core.environment:checking '/home/chen/repositorio2/Robot/install/proy_nexa/lib/python3.8/site-packages'
[6.867s] Level 1:colcon.colcon_core.environment:checking '/home/chen/repositorio2/Robot/install/proy_nexa/bin'
[6.902s] INFO:colcon.colcon_core.shell:Creating package script '/home/chen/repositorio2/Robot/install/proy_nexa/share/proy_nexa/package.ps1'
[6.903s] INFO:colcon.colcon_core.shell:Creating package descriptor '/home/chen/repositorio2/Robot/install/proy_nexa/share/proy_nexa/package.dsv'
[6.903s] INFO:colcon.colcon_core.shell:Creating package script '/home/chen/repositorio2/Robot/install/proy_nexa/share/proy_nexa/package.sh'
[6.904s] INFO:colcon.colcon_core.shell:Creating package script '/home/chen/repositorio2/Robot/install/proy_nexa/share/proy_nexa/package.bash'
[6.904s] INFO:colcon.colcon_core.shell:Creating package script '/home/chen/repositorio2/Robot/install/proy_nexa/share/proy_nexa/package.zsh'
[6.905s] Level 1:colcon.colcon_core.environment:create_file_with_runtime_dependencies(/home/chen/repositorio2/Robot/install/proy_nexa/share/colcon-core/packages/proy_nexa)
[6.961s] Level 1:colcon.colcon_core.environment:create_environment_scripts_only(proy_nexa)
[7.000s] Level 1:colcon.colcon_core.environment:checking '/home/chen/repositorio2/Robot/install/proy_nexa' for CMake module files
[7.000s] Level 1:colcon.colcon_core.environment:checking '/home/chen/repositorio2/Robot/install/proy_nexa' for CMake config files
[7.000s] Level 1:colcon.colcon_core.shell:create_environment_hook('proy_nexa', 'cmake_prefix_path')
[7.032s] INFO:colcon.colcon_core.shell:Creating environment hook '/home/chen/repositorio2/Robot/install/proy_nexa/share/proy_nexa/hook/cmake_prefix_path.ps1'
[7.033s] INFO:colcon.colcon_core.shell:Creating environment descriptor '/home/chen/repositorio2/Robot/install/proy_nexa/share/proy_nexa/hook/cmake_prefix_path.dsv'
[7.034s] INFO:colcon.colcon_core.shell:Creating environment hook '/home/chen/repositorio2/Robot/install/proy_nexa/share/proy_nexa/hook/cmake_prefix_path.sh'
[7.035s] Level 1:colcon.colcon_core.environment:checking '/home/chen/repositorio2/Robot/install/proy_nexa/bin'
[7.035s] Level 1:colcon.colcon_core.environment:checking '/home/chen/repositorio2/Robot/install/proy_nexa/lib/pkgconfig/proy_nexa.pc'
[7.035s] Level 1:colcon.colcon_core.environment:checking '/home/chen/repositorio2/Robot/install/proy_nexa/lib/python3.8/site-packages'
[7.035s] Level 1:colcon.colcon_core.environment:checking '/home/chen/repositorio2/Robot/install/proy_nexa/bin'
[7.066s] INFO:colcon.colcon_core.shell:Creating package script '/home/chen/repositorio2/Robot/install/proy_nexa/share/proy_nexa/package.ps1'
[7.067s] INFO:colcon.colcon_core.shell:Creating package descriptor '/home/chen/repositorio2/Robot/install/proy_nexa/share/proy_nexa/package.dsv'
[7.068s] INFO:colcon.colcon_core.shell:Creating package script '/home/chen/repositorio2/Robot/install/proy_nexa/share/proy_nexa/package.sh'
[7.069s] INFO:colcon.colcon_core.shell:Creating package script '/home/chen/repositorio2/Robot/install/proy_nexa/share/proy_nexa/package.bash'
[7.069s] INFO:colcon.colcon_core.shell:Creating package script '/home/chen/repositorio2/Robot/install/proy_nexa/share/proy_nexa/package.zsh'
[7.070s] Level 1:colcon.colcon_core.environment:create_file_with_runtime_dependencies(/home/chen/repositorio2/Robot/install/proy_nexa/share/colcon-core/packages/proy_nexa)
[7.073s] DEBUG:colcon.colcon_core.event_handler.log_command:Invoked command in '/home/chen/repositorio2/Robot/src/proy_nexa/proy_nexa_my_slam' returned '0': PYTHONPATH=/home/chen/repositorio2/Robot/build/proy_nexa_my_slam/prefix_override:/home/chen/repositorio2/Robot/install/proy_nexa_my_slam/lib/python3.8/site-packages:${PYTHONPATH} /usr/bin/python3 setup.py egg_info --egg-base ../../../build/proy_nexa_my_slam build --build-base /home/chen/repositorio2/Robot/build/proy_nexa_my_slam/build install --record /home/chen/repositorio2/Robot/build/proy_nexa_my_slam/install.log --single-version-externally-managed
[7.111s] Level 1:colcon.colcon_core.environment:checking '/home/chen/repositorio2/Robot/install/proy_nexa_my_slam' for CMake module files
[7.111s] Level 1:colcon.colcon_core.environment:checking '/home/chen/repositorio2/Robot/install/proy_nexa_my_slam' for CMake config files
[7.112s] Level 1:colcon.colcon_core.environment:checking '/home/chen/repositorio2/Robot/install/proy_nexa_my_slam/lib'
[7.112s] Level 1:colcon.colcon_core.environment:checking '/home/chen/repositorio2/Robot/install/proy_nexa_my_slam/bin'
[7.112s] Level 1:colcon.colcon_core.environment:checking '/home/chen/repositorio2/Robot/install/proy_nexa_my_slam/lib/pkgconfig/proy_nexa_my_slam.pc'
[7.113s] Level 1:colcon.colcon_core.environment:checking '/home/chen/repositorio2/Robot/install/proy_nexa_my_slam/lib/python3.8/site-packages'
[7.113s] Level 1:colcon.colcon_core.shell:create_environment_hook('proy_nexa_my_slam', 'pythonpath')
[7.143s] INFO:colcon.colcon_core.shell:Creating environment hook '/home/chen/repositorio2/Robot/install/proy_nexa_my_slam/share/proy_nexa_my_slam/hook/pythonpath.ps1'
[7.144s] INFO:colcon.colcon_core.shell:Creating environment descriptor '/home/chen/repositorio2/Robot/install/proy_nexa_my_slam/share/proy_nexa_my_slam/hook/pythonpath.dsv'
[7.145s] INFO:colcon.colcon_core.shell:Creating environment hook '/home/chen/repositorio2/Robot/install/proy_nexa_my_slam/share/proy_nexa_my_slam/hook/pythonpath.sh'
[7.146s] Level 1:colcon.colcon_core.environment:checking '/home/chen/repositorio2/Robot/install/proy_nexa_my_slam/bin'
[7.146s] Level 1:colcon.colcon_core.environment:create_environment_scripts_only(proy_nexa_my_slam)
[7.177s] INFO:colcon.colcon_core.shell:Creating package script '/home/chen/repositorio2/Robot/install/proy_nexa_my_slam/share/proy_nexa_my_slam/package.ps1'
[7.178s] INFO:colcon.colcon_core.shell:Creating package descriptor '/home/chen/repositorio2/Robot/install/proy_nexa_my_slam/share/proy_nexa_my_slam/package.dsv'
[7.179s] INFO:colcon.colcon_core.shell:Creating package script '/home/chen/repositorio2/Robot/install/proy_nexa_my_slam/share/proy_nexa_my_slam/package.sh'
[7.179s] INFO:colcon.colcon_core.shell:Creating package script '/home/chen/repositorio2/Robot/install/proy_nexa_my_slam/share/proy_nexa_my_slam/package.bash'
[7.180s] INFO:colcon.colcon_core.shell:Creating package script '/home/chen/repositorio2/Robot/install/proy_nexa_my_slam/share/proy_nexa_my_slam/package.zsh'
[7.181s] Level 1:colcon.colcon_core.environment:create_file_with_runtime_dependencies(/home/chen/repositorio2/Robot/install/proy_nexa_my_slam/share/colcon-core/packages/proy_nexa_my_slam)
[7.181s] DEBUG:colcon.colcon_parallel_executor.executor.parallel:closing loop
[7.182s] DEBUG:colcon.colcon_parallel_executor.executor.parallel:loop closed
[7.182s] DEBUG:colcon.colcon_parallel_executor.executor.parallel:run_until_complete finished with '0'
[7.182s] DEBUG:colcon.colcon_core.event_reactor:joining thread
[7.227s] INFO:colcon.colcon_core.plugin_system:Skipping extension 'colcon_notification.desktop_notification.terminal_notifier': Not used on non-Darwin systems
[7.227s] INFO:colcon.colcon_core.plugin_system:Skipping extension 'colcon_notification.desktop_notification.win32': Not used on non-Windows systems
[7.227s] INFO:colcon.colcon_notification.desktop_notification:Sending desktop notification using 'notify2'
[7.248s] DEBUG:colcon.colcon_core.event_reactor:joined thread
[7.290s] INFO:colcon.colcon_core.shell:Creating prefix script '/home/chen/repositorio2/Robot/install/local_setup.ps1'
[7.292s] INFO:colcon.colcon_core.shell:Creating prefix util module '/home/chen/repositorio2/Robot/install/_local_setup_util_ps1.py'
[7.293s] INFO:colcon.colcon_core.shell:Creating prefix chain script '/home/chen/repositorio2/Robot/install/setup.ps1'
[7.335s] INFO:colcon.colcon_core.shell:Creating prefix script '/home/chen/repositorio2/Robot/install/local_setup.sh'
[7.336s] INFO:colcon.colcon_core.shell:Creating prefix util module '/home/chen/repositorio2/Robot/install/_local_setup_util_sh.py'
[7.337s] INFO:colcon.colcon_core.shell:Creating prefix chain script '/home/chen/repositorio2/Robot/install/setup.sh'
[7.374s] INFO:colcon.colcon_core.shell:Creating prefix script '/home/chen/repositorio2/Robot/install/local_setup.bash'
[7.375s] INFO:colcon.colcon_core.shell:Creating prefix chain script '/home/chen/repositorio2/Robot/install/setup.bash'
[7.422s] INFO:colcon.colcon_core.shell:Creating prefix script '/home/chen/repositorio2/Robot/install/local_setup.zsh'
[7.422s] INFO:colcon.colcon_core.shell:Creating prefix chain script '/home/chen/repositorio2/Robot/install/setup.zsh'
