[1.917s] DEBUG:colcon:Command line arguments: ['/usr/bin/colcon', 'build']
[1.917s] DEBUG:colcon:Parsed command line arguments: Namespace(allow_overriding=[], ament_cmake_args=None, base_paths=['.'], build_base='build', catkin_cmake_args=None, catkin_skip_building_tests=False, cmake_args=None, cmake_clean_cache=False, cmake_clean_first=False, cmake_force_configure=False, cmake_target=None, cmake_target_skip_unavailable=False, continue_on_error=False, event_handlers=None, executor='parallel', ignore_user_meta=False, install_base='install', log_base=None, log_level=None, main=<bound method BuildVerb.main of <colcon_core.verb.build.BuildVerb object at 0x7f91b5a42a00>>, merge_install=False, metas=['./colcon.meta'], packages_above=None, packages_above_and_dependencies=None, packages_above_depth=None, packages_end=None, packages_ignore=None, packages_ignore_regex=None, packages_select=None, packages_select_build_failed=False, packages_select_by_dep=None, packages_select_regex=None, packages_select_test_failures=False, packages_skip=None, packages_skip_build_finished=False, packages_skip_by_dep=None, packages_skip_regex=None, packages_skip_test_passed=False, packages_skip_up_to=None, packages_start=None, packages_up_to=None, packages_up_to_regex=None, parallel_workers=2, paths=None, symlink_install=False, test_result_base=None, verb_extension=<colcon_core.verb.build.BuildVerb object at 0x7f91b5a42a00>, verb_name='build', verb_parser=<colcon_defaults.argument_parser.defaults.DefaultArgumentsDecorator object at 0x7f91b5a477f0>)
[2.062s] Level 1:colcon.colcon_core.package_discovery:discover_packages(colcon_meta) check parameters
[2.062s] Level 1:colcon.colcon_core.package_discovery:discover_packages(recursive) check parameters
[2.062s] Level 1:colcon.colcon_core.package_discovery:discover_packages(ignore) check parameters
[2.062s] Level 1:colcon.colcon_core.package_discovery:discover_packages(path) check parameters
[2.062s] Level 1:colcon.colcon_core.package_discovery:discover_packages(colcon_meta) discover
[2.062s] Level 1:colcon.colcon_core.package_discovery:discover_packages(recursive) discover
[2.062s] INFO:colcon.colcon_core.package_discovery:Crawling recursively for packages in '/home/chen/turtlebot3_ws/src/proy_nexa/Robot'
[2.062s] Level 1:colcon.colcon_core.package_identification:_identify(.) by extensions ['ignore', 'ignore_ament_install']
[2.062s] Level 1:colcon.colcon_core.package_identification:_identify(.) by extension 'ignore'
[2.063s] Level 1:colcon.colcon_core.package_identification:_identify(.) by extension 'ignore_ament_install'
[2.063s] Level 1:colcon.colcon_core.package_identification:_identify(.) by extensions ['colcon_pkg']
[2.063s] Level 1:colcon.colcon_core.package_identification:_identify(.) by extension 'colcon_pkg'
[2.063s] Level 1:colcon.colcon_core.package_identification:_identify(.) by extensions ['colcon_meta']
[2.063s] Level 1:colcon.colcon_core.package_identification:_identify(.) by extension 'colcon_meta'
[2.063s] Level 1:colcon.colcon_core.package_identification:_identify(.) by extensions ['ros']
[2.063s] Level 1:colcon.colcon_core.package_identification:_identify(.) by extension 'ros'
[2.075s] Level 1:colcon.colcon_core.package_identification:_identify(.) by extensions ['cmake', 'python']
[2.075s] Level 1:colcon.colcon_core.package_identification:_identify(.) by extension 'cmake'
[2.076s] Level 1:colcon.colcon_core.package_identification:_identify(.) by extension 'python'
[2.076s] Level 1:colcon.colcon_core.package_identification:_identify(.) by extensions ['python_setup_py']
[2.076s] Level 1:colcon.colcon_core.package_identification:_identify(.) by extension 'python_setup_py'
[2.076s] Level 1:colcon.colcon_core.package_identification:_identify(build) by extensions ['ignore', 'ignore_ament_install']
[2.076s] Level 1:colcon.colcon_core.package_identification:_identify(build) by extension 'ignore'
[2.076s] Level 1:colcon.colcon_core.package_identification:_identify(build) ignored
[2.076s] Level 1:colcon.colcon_core.package_identification:_identify(install) by extensions ['ignore', 'ignore_ament_install']
[2.076s] Level 1:colcon.colcon_core.package_identification:_identify(install) by extension 'ignore'
[2.076s] Level 1:colcon.colcon_core.package_identification:_identify(install) ignored
[2.077s] Level 1:colcon.colcon_core.package_identification:_identify(log) by extensions ['ignore', 'ignore_ament_install']
[2.077s] Level 1:colcon.colcon_core.package_identification:_identify(log) by extension 'ignore'
[2.077s] Level 1:colcon.colcon_core.package_identification:_identify(log) ignored
[2.077s] Level 1:colcon.colcon_core.package_identification:_identify(src) by extensions ['ignore', 'ignore_ament_install']
[2.077s] Level 1:colcon.colcon_core.package_identification:_identify(src) by extension 'ignore'
[2.077s] Level 1:colcon.colcon_core.package_identification:_identify(src) by extension 'ignore_ament_install'
[2.077s] Level 1:colcon.colcon_core.package_identification:_identify(src) by extensions ['colcon_pkg']
[2.078s] Level 1:colcon.colcon_core.package_identification:_identify(src) by extension 'colcon_pkg'
[2.078s] Level 1:colcon.colcon_core.package_identification:_identify(src) by extensions ['colcon_meta']
[2.078s] Level 1:colcon.colcon_core.package_identification:_identify(src) by extension 'colcon_meta'
[2.078s] Level 1:colcon.colcon_core.package_identification:_identify(src) by extensions ['ros']
[2.078s] Level 1:colcon.colcon_core.package_identification:_identify(src) by extension 'ros'
[2.078s] Level 1:colcon.colcon_core.package_identification:_identify(src) by extensions ['cmake', 'python']
[2.078s] Level 1:colcon.colcon_core.package_identification:_identify(src) by extension 'cmake'
[2.078s] Level 1:colcon.colcon_core.package_identification:_identify(src) by extension 'python'
[2.078s] Level 1:colcon.colcon_core.package_identification:_identify(src) by extensions ['python_setup_py']
[2.078s] Level 1:colcon.colcon_core.package_identification:_identify(src) by extension 'python_setup_py'
[2.079s] Level 1:colcon.colcon_core.package_identification:_identify(src/proy_nexa) by extensions ['ignore', 'ignore_ament_install']
[2.079s] Level 1:colcon.colcon_core.package_identification:_identify(src/proy_nexa) by extension 'ignore'
[2.079s] Level 1:colcon.colcon_core.package_identification:_identify(src/proy_nexa) by extension 'ignore_ament_install'
[2.079s] Level 1:colcon.colcon_core.package_identification:_identify(src/proy_nexa) by extensions ['colcon_pkg']
[2.079s] Level 1:colcon.colcon_core.package_identification:_identify(src/proy_nexa) by extension 'colcon_pkg'
[2.079s] Level 1:colcon.colcon_core.package_identification:_identify(src/proy_nexa) by extensions ['colcon_meta']
[2.079s] Level 1:colcon.colcon_core.package_identification:_identify(src/proy_nexa) by extension 'colcon_meta'
[2.079s] Level 1:colcon.colcon_core.package_identification:_identify(src/proy_nexa) by extensions ['ros']
[2.079s] Level 1:colcon.colcon_core.package_identification:_identify(src/proy_nexa) by extension 'ros'
[2.079s] Level 1:colcon.colcon_core.package_identification:_identify(src/proy_nexa) by extensions ['cmake', 'python']
[2.079s] Level 1:colcon.colcon_core.package_identification:_identify(src/proy_nexa) by extension 'cmake'
[2.079s] Level 1:colcon.colcon_core.package_identification:_identify(src/proy_nexa) by extension 'python'
[2.080s] Level 1:colcon.colcon_core.package_identification:_identify(src/proy_nexa) by extensions ['python_setup_py']
[2.080s] Level 1:colcon.colcon_core.package_identification:_identify(src/proy_nexa) by extension 'python_setup_py'
[2.080s] Level 1:colcon.colcon_core.package_identification:_identify(src/proy_nexa/proy_nexa) by extensions ['ignore', 'ignore_ament_install']
[2.080s] Level 1:colcon.colcon_core.package_identification:_identify(src/proy_nexa/proy_nexa) by extension 'ignore'
[2.080s] Level 1:colcon.colcon_core.package_identification:_identify(src/proy_nexa/proy_nexa) by extension 'ignore_ament_install'
[2.080s] Level 1:colcon.colcon_core.package_identification:_identify(src/proy_nexa/proy_nexa) by extensions ['colcon_pkg']
[2.080s] Level 1:colcon.colcon_core.package_identification:_identify(src/proy_nexa/proy_nexa) by extension 'colcon_pkg'
[2.080s] Level 1:colcon.colcon_core.package_identification:_identify(src/proy_nexa/proy_nexa) by extensions ['colcon_meta']
[2.080s] Level 1:colcon.colcon_core.package_identification:_identify(src/proy_nexa/proy_nexa) by extension 'colcon_meta'
[2.081s] Level 1:colcon.colcon_core.package_identification:_identify(src/proy_nexa/proy_nexa) by extensions ['ros']
[2.081s] Level 1:colcon.colcon_core.package_identification:_identify(src/proy_nexa/proy_nexa) by extension 'ros'
[2.085s] DEBUG:colcon.colcon_core.package_identification:Package 'src/proy_nexa/proy_nexa' with type 'ros.ament_cmake' and name 'proy_nexa'
[2.086s] Level 1:colcon.colcon_core.package_identification:_identify(src/proy_nexa/proy_nexa_interface) by extensions ['ignore', 'ignore_ament_install']
[2.086s] Level 1:colcon.colcon_core.package_identification:_identify(src/proy_nexa/proy_nexa_interface) by extension 'ignore'
[2.086s] Level 1:colcon.colcon_core.package_identification:_identify(src/proy_nexa/proy_nexa_interface) by extension 'ignore_ament_install'
[2.086s] Level 1:colcon.colcon_core.package_identification:_identify(src/proy_nexa/proy_nexa_interface) by extensions ['colcon_pkg']
[2.086s] Level 1:colcon.colcon_core.package_identification:_identify(src/proy_nexa/proy_nexa_interface) by extension 'colcon_pkg'
[2.086s] Level 1:colcon.colcon_core.package_identification:_identify(src/proy_nexa/proy_nexa_interface) by extensions ['colcon_meta']
[2.086s] Level 1:colcon.colcon_core.package_identification:_identify(src/proy_nexa/proy_nexa_interface) by extension 'colcon_meta'
[2.086s] Level 1:colcon.colcon_core.package_identification:_identify(src/proy_nexa/proy_nexa_interface) by extensions ['ros']
[2.086s] Level 1:colcon.colcon_core.package_identification:_identify(src/proy_nexa/proy_nexa_interface) by extension 'ros'
[2.087s] DEBUG:colcon.colcon_core.package_identification:Package 'src/proy_nexa/proy_nexa_interface' with type 'ros.ament_cmake' and name 'proy_nexa_interface'
[2.087s] Level 1:colcon.colcon_core.package_identification:_identify(src/proy_nexa/proy_nexa_service) by extensions ['ignore', 'ignore_ament_install']
[2.087s] Level 1:colcon.colcon_core.package_identification:_identify(src/proy_nexa/proy_nexa_service) by extension 'ignore'
[2.087s] Level 1:colcon.colcon_core.package_identification:_identify(src/proy_nexa/proy_nexa_service) by extension 'ignore_ament_install'
[2.087s] Level 1:colcon.colcon_core.package_identification:_identify(src/proy_nexa/proy_nexa_service) by extensions ['colcon_pkg']
[2.087s] Level 1:colcon.colcon_core.package_identification:_identify(src/proy_nexa/proy_nexa_service) by extension 'colcon_pkg'
[2.087s] Level 1:colcon.colcon_core.package_identification:_identify(src/proy_nexa/proy_nexa_service) by extensions ['colcon_meta']
[2.088s] Level 1:colcon.colcon_core.package_identification:_identify(src/proy_nexa/proy_nexa_service) by extension 'colcon_meta'
[2.088s] Level 1:colcon.colcon_core.package_identification:_identify(src/proy_nexa/proy_nexa_service) by extensions ['ros']
[2.088s] Level 1:colcon.colcon_core.package_identification:_identify(src/proy_nexa/proy_nexa_service) by extension 'ros'
[2.088s] DEBUG:colcon.colcon_core.package_identification:Package 'src/proy_nexa/proy_nexa_service' with type 'ros.ament_python' and name 'proy_nexa_service'
[2.088s] Level 1:colcon.colcon_core.package_identification:_identify(src/proy_nexa/proy_nexa_show_msg) by extensions ['ignore', 'ignore_ament_install']
[2.089s] Level 1:colcon.colcon_core.package_identification:_identify(src/proy_nexa/proy_nexa_show_msg) by extension 'ignore'
[2.089s] Level 1:colcon.colcon_core.package_identification:_identify(src/proy_nexa/proy_nexa_show_msg) by extension 'ignore_ament_install'
[2.089s] Level 1:colcon.colcon_core.package_identification:_identify(src/proy_nexa/proy_nexa_show_msg) by extensions ['colcon_pkg']
[2.089s] Level 1:colcon.colcon_core.package_identification:_identify(src/proy_nexa/proy_nexa_show_msg) by extension 'colcon_pkg'
[2.089s] Level 1:colcon.colcon_core.package_identification:_identify(src/proy_nexa/proy_nexa_show_msg) by extensions ['colcon_meta']
[2.089s] Level 1:colcon.colcon_core.package_identification:_identify(src/proy_nexa/proy_nexa_show_msg) by extension 'colcon_meta'
[2.089s] Level 1:colcon.colcon_core.package_identification:_identify(src/proy_nexa/proy_nexa_show_msg) by extensions ['ros']
[2.089s] Level 1:colcon.colcon_core.package_identification:_identify(src/proy_nexa/proy_nexa_show_msg) by extension 'ros'
[2.090s] DEBUG:colcon.colcon_core.package_identification:Package 'src/proy_nexa/proy_nexa_show_msg' with type 'ros.ament_python' and name 'proy_nexa_show_msg'
[2.090s] Level 1:colcon.colcon_core.package_discovery:discover_packages(recursive) using defaults
[2.090s] Level 1:colcon.colcon_core.package_discovery:discover_packages(ignore) discover
[2.090s] Level 1:colcon.colcon_core.package_discovery:discover_packages(ignore) using defaults
[2.090s] Level 1:colcon.colcon_core.package_discovery:discover_packages(path) discover
[2.090s] Level 1:colcon.colcon_core.package_discovery:discover_packages(path) using defaults
[2.260s] Level 1:colcon.colcon_core.package_discovery:discover_packages(prefix_path) check parameters
[2.260s] Level 1:colcon.colcon_core.package_discovery:discover_packages(prefix_path) discover
[2.347s] DEBUG:colcon.colcon_installed_package_information.package_discovery:Found 18 installed packages in /home/chen/turtlebot3_ws/install
[2.376s] DEBUG:colcon.colcon_installed_package_information.package_discovery:Found 1 installed packages in /home/chen/turtlebot3_ws/src/my_first_service/install
[2.410s] DEBUG:colcon.colcon_installed_package_information.package_discovery:Found 336 installed packages in /opt/ros/galactic
[2.411s] Level 1:colcon.colcon_core.package_discovery:discover_packages(prefix_path) using defaults
[2.728s] Level 5:colcon.colcon_core.verb:set package 'proy_nexa_interface' build argument 'cmake_args' from command line to 'None'
[2.729s] Level 5:colcon.colcon_core.verb:set package 'proy_nexa_interface' build argument 'cmake_target' from command line to 'None'
[2.729s] Level 5:colcon.colcon_core.verb:set package 'proy_nexa_interface' build argument 'cmake_target_skip_unavailable' from command line to 'False'
[2.729s] Level 5:colcon.colcon_core.verb:set package 'proy_nexa_interface' build argument 'cmake_clean_cache' from command line to 'False'
[2.729s] Level 5:colcon.colcon_core.verb:set package 'proy_nexa_interface' build argument 'cmake_clean_first' from command line to 'False'
[2.729s] Level 5:colcon.colcon_core.verb:set package 'proy_nexa_interface' build argument 'cmake_force_configure' from command line to 'False'
[2.729s] Level 5:colcon.colcon_core.verb:set package 'proy_nexa_interface' build argument 'ament_cmake_args' from command line to 'None'
[2.729s] Level 5:colcon.colcon_core.verb:set package 'proy_nexa_interface' build argument 'catkin_cmake_args' from command line to 'None'
[2.729s] Level 5:colcon.colcon_core.verb:set package 'proy_nexa_interface' build argument 'catkin_skip_building_tests' from command line to 'False'
[2.729s] DEBUG:colcon.colcon_core.verb:Building package 'proy_nexa_interface' with the following arguments: {'ament_cmake_args': None, 'build_base': '/home/chen/turtlebot3_ws/src/proy_nexa/Robot/build/proy_nexa_interface', 'catkin_cmake_args': None, 'catkin_skip_building_tests': False, 'cmake_args': None, 'cmake_clean_cache': False, 'cmake_clean_first': False, 'cmake_force_configure': False, 'cmake_target': None, 'cmake_target_skip_unavailable': False, 'install_base': '/home/chen/turtlebot3_ws/src/proy_nexa/Robot/install/proy_nexa_interface', 'merge_install': False, 'path': '/home/chen/turtlebot3_ws/src/proy_nexa/Robot/src/proy_nexa/proy_nexa_interface', 'symlink_install': False, 'test_result_base': None}
[2.757s] Level 5:colcon.colcon_core.verb:set package 'proy_nexa_show_msg' build argument 'cmake_args' from command line to 'None'
[2.757s] Level 5:colcon.colcon_core.verb:set package 'proy_nexa_show_msg' build argument 'cmake_target' from command line to 'None'
[2.757s] Level 5:colcon.colcon_core.verb:set package 'proy_nexa_show_msg' build argument 'cmake_target_skip_unavailable' from command line to 'False'
[2.757s] Level 5:colcon.colcon_core.verb:set package 'proy_nexa_show_msg' build argument 'cmake_clean_cache' from command line to 'False'
[2.757s] Level 5:colcon.colcon_core.verb:set package 'proy_nexa_show_msg' build argument 'cmake_clean_first' from command line to 'False'
[2.757s] Level 5:colcon.colcon_core.verb:set package 'proy_nexa_show_msg' build argument 'cmake_force_configure' from command line to 'False'
[2.757s] Level 5:colcon.colcon_core.verb:set package 'proy_nexa_show_msg' build argument 'ament_cmake_args' from command line to 'None'
[2.757s] Level 5:colcon.colcon_core.verb:set package 'proy_nexa_show_msg' build argument 'catkin_cmake_args' from command line to 'None'
[2.757s] Level 5:colcon.colcon_core.verb:set package 'proy_nexa_show_msg' build argument 'catkin_skip_building_tests' from command line to 'False'
[2.757s] DEBUG:colcon.colcon_core.verb:Building package 'proy_nexa_show_msg' with the following arguments: {'ament_cmake_args': None, 'build_base': '/home/chen/turtlebot3_ws/src/proy_nexa/Robot/build/proy_nexa_show_msg', 'catkin_cmake_args': None, 'catkin_skip_building_tests': False, 'cmake_args': None, 'cmake_clean_cache': False, 'cmake_clean_first': False, 'cmake_force_configure': False, 'cmake_target': None, 'cmake_target_skip_unavailable': False, 'install_base': '/home/chen/turtlebot3_ws/src/proy_nexa/Robot/install/proy_nexa_show_msg', 'merge_install': False, 'path': '/home/chen/turtlebot3_ws/src/proy_nexa/Robot/src/proy_nexa/proy_nexa_show_msg', 'symlink_install': False, 'test_result_base': None}
[2.785s] Level 5:colcon.colcon_core.verb:set package 'proy_nexa_service' build argument 'cmake_args' from command line to 'None'
[2.785s] Level 5:colcon.colcon_core.verb:set package 'proy_nexa_service' build argument 'cmake_target' from command line to 'None'
[2.785s] Level 5:colcon.colcon_core.verb:set package 'proy_nexa_service' build argument 'cmake_target_skip_unavailable' from command line to 'False'
[2.785s] Level 5:colcon.colcon_core.verb:set package 'proy_nexa_service' build argument 'cmake_clean_cache' from command line to 'False'
[2.785s] Level 5:colcon.colcon_core.verb:set package 'proy_nexa_service' build argument 'cmake_clean_first' from command line to 'False'
[2.785s] Level 5:colcon.colcon_core.verb:set package 'proy_nexa_service' build argument 'cmake_force_configure' from command line to 'False'
[2.785s] Level 5:colcon.colcon_core.verb:set package 'proy_nexa_service' build argument 'ament_cmake_args' from command line to 'None'
[2.785s] Level 5:colcon.colcon_core.verb:set package 'proy_nexa_service' build argument 'catkin_cmake_args' from command line to 'None'
[2.785s] Level 5:colcon.colcon_core.verb:set package 'proy_nexa_service' build argument 'catkin_skip_building_tests' from command line to 'False'
[2.785s] DEBUG:colcon.colcon_core.verb:Building package 'proy_nexa_service' with the following arguments: {'ament_cmake_args': None, 'build_base': '/home/chen/turtlebot3_ws/src/proy_nexa/Robot/build/proy_nexa_service', 'catkin_cmake_args': None, 'catkin_skip_building_tests': False, 'cmake_args': None, 'cmake_clean_cache': False, 'cmake_clean_first': False, 'cmake_force_configure': False, 'cmake_target': None, 'cmake_target_skip_unavailable': False, 'install_base': '/home/chen/turtlebot3_ws/src/proy_nexa/Robot/install/proy_nexa_service', 'merge_install': False, 'path': '/home/chen/turtlebot3_ws/src/proy_nexa/Robot/src/proy_nexa/proy_nexa_service', 'symlink_install': False, 'test_result_base': None}
[2.813s] Level 5:colcon.colcon_core.verb:set package 'proy_nexa' build argument 'cmake_args' from command line to 'None'
[2.813s] Level 5:colcon.colcon_core.verb:set package 'proy_nexa' build argument 'cmake_target' from command line to 'None'
[2.813s] Level 5:colcon.colcon_core.verb:set package 'proy_nexa' build argument 'cmake_target_skip_unavailable' from command line to 'False'
[2.813s] Level 5:colcon.colcon_core.verb:set package 'proy_nexa' build argument 'cmake_clean_cache' from command line to 'False'
[2.813s] Level 5:colcon.colcon_core.verb:set package 'proy_nexa' build argument 'cmake_clean_first' from command line to 'False'
[2.813s] Level 5:colcon.colcon_core.verb:set package 'proy_nexa' build argument 'cmake_force_configure' from command line to 'False'
[2.813s] Level 5:colcon.colcon_core.verb:set package 'proy_nexa' build argument 'ament_cmake_args' from command line to 'None'
[2.813s] Level 5:colcon.colcon_core.verb:set package 'proy_nexa' build argument 'catkin_cmake_args' from command line to 'None'
[2.813s] Level 5:colcon.colcon_core.verb:set package 'proy_nexa' build argument 'catkin_skip_building_tests' from command line to 'False'
[2.813s] DEBUG:colcon.colcon_core.verb:Building package 'proy_nexa' with the following arguments: {'ament_cmake_args': None, 'build_base': '/home/chen/turtlebot3_ws/src/proy_nexa/Robot/build/proy_nexa', 'catkin_cmake_args': None, 'catkin_skip_building_tests': False, 'cmake_args': None, 'cmake_clean_cache': False, 'cmake_clean_first': False, 'cmake_force_configure': False, 'cmake_target': None, 'cmake_target_skip_unavailable': False, 'install_base': '/home/chen/turtlebot3_ws/src/proy_nexa/Robot/install/proy_nexa', 'merge_install': False, 'path': '/home/chen/turtlebot3_ws/src/proy_nexa/Robot/src/proy_nexa/proy_nexa', 'symlink_install': False, 'test_result_base': None}
[2.841s] INFO:colcon.colcon_core.executor:Executing jobs using 'parallel' executor
[2.872s] DEBUG:colcon.colcon_parallel_executor.executor.parallel:run_until_complete
[2.872s] INFO:colcon.colcon_ros.task.ament_cmake.build:Building ROS package in '/home/chen/turtlebot3_ws/src/proy_nexa/Robot/src/proy_nexa/proy_nexa_interface' with build type 'ament_cmake'
[2.873s] INFO:colcon.colcon_cmake.task.cmake.build:Building CMake package in '/home/chen/turtlebot3_ws/src/proy_nexa/Robot/src/proy_nexa/proy_nexa_interface'
[2.915s] INFO:colcon.colcon_core.plugin_system:Skipping extension 'colcon_core.shell.bat': Not used on non-Windows systems
[2.915s] INFO:colcon.colcon_core.shell:Skip shell extension 'powershell' for command environment: Not usable outside of PowerShell
[2.915s] DEBUG:colcon.colcon_core.shell:Skip shell extension 'dsv' for command environment
[3.041s] INFO:colcon.colcon_ros.task.ament_python.build:Building ROS package in '/home/chen/turtlebot3_ws/src/proy_nexa/Robot/src/proy_nexa/proy_nexa_show_msg' with build type 'ament_python'
[3.042s] Level 1:colcon.colcon_core.shell:create_environment_hook('proy_nexa_show_msg', 'ament_prefix_path')
[3.074s] INFO:colcon.colcon_core.shell:Creating environment hook '/home/chen/turtlebot3_ws/src/proy_nexa/Robot/install/proy_nexa_show_msg/share/proy_nexa_show_msg/hook/ament_prefix_path.ps1'
[3.077s] INFO:colcon.colcon_core.shell:Creating environment descriptor '/home/chen/turtlebot3_ws/src/proy_nexa/Robot/install/proy_nexa_show_msg/share/proy_nexa_show_msg/hook/ament_prefix_path.dsv'
[3.078s] INFO:colcon.colcon_core.shell:Creating environment hook '/home/chen/turtlebot3_ws/src/proy_nexa/Robot/install/proy_nexa_show_msg/share/proy_nexa_show_msg/hook/ament_prefix_path.sh'
[3.110s] INFO:colcon.colcon_core.shell:Skip shell extension 'powershell' for command environment: Not usable outside of PowerShell
[3.110s] DEBUG:colcon.colcon_core.shell:Skip shell extension 'dsv' for command environment
[3.238s] DEBUG:colcon.colcon_core.event_handler.log_command:Invoking command in '/home/chen/turtlebot3_ws/src/proy_nexa/Robot/build/proy_nexa_interface': CMAKE_PREFIX_PATH=${CMAKE_PREFIX_PATH}:/home/chen/turtlebot3_ws/install/show_msg:/home/chen/turtlebot3_ws/install/proy_nexa_show_msg:/home/chen/turtlebot3_ws/install/proy_nexa_service:/home/chen/turtlebot3_ws/install/provide_map:/home/chen/turtlebot3_ws/install/my_slam:/home/chen/turtlebot3_ws/install/my_nav2_system:/home/chen/turtlebot3_ws/install/my_first_subscriber:/home/chen/turtlebot3_ws/install/my_first_service:/home/chen/turtlebot3_ws/install/my_first_publisher:/home/chen/turtlebot3_ws/install/my_first_node:/home/chen/turtlebot3_ws/install/my_first_action:/home/chen/turtlebot3_ws/src/my_first_service/install/my_first_service:/opt/ros/galactic /usr/bin/cmake /home/chen/turtlebot3_ws/src/proy_nexa/Robot/src/proy_nexa/proy_nexa_interface -DCMAKE_INSTALL_PREFIX=/home/chen/turtlebot3_ws/src/proy_nexa/Robot/install/proy_nexa_interface
[3.466s] INFO:colcon.colcon_core.task.python.build:Building Python package in '/home/chen/turtlebot3_ws/src/proy_nexa/Robot/src/proy_nexa/proy_nexa_show_msg'
[3.511s] INFO:colcon.colcon_core.shell:Skip shell extension 'powershell' for command environment: Not usable outside of PowerShell
[3.512s] DEBUG:colcon.colcon_core.shell:Skip shell extension 'dsv' for command environment
[4.203s] DEBUG:colcon.colcon_core.event_handler.log_command:Invoking command in '/home/chen/turtlebot3_ws/src/proy_nexa/Robot/src/proy_nexa/proy_nexa_show_msg': PYTHONPATH=/home/chen/turtlebot3_ws/src/proy_nexa/Robot/build/proy_nexa_show_msg/prefix_override:/home/chen/turtlebot3_ws/src/proy_nexa/Robot/install/proy_nexa_show_msg/lib/python3.8/site-packages:${PYTHONPATH} /usr/bin/python3 setup.py egg_info --egg-base ../../../build/proy_nexa_show_msg build --build-base /home/chen/turtlebot3_ws/src/proy_nexa/Robot/build/proy_nexa_show_msg/build install --record /home/chen/turtlebot3_ws/src/proy_nexa/Robot/build/proy_nexa_show_msg/install.log --single-version-externally-managed
[4.478s] DEBUG:colcon.colcon_core.event_handler.log_command:Invoked command in '/home/chen/turtlebot3_ws/src/proy_nexa/Robot/src/proy_nexa/proy_nexa_show_msg' returned '0': PYTHONPATH=/home/chen/turtlebot3_ws/src/proy_nexa/Robot/build/proy_nexa_show_msg/prefix_override:/home/chen/turtlebot3_ws/src/proy_nexa/Robot/install/proy_nexa_show_msg/lib/python3.8/site-packages:${PYTHONPATH} /usr/bin/python3 setup.py egg_info --egg-base ../../../build/proy_nexa_show_msg build --build-base /home/chen/turtlebot3_ws/src/proy_nexa/Robot/build/proy_nexa_show_msg/build install --record /home/chen/turtlebot3_ws/src/proy_nexa/Robot/build/proy_nexa_show_msg/install.log --single-version-externally-managed
[4.526s] Level 1:colcon.colcon_core.environment:checking '/home/chen/turtlebot3_ws/src/proy_nexa/Robot/install/proy_nexa_show_msg' for CMake module files
[4.526s] Level 1:colcon.colcon_core.environment:checking '/home/chen/turtlebot3_ws/src/proy_nexa/Robot/install/proy_nexa_show_msg' for CMake config files
[4.527s] Level 1:colcon.colcon_core.environment:checking '/home/chen/turtlebot3_ws/src/proy_nexa/Robot/install/proy_nexa_show_msg/lib'
[4.527s] Level 1:colcon.colcon_core.environment:checking '/home/chen/turtlebot3_ws/src/proy_nexa/Robot/install/proy_nexa_show_msg/bin'
[4.527s] Level 1:colcon.colcon_core.environment:checking '/home/chen/turtlebot3_ws/src/proy_nexa/Robot/install/proy_nexa_show_msg/lib/pkgconfig/proy_nexa_show_msg.pc'
[4.527s] Level 1:colcon.colcon_core.environment:checking '/home/chen/turtlebot3_ws/src/proy_nexa/Robot/install/proy_nexa_show_msg/lib/python3.8/site-packages'
[4.527s] Level 1:colcon.colcon_core.shell:create_environment_hook('proy_nexa_show_msg', 'pythonpath')
[4.557s] INFO:colcon.colcon_core.shell:Creating environment hook '/home/chen/turtlebot3_ws/src/proy_nexa/Robot/install/proy_nexa_show_msg/share/proy_nexa_show_msg/hook/pythonpath.ps1'
[4.558s] INFO:colcon.colcon_core.shell:Creating environment descriptor '/home/chen/turtlebot3_ws/src/proy_nexa/Robot/install/proy_nexa_show_msg/share/proy_nexa_show_msg/hook/pythonpath.dsv'
[4.559s] INFO:colcon.colcon_core.shell:Creating environment hook '/home/chen/turtlebot3_ws/src/proy_nexa/Robot/install/proy_nexa_show_msg/share/proy_nexa_show_msg/hook/pythonpath.sh'
[4.559s] Level 1:colcon.colcon_core.environment:checking '/home/chen/turtlebot3_ws/src/proy_nexa/Robot/install/proy_nexa_show_msg/bin'
[4.559s] Level 1:colcon.colcon_core.environment:create_environment_scripts_only(proy_nexa_show_msg)
[4.590s] INFO:colcon.colcon_core.shell:Creating package script '/home/chen/turtlebot3_ws/src/proy_nexa/Robot/install/proy_nexa_show_msg/share/proy_nexa_show_msg/package.ps1'
[4.592s] INFO:colcon.colcon_core.shell:Creating package descriptor '/home/chen/turtlebot3_ws/src/proy_nexa/Robot/install/proy_nexa_show_msg/share/proy_nexa_show_msg/package.dsv'
[4.593s] INFO:colcon.colcon_core.shell:Creating package script '/home/chen/turtlebot3_ws/src/proy_nexa/Robot/install/proy_nexa_show_msg/share/proy_nexa_show_msg/package.sh'
[4.594s] INFO:colcon.colcon_core.shell:Creating package script '/home/chen/turtlebot3_ws/src/proy_nexa/Robot/install/proy_nexa_show_msg/share/proy_nexa_show_msg/package.bash'
[4.596s] INFO:colcon.colcon_core.shell:Creating package script '/home/chen/turtlebot3_ws/src/proy_nexa/Robot/install/proy_nexa_show_msg/share/proy_nexa_show_msg/package.zsh'
[4.598s] Level 1:colcon.colcon_core.environment:create_file_with_runtime_dependencies(/home/chen/turtlebot3_ws/src/proy_nexa/Robot/install/proy_nexa_show_msg/share/colcon-core/packages/proy_nexa_show_msg)
[5.767s] DEBUG:colcon.colcon_core.event_handler.log_command:Invoked command in '/home/chen/turtlebot3_ws/src/proy_nexa/Robot/build/proy_nexa_interface' returned '0': CMAKE_PREFIX_PATH=${CMAKE_PREFIX_PATH}:/home/chen/turtlebot3_ws/install/show_msg:/home/chen/turtlebot3_ws/install/proy_nexa_show_msg:/home/chen/turtlebot3_ws/install/proy_nexa_service:/home/chen/turtlebot3_ws/install/provide_map:/home/chen/turtlebot3_ws/install/my_slam:/home/chen/turtlebot3_ws/install/my_nav2_system:/home/chen/turtlebot3_ws/install/my_first_subscriber:/home/chen/turtlebot3_ws/install/my_first_service:/home/chen/turtlebot3_ws/install/my_first_publisher:/home/chen/turtlebot3_ws/install/my_first_node:/home/chen/turtlebot3_ws/install/my_first_action:/home/chen/turtlebot3_ws/src/my_first_service/install/my_first_service:/opt/ros/galactic /usr/bin/cmake /home/chen/turtlebot3_ws/src/proy_nexa/Robot/src/proy_nexa/proy_nexa_interface -DCMAKE_INSTALL_PREFIX=/home/chen/turtlebot3_ws/src/proy_nexa/Robot/install/proy_nexa_interface
[5.770s] DEBUG:colcon.colcon_core.event_handler.log_command:Invoking command in '/home/chen/turtlebot3_ws/src/proy_nexa/Robot/build/proy_nexa_interface': CMAKE_PREFIX_PATH=${CMAKE_PREFIX_PATH}:/home/chen/turtlebot3_ws/install/show_msg:/home/chen/turtlebot3_ws/install/proy_nexa_show_msg:/home/chen/turtlebot3_ws/install/proy_nexa_service:/home/chen/turtlebot3_ws/install/provide_map:/home/chen/turtlebot3_ws/install/my_slam:/home/chen/turtlebot3_ws/install/my_nav2_system:/home/chen/turtlebot3_ws/install/my_first_subscriber:/home/chen/turtlebot3_ws/install/my_first_service:/home/chen/turtlebot3_ws/install/my_first_publisher:/home/chen/turtlebot3_ws/install/my_first_node:/home/chen/turtlebot3_ws/install/my_first_action:/home/chen/turtlebot3_ws/src/my_first_service/install/my_first_service:/opt/ros/galactic /usr/bin/cmake --build /home/chen/turtlebot3_ws/src/proy_nexa/Robot/build/proy_nexa_interface -- -j2 -l2
[9.613s] DEBUG:colcon.colcon_core.event_handler.log_command:Invoked command in '/home/chen/turtlebot3_ws/src/proy_nexa/Robot/build/proy_nexa_interface' returned '0': CMAKE_PREFIX_PATH=${CMAKE_PREFIX_PATH}:/home/chen/turtlebot3_ws/install/show_msg:/home/chen/turtlebot3_ws/install/proy_nexa_show_msg:/home/chen/turtlebot3_ws/install/proy_nexa_service:/home/chen/turtlebot3_ws/install/provide_map:/home/chen/turtlebot3_ws/install/my_slam:/home/chen/turtlebot3_ws/install/my_nav2_system:/home/chen/turtlebot3_ws/install/my_first_subscriber:/home/chen/turtlebot3_ws/install/my_first_service:/home/chen/turtlebot3_ws/install/my_first_publisher:/home/chen/turtlebot3_ws/install/my_first_node:/home/chen/turtlebot3_ws/install/my_first_action:/home/chen/turtlebot3_ws/src/my_first_service/install/my_first_service:/opt/ros/galactic /usr/bin/cmake --build /home/chen/turtlebot3_ws/src/proy_nexa/Robot/build/proy_nexa_interface -- -j2 -l2
[9.712s] DEBUG:colcon.colcon_core.event_handler.log_command:Invoking command in '/home/chen/turtlebot3_ws/src/proy_nexa/Robot/build/proy_nexa_interface': CMAKE_PREFIX_PATH=${CMAKE_PREFIX_PATH}:/home/chen/turtlebot3_ws/install/show_msg:/home/chen/turtlebot3_ws/install/proy_nexa_show_msg:/home/chen/turtlebot3_ws/install/proy_nexa_service:/home/chen/turtlebot3_ws/install/provide_map:/home/chen/turtlebot3_ws/install/my_slam:/home/chen/turtlebot3_ws/install/my_nav2_system:/home/chen/turtlebot3_ws/install/my_first_subscriber:/home/chen/turtlebot3_ws/install/my_first_service:/home/chen/turtlebot3_ws/install/my_first_publisher:/home/chen/turtlebot3_ws/install/my_first_node:/home/chen/turtlebot3_ws/install/my_first_action:/home/chen/turtlebot3_ws/src/my_first_service/install/my_first_service:/opt/ros/galactic /usr/bin/cmake --install /home/chen/turtlebot3_ws/src/proy_nexa/Robot/build/proy_nexa_interface
[9.804s] Level 1:colcon.colcon_core.environment:create_environment_scripts_only(proy_nexa_interface)
[9.805s] DEBUG:colcon.colcon_core.event_handler.log_command:Invoked command in '/home/chen/turtlebot3_ws/src/proy_nexa/Robot/build/proy_nexa_interface' returned '0': CMAKE_PREFIX_PATH=${CMAKE_PREFIX_PATH}:/home/chen/turtlebot3_ws/install/show_msg:/home/chen/turtlebot3_ws/install/proy_nexa_show_msg:/home/chen/turtlebot3_ws/install/proy_nexa_service:/home/chen/turtlebot3_ws/install/provide_map:/home/chen/turtlebot3_ws/install/my_slam:/home/chen/turtlebot3_ws/install/my_nav2_system:/home/chen/turtlebot3_ws/install/my_first_subscriber:/home/chen/turtlebot3_ws/install/my_first_service:/home/chen/turtlebot3_ws/install/my_first_publisher:/home/chen/turtlebot3_ws/install/my_first_node:/home/chen/turtlebot3_ws/install/my_first_action:/home/chen/turtlebot3_ws/src/my_first_service/install/my_first_service:/opt/ros/galactic /usr/bin/cmake --install /home/chen/turtlebot3_ws/src/proy_nexa/Robot/build/proy_nexa_interface
[9.837s] Level 1:colcon.colcon_core.environment:checking '/home/chen/turtlebot3_ws/src/proy_nexa/Robot/install/proy_nexa_interface' for CMake module files
[9.837s] Level 1:colcon.colcon_core.environment:checking '/home/chen/turtlebot3_ws/src/proy_nexa/Robot/install/proy_nexa_interface' for CMake config files
[9.838s] Level 1:colcon.colcon_core.shell:create_environment_hook('proy_nexa_interface', 'cmake_prefix_path')
[9.868s] INFO:colcon.colcon_core.shell:Creating environment hook '/home/chen/turtlebot3_ws/src/proy_nexa/Robot/install/proy_nexa_interface/share/proy_nexa_interface/hook/cmake_prefix_path.ps1'
[9.868s] INFO:colcon.colcon_core.shell:Creating environment descriptor '/home/chen/turtlebot3_ws/src/proy_nexa/Robot/install/proy_nexa_interface/share/proy_nexa_interface/hook/cmake_prefix_path.dsv'
[9.869s] INFO:colcon.colcon_core.shell:Creating environment hook '/home/chen/turtlebot3_ws/src/proy_nexa/Robot/install/proy_nexa_interface/share/proy_nexa_interface/hook/cmake_prefix_path.sh'
[9.869s] Level 1:colcon.colcon_core.environment:checking '/home/chen/turtlebot3_ws/src/proy_nexa/Robot/install/proy_nexa_interface/lib'
[9.869s] Level 1:colcon.colcon_core.shell:create_environment_hook('proy_nexa_interface', 'ld_library_path_lib')
[9.909s] INFO:colcon.colcon_core.shell:Creating environment hook '/home/chen/turtlebot3_ws/src/proy_nexa/Robot/install/proy_nexa_interface/share/proy_nexa_interface/hook/ld_library_path_lib.ps1'
[9.910s] INFO:colcon.colcon_core.shell:Creating environment descriptor '/home/chen/turtlebot3_ws/src/proy_nexa/Robot/install/proy_nexa_interface/share/proy_nexa_interface/hook/ld_library_path_lib.dsv'
[9.910s] INFO:colcon.colcon_core.shell:Creating environment hook '/home/chen/turtlebot3_ws/src/proy_nexa/Robot/install/proy_nexa_interface/share/proy_nexa_interface/hook/ld_library_path_lib.sh'
[9.911s] Level 1:colcon.colcon_core.environment:checking '/home/chen/turtlebot3_ws/src/proy_nexa/Robot/install/proy_nexa_interface/bin'
[9.911s] Level 1:colcon.colcon_core.environment:checking '/home/chen/turtlebot3_ws/src/proy_nexa/Robot/install/proy_nexa_interface/lib/pkgconfig/proy_nexa_interface.pc'
[9.911s] Level 1:colcon.colcon_core.environment:checking '/home/chen/turtlebot3_ws/src/proy_nexa/Robot/install/proy_nexa_interface/lib/python3.8/site-packages'
[9.911s] Level 1:colcon.colcon_core.shell:create_environment_hook('proy_nexa_interface', 'pythonpath')
[9.942s] INFO:colcon.colcon_core.shell:Creating environment hook '/home/chen/turtlebot3_ws/src/proy_nexa/Robot/install/proy_nexa_interface/share/proy_nexa_interface/hook/pythonpath.ps1'
[9.943s] INFO:colcon.colcon_core.shell:Creating environment descriptor '/home/chen/turtlebot3_ws/src/proy_nexa/Robot/install/proy_nexa_interface/share/proy_nexa_interface/hook/pythonpath.dsv'
[9.943s] INFO:colcon.colcon_core.shell:Creating environment hook '/home/chen/turtlebot3_ws/src/proy_nexa/Robot/install/proy_nexa_interface/share/proy_nexa_interface/hook/pythonpath.sh'
[9.944s] Level 1:colcon.colcon_core.environment:checking '/home/chen/turtlebot3_ws/src/proy_nexa/Robot/install/proy_nexa_interface/bin'
[9.982s] INFO:colcon.colcon_core.shell:Creating package script '/home/chen/turtlebot3_ws/src/proy_nexa/Robot/install/proy_nexa_interface/share/proy_nexa_interface/package.ps1'
[9.986s] INFO:colcon.colcon_core.shell:Creating package descriptor '/home/chen/turtlebot3_ws/src/proy_nexa/Robot/install/proy_nexa_interface/share/proy_nexa_interface/package.dsv'
[9.986s] INFO:colcon.colcon_core.shell:Creating package script '/home/chen/turtlebot3_ws/src/proy_nexa/Robot/install/proy_nexa_interface/share/proy_nexa_interface/package.sh'
[9.987s] INFO:colcon.colcon_core.shell:Creating package script '/home/chen/turtlebot3_ws/src/proy_nexa/Robot/install/proy_nexa_interface/share/proy_nexa_interface/package.bash'
[9.987s] INFO:colcon.colcon_core.shell:Creating package script '/home/chen/turtlebot3_ws/src/proy_nexa/Robot/install/proy_nexa_interface/share/proy_nexa_interface/package.zsh'
[9.987s] Level 1:colcon.colcon_core.environment:create_file_with_runtime_dependencies(/home/chen/turtlebot3_ws/src/proy_nexa/Robot/install/proy_nexa_interface/share/colcon-core/packages/proy_nexa_interface)
[10.108s] Level 1:colcon.colcon_core.environment:create_environment_scripts_only(proy_nexa_interface)
[10.139s] Level 1:colcon.colcon_core.environment:checking '/home/chen/turtlebot3_ws/src/proy_nexa/Robot/install/proy_nexa_interface' for CMake module files
[10.139s] Level 1:colcon.colcon_core.environment:checking '/home/chen/turtlebot3_ws/src/proy_nexa/Robot/install/proy_nexa_interface' for CMake config files
[10.139s] Level 1:colcon.colcon_core.shell:create_environment_hook('proy_nexa_interface', 'cmake_prefix_path')
[10.169s] INFO:colcon.colcon_core.shell:Creating environment hook '/home/chen/turtlebot3_ws/src/proy_nexa/Robot/install/proy_nexa_interface/share/proy_nexa_interface/hook/cmake_prefix_path.ps1'
[10.170s] INFO:colcon.colcon_core.shell:Creating environment descriptor '/home/chen/turtlebot3_ws/src/proy_nexa/Robot/install/proy_nexa_interface/share/proy_nexa_interface/hook/cmake_prefix_path.dsv'
[10.171s] INFO:colcon.colcon_core.shell:Creating environment hook '/home/chen/turtlebot3_ws/src/proy_nexa/Robot/install/proy_nexa_interface/share/proy_nexa_interface/hook/cmake_prefix_path.sh'
[10.172s] Level 1:colcon.colcon_core.environment:checking '/home/chen/turtlebot3_ws/src/proy_nexa/Robot/install/proy_nexa_interface/lib'
[10.172s] Level 1:colcon.colcon_core.shell:create_environment_hook('proy_nexa_interface', 'ld_library_path_lib')
[10.202s] INFO:colcon.colcon_core.shell:Creating environment hook '/home/chen/turtlebot3_ws/src/proy_nexa/Robot/install/proy_nexa_interface/share/proy_nexa_interface/hook/ld_library_path_lib.ps1'
[10.202s] INFO:colcon.colcon_core.shell:Creating environment descriptor '/home/chen/turtlebot3_ws/src/proy_nexa/Robot/install/proy_nexa_interface/share/proy_nexa_interface/hook/ld_library_path_lib.dsv'
[10.203s] INFO:colcon.colcon_core.shell:Creating environment hook '/home/chen/turtlebot3_ws/src/proy_nexa/Robot/install/proy_nexa_interface/share/proy_nexa_interface/hook/ld_library_path_lib.sh'
[10.203s] Level 1:colcon.colcon_core.environment:checking '/home/chen/turtlebot3_ws/src/proy_nexa/Robot/install/proy_nexa_interface/bin'
[10.204s] Level 1:colcon.colcon_core.environment:checking '/home/chen/turtlebot3_ws/src/proy_nexa/Robot/install/proy_nexa_interface/lib/pkgconfig/proy_nexa_interface.pc'
[10.204s] Level 1:colcon.colcon_core.environment:checking '/home/chen/turtlebot3_ws/src/proy_nexa/Robot/install/proy_nexa_interface/lib/python3.8/site-packages'
[10.204s] Level 1:colcon.colcon_core.shell:create_environment_hook('proy_nexa_interface', 'pythonpath')
[10.237s] INFO:colcon.colcon_core.shell:Creating environment hook '/home/chen/turtlebot3_ws/src/proy_nexa/Robot/install/proy_nexa_interface/share/proy_nexa_interface/hook/pythonpath.ps1'
[10.238s] INFO:colcon.colcon_core.shell:Creating environment descriptor '/home/chen/turtlebot3_ws/src/proy_nexa/Robot/install/proy_nexa_interface/share/proy_nexa_interface/hook/pythonpath.dsv'
[10.238s] INFO:colcon.colcon_core.shell:Creating environment hook '/home/chen/turtlebot3_ws/src/proy_nexa/Robot/install/proy_nexa_interface/share/proy_nexa_interface/hook/pythonpath.sh'
[10.239s] Level 1:colcon.colcon_core.environment:checking '/home/chen/turtlebot3_ws/src/proy_nexa/Robot/install/proy_nexa_interface/bin'
[10.268s] INFO:colcon.colcon_core.shell:Creating package script '/home/chen/turtlebot3_ws/src/proy_nexa/Robot/install/proy_nexa_interface/share/proy_nexa_interface/package.ps1'
[10.269s] INFO:colcon.colcon_core.shell:Creating package descriptor '/home/chen/turtlebot3_ws/src/proy_nexa/Robot/install/proy_nexa_interface/share/proy_nexa_interface/package.dsv'
[10.270s] INFO:colcon.colcon_core.shell:Creating package script '/home/chen/turtlebot3_ws/src/proy_nexa/Robot/install/proy_nexa_interface/share/proy_nexa_interface/package.sh'
[10.271s] INFO:colcon.colcon_core.shell:Creating package script '/home/chen/turtlebot3_ws/src/proy_nexa/Robot/install/proy_nexa_interface/share/proy_nexa_interface/package.bash'
[10.272s] INFO:colcon.colcon_core.shell:Creating package script '/home/chen/turtlebot3_ws/src/proy_nexa/Robot/install/proy_nexa_interface/share/proy_nexa_interface/package.zsh'
[10.272s] Level 1:colcon.colcon_core.environment:create_file_with_runtime_dependencies(/home/chen/turtlebot3_ws/src/proy_nexa/Robot/install/proy_nexa_interface/share/colcon-core/packages/proy_nexa_interface)
[10.274s] INFO:colcon.colcon_ros.task.ament_python.build:Building ROS package in '/home/chen/turtlebot3_ws/src/proy_nexa/Robot/src/proy_nexa/proy_nexa_service' with build type 'ament_python'
[10.274s] Level 1:colcon.colcon_core.shell:create_environment_hook('proy_nexa_service', 'ament_prefix_path')
[10.304s] INFO:colcon.colcon_core.shell:Creating environment hook '/home/chen/turtlebot3_ws/src/proy_nexa/Robot/install/proy_nexa_service/share/proy_nexa_service/hook/ament_prefix_path.ps1'
[10.305s] INFO:colcon.colcon_core.shell:Creating environment descriptor '/home/chen/turtlebot3_ws/src/proy_nexa/Robot/install/proy_nexa_service/share/proy_nexa_service/hook/ament_prefix_path.dsv'
[10.306s] INFO:colcon.colcon_core.shell:Creating environment hook '/home/chen/turtlebot3_ws/src/proy_nexa/Robot/install/proy_nexa_service/share/proy_nexa_service/hook/ament_prefix_path.sh'
[10.341s] INFO:colcon.colcon_core.shell:Skip shell extension 'powershell' for command environment: Not usable outside of PowerShell
[10.342s] DEBUG:colcon.colcon_core.shell:Skip shell extension 'dsv' for command environment
[10.646s] INFO:colcon.colcon_core.task.python.build:Building Python package in '/home/chen/turtlebot3_ws/src/proy_nexa/Robot/src/proy_nexa/proy_nexa_service'
[10.677s] INFO:colcon.colcon_core.shell:Skip shell extension 'powershell' for command environment: Not usable outside of PowerShell
[10.677s] DEBUG:colcon.colcon_core.shell:Skip shell extension 'dsv' for command environment
[11.114s] DEBUG:colcon.colcon_core.event_handler.log_command:Invoking command in '/home/chen/turtlebot3_ws/src/proy_nexa/Robot/src/proy_nexa/proy_nexa_service': AMENT_PREFIX_PATH=/home/chen/turtlebot3_ws/src/proy_nexa/Robot/install/proy_nexa_interface:${AMENT_PREFIX_PATH} CMAKE_PREFIX_PATH=/home/chen/turtlebot3_ws/src/proy_nexa/Robot/install/proy_nexa_interface:${CMAKE_PREFIX_PATH} LD_LIBRARY_PATH=/home/chen/turtlebot3_ws/src/proy_nexa/Robot/install/proy_nexa_interface/lib:${LD_LIBRARY_PATH} PYTHONPATH=/home/chen/turtlebot3_ws/src/proy_nexa/Robot/build/proy_nexa_service/prefix_override:/home/chen/turtlebot3_ws/src/proy_nexa/Robot/install/proy_nexa_service/lib/python3.8/site-packages:/home/chen/turtlebot3_ws/src/proy_nexa/Robot/install/proy_nexa_interface/lib/python3.8/site-packages:${PYTHONPATH} /usr/bin/python3 setup.py egg_info --egg-base ../../../build/proy_nexa_service build --build-base /home/chen/turtlebot3_ws/src/proy_nexa/Robot/build/proy_nexa_service/build install --record /home/chen/turtlebot3_ws/src/proy_nexa/Robot/build/proy_nexa_service/install.log --single-version-externally-managed
[11.346s] DEBUG:colcon.colcon_core.event_handler.log_command:Invoked command in '/home/chen/turtlebot3_ws/src/proy_nexa/Robot/src/proy_nexa/proy_nexa_service' returned '0': AMENT_PREFIX_PATH=/home/chen/turtlebot3_ws/src/proy_nexa/Robot/install/proy_nexa_interface:${AMENT_PREFIX_PATH} CMAKE_PREFIX_PATH=/home/chen/turtlebot3_ws/src/proy_nexa/Robot/install/proy_nexa_interface:${CMAKE_PREFIX_PATH} LD_LIBRARY_PATH=/home/chen/turtlebot3_ws/src/proy_nexa/Robot/install/proy_nexa_interface/lib:${LD_LIBRARY_PATH} PYTHONPATH=/home/chen/turtlebot3_ws/src/proy_nexa/Robot/build/proy_nexa_service/prefix_override:/home/chen/turtlebot3_ws/src/proy_nexa/Robot/install/proy_nexa_service/lib/python3.8/site-packages:/home/chen/turtlebot3_ws/src/proy_nexa/Robot/install/proy_nexa_interface/lib/python3.8/site-packages:${PYTHONPATH} /usr/bin/python3 setup.py egg_info --egg-base ../../../build/proy_nexa_service build --build-base /home/chen/turtlebot3_ws/src/proy_nexa/Robot/build/proy_nexa_service/build install --record /home/chen/turtlebot3_ws/src/proy_nexa/Robot/build/proy_nexa_service/install.log --single-version-externally-managed
[11.376s] Level 1:colcon.colcon_core.environment:checking '/home/chen/turtlebot3_ws/src/proy_nexa/Robot/install/proy_nexa_service' for CMake module files
[11.376s] Level 1:colcon.colcon_core.environment:checking '/home/chen/turtlebot3_ws/src/proy_nexa/Robot/install/proy_nexa_service' for CMake config files
[11.377s] Level 1:colcon.colcon_core.environment:checking '/home/chen/turtlebot3_ws/src/proy_nexa/Robot/install/proy_nexa_service/lib'
[11.377s] Level 1:colcon.colcon_core.environment:checking '/home/chen/turtlebot3_ws/src/proy_nexa/Robot/install/proy_nexa_service/bin'
[11.377s] Level 1:colcon.colcon_core.environment:checking '/home/chen/turtlebot3_ws/src/proy_nexa/Robot/install/proy_nexa_service/lib/pkgconfig/proy_nexa_service.pc'
[11.377s] Level 1:colcon.colcon_core.environment:checking '/home/chen/turtlebot3_ws/src/proy_nexa/Robot/install/proy_nexa_service/lib/python3.8/site-packages'
[11.378s] Level 1:colcon.colcon_core.shell:create_environment_hook('proy_nexa_service', 'pythonpath')
[11.408s] INFO:colcon.colcon_core.shell:Creating environment hook '/home/chen/turtlebot3_ws/src/proy_nexa/Robot/install/proy_nexa_service/share/proy_nexa_service/hook/pythonpath.ps1'
[11.408s] INFO:colcon.colcon_core.shell:Creating environment descriptor '/home/chen/turtlebot3_ws/src/proy_nexa/Robot/install/proy_nexa_service/share/proy_nexa_service/hook/pythonpath.dsv'
[11.409s] INFO:colcon.colcon_core.shell:Creating environment hook '/home/chen/turtlebot3_ws/src/proy_nexa/Robot/install/proy_nexa_service/share/proy_nexa_service/hook/pythonpath.sh'
[11.409s] Level 1:colcon.colcon_core.environment:checking '/home/chen/turtlebot3_ws/src/proy_nexa/Robot/install/proy_nexa_service/bin'
[11.409s] Level 1:colcon.colcon_core.environment:create_environment_scripts_only(proy_nexa_service)
[11.439s] INFO:colcon.colcon_core.shell:Creating package script '/home/chen/turtlebot3_ws/src/proy_nexa/Robot/install/proy_nexa_service/share/proy_nexa_service/package.ps1'
[11.439s] INFO:colcon.colcon_core.shell:Creating package descriptor '/home/chen/turtlebot3_ws/src/proy_nexa/Robot/install/proy_nexa_service/share/proy_nexa_service/package.dsv'
[11.440s] INFO:colcon.colcon_core.shell:Creating package script '/home/chen/turtlebot3_ws/src/proy_nexa/Robot/install/proy_nexa_service/share/proy_nexa_service/package.sh'
[11.440s] INFO:colcon.colcon_core.shell:Creating package script '/home/chen/turtlebot3_ws/src/proy_nexa/Robot/install/proy_nexa_service/share/proy_nexa_service/package.bash'
[11.440s] INFO:colcon.colcon_core.shell:Creating package script '/home/chen/turtlebot3_ws/src/proy_nexa/Robot/install/proy_nexa_service/share/proy_nexa_service/package.zsh'
[11.441s] Level 1:colcon.colcon_core.environment:create_file_with_runtime_dependencies(/home/chen/turtlebot3_ws/src/proy_nexa/Robot/install/proy_nexa_service/share/colcon-core/packages/proy_nexa_service)
[11.441s] INFO:colcon.colcon_ros.task.ament_cmake.build:Building ROS package in '/home/chen/turtlebot3_ws/src/proy_nexa/Robot/src/proy_nexa/proy_nexa' with build type 'ament_cmake'
[11.442s] INFO:colcon.colcon_cmake.task.cmake.build:Building CMake package in '/home/chen/turtlebot3_ws/src/proy_nexa/Robot/src/proy_nexa/proy_nexa'
[11.472s] INFO:colcon.colcon_core.shell:Skip shell extension 'powershell' for command environment: Not usable outside of PowerShell
[11.472s] DEBUG:colcon.colcon_core.shell:Skip shell extension 'dsv' for command environment
[11.610s] DEBUG:colcon.colcon_core.event_handler.log_command:Invoking command in '/home/chen/turtlebot3_ws/src/proy_nexa/Robot/build/proy_nexa': AMENT_PREFIX_PATH=/home/chen/turtlebot3_ws/src/proy_nexa/Robot/install/proy_nexa_service:/home/chen/turtlebot3_ws/src/proy_nexa/Robot/install/proy_nexa_show_msg:/home/chen/turtlebot3_ws/src/proy_nexa/Robot/install/proy_nexa_interface:${AMENT_PREFIX_PATH} CMAKE_PREFIX_PATH=/home/chen/turtlebot3_ws/src/proy_nexa/Robot/install/proy_nexa_interface:/home/chen/turtlebot3_ws/install/turtlebot3_simulations:/home/chen/turtlebot3_ws/install/my_world:/home/chen/turtlebot3_ws/install/turtlebot3_gazebo:/home/chen/turtlebot3_ws/install/turtlebot3_fake_node:/home/chen/turtlebot3_ws/install/proy_nexa:/home/chen/turtlebot3_ws/install/proy_nexa_interface:/home/chen/turtlebot3_ws/install/custom_interface:/home/chen/turtlebot3_ws/install/show_msg:/home/chen/turtlebot3_ws/install/proy_nexa_show_msg:/home/chen/turtlebot3_ws/install/proy_nexa_service:/home/chen/turtlebot3_ws/install/provide_map:/home/chen/turtlebot3_ws/install/my_slam:/home/chen/turtlebot3_ws/install/my_nav2_system:/home/chen/turtlebot3_ws/install/my_first_subscriber:/home/chen/turtlebot3_ws/install/my_first_service:/home/chen/turtlebot3_ws/install/my_first_publisher:/home/chen/turtlebot3_ws/install/my_first_node:/home/chen/turtlebot3_ws/install/my_first_action:/home/chen/turtlebot3_ws/src/my_first_service/install/my_first_service:/opt/ros/galactic LD_LIBRARY_PATH=/home/chen/turtlebot3_ws/src/proy_nexa/Robot/install/proy_nexa_interface/lib:${LD_LIBRARY_PATH} PYTHONPATH=/home/chen/turtlebot3_ws/src/proy_nexa/Robot/install/proy_nexa_service/lib/python3.8/site-packages:/home/chen/turtlebot3_ws/src/proy_nexa/Robot/install/proy_nexa_show_msg/lib/python3.8/site-packages:/home/chen/turtlebot3_ws/src/proy_nexa/Robot/install/proy_nexa_interface/lib/python3.8/site-packages:${PYTHONPATH} /usr/bin/cmake /home/chen/turtlebot3_ws/src/proy_nexa/Robot/src/proy_nexa/proy_nexa -DCMAKE_INSTALL_PREFIX=/home/chen/turtlebot3_ws/src/proy_nexa/Robot/install/proy_nexa
[12.204s] DEBUG:colcon.colcon_core.event_handler.log_command:Invoked command in '/home/chen/turtlebot3_ws/src/proy_nexa/Robot/build/proy_nexa' returned '0': AMENT_PREFIX_PATH=/home/chen/turtlebot3_ws/src/proy_nexa/Robot/install/proy_nexa_service:/home/chen/turtlebot3_ws/src/proy_nexa/Robot/install/proy_nexa_show_msg:/home/chen/turtlebot3_ws/src/proy_nexa/Robot/install/proy_nexa_interface:${AMENT_PREFIX_PATH} CMAKE_PREFIX_PATH=/home/chen/turtlebot3_ws/src/proy_nexa/Robot/install/proy_nexa_interface:/home/chen/turtlebot3_ws/install/turtlebot3_simulations:/home/chen/turtlebot3_ws/install/my_world:/home/chen/turtlebot3_ws/install/turtlebot3_gazebo:/home/chen/turtlebot3_ws/install/turtlebot3_fake_node:/home/chen/turtlebot3_ws/install/proy_nexa:/home/chen/turtlebot3_ws/install/proy_nexa_interface:/home/chen/turtlebot3_ws/install/custom_interface:/home/chen/turtlebot3_ws/install/show_msg:/home/chen/turtlebot3_ws/install/proy_nexa_show_msg:/home/chen/turtlebot3_ws/install/proy_nexa_service:/home/chen/turtlebot3_ws/install/provide_map:/home/chen/turtlebot3_ws/install/my_slam:/home/chen/turtlebot3_ws/install/my_nav2_system:/home/chen/turtlebot3_ws/install/my_first_subscriber:/home/chen/turtlebot3_ws/install/my_first_service:/home/chen/turtlebot3_ws/install/my_first_publisher:/home/chen/turtlebot3_ws/install/my_first_node:/home/chen/turtlebot3_ws/install/my_first_action:/home/chen/turtlebot3_ws/src/my_first_service/install/my_first_service:/opt/ros/galactic LD_LIBRARY_PATH=/home/chen/turtlebot3_ws/src/proy_nexa/Robot/install/proy_nexa_interface/lib:${LD_LIBRARY_PATH} PYTHONPATH=/home/chen/turtlebot3_ws/src/proy_nexa/Robot/install/proy_nexa_service/lib/python3.8/site-packages:/home/chen/turtlebot3_ws/src/proy_nexa/Robot/install/proy_nexa_show_msg/lib/python3.8/site-packages:/home/chen/turtlebot3_ws/src/proy_nexa/Robot/install/proy_nexa_interface/lib/python3.8/site-packages:${PYTHONPATH} /usr/bin/cmake /home/chen/turtlebot3_ws/src/proy_nexa/Robot/src/proy_nexa/proy_nexa -DCMAKE_INSTALL_PREFIX=/home/chen/turtlebot3_ws/src/proy_nexa/Robot/install/proy_nexa
[12.208s] DEBUG:colcon.colcon_core.event_handler.log_command:Invoking command in '/home/chen/turtlebot3_ws/src/proy_nexa/Robot/build/proy_nexa': AMENT_PREFIX_PATH=/home/chen/turtlebot3_ws/src/proy_nexa/Robot/install/proy_nexa_service:/home/chen/turtlebot3_ws/src/proy_nexa/Robot/install/proy_nexa_show_msg:/home/chen/turtlebot3_ws/src/proy_nexa/Robot/install/proy_nexa_interface:${AMENT_PREFIX_PATH} CMAKE_PREFIX_PATH=/home/chen/turtlebot3_ws/src/proy_nexa/Robot/install/proy_nexa_interface:/home/chen/turtlebot3_ws/install/turtlebot3_simulations:/home/chen/turtlebot3_ws/install/my_world:/home/chen/turtlebot3_ws/install/turtlebot3_gazebo:/home/chen/turtlebot3_ws/install/turtlebot3_fake_node:/home/chen/turtlebot3_ws/install/proy_nexa:/home/chen/turtlebot3_ws/install/proy_nexa_interface:/home/chen/turtlebot3_ws/install/custom_interface:/home/chen/turtlebot3_ws/install/show_msg:/home/chen/turtlebot3_ws/install/proy_nexa_show_msg:/home/chen/turtlebot3_ws/install/proy_nexa_service:/home/chen/turtlebot3_ws/install/provide_map:/home/chen/turtlebot3_ws/install/my_slam:/home/chen/turtlebot3_ws/install/my_nav2_system:/home/chen/turtlebot3_ws/install/my_first_subscriber:/home/chen/turtlebot3_ws/install/my_first_service:/home/chen/turtlebot3_ws/install/my_first_publisher:/home/chen/turtlebot3_ws/install/my_first_node:/home/chen/turtlebot3_ws/install/my_first_action:/home/chen/turtlebot3_ws/src/my_first_service/install/my_first_service:/opt/ros/galactic LD_LIBRARY_PATH=/home/chen/turtlebot3_ws/src/proy_nexa/Robot/install/proy_nexa_interface/lib:${LD_LIBRARY_PATH} PYTHONPATH=/home/chen/turtlebot3_ws/src/proy_nexa/Robot/install/proy_nexa_service/lib/python3.8/site-packages:/home/chen/turtlebot3_ws/src/proy_nexa/Robot/install/proy_nexa_show_msg/lib/python3.8/site-packages:/home/chen/turtlebot3_ws/src/proy_nexa/Robot/install/proy_nexa_interface/lib/python3.8/site-packages:${PYTHONPATH} /usr/bin/cmake --build /home/chen/turtlebot3_ws/src/proy_nexa/Robot/build/proy_nexa -- -j2 -l2
[12.247s] DEBUG:colcon.colcon_core.event_handler.log_command:Invoked command in '/home/chen/turtlebot3_ws/src/proy_nexa/Robot/build/proy_nexa' returned '0': AMENT_PREFIX_PATH=/home/chen/turtlebot3_ws/src/proy_nexa/Robot/install/proy_nexa_service:/home/chen/turtlebot3_ws/src/proy_nexa/Robot/install/proy_nexa_show_msg:/home/chen/turtlebot3_ws/src/proy_nexa/Robot/install/proy_nexa_interface:${AMENT_PREFIX_PATH} CMAKE_PREFIX_PATH=/home/chen/turtlebot3_ws/src/proy_nexa/Robot/install/proy_nexa_interface:/home/chen/turtlebot3_ws/install/turtlebot3_simulations:/home/chen/turtlebot3_ws/install/my_world:/home/chen/turtlebot3_ws/install/turtlebot3_gazebo:/home/chen/turtlebot3_ws/install/turtlebot3_fake_node:/home/chen/turtlebot3_ws/install/proy_nexa:/home/chen/turtlebot3_ws/install/proy_nexa_interface:/home/chen/turtlebot3_ws/install/custom_interface:/home/chen/turtlebot3_ws/install/show_msg:/home/chen/turtlebot3_ws/install/proy_nexa_show_msg:/home/chen/turtlebot3_ws/install/proy_nexa_service:/home/chen/turtlebot3_ws/install/provide_map:/home/chen/turtlebot3_ws/install/my_slam:/home/chen/turtlebot3_ws/install/my_nav2_system:/home/chen/turtlebot3_ws/install/my_first_subscriber:/home/chen/turtlebot3_ws/install/my_first_service:/home/chen/turtlebot3_ws/install/my_first_publisher:/home/chen/turtlebot3_ws/install/my_first_node:/home/chen/turtlebot3_ws/install/my_first_action:/home/chen/turtlebot3_ws/src/my_first_service/install/my_first_service:/opt/ros/galactic LD_LIBRARY_PATH=/home/chen/turtlebot3_ws/src/proy_nexa/Robot/install/proy_nexa_interface/lib:${LD_LIBRARY_PATH} PYTHONPATH=/home/chen/turtlebot3_ws/src/proy_nexa/Robot/install/proy_nexa_service/lib/python3.8/site-packages:/home/chen/turtlebot3_ws/src/proy_nexa/Robot/install/proy_nexa_show_msg/lib/python3.8/site-packages:/home/chen/turtlebot3_ws/src/proy_nexa/Robot/install/proy_nexa_interface/lib/python3.8/site-packages:${PYTHONPATH} /usr/bin/cmake --build /home/chen/turtlebot3_ws/src/proy_nexa/Robot/build/proy_nexa -- -j2 -l2
[12.273s] DEBUG:colcon.colcon_core.event_handler.log_command:Invoking command in '/home/chen/turtlebot3_ws/src/proy_nexa/Robot/build/proy_nexa': AMENT_PREFIX_PATH=/home/chen/turtlebot3_ws/src/proy_nexa/Robot/install/proy_nexa_service:/home/chen/turtlebot3_ws/src/proy_nexa/Robot/install/proy_nexa_show_msg:/home/chen/turtlebot3_ws/src/proy_nexa/Robot/install/proy_nexa_interface:${AMENT_PREFIX_PATH} CMAKE_PREFIX_PATH=/home/chen/turtlebot3_ws/src/proy_nexa/Robot/install/proy_nexa_interface:/home/chen/turtlebot3_ws/install/turtlebot3_simulations:/home/chen/turtlebot3_ws/install/my_world:/home/chen/turtlebot3_ws/install/turtlebot3_gazebo:/home/chen/turtlebot3_ws/install/turtlebot3_fake_node:/home/chen/turtlebot3_ws/install/proy_nexa:/home/chen/turtlebot3_ws/install/proy_nexa_interface:/home/chen/turtlebot3_ws/install/custom_interface:/home/chen/turtlebot3_ws/install/show_msg:/home/chen/turtlebot3_ws/install/proy_nexa_show_msg:/home/chen/turtlebot3_ws/install/proy_nexa_service:/home/chen/turtlebot3_ws/install/provide_map:/home/chen/turtlebot3_ws/install/my_slam:/home/chen/turtlebot3_ws/install/my_nav2_system:/home/chen/turtlebot3_ws/install/my_first_subscriber:/home/chen/turtlebot3_ws/install/my_first_service:/home/chen/turtlebot3_ws/install/my_first_publisher:/home/chen/turtlebot3_ws/install/my_first_node:/home/chen/turtlebot3_ws/install/my_first_action:/home/chen/turtlebot3_ws/src/my_first_service/install/my_first_service:/opt/ros/galactic LD_LIBRARY_PATH=/home/chen/turtlebot3_ws/src/proy_nexa/Robot/install/proy_nexa_interface/lib:${LD_LIBRARY_PATH} PYTHONPATH=/home/chen/turtlebot3_ws/src/proy_nexa/Robot/install/proy_nexa_service/lib/python3.8/site-packages:/home/chen/turtlebot3_ws/src/proy_nexa/Robot/install/proy_nexa_show_msg/lib/python3.8/site-packages:/home/chen/turtlebot3_ws/src/proy_nexa/Robot/install/proy_nexa_interface/lib/python3.8/site-packages:${PYTHONPATH} /usr/bin/cmake --install /home/chen/turtlebot3_ws/src/proy_nexa/Robot/build/proy_nexa
[12.285s] Level 1:colcon.colcon_core.environment:create_environment_scripts_only(proy_nexa)
[12.302s] DEBUG:colcon.colcon_core.event_handler.log_command:Invoked command in '/home/chen/turtlebot3_ws/src/proy_nexa/Robot/build/proy_nexa' returned '0': AMENT_PREFIX_PATH=/home/chen/turtlebot3_ws/src/proy_nexa/Robot/install/proy_nexa_service:/home/chen/turtlebot3_ws/src/proy_nexa/Robot/install/proy_nexa_show_msg:/home/chen/turtlebot3_ws/src/proy_nexa/Robot/install/proy_nexa_interface:${AMENT_PREFIX_PATH} CMAKE_PREFIX_PATH=/home/chen/turtlebot3_ws/src/proy_nexa/Robot/install/proy_nexa_interface:/home/chen/turtlebot3_ws/install/turtlebot3_simulations:/home/chen/turtlebot3_ws/install/my_world:/home/chen/turtlebot3_ws/install/turtlebot3_gazebo:/home/chen/turtlebot3_ws/install/turtlebot3_fake_node:/home/chen/turtlebot3_ws/install/proy_nexa:/home/chen/turtlebot3_ws/install/proy_nexa_interface:/home/chen/turtlebot3_ws/install/custom_interface:/home/chen/turtlebot3_ws/install/show_msg:/home/chen/turtlebot3_ws/install/proy_nexa_show_msg:/home/chen/turtlebot3_ws/install/proy_nexa_service:/home/chen/turtlebot3_ws/install/provide_map:/home/chen/turtlebot3_ws/install/my_slam:/home/chen/turtlebot3_ws/install/my_nav2_system:/home/chen/turtlebot3_ws/install/my_first_subscriber:/home/chen/turtlebot3_ws/install/my_first_service:/home/chen/turtlebot3_ws/install/my_first_publisher:/home/chen/turtlebot3_ws/install/my_first_node:/home/chen/turtlebot3_ws/install/my_first_action:/home/chen/turtlebot3_ws/src/my_first_service/install/my_first_service:/opt/ros/galactic LD_LIBRARY_PATH=/home/chen/turtlebot3_ws/src/proy_nexa/Robot/install/proy_nexa_interface/lib:${LD_LIBRARY_PATH} PYTHONPATH=/home/chen/turtlebot3_ws/src/proy_nexa/Robot/install/proy_nexa_service/lib/python3.8/site-packages:/home/chen/turtlebot3_ws/src/proy_nexa/Robot/install/proy_nexa_show_msg/lib/python3.8/site-packages:/home/chen/turtlebot3_ws/src/proy_nexa/Robot/install/proy_nexa_interface/lib/python3.8/site-packages:${PYTHONPATH} /usr/bin/cmake --install /home/chen/turtlebot3_ws/src/proy_nexa/Robot/build/proy_nexa
[12.323s] Level 1:colcon.colcon_core.environment:checking '/home/chen/turtlebot3_ws/src/proy_nexa/Robot/install/proy_nexa' for CMake module files
[12.324s] Level 1:colcon.colcon_core.environment:checking '/home/chen/turtlebot3_ws/src/proy_nexa/Robot/install/proy_nexa' for CMake config files
[12.324s] Level 1:colcon.colcon_core.shell:create_environment_hook('proy_nexa', 'cmake_prefix_path')
[12.353s] INFO:colcon.colcon_core.shell:Creating environment hook '/home/chen/turtlebot3_ws/src/proy_nexa/Robot/install/proy_nexa/share/proy_nexa/hook/cmake_prefix_path.ps1'
[12.354s] INFO:colcon.colcon_core.shell:Creating environment descriptor '/home/chen/turtlebot3_ws/src/proy_nexa/Robot/install/proy_nexa/share/proy_nexa/hook/cmake_prefix_path.dsv'
[12.354s] INFO:colcon.colcon_core.shell:Creating environment hook '/home/chen/turtlebot3_ws/src/proy_nexa/Robot/install/proy_nexa/share/proy_nexa/hook/cmake_prefix_path.sh'
[12.354s] Level 1:colcon.colcon_core.environment:checking '/home/chen/turtlebot3_ws/src/proy_nexa/Robot/install/proy_nexa/bin'
[12.355s] Level 1:colcon.colcon_core.environment:checking '/home/chen/turtlebot3_ws/src/proy_nexa/Robot/install/proy_nexa/lib/pkgconfig/proy_nexa.pc'
[12.355s] Level 1:colcon.colcon_core.environment:checking '/home/chen/turtlebot3_ws/src/proy_nexa/Robot/install/proy_nexa/lib/python3.8/site-packages'
[12.355s] Level 1:colcon.colcon_core.environment:checking '/home/chen/turtlebot3_ws/src/proy_nexa/Robot/install/proy_nexa/bin'
[12.384s] INFO:colcon.colcon_core.shell:Creating package script '/home/chen/turtlebot3_ws/src/proy_nexa/Robot/install/proy_nexa/share/proy_nexa/package.ps1'
[12.385s] INFO:colcon.colcon_core.shell:Creating package descriptor '/home/chen/turtlebot3_ws/src/proy_nexa/Robot/install/proy_nexa/share/proy_nexa/package.dsv'
[12.385s] INFO:colcon.colcon_core.shell:Creating package script '/home/chen/turtlebot3_ws/src/proy_nexa/Robot/install/proy_nexa/share/proy_nexa/package.sh'
[12.386s] INFO:colcon.colcon_core.shell:Creating package script '/home/chen/turtlebot3_ws/src/proy_nexa/Robot/install/proy_nexa/share/proy_nexa/package.bash'
[12.386s] INFO:colcon.colcon_core.shell:Creating package script '/home/chen/turtlebot3_ws/src/proy_nexa/Robot/install/proy_nexa/share/proy_nexa/package.zsh'
[12.387s] Level 1:colcon.colcon_core.environment:create_file_with_runtime_dependencies(/home/chen/turtlebot3_ws/src/proy_nexa/Robot/install/proy_nexa/share/colcon-core/packages/proy_nexa)
[12.445s] Level 1:colcon.colcon_core.environment:create_environment_scripts_only(proy_nexa)
[12.474s] Level 1:colcon.colcon_core.environment:checking '/home/chen/turtlebot3_ws/src/proy_nexa/Robot/install/proy_nexa' for CMake module files
[12.475s] Level 1:colcon.colcon_core.environment:checking '/home/chen/turtlebot3_ws/src/proy_nexa/Robot/install/proy_nexa' for CMake config files
[12.475s] Level 1:colcon.colcon_core.shell:create_environment_hook('proy_nexa', 'cmake_prefix_path')
[12.504s] INFO:colcon.colcon_core.shell:Creating environment hook '/home/chen/turtlebot3_ws/src/proy_nexa/Robot/install/proy_nexa/share/proy_nexa/hook/cmake_prefix_path.ps1'
[12.505s] INFO:colcon.colcon_core.shell:Creating environment descriptor '/home/chen/turtlebot3_ws/src/proy_nexa/Robot/install/proy_nexa/share/proy_nexa/hook/cmake_prefix_path.dsv'
[12.506s] INFO:colcon.colcon_core.shell:Creating environment hook '/home/chen/turtlebot3_ws/src/proy_nexa/Robot/install/proy_nexa/share/proy_nexa/hook/cmake_prefix_path.sh'
[12.506s] Level 1:colcon.colcon_core.environment:checking '/home/chen/turtlebot3_ws/src/proy_nexa/Robot/install/proy_nexa/bin'
[12.506s] Level 1:colcon.colcon_core.environment:checking '/home/chen/turtlebot3_ws/src/proy_nexa/Robot/install/proy_nexa/lib/pkgconfig/proy_nexa.pc'
[12.506s] Level 1:colcon.colcon_core.environment:checking '/home/chen/turtlebot3_ws/src/proy_nexa/Robot/install/proy_nexa/lib/python3.8/site-packages'
[12.507s] Level 1:colcon.colcon_core.environment:checking '/home/chen/turtlebot3_ws/src/proy_nexa/Robot/install/proy_nexa/bin'
[12.535s] INFO:colcon.colcon_core.shell:Creating package script '/home/chen/turtlebot3_ws/src/proy_nexa/Robot/install/proy_nexa/share/proy_nexa/package.ps1'
[12.535s] INFO:colcon.colcon_core.shell:Creating package descriptor '/home/chen/turtlebot3_ws/src/proy_nexa/Robot/install/proy_nexa/share/proy_nexa/package.dsv'
[12.536s] INFO:colcon.colcon_core.shell:Creating package script '/home/chen/turtlebot3_ws/src/proy_nexa/Robot/install/proy_nexa/share/proy_nexa/package.sh'
[12.536s] INFO:colcon.colcon_core.shell:Creating package script '/home/chen/turtlebot3_ws/src/proy_nexa/Robot/install/proy_nexa/share/proy_nexa/package.bash'
[12.536s] INFO:colcon.colcon_core.shell:Creating package script '/home/chen/turtlebot3_ws/src/proy_nexa/Robot/install/proy_nexa/share/proy_nexa/package.zsh'
[12.537s] Level 1:colcon.colcon_core.environment:create_file_with_runtime_dependencies(/home/chen/turtlebot3_ws/src/proy_nexa/Robot/install/proy_nexa/share/colcon-core/packages/proy_nexa)
[12.537s] DEBUG:colcon.colcon_parallel_executor.executor.parallel:closing loop
[12.538s] DEBUG:colcon.colcon_parallel_executor.executor.parallel:loop closed
[12.538s] DEBUG:colcon.colcon_parallel_executor.executor.parallel:run_until_complete finished with '0'
[12.538s] DEBUG:colcon.colcon_core.event_reactor:joining thread
[12.586s] INFO:colcon.colcon_core.plugin_system:Skipping extension 'colcon_notification.desktop_notification.terminal_notifier': Not used on non-Darwin systems
[12.587s] INFO:colcon.colcon_core.plugin_system:Skipping extension 'colcon_notification.desktop_notification.win32': Not used on non-Windows systems
[12.587s] INFO:colcon.colcon_notification.desktop_notification:Sending desktop notification using 'notify2'
[12.610s] DEBUG:colcon.colcon_core.event_reactor:joined thread
[12.643s] INFO:colcon.colcon_core.shell:Creating prefix script '/home/chen/turtlebot3_ws/src/proy_nexa/Robot/install/local_setup.ps1'
[12.644s] INFO:colcon.colcon_core.shell:Creating prefix util module '/home/chen/turtlebot3_ws/src/proy_nexa/Robot/install/_local_setup_util_ps1.py'
[12.646s] INFO:colcon.colcon_core.shell:Creating prefix chain script '/home/chen/turtlebot3_ws/src/proy_nexa/Robot/install/setup.ps1'
[12.680s] INFO:colcon.colcon_core.shell:Creating prefix script '/home/chen/turtlebot3_ws/src/proy_nexa/Robot/install/local_setup.sh'
[12.681s] INFO:colcon.colcon_core.shell:Creating prefix util module '/home/chen/turtlebot3_ws/src/proy_nexa/Robot/install/_local_setup_util_sh.py'
[12.682s] INFO:colcon.colcon_core.shell:Creating prefix chain script '/home/chen/turtlebot3_ws/src/proy_nexa/Robot/install/setup.sh'
[12.716s] INFO:colcon.colcon_core.shell:Creating prefix script '/home/chen/turtlebot3_ws/src/proy_nexa/Robot/install/local_setup.bash'
[12.717s] INFO:colcon.colcon_core.shell:Creating prefix chain script '/home/chen/turtlebot3_ws/src/proy_nexa/Robot/install/setup.bash'
[12.748s] INFO:colcon.colcon_core.shell:Creating prefix script '/home/chen/turtlebot3_ws/src/proy_nexa/Robot/install/local_setup.zsh'
[12.750s] INFO:colcon.colcon_core.shell:Creating prefix chain script '/home/chen/turtlebot3_ws/src/proy_nexa/Robot/install/setup.zsh'
