[3.611s] DEBUG:colcon:Command line arguments: ['/usr/bin/colcon', 'build']
[3.611s] DEBUG:colcon:Parsed command line arguments: Namespace(allow_overriding=[], ament_cmake_args=None, base_paths=['.'], build_base='build', catkin_cmake_args=None, catkin_skip_building_tests=False, cmake_args=None, cmake_clean_cache=False, cmake_clean_first=False, cmake_force_configure=False, cmake_target=None, cmake_target_skip_unavailable=False, continue_on_error=False, event_handlers=None, executor='parallel', ignore_user_meta=False, install_base='install', log_base=None, log_level=None, main=<bound method BuildVerb.main of <colcon_core.verb.build.BuildVerb object at 0x7f2da148a460>>, merge_install=False, metas=['./colcon.meta'], packages_above=None, packages_above_and_dependencies=None, packages_above_depth=None, packages_end=None, packages_ignore=None, packages_ignore_regex=None, packages_select=None, packages_select_build_failed=False, packages_select_by_dep=None, packages_select_regex=None, packages_select_test_failures=False, packages_skip=None, packages_skip_build_finished=False, packages_skip_by_dep=None, packages_skip_regex=None, packages_skip_test_passed=False, packages_skip_up_to=None, packages_start=None, packages_up_to=None, packages_up_to_regex=None, parallel_workers=2, paths=None, symlink_install=False, test_result_base=None, verb_extension=<colcon_core.verb.build.BuildVerb object at 0x7f2da148a460>, verb_name='build', verb_parser=<colcon_defaults.argument_parser.defaults.DefaultArgumentsDecorator object at 0x7f2da0faa2b0>)
[3.778s] Level 1:colcon.colcon_core.package_discovery:discover_packages(colcon_meta) check parameters
[3.779s] Level 1:colcon.colcon_core.package_discovery:discover_packages(recursive) check parameters
[3.779s] Level 1:colcon.colcon_core.package_discovery:discover_packages(ignore) check parameters
[3.779s] Level 1:colcon.colcon_core.package_discovery:discover_packages(path) check parameters
[3.779s] Level 1:colcon.colcon_core.package_discovery:discover_packages(colcon_meta) discover
[3.779s] Level 1:colcon.colcon_core.package_discovery:discover_packages(recursive) discover
[3.779s] INFO:colcon.colcon_core.package_discovery:Crawling recursively for packages in '/home/chen/turtlebot3_ws/src/proy_nexa/proy_nexa'
[3.779s] Level 1:colcon.colcon_core.package_identification:_identify(.) by extensions ['ignore', 'ignore_ament_install']
[3.779s] Level 1:colcon.colcon_core.package_identification:_identify(.) by extension 'ignore'
[3.779s] Level 1:colcon.colcon_core.package_identification:_identify(.) by extension 'ignore_ament_install'
[3.780s] Level 1:colcon.colcon_core.package_identification:_identify(.) by extensions ['colcon_pkg']
[3.780s] Level 1:colcon.colcon_core.package_identification:_identify(.) by extension 'colcon_pkg'
[3.780s] Level 1:colcon.colcon_core.package_identification:_identify(.) by extensions ['colcon_meta']
[3.780s] Level 1:colcon.colcon_core.package_identification:_identify(.) by extension 'colcon_meta'
[3.780s] Level 1:colcon.colcon_core.package_identification:_identify(.) by extensions ['ros']
[3.780s] Level 1:colcon.colcon_core.package_identification:_identify(.) by extension 'ros'
[3.797s] DEBUG:colcon.colcon_core.package_identification:Package '.' with type 'ros.ament_cmake' and name 'proy_nexa'
[3.797s] Level 1:colcon.colcon_core.package_discovery:discover_packages(recursive) using defaults
[3.798s] Level 1:colcon.colcon_core.package_discovery:discover_packages(ignore) discover
[3.798s] Level 1:colcon.colcon_core.package_discovery:discover_packages(ignore) using defaults
[3.798s] Level 1:colcon.colcon_core.package_discovery:discover_packages(path) discover
[3.798s] Level 1:colcon.colcon_core.package_discovery:discover_packages(path) using defaults
[4.126s] Level 1:colcon.colcon_core.package_discovery:discover_packages(prefix_path) check parameters
[4.127s] Level 1:colcon.colcon_core.package_discovery:discover_packages(prefix_path) discover
[4.250s] DEBUG:colcon.colcon_installed_package_information.package_discovery:Found 15 installed packages in /home/chen/turtlebot3_ws/install
[4.311s] DEBUG:colcon.colcon_installed_package_information.package_discovery:Found 1 installed packages in /home/chen/turtlebot3_ws/src/my_first_service/install
[4.370s] DEBUG:colcon.colcon_installed_package_information.package_discovery:Found 336 installed packages in /opt/ros/galactic
[4.383s] Level 1:colcon.colcon_core.package_discovery:discover_packages(prefix_path) using defaults
[4.626s] Level 5:colcon.colcon_core.verb:set package 'proy_nexa' build argument 'cmake_args' from command line to 'None'
[4.627s] Level 5:colcon.colcon_core.verb:set package 'proy_nexa' build argument 'cmake_target' from command line to 'None'
[4.627s] Level 5:colcon.colcon_core.verb:set package 'proy_nexa' build argument 'cmake_target_skip_unavailable' from command line to 'False'
[4.627s] Level 5:colcon.colcon_core.verb:set package 'proy_nexa' build argument 'cmake_clean_cache' from command line to 'False'
[4.627s] Level 5:colcon.colcon_core.verb:set package 'proy_nexa' build argument 'cmake_clean_first' from command line to 'False'
[4.627s] Level 5:colcon.colcon_core.verb:set package 'proy_nexa' build argument 'cmake_force_configure' from command line to 'False'
[4.627s] Level 5:colcon.colcon_core.verb:set package 'proy_nexa' build argument 'ament_cmake_args' from command line to 'None'
[4.627s] Level 5:colcon.colcon_core.verb:set package 'proy_nexa' build argument 'catkin_cmake_args' from command line to 'None'
[4.627s] Level 5:colcon.colcon_core.verb:set package 'proy_nexa' build argument 'catkin_skip_building_tests' from command line to 'False'
[4.627s] DEBUG:colcon.colcon_core.verb:Building package 'proy_nexa' with the following arguments: {'ament_cmake_args': None, 'build_base': '/home/chen/turtlebot3_ws/src/proy_nexa/proy_nexa/build/proy_nexa', 'catkin_cmake_args': None, 'catkin_skip_building_tests': False, 'cmake_args': None, 'cmake_clean_cache': False, 'cmake_clean_first': False, 'cmake_force_configure': False, 'cmake_target': None, 'cmake_target_skip_unavailable': False, 'install_base': '/home/chen/turtlebot3_ws/src/proy_nexa/proy_nexa/install/proy_nexa', 'merge_install': False, 'path': '/home/chen/turtlebot3_ws/src/proy_nexa/proy_nexa', 'symlink_install': False, 'test_result_base': None}
[4.684s] INFO:colcon.colcon_core.executor:Executing jobs using 'parallel' executor
[4.743s] DEBUG:colcon.colcon_parallel_executor.executor.parallel:run_until_complete
[4.744s] INFO:colcon.colcon_ros.task.ament_cmake.build:Building ROS package in '/home/chen/turtlebot3_ws/src/proy_nexa/proy_nexa' with build type 'ament_cmake'
[4.744s] INFO:colcon.colcon_cmake.task.cmake.build:Building CMake package in '/home/chen/turtlebot3_ws/src/proy_nexa/proy_nexa'
[4.811s] INFO:colcon.colcon_core.plugin_system:Skipping extension 'colcon_core.shell.bat': Not used on non-Windows systems
[4.811s] INFO:colcon.colcon_core.shell:Skip shell extension 'powershell' for command environment: Not usable outside of PowerShell
[4.811s] DEBUG:colcon.colcon_core.shell:Skip shell extension 'dsv' for command environment
[5.139s] DEBUG:colcon.colcon_core.event_handler.log_command:Invoking command in '/home/chen/turtlebot3_ws/src/proy_nexa/proy_nexa/build/proy_nexa': CMAKE_PREFIX_PATH=${CMAKE_PREFIX_PATH}:/home/chen/turtlebot3_ws/install/show_msg:/home/chen/turtlebot3_ws/install/provide_map:/home/chen/turtlebot3_ws/install/my_slam:/home/chen/turtlebot3_ws/install/my_nav2_system:/home/chen/turtlebot3_ws/install/my_first_subscriber:/home/chen/turtlebot3_ws/install/my_first_service:/home/chen/turtlebot3_ws/install/my_first_publisher:/home/chen/turtlebot3_ws/install/my_first_node:/home/chen/turtlebot3_ws/install/my_first_action:/home/chen/turtlebot3_ws/src/my_first_service/install/my_first_service:/opt/ros/galactic /usr/bin/cmake --build /home/chen/turtlebot3_ws/src/proy_nexa/proy_nexa/build/proy_nexa -- -j2 -l2
[5.212s] DEBUG:colcon.colcon_core.event_handler.log_command:Invoked command in '/home/chen/turtlebot3_ws/src/proy_nexa/proy_nexa/build/proy_nexa' returned '0': CMAKE_PREFIX_PATH=${CMAKE_PREFIX_PATH}:/home/chen/turtlebot3_ws/install/show_msg:/home/chen/turtlebot3_ws/install/provide_map:/home/chen/turtlebot3_ws/install/my_slam:/home/chen/turtlebot3_ws/install/my_nav2_system:/home/chen/turtlebot3_ws/install/my_first_subscriber:/home/chen/turtlebot3_ws/install/my_first_service:/home/chen/turtlebot3_ws/install/my_first_publisher:/home/chen/turtlebot3_ws/install/my_first_node:/home/chen/turtlebot3_ws/install/my_first_action:/home/chen/turtlebot3_ws/src/my_first_service/install/my_first_service:/opt/ros/galactic /usr/bin/cmake --build /home/chen/turtlebot3_ws/src/proy_nexa/proy_nexa/build/proy_nexa -- -j2 -l2
[5.270s] DEBUG:colcon.colcon_core.event_handler.log_command:Invoking command in '/home/chen/turtlebot3_ws/src/proy_nexa/proy_nexa/build/proy_nexa': CMAKE_PREFIX_PATH=${CMAKE_PREFIX_PATH}:/home/chen/turtlebot3_ws/install/show_msg:/home/chen/turtlebot3_ws/install/provide_map:/home/chen/turtlebot3_ws/install/my_slam:/home/chen/turtlebot3_ws/install/my_nav2_system:/home/chen/turtlebot3_ws/install/my_first_subscriber:/home/chen/turtlebot3_ws/install/my_first_service:/home/chen/turtlebot3_ws/install/my_first_publisher:/home/chen/turtlebot3_ws/install/my_first_node:/home/chen/turtlebot3_ws/install/my_first_action:/home/chen/turtlebot3_ws/src/my_first_service/install/my_first_service:/opt/ros/galactic /usr/bin/cmake --install /home/chen/turtlebot3_ws/src/proy_nexa/proy_nexa/build/proy_nexa
[5.288s] Level 1:colcon.colcon_core.environment:create_environment_scripts_only(proy_nexa)
[5.298s] DEBUG:colcon.colcon_core.event_handler.log_command:Invoked command in '/home/chen/turtlebot3_ws/src/proy_nexa/proy_nexa/build/proy_nexa' returned '0': CMAKE_PREFIX_PATH=${CMAKE_PREFIX_PATH}:/home/chen/turtlebot3_ws/install/show_msg:/home/chen/turtlebot3_ws/install/provide_map:/home/chen/turtlebot3_ws/install/my_slam:/home/chen/turtlebot3_ws/install/my_nav2_system:/home/chen/turtlebot3_ws/install/my_first_subscriber:/home/chen/turtlebot3_ws/install/my_first_service:/home/chen/turtlebot3_ws/install/my_first_publisher:/home/chen/turtlebot3_ws/install/my_first_node:/home/chen/turtlebot3_ws/install/my_first_action:/home/chen/turtlebot3_ws/src/my_first_service/install/my_first_service:/opt/ros/galactic /usr/bin/cmake --install /home/chen/turtlebot3_ws/src/proy_nexa/proy_nexa/build/proy_nexa
[5.357s] Level 1:colcon.colcon_core.environment:checking '/home/chen/turtlebot3_ws/src/proy_nexa/proy_nexa/install/proy_nexa' for CMake module files
[5.358s] Level 1:colcon.colcon_core.environment:checking '/home/chen/turtlebot3_ws/src/proy_nexa/proy_nexa/install/proy_nexa' for CMake config files
[5.358s] Level 1:colcon.colcon_core.shell:create_environment_hook('proy_nexa', 'cmake_prefix_path')
[5.421s] INFO:colcon.colcon_core.shell:Creating environment hook '/home/chen/turtlebot3_ws/src/proy_nexa/proy_nexa/install/proy_nexa/share/proy_nexa/hook/cmake_prefix_path.ps1'
[5.423s] INFO:colcon.colcon_core.shell:Creating environment descriptor '/home/chen/turtlebot3_ws/src/proy_nexa/proy_nexa/install/proy_nexa/share/proy_nexa/hook/cmake_prefix_path.dsv'
[5.426s] INFO:colcon.colcon_core.shell:Creating environment hook '/home/chen/turtlebot3_ws/src/proy_nexa/proy_nexa/install/proy_nexa/share/proy_nexa/hook/cmake_prefix_path.sh'
[5.429s] Level 1:colcon.colcon_core.environment:checking '/home/chen/turtlebot3_ws/src/proy_nexa/proy_nexa/install/proy_nexa/bin'
[5.430s] Level 1:colcon.colcon_core.environment:checking '/home/chen/turtlebot3_ws/src/proy_nexa/proy_nexa/install/proy_nexa/lib/pkgconfig/proy_nexa.pc'
[5.430s] Level 1:colcon.colcon_core.environment:checking '/home/chen/turtlebot3_ws/src/proy_nexa/proy_nexa/install/proy_nexa/lib/python3.8/site-packages'
[5.431s] Level 1:colcon.colcon_core.environment:checking '/home/chen/turtlebot3_ws/src/proy_nexa/proy_nexa/install/proy_nexa/bin'
[5.489s] INFO:colcon.colcon_core.shell:Creating package script '/home/chen/turtlebot3_ws/src/proy_nexa/proy_nexa/install/proy_nexa/share/proy_nexa/package.ps1'
[5.492s] INFO:colcon.colcon_core.shell:Creating package descriptor '/home/chen/turtlebot3_ws/src/proy_nexa/proy_nexa/install/proy_nexa/share/proy_nexa/package.dsv'
[5.494s] INFO:colcon.colcon_core.shell:Creating package script '/home/chen/turtlebot3_ws/src/proy_nexa/proy_nexa/install/proy_nexa/share/proy_nexa/package.sh'
[5.497s] INFO:colcon.colcon_core.shell:Creating package script '/home/chen/turtlebot3_ws/src/proy_nexa/proy_nexa/install/proy_nexa/share/proy_nexa/package.bash'
[5.499s] INFO:colcon.colcon_core.shell:Creating package script '/home/chen/turtlebot3_ws/src/proy_nexa/proy_nexa/install/proy_nexa/share/proy_nexa/package.zsh'
[5.501s] Level 1:colcon.colcon_core.environment:create_file_with_runtime_dependencies(/home/chen/turtlebot3_ws/src/proy_nexa/proy_nexa/install/proy_nexa/share/colcon-core/packages/proy_nexa)
[5.634s] Level 1:colcon.colcon_core.environment:create_environment_scripts_only(proy_nexa)
[5.715s] Level 1:colcon.colcon_core.environment:checking '/home/chen/turtlebot3_ws/src/proy_nexa/proy_nexa/install/proy_nexa' for CMake module files
[5.725s] Level 1:colcon.colcon_core.environment:checking '/home/chen/turtlebot3_ws/src/proy_nexa/proy_nexa/install/proy_nexa' for CMake config files
[5.725s] Level 1:colcon.colcon_core.shell:create_environment_hook('proy_nexa', 'cmake_prefix_path')
[5.803s] INFO:colcon.colcon_core.shell:Creating environment hook '/home/chen/turtlebot3_ws/src/proy_nexa/proy_nexa/install/proy_nexa/share/proy_nexa/hook/cmake_prefix_path.ps1'
[5.804s] INFO:colcon.colcon_core.shell:Creating environment descriptor '/home/chen/turtlebot3_ws/src/proy_nexa/proy_nexa/install/proy_nexa/share/proy_nexa/hook/cmake_prefix_path.dsv'
[5.806s] INFO:colcon.colcon_core.shell:Creating environment hook '/home/chen/turtlebot3_ws/src/proy_nexa/proy_nexa/install/proy_nexa/share/proy_nexa/hook/cmake_prefix_path.sh'
[5.807s] Level 1:colcon.colcon_core.environment:checking '/home/chen/turtlebot3_ws/src/proy_nexa/proy_nexa/install/proy_nexa/bin'
[5.807s] Level 1:colcon.colcon_core.environment:checking '/home/chen/turtlebot3_ws/src/proy_nexa/proy_nexa/install/proy_nexa/lib/pkgconfig/proy_nexa.pc'
[5.808s] Level 1:colcon.colcon_core.environment:checking '/home/chen/turtlebot3_ws/src/proy_nexa/proy_nexa/install/proy_nexa/lib/python3.8/site-packages'
[5.808s] Level 1:colcon.colcon_core.environment:checking '/home/chen/turtlebot3_ws/src/proy_nexa/proy_nexa/install/proy_nexa/bin'
[5.881s] INFO:colcon.colcon_core.shell:Creating package script '/home/chen/turtlebot3_ws/src/proy_nexa/proy_nexa/install/proy_nexa/share/proy_nexa/package.ps1'
[5.883s] INFO:colcon.colcon_core.shell:Creating package descriptor '/home/chen/turtlebot3_ws/src/proy_nexa/proy_nexa/install/proy_nexa/share/proy_nexa/package.dsv'
[5.884s] INFO:colcon.colcon_core.shell:Creating package script '/home/chen/turtlebot3_ws/src/proy_nexa/proy_nexa/install/proy_nexa/share/proy_nexa/package.sh'
[5.886s] INFO:colcon.colcon_core.shell:Creating package script '/home/chen/turtlebot3_ws/src/proy_nexa/proy_nexa/install/proy_nexa/share/proy_nexa/package.bash'
[5.887s] INFO:colcon.colcon_core.shell:Creating package script '/home/chen/turtlebot3_ws/src/proy_nexa/proy_nexa/install/proy_nexa/share/proy_nexa/package.zsh'
[5.888s] Level 1:colcon.colcon_core.environment:create_file_with_runtime_dependencies(/home/chen/turtlebot3_ws/src/proy_nexa/proy_nexa/install/proy_nexa/share/colcon-core/packages/proy_nexa)
[5.890s] DEBUG:colcon.colcon_parallel_executor.executor.parallel:closing loop
[5.890s] DEBUG:colcon.colcon_parallel_executor.executor.parallel:loop closed
[5.890s] DEBUG:colcon.colcon_parallel_executor.executor.parallel:run_until_complete finished with '0'
[5.891s] DEBUG:colcon.colcon_core.event_reactor:joining thread
[5.989s] INFO:colcon.colcon_core.plugin_system:Skipping extension 'colcon_notification.desktop_notification.terminal_notifier': Not used on non-Darwin systems
[5.989s] INFO:colcon.colcon_core.plugin_system:Skipping extension 'colcon_notification.desktop_notification.win32': Not used on non-Windows systems
[5.990s] INFO:colcon.colcon_notification.desktop_notification:Sending desktop notification using 'notify2'
[6.019s] DEBUG:colcon.colcon_core.event_reactor:joined thread
[6.106s] INFO:colcon.colcon_core.shell:Creating prefix script '/home/chen/turtlebot3_ws/src/proy_nexa/proy_nexa/install/local_setup.ps1'
[6.110s] INFO:colcon.colcon_core.shell:Creating prefix util module '/home/chen/turtlebot3_ws/src/proy_nexa/proy_nexa/install/_local_setup_util_ps1.py'
[6.113s] INFO:colcon.colcon_core.shell:Creating prefix chain script '/home/chen/turtlebot3_ws/src/proy_nexa/proy_nexa/install/setup.ps1'
[6.177s] INFO:colcon.colcon_core.shell:Creating prefix script '/home/chen/turtlebot3_ws/src/proy_nexa/proy_nexa/install/local_setup.sh'
[6.179s] INFO:colcon.colcon_core.shell:Creating prefix util module '/home/chen/turtlebot3_ws/src/proy_nexa/proy_nexa/install/_local_setup_util_sh.py'
[6.181s] INFO:colcon.colcon_core.shell:Creating prefix chain script '/home/chen/turtlebot3_ws/src/proy_nexa/proy_nexa/install/setup.sh'
[6.245s] INFO:colcon.colcon_core.shell:Creating prefix script '/home/chen/turtlebot3_ws/src/proy_nexa/proy_nexa/install/local_setup.bash'
[6.246s] INFO:colcon.colcon_core.shell:Creating prefix chain script '/home/chen/turtlebot3_ws/src/proy_nexa/proy_nexa/install/setup.bash'
[6.303s] INFO:colcon.colcon_core.shell:Creating prefix script '/home/chen/turtlebot3_ws/src/proy_nexa/proy_nexa/install/local_setup.zsh'
[6.304s] INFO:colcon.colcon_core.shell:Creating prefix chain script '/home/chen/turtlebot3_ws/src/proy_nexa/proy_nexa/install/setup.zsh'
