[0.757s] Invoking command in '/home/chen/repositorio2/Robot/src/build/web_video_server': CMAKE_PREFIX_PATH=/home/chen/turtlebot3_ws/install/show_msg:/home/chen/turtlebot3_ws/install/proy_nexa_show_msg:/home/chen/turtlebot3_ws/install/proy_nexa_service:/home/chen/turtlebot3_ws/install/provide_map:/home/chen/turtlebot3_ws/install/my_slam:/home/chen/turtlebot3_ws/install/my_nav2_system:/home/chen/turtlebot3_ws/install/my_first_subscriber:/home/chen/turtlebot3_ws/install/my_first_service:/home/chen/turtlebot3_ws/install/my_first_publisher:/home/chen/turtlebot3_ws/install/my_first_node:/home/chen/turtlebot3_ws/install/my_first_action:/home/chen/turtlebot3_ws/install/capture_image:/home/chen/turtlebot3_ws/install/apellido1_apellido2_ex_my_nav2_system:/home/chen/turtlebot3_ws/src/my_first_service/install/my_first_service:/opt/ros/galactic:/home/chen/repositorio2/Robot/src/install/async_web_server_cpp:${CMAKE_PREFIX_PATH} LD_LIBRARY_PATH=/home/chen/repositorio2/Robot/src/install/async_web_server_cpp/lib:${LD_LIBRARY_PATH} PKG_CONFIG_PATH=/home/chen/repositorio2/Robot/src/install/async_web_server_cpp/lib/x86_64-linux-gnu/pkgconfig:/home/chen/repositorio2/Robot/src/install/async_web_server_cpp/lib/pkgconfig ROS_PACKAGE_PATH=/home/chen/repositorio2/Robot/src/install/async_web_server_cpp/share /home/chen/.local/bin/cmake --build /home/chen/repositorio2/Robot/src/build/web_video_server -- -j2 -l2
[1.143s] [100%] Built target web_video_server
[1.187s] Invoked command in '/home/chen/repositorio2/Robot/src/build/web_video_server' returned '0': CMAKE_PREFIX_PATH=/home/chen/turtlebot3_ws/install/show_msg:/home/chen/turtlebot3_ws/install/proy_nexa_show_msg:/home/chen/turtlebot3_ws/install/proy_nexa_service:/home/chen/turtlebot3_ws/install/provide_map:/home/chen/turtlebot3_ws/install/my_slam:/home/chen/turtlebot3_ws/install/my_nav2_system:/home/chen/turtlebot3_ws/install/my_first_subscriber:/home/chen/turtlebot3_ws/install/my_first_service:/home/chen/turtlebot3_ws/install/my_first_publisher:/home/chen/turtlebot3_ws/install/my_first_node:/home/chen/turtlebot3_ws/install/my_first_action:/home/chen/turtlebot3_ws/install/capture_image:/home/chen/turtlebot3_ws/install/apellido1_apellido2_ex_my_nav2_system:/home/chen/turtlebot3_ws/src/my_first_service/install/my_first_service:/opt/ros/galactic:/home/chen/repositorio2/Robot/src/install/async_web_server_cpp:${CMAKE_PREFIX_PATH} LD_LIBRARY_PATH=/home/chen/repositorio2/Robot/src/install/async_web_server_cpp/lib:${LD_LIBRARY_PATH} PKG_CONFIG_PATH=/home/chen/repositorio2/Robot/src/install/async_web_server_cpp/lib/x86_64-linux-gnu/pkgconfig:/home/chen/repositorio2/Robot/src/install/async_web_server_cpp/lib/pkgconfig ROS_PACKAGE_PATH=/home/chen/repositorio2/Robot/src/install/async_web_server_cpp/share /home/chen/.local/bin/cmake --build /home/chen/repositorio2/Robot/src/build/web_video_server -- -j2 -l2
[1.599s] Invoking command in '/home/chen/repositorio2/Robot/src/build/web_video_server': CMAKE_PREFIX_PATH=/home/chen/turtlebot3_ws/install/show_msg:/home/chen/turtlebot3_ws/install/proy_nexa_show_msg:/home/chen/turtlebot3_ws/install/proy_nexa_service:/home/chen/turtlebot3_ws/install/provide_map:/home/chen/turtlebot3_ws/install/my_slam:/home/chen/turtlebot3_ws/install/my_nav2_system:/home/chen/turtlebot3_ws/install/my_first_subscriber:/home/chen/turtlebot3_ws/install/my_first_service:/home/chen/turtlebot3_ws/install/my_first_publisher:/home/chen/turtlebot3_ws/install/my_first_node:/home/chen/turtlebot3_ws/install/my_first_action:/home/chen/turtlebot3_ws/install/capture_image:/home/chen/turtlebot3_ws/install/apellido1_apellido2_ex_my_nav2_system:/home/chen/turtlebot3_ws/src/my_first_service/install/my_first_service:/opt/ros/galactic:/home/chen/repositorio2/Robot/src/install/async_web_server_cpp:${CMAKE_PREFIX_PATH} LD_LIBRARY_PATH=/home/chen/repositorio2/Robot/src/install/async_web_server_cpp/lib:${LD_LIBRARY_PATH} PKG_CONFIG_PATH=/home/chen/repositorio2/Robot/src/install/async_web_server_cpp/lib/x86_64-linux-gnu/pkgconfig:/home/chen/repositorio2/Robot/src/install/async_web_server_cpp/lib/pkgconfig ROS_PACKAGE_PATH=/home/chen/repositorio2/Robot/src/install/async_web_server_cpp/share /home/chen/.local/bin/cmake --install /home/chen/repositorio2/Robot/src/build/web_video_server
[1.808s] -- Install configuration: ""
[1.812s] -- Up-to-date: /home/chen/repositorio2/Robot/src/install/web_video_server/lib/web_video_server/web_video_server
[1.813s] -- Up-to-date: /home/chen/repositorio2/Robot/src/install/web_video_server/include/web_video_server
[1.815s] -- Up-to-date: /home/chen/repositorio2/Robot/src/install/web_video_server/include/web_video_server/ros_compressed_streamer.h
[1.816s] -- Up-to-date: /home/chen/repositorio2/Robot/src/install/web_video_server/include/web_video_server/web_video_server.h
[1.818s] -- Up-to-date: /home/chen/repositorio2/Robot/src/install/web_video_server/include/web_video_server/vp8_streamer.h
[1.819s] -- Up-to-date: /home/chen/repositorio2/Robot/src/install/web_video_server/include/web_video_server/png_streamers.h
[1.820s] -- Up-to-date: /home/chen/repositorio2/Robot/src/install/web_video_server/include/web_video_server/jpeg_streamers.h
[1.821s] -- Up-to-date: /home/chen/repositorio2/Robot/src/install/web_video_server/include/web_video_server/image_streamer.h
[1.822s] -- Up-to-date: /home/chen/repositorio2/Robot/src/install/web_video_server/include/web_video_server/libav_streamer.h
[1.822s] -- Up-to-date: /home/chen/repositorio2/Robot/src/install/web_video_server/include/web_video_server/multipart_stream.h
[1.823s] -- Up-to-date: /home/chen/repositorio2/Robot/src/install/web_video_server/include/web_video_server/vp9_streamer.h
[1.825s] -- Up-to-date: /home/chen/repositorio2/Robot/src/install/web_video_server/include/web_video_server/h264_streamer.h
[1.827s] -- Up-to-date: /home/chen/repositorio2/Robot/src/install/web_video_server/share/ament_index/resource_index/package_run_dependencies/web_video_server
[1.829s] -- Up-to-date: /home/chen/repositorio2/Robot/src/install/web_video_server/share/ament_index/resource_index/parent_prefix_path/web_video_server
[1.829s] -- Up-to-date: /home/chen/repositorio2/Robot/src/install/web_video_server/share/web_video_server/environment/ament_prefix_path.sh
[1.830s] -- Up-to-date: /home/chen/repositorio2/Robot/src/install/web_video_server/share/web_video_server/environment/ament_prefix_path.dsv
[1.830s] -- Up-to-date: /home/chen/repositorio2/Robot/src/install/web_video_server/share/web_video_server/environment/path.sh
[1.831s] -- Up-to-date: /home/chen/repositorio2/Robot/src/install/web_video_server/share/web_video_server/environment/path.dsv
[1.832s] -- Up-to-date: /home/chen/repositorio2/Robot/src/install/web_video_server/share/web_video_server/local_setup.bash
[1.836s] -- Up-to-date: /home/chen/repositorio2/Robot/src/install/web_video_server/share/web_video_server/local_setup.sh
[1.836s] -- Up-to-date: /home/chen/repositorio2/Robot/src/install/web_video_server/share/web_video_server/local_setup.zsh
[1.837s] -- Up-to-date: /home/chen/repositorio2/Robot/src/install/web_video_server/share/web_video_server/local_setup.dsv
[1.837s] -- Installing: /home/chen/repositorio2/Robot/src/install/web_video_server/share/web_video_server/package.dsv
[1.848s] -- Up-to-date: /home/chen/repositorio2/Robot/src/install/web_video_server/share/ament_index/resource_index/packages/web_video_server
[1.849s] -- Up-to-date: /home/chen/repositorio2/Robot/src/install/web_video_server/share/web_video_server/cmake/web_video_serverConfig.cmake
[1.850s] -- Up-to-date: /home/chen/repositorio2/Robot/src/install/web_video_server/share/web_video_server/cmake/web_video_serverConfig-version.cmake
[1.851s] -- Up-to-date: /home/chen/repositorio2/Robot/src/install/web_video_server/share/web_video_server/package.xml
[1.887s] Invoked command in '/home/chen/repositorio2/Robot/src/build/web_video_server' returned '0': CMAKE_PREFIX_PATH=/home/chen/turtlebot3_ws/install/show_msg:/home/chen/turtlebot3_ws/install/proy_nexa_show_msg:/home/chen/turtlebot3_ws/install/proy_nexa_service:/home/chen/turtlebot3_ws/install/provide_map:/home/chen/turtlebot3_ws/install/my_slam:/home/chen/turtlebot3_ws/install/my_nav2_system:/home/chen/turtlebot3_ws/install/my_first_subscriber:/home/chen/turtlebot3_ws/install/my_first_service:/home/chen/turtlebot3_ws/install/my_first_publisher:/home/chen/turtlebot3_ws/install/my_first_node:/home/chen/turtlebot3_ws/install/my_first_action:/home/chen/turtlebot3_ws/install/capture_image:/home/chen/turtlebot3_ws/install/apellido1_apellido2_ex_my_nav2_system:/home/chen/turtlebot3_ws/src/my_first_service/install/my_first_service:/opt/ros/galactic:/home/chen/repositorio2/Robot/src/install/async_web_server_cpp:${CMAKE_PREFIX_PATH} LD_LIBRARY_PATH=/home/chen/repositorio2/Robot/src/install/async_web_server_cpp/lib:${LD_LIBRARY_PATH} PKG_CONFIG_PATH=/home/chen/repositorio2/Robot/src/install/async_web_server_cpp/lib/x86_64-linux-gnu/pkgconfig:/home/chen/repositorio2/Robot/src/install/async_web_server_cpp/lib/pkgconfig ROS_PACKAGE_PATH=/home/chen/repositorio2/Robot/src/install/async_web_server_cpp/share /home/chen/.local/bin/cmake --install /home/chen/repositorio2/Robot/src/build/web_video_server
