[0.164s] Invoking command in '/home/chen/repositorio2/Robot/build/my_world': CMAKE_PREFIX_PATH=${CMAKE_PREFIX_PATH}:/home/chen/turtlebot3_ws/install/show_msg:/home/chen/turtlebot3_ws/install/proy_nexa_show_msg:/home/chen/turtlebot3_ws/install/proy_nexa_service:/home/chen/turtlebot3_ws/install/provide_map:/home/chen/turtlebot3_ws/install/my_slam:/home/chen/turtlebot3_ws/install/my_nav2_system:/home/chen/turtlebot3_ws/install/my_first_subscriber:/home/chen/turtlebot3_ws/install/my_first_service:/home/chen/turtlebot3_ws/install/my_first_publisher:/home/chen/turtlebot3_ws/install/my_first_node:/home/chen/turtlebot3_ws/install/my_first_action:/home/chen/turtlebot3_ws/src/my_first_service/install/my_first_service:/opt/ros/galactic /usr/bin/cmake /home/chen/repositorio2/Robot/src/proy_nexa/my_world -DCMAKE_INSTALL_PREFIX=/home/chen/repositorio2/Robot/install/my_world
[0.381s] -- The C compiler identification is GNU 9.4.0
[0.533s] -- The CXX compiler identification is GNU 9.4.0
[0.548s] -- Check for working C compiler: /usr/bin/cc
[0.607s] -- Check for working C compiler: /usr/bin/cc -- works
[0.610s] -- Detecting C compiler ABI info
[0.671s] -- Detecting C compiler ABI info - done
[0.679s] -- Detecting C compile features
[0.680s] -- Detecting C compile features - done
[0.684s] -- Check for working CXX compiler: /usr/bin/c++
[0.749s] -- Check for working CXX compiler: /usr/bin/c++ -- works
[0.750s] -- Detecting CXX compiler ABI info
[0.815s] -- Detecting CXX compiler ABI info - done
[0.823s] -- Detecting CXX compile features
[0.823s] -- Detecting CXX compile features - done
[0.842s] -- Found ament_cmake: 1.1.6 (/opt/ros/galactic/share/ament_cmake/cmake)
[0.875s] -- Found PythonInterp: /usr/bin/python3 (found suitable version "3.8.10", minimum required is "3") 
[0.875s] -- Using PYTHON_EXECUTABLE: /usr/bin/python3
[1.005s] -- Found PkgConfig: /usr/bin/pkg-config (found version "0.29.1") 
[1.009s] -- Checking for module 'bullet>=2.82'
[1.034s] --   Found bullet, version 2.88
[1.159s] -- Found ccd: /usr/include (found suitable version "2.0", minimum required is "2.0") 
[1.214s] -- Found fcl: /usr/include (found suitable version "0.5.0", minimum required is "0.3.2") 
[1.273s] -- Found assimp: /usr/include (found version "5.0.0") 
[1.316s] -- Found DART: /usr/include (Required is at least version "6.6") found components: dart 
[1.622s] -- Found Boost: /usr/lib/x86_64-linux-gnu/cmake/Boost-1.71.0/BoostConfig.cmake (found suitable version "1.71.0", minimum required is "1.40.0") found components: thread system filesystem program_options regex iostreams date_time 
[1.655s] -- Found Protobuf: /usr/lib/x86_64-linux-gnu/libprotobuf.so;-lpthread (found version "3.6.1") 
[1.664s] -- Looking for ignition-math6 -- found version 6.15.1
[1.679s] -- Searching for dependencies of ignition-math6
[1.684s] -- Looking for OGRE...
[1.684s] -- OGRE_PREFIX_WATCH changed.
[1.688s] -- Checking for module 'OGRE'
[1.701s] --   Found OGRE, version 1.9.0
[1.735s] -- Found Ogre Ghadamon (1.9.0)
[1.742s] -- Found OGRE: optimized;/usr/lib/x86_64-linux-gnu/libOgreMain.so;debug;/usr/lib/x86_64-linux-gnu/libOgreMain.so
[1.751s] -- Looking for OGRE_Paging...
[1.760s] -- Found OGRE_Paging: optimized;/usr/lib/x86_64-linux-gnu/libOgrePaging.so;debug;/usr/lib/x86_64-linux-gnu/libOgrePaging.so
[1.760s] -- Looking for OGRE_Terrain...
[1.766s] -- Found OGRE_Terrain: optimized;/usr/lib/x86_64-linux-gnu/libOgreTerrain.so;debug;/usr/lib/x86_64-linux-gnu/libOgreTerrain.so
[1.766s] -- Looking for OGRE_Property...
[1.772s] -- Found OGRE_Property: optimized;/usr/lib/x86_64-linux-gnu/libOgreProperty.so;debug;/usr/lib/x86_64-linux-gnu/libOgreProperty.so
[1.772s] -- Looking for OGRE_RTShaderSystem...
[1.778s] -- Found OGRE_RTShaderSystem: optimized;/usr/lib/x86_64-linux-gnu/libOgreRTShaderSystem.so;debug;/usr/lib/x86_64-linux-gnu/libOgreRTShaderSystem.so
[1.778s] -- Looking for OGRE_Volume...
[1.785s] -- Found OGRE_Volume: optimized;/usr/lib/x86_64-linux-gnu/libOgreVolume.so;debug;/usr/lib/x86_64-linux-gnu/libOgreVolume.so
[1.785s] -- Looking for OGRE_Overlay...
[1.791s] -- Found OGRE_Overlay: optimized;/usr/lib/x86_64-linux-gnu/libOgreOverlay.so;debug;/usr/lib/x86_64-linux-gnu/libOgreOverlay.so
[1.919s] -- Looking for ignition-math6 -- found version 6.15.1
[1.925s] -- Looking for ignition-transport8 -- found version 8.3.0
[1.925s] -- Searching for dependencies of ignition-transport8
[1.941s] -- Found Protobuf: /usr/lib/x86_64-linux-gnu/libprotobuf.so;-lpthread (found suitable version "3.6.1", minimum required is "3") 
[1.951s] -- Config-file not installed for ZeroMQ -- checking for pkg-config
[1.956s] -- Checking for module 'libzmq >= 4'
[1.975s] --   Found libzmq , version 4.3.2
[2.011s] -- Found ZeroMQ: TRUE (Required is at least version "4") 
[2.016s] -- Checking for module 'uuid'
[2.029s] --   Found uuid, version 2.34.0
[2.062s] -- Found UUID: TRUE  
[2.066s] -- Looking for ignition-msgs5 -- found version 5.10.0
[2.066s] -- Searching for dependencies of ignition-msgs5
[2.082s] -- Looking for ignition-math6 -- found version 6.15.1
[2.087s] -- Checking for module 'tinyxml2'
[2.101s] --   Found tinyxml2, version 6.2.0
[2.136s] -- Looking for ignition-msgs5 -- found version 5.10.0
[2.142s] -- Looking for ignition-common3 -- found version 3.14.2
[2.143s] -- Searching for dependencies of ignition-common3
[2.144s] -- Looking for dlfcn.h - found
[2.144s] -- Looking for libdl - found
[2.146s] -- Found DL: TRUE  
[2.155s] -- Searching for <ignition-common3> component [graphics]
[2.158s] -- Looking for ignition-common3-graphics -- found version 3.14.2
[2.159s] -- Searching for dependencies of ignition-common3-graphics
[2.159s] -- Looking for ignition-math6 -- found version 6.15.1
[2.164s] -- Looking for ignition-fuel_tools4 -- found version 4.6.0
[2.165s] -- Searching for dependencies of ignition-fuel_tools4
[2.235s] -- Found CURL: /usr/lib/x86_64-linux-gnu/libcurl.so (found version "7.68.0")  
[2.244s] -- Checking for module 'jsoncpp'
[2.259s] --   Found jsoncpp, version 1.7.4
[2.291s] -- Found JSONCPP: TRUE  
[2.302s] -- Checking for module 'libzip'
[2.316s] --   Found libzip, version 1.5.1
[2.348s] -- Found ZIP: TRUE  
[2.349s] -- Looking for ignition-common3 -- found version 3.14.2
[2.349s] -- Looking for ignition-math6 -- found version 6.15.1
[2.350s] -- Looking for ignition-msgs5 -- found version 5.10.0
[2.357s] -- Found gazebo_ros_pkgs: 3.5.2 (/opt/ros/galactic/share/gazebo_ros_pkgs/cmake)
[2.361s] -- Found geometry_msgs: 2.2.4 (/opt/ros/galactic/share/geometry_msgs/cmake)
[2.417s] -- Using all available rosidl_typesupport_c: rosidl_typesupport_fastrtps_c;rosidl_typesupport_introspection_c
[2.433s] -- Found rosidl_adapter: 2.2.3 (/opt/ros/galactic/share/rosidl_adapter/cmake)
[2.532s] -- Found OpenSSL: /usr/lib/x86_64-linux-gnu/libcrypto.so (found version "1.1.1f")  
[2.557s] -- Found FastRTPS: /opt/ros/galactic/include  
[2.663s] -- Using all available rosidl_typesupport_cpp: rosidl_typesupport_fastrtps_cpp;rosidl_typesupport_introspection_cpp
[2.772s] -- Found nav_msgs: 2.2.4 (/opt/ros/galactic/share/nav_msgs/cmake)
[2.839s] -- Found rclcpp: 9.2.2 (/opt/ros/galactic/share/rclcpp/cmake)
[2.936s] -- Found rmw_implementation_cmake: 3.3.1 (/opt/ros/galactic/share/rmw_implementation_cmake/cmake)
[2.945s] -- Found rmw_cyclonedds_cpp: 0.22.6 (/opt/ros/galactic/share/rmw_cyclonedds_cpp/cmake)
[2.975s] -- Using RMW implementation 'rmw_cyclonedds_cpp' as default
[2.976s] -- Found Threads: TRUE  
[3.135s] -- Found sensor_msgs: 2.2.4 (/opt/ros/galactic/share/sensor_msgs/cmake)
[3.208s] -- Found tf2: 0.17.5 (/opt/ros/galactic/share/tf2/cmake)
[3.227s] -- Found turtlebot3_gazebo: 2.2.4 (/home/chen/turtlebot3_ws/install/turtlebot3_gazebo/share/turtlebot3_gazebo/cmake)
[3.317s] -- Configuring done
[3.327s] -- Generating done
[3.327s] -- Build files have been written to: /home/chen/repositorio2/Robot/build/my_world
[3.338s] Invoked command in '/home/chen/repositorio2/Robot/build/my_world' returned '0': CMAKE_PREFIX_PATH=${CMAKE_PREFIX_PATH}:/home/chen/turtlebot3_ws/install/show_msg:/home/chen/turtlebot3_ws/install/proy_nexa_show_msg:/home/chen/turtlebot3_ws/install/proy_nexa_service:/home/chen/turtlebot3_ws/install/provide_map:/home/chen/turtlebot3_ws/install/my_slam:/home/chen/turtlebot3_ws/install/my_nav2_system:/home/chen/turtlebot3_ws/install/my_first_subscriber:/home/chen/turtlebot3_ws/install/my_first_service:/home/chen/turtlebot3_ws/install/my_first_publisher:/home/chen/turtlebot3_ws/install/my_first_node:/home/chen/turtlebot3_ws/install/my_first_action:/home/chen/turtlebot3_ws/src/my_first_service/install/my_first_service:/opt/ros/galactic /usr/bin/cmake /home/chen/repositorio2/Robot/src/proy_nexa/my_world -DCMAKE_INSTALL_PREFIX=/home/chen/repositorio2/Robot/install/my_world
[3.341s] Invoking command in '/home/chen/repositorio2/Robot/build/my_world': CMAKE_PREFIX_PATH=${CMAKE_PREFIX_PATH}:/home/chen/turtlebot3_ws/install/show_msg:/home/chen/turtlebot3_ws/install/proy_nexa_show_msg:/home/chen/turtlebot3_ws/install/proy_nexa_service:/home/chen/turtlebot3_ws/install/provide_map:/home/chen/turtlebot3_ws/install/my_slam:/home/chen/turtlebot3_ws/install/my_nav2_system:/home/chen/turtlebot3_ws/install/my_first_subscriber:/home/chen/turtlebot3_ws/install/my_first_service:/home/chen/turtlebot3_ws/install/my_first_publisher:/home/chen/turtlebot3_ws/install/my_first_node:/home/chen/turtlebot3_ws/install/my_first_action:/home/chen/turtlebot3_ws/src/my_first_service/install/my_first_service:/opt/ros/galactic /usr/bin/cmake --build /home/chen/repositorio2/Robot/build/my_world -- -j2 -l2
[3.381s] [35m[1mScanning dependencies of target turtlebot3_drive[0m
[3.630s] [ 50%] [32mBuilding CXX object CMakeFiles/turtlebot3_drive.dir/src/turtlebot3_drive.cpp.o[0m
[11.053s] [100%] [32m[1mLinking CXX executable turtlebot3_drive[0m
[11.465s] [100%] Built target turtlebot3_drive
[11.475s] Invoked command in '/home/chen/repositorio2/Robot/build/my_world' returned '0': CMAKE_PREFIX_PATH=${CMAKE_PREFIX_PATH}:/home/chen/turtlebot3_ws/install/show_msg:/home/chen/turtlebot3_ws/install/proy_nexa_show_msg:/home/chen/turtlebot3_ws/install/proy_nexa_service:/home/chen/turtlebot3_ws/install/provide_map:/home/chen/turtlebot3_ws/install/my_slam:/home/chen/turtlebot3_ws/install/my_nav2_system:/home/chen/turtlebot3_ws/install/my_first_subscriber:/home/chen/turtlebot3_ws/install/my_first_service:/home/chen/turtlebot3_ws/install/my_first_publisher:/home/chen/turtlebot3_ws/install/my_first_node:/home/chen/turtlebot3_ws/install/my_first_action:/home/chen/turtlebot3_ws/src/my_first_service/install/my_first_service:/opt/ros/galactic /usr/bin/cmake --build /home/chen/repositorio2/Robot/build/my_world -- -j2 -l2
[11.517s] Invoking command in '/home/chen/repositorio2/Robot/build/my_world': CMAKE_PREFIX_PATH=${CMAKE_PREFIX_PATH}:/home/chen/turtlebot3_ws/install/show_msg:/home/chen/turtlebot3_ws/install/proy_nexa_show_msg:/home/chen/turtlebot3_ws/install/proy_nexa_service:/home/chen/turtlebot3_ws/install/provide_map:/home/chen/turtlebot3_ws/install/my_slam:/home/chen/turtlebot3_ws/install/my_nav2_system:/home/chen/turtlebot3_ws/install/my_first_subscriber:/home/chen/turtlebot3_ws/install/my_first_service:/home/chen/turtlebot3_ws/install/my_first_publisher:/home/chen/turtlebot3_ws/install/my_first_node:/home/chen/turtlebot3_ws/install/my_first_action:/home/chen/turtlebot3_ws/src/my_first_service/install/my_first_service:/opt/ros/galactic /usr/bin/cmake --install /home/chen/repositorio2/Robot/build/my_world
[11.526s] -- Install configuration: ""
[11.526s] -- Installing: /home/chen/repositorio2/Robot/install/my_world/lib/my_world/turtlebot3_drive
[11.530s] -- Set runtime path of "/home/chen/repositorio2/Robot/install/my_world/lib/my_world/turtlebot3_drive" to ""
[11.531s] -- Installing: /home/chen/repositorio2/Robot/install/my_world/share/my_world//launch
[11.531s] -- Installing: /home/chen/repositorio2/Robot/install/my_world/share/my_world//launch/turtlebot3_my_world.launch.py
[11.531s] -- Installing: /home/chen/repositorio2/Robot/install/my_world/share/my_world//models
[11.531s] -- Installing: /home/chen/repositorio2/Robot/install/my_world/share/my_world//models/turtlebot3_burger
[11.531s] -- Installing: /home/chen/repositorio2/Robot/install/my_world/share/my_world//models/turtlebot3_burger/model.sdf
[11.532s] -- Installing: /home/chen/repositorio2/Robot/install/my_world/share/my_world//models/turtlebot3_burger/model-1_4.sdf
[11.533s] -- Installing: /home/chen/repositorio2/Robot/install/my_world/share/my_world//models/turtlebot3_burger/model.config
[11.533s] -- Installing: /home/chen/repositorio2/Robot/install/my_world/share/my_world//models/turtlebot3_burger/meshes
[11.533s] -- Installing: /home/chen/repositorio2/Robot/install/my_world/share/my_world//models/turtlebot3_burger/meshes/lds.dae
[11.535s] -- Installing: /home/chen/repositorio2/Robot/install/my_world/share/my_world//models/turtlebot3_burger/meshes/tire.dae
[11.536s] -- Installing: /home/chen/repositorio2/Robot/install/my_world/share/my_world//models/turtlebot3_burger/meshes/burger_base.dae
[11.536s] -- Installing: /home/chen/repositorio2/Robot/install/my_world/share/my_world//models/turtlebot3_burger_pi
[11.536s] -- Installing: /home/chen/repositorio2/Robot/install/my_world/share/my_world//models/turtlebot3_burger_pi/model.sdf
[11.537s] -- Installing: /home/chen/repositorio2/Robot/install/my_world/share/my_world//models/turtlebot3_burger_pi/model-1_4.sdf
[11.538s] -- Installing: /home/chen/repositorio2/Robot/install/my_world/share/my_world//models/turtlebot3_burger_pi/model.config
[11.539s] -- Installing: /home/chen/repositorio2/Robot/install/my_world/share/my_world//models/turtlebot3_burger_pi/meshes
[11.539s] -- Installing: /home/chen/repositorio2/Robot/install/my_world/share/my_world//models/turtlebot3_burger_pi/meshes/lds.dae
[11.540s] -- Installing: /home/chen/repositorio2/Robot/install/my_world/share/my_world//models/turtlebot3_burger_pi/meshes/tire.dae
[11.541s] -- Installing: /home/chen/repositorio2/Robot/install/my_world/share/my_world//models/turtlebot3_burger_pi/meshes/burger_base.dae
[11.541s] -- Installing: /home/chen/repositorio2/Robot/install/my_world/share/my_world//models/cpr_agriculture
[11.541s] -- Installing: /home/chen/repositorio2/Robot/install/my_world/share/my_world//models/cpr_agriculture/model.sdf
[11.542s] -- Installing: /home/chen/repositorio2/Robot/install/my_world/share/my_world//models/cpr_agriculture/model.config
[11.542s] -- Installing: /home/chen/repositorio2/Robot/install/my_world/share/my_world//models/cpr_agriculture/meshes
[11.543s] -- Installing: /home/chen/repositorio2/Robot/install/my_world/share/my_world//models/cpr_agriculture/meshes/agriculture_world.dae
[11.553s] -- Installing: /home/chen/repositorio2/Robot/install/my_world/share/my_world//models/cpr_agriculture/materials
[11.553s] -- Installing: /home/chen/repositorio2/Robot/install/my_world/share/my_world//models/cpr_agriculture/materials/textures
[11.553s] -- Installing: /home/chen/repositorio2/Robot/install/my_world/share/my_world//models/cpr_agriculture/materials/textures/AgriBakeLarge.jpg
[11.616s] -- Installing: /home/chen/repositorio2/Robot/install/my_world/share/my_world//models/cpr_agriculture/materials/textures/SolarPanelsPolycrystallineTypeBFramedClean001_COL_3K.jpg
[11.659s] -- Installing: /home/chen/repositorio2/Robot/install/my_world/share/my_world//models/cpr_agriculture/materials/textures/WoodPlanksWornWhite33_COL_VAR1_3K.jpg
[11.666s] -- Installing: /home/chen/repositorio2/Robot/install/my_world/share/my_world//models/cpr_agriculture/materials/textures/WoodPlanksWorn33_COL_VAR1_3K.jpg
[11.675s] -- Installing: /home/chen/repositorio2/Robot/install/my_world/share/my_world//models/cpr_agriculture/materials/textures/WoodPlanksWornRed33_COL_VAR1_3K.jpg
[11.688s] -- Installing: /home/chen/repositorio2/Robot/install/my_world/share/my_world//models/cpr_agriculture/materials/textures/MetalCorrugatedIronSheet002_METALNESS_3K_METALNESS.jpg
[11.691s] -- Installing: /home/chen/repositorio2/Robot/install/my_world/share/my_world//models/monkey
[11.692s] -- Installing: /home/chen/repositorio2/Robot/install/my_world/share/my_world//models/monkey/model.sdf
[11.692s] -- Installing: /home/chen/repositorio2/Robot/install/my_world/share/my_world//models/monkey/model.config
[11.692s] -- Installing: /home/chen/repositorio2/Robot/install/my_world/share/my_world//models/monkey/meshes
[11.692s] -- Installing: /home/chen/repositorio2/Robot/install/my_world/share/my_world//models/monkey/meshes/monkey.dae
[11.733s] -- Installing: /home/chen/repositorio2/Robot/install/my_world/share/my_world//models/lion
[11.734s] -- Installing: /home/chen/repositorio2/Robot/install/my_world/share/my_world//models/lion/model.sdf
[11.734s] -- Installing: /home/chen/repositorio2/Robot/install/my_world/share/my_world//models/lion/model.config
[11.734s] -- Installing: /home/chen/repositorio2/Robot/install/my_world/share/my_world//models/lion/meshes
[11.734s] -- Installing: /home/chen/repositorio2/Robot/install/my_world/share/my_world//models/lion/meshes/lion.dae
[11.766s] -- Installing: /home/chen/repositorio2/Robot/install/my_world/share/my_world//models/my_world
[11.766s] -- Installing: /home/chen/repositorio2/Robot/install/my_world/share/my_world//models/my_world/model.sdf
[11.766s] -- Installing: /home/chen/repositorio2/Robot/install/my_world/share/my_world//models/my_world/model.config
[11.767s] -- Installing: /home/chen/repositorio2/Robot/install/my_world/share/my_world//models/girafe
[11.768s] -- Installing: /home/chen/repositorio2/Robot/install/my_world/share/my_world//models/girafe/model.sdf
[11.768s] -- Installing: /home/chen/repositorio2/Robot/install/my_world/share/my_world//models/girafe/model.config
[11.769s] -- Installing: /home/chen/repositorio2/Robot/install/my_world/share/my_world//models/girafe/meshes
[11.769s] -- Installing: /home/chen/repositorio2/Robot/install/my_world/share/my_world//models/girafe/meshes/Giraffe.dae
[11.830s] -- Installing: /home/chen/repositorio2/Robot/install/my_world/share/my_world//world
[11.830s] -- Installing: /home/chen/repositorio2/Robot/install/my_world/share/my_world//world/burger.model
[11.830s] -- Installing: /home/chen/repositorio2/Robot/install/my_world/share/my_world//world/agriculture.world
[11.831s] -- Installing: /home/chen/repositorio2/Robot/install/my_world/share/my_world//world/burger_pi.model
[11.831s] -- Installing: /home/chen/repositorio2/Robot/install/my_world/share/my_world//urdf
[11.831s] -- Installing: /home/chen/repositorio2/Robot/install/my_world/share/my_world//urdf/turtlebot3_burger_pi.urdf
[11.832s] -- Installing: /home/chen/repositorio2/Robot/install/my_world/share/my_world//urdf/turtlebot3_burger.urdf
[11.833s] CMake Error at cmake_install.cmake:70 (file):
[11.833s]   file INSTALL cannot find
[11.833s]   "/home/chen/repositorio2/Robot/src/proy_nexa/my_world/include": No such
[11.833s]   file or directory.
[11.833s] 
[11.833s] 
[11.835s] Invoked command in '/home/chen/repositorio2/Robot/build/my_world' returned '1': CMAKE_PREFIX_PATH=${CMAKE_PREFIX_PATH}:/home/chen/turtlebot3_ws/install/show_msg:/home/chen/turtlebot3_ws/install/proy_nexa_show_msg:/home/chen/turtlebot3_ws/install/proy_nexa_service:/home/chen/turtlebot3_ws/install/provide_map:/home/chen/turtlebot3_ws/install/my_slam:/home/chen/turtlebot3_ws/install/my_nav2_system:/home/chen/turtlebot3_ws/install/my_first_subscriber:/home/chen/turtlebot3_ws/install/my_first_service:/home/chen/turtlebot3_ws/install/my_first_publisher:/home/chen/turtlebot3_ws/install/my_first_node:/home/chen/turtlebot3_ws/install/my_first_action:/home/chen/turtlebot3_ws/src/my_first_service/install/my_first_service:/opt/ros/galactic /usr/bin/cmake --install /home/chen/repositorio2/Robot/build/my_world
