[1.142s] Invoking command in '/home/chen/repositorio2/Robot/src/proy_nexa/proy_nexa_my_slam': PYTHONPATH=/home/chen/repositorio2/Robot/build/proy_nexa_my_slam/prefix_override:/home/chen/repositorio2/Robot/install/proy_nexa_my_slam/lib/python3.8/site-packages:${PYTHONPATH} /usr/bin/python3 setup.py egg_info --egg-base ../../../build/proy_nexa_my_slam build --build-base /home/chen/repositorio2/Robot/build/proy_nexa_my_slam/build install --record /home/chen/repositorio2/Robot/build/proy_nexa_my_slam/install.log --single-version-externally-managed
[1.312s] running egg_info
[1.313s] writing ../../../build/proy_nexa_my_slam/proy_nexa_my_slam.egg-info/PKG-INFO
[1.314s] writing dependency_links to ../../../build/proy_nexa_my_slam/proy_nexa_my_slam.egg-info/dependency_links.txt
[1.315s] writing entry points to ../../../build/proy_nexa_my_slam/proy_nexa_my_slam.egg-info/entry_points.txt
[1.316s] writing requirements to ../../../build/proy_nexa_my_slam/proy_nexa_my_slam.egg-info/requires.txt
[1.316s] writing top-level names to ../../../build/proy_nexa_my_slam/proy_nexa_my_slam.egg-info/top_level.txt
[1.342s] reading manifest file '../../../build/proy_nexa_my_slam/proy_nexa_my_slam.egg-info/SOURCES.txt'
[1.344s] writing manifest file '../../../build/proy_nexa_my_slam/proy_nexa_my_slam.egg-info/SOURCES.txt'
[1.344s] running build
[1.344s] running build_py
[1.345s] running install
[1.346s] running install_lib
[1.347s] running install_data
[1.348s] running install_egg_info
[1.349s] removing '/home/chen/repositorio2/Robot/install/proy_nexa_my_slam/lib/python3.8/site-packages/proy_nexa_my_slam-0.0.0-py3.8.egg-info' (and everything under it)
[1.350s] Copying ../../../build/proy_nexa_my_slam/proy_nexa_my_slam.egg-info to /home/chen/repositorio2/Robot/install/proy_nexa_my_slam/lib/python3.8/site-packages/proy_nexa_my_slam-0.0.0-py3.8.egg-info
[1.351s] running install_scripts
[1.366s] writing list of installed files to '/home/chen/repositorio2/Robot/build/proy_nexa_my_slam/install.log'
[1.695s] Invoked command in '/home/chen/repositorio2/Robot/src/proy_nexa/proy_nexa_my_slam' returned '0': PYTHONPATH=/home/chen/repositorio2/Robot/build/proy_nexa_my_slam/prefix_override:/home/chen/repositorio2/Robot/install/proy_nexa_my_slam/lib/python3.8/site-packages:${PYTHONPATH} /usr/bin/python3 setup.py egg_info --egg-base ../../../build/proy_nexa_my_slam build --build-base /home/chen/repositorio2/Robot/build/proy_nexa_my_slam/build install --record /home/chen/repositorio2/Robot/build/proy_nexa_my_slam/install.log --single-version-externally-managed
