running egg_info
creating ../../../build/proy_nexa_show_msg/proy_nexa_show_msg.egg-info
writing ../../../build/proy_nexa_show_msg/proy_nexa_show_msg.egg-info/PKG-INFO
writing dependency_links to ../../../build/proy_nexa_show_msg/proy_nexa_show_msg.egg-info/dependency_links.txt
writing entry points to ../../../build/proy_nexa_show_msg/proy_nexa_show_msg.egg-info/entry_points.txt
writing requirements to ../../../build/proy_nexa_show_msg/proy_nexa_show_msg.egg-info/requires.txt
writing top-level names to ../../../build/proy_nexa_show_msg/proy_nexa_show_msg.egg-info/top_level.txt
writing manifest file '../../../build/proy_nexa_show_msg/proy_nexa_show_msg.egg-info/SOURCES.txt'
reading manifest file '../../../build/proy_nexa_show_msg/proy_nexa_show_msg.egg-info/SOURCES.txt'
writing manifest file '../../../build/proy_nexa_show_msg/proy_nexa_show_msg.egg-info/SOURCES.txt'
running build
running build_py
creating /home/chen/repositorio2/Robot/build/proy_nexa_show_msg/build
creating /home/chen/repositorio2/Robot/build/proy_nexa_show_msg/build/lib
creating /home/chen/repositorio2/Robot/build/proy_nexa_show_msg/build/lib/proy_nexa_show_msg
copying proy_nexa_show_msg/proy_nexa_show_msg.py -> /home/chen/repositorio2/Robot/build/proy_nexa_show_msg/build/lib/proy_nexa_show_msg
copying proy_nexa_show_msg/__init__.py -> /home/chen/repositorio2/Robot/build/proy_nexa_show_msg/build/lib/proy_nexa_show_msg
copying proy_nexa_show_msg/proy_nexa_show_msg_param.py -> /home/chen/repositorio2/Robot/build/proy_nexa_show_msg/build/lib/proy_nexa_show_msg
running install
running install_lib
creating /home/chen/repositorio2/Robot/install/proy_nexa_show_msg/lib/python3.8/site-packages/proy_nexa_show_msg
copying /home/chen/repositorio2/Robot/build/proy_nexa_show_msg/build/lib/proy_nexa_show_msg/proy_nexa_show_msg.py -> /home/chen/repositorio2/Robot/install/proy_nexa_show_msg/lib/python3.8/site-packages/proy_nexa_show_msg
copying /home/chen/repositorio2/Robot/build/proy_nexa_show_msg/build/lib/proy_nexa_show_msg/__init__.py -> /home/chen/repositorio2/Robot/install/proy_nexa_show_msg/lib/python3.8/site-packages/proy_nexa_show_msg
copying /home/chen/repositorio2/Robot/build/proy_nexa_show_msg/build/lib/proy_nexa_show_msg/proy_nexa_show_msg_param.py -> /home/chen/repositorio2/Robot/install/proy_nexa_show_msg/lib/python3.8/site-packages/proy_nexa_show_msg
byte-compiling /home/chen/repositorio2/Robot/install/proy_nexa_show_msg/lib/python3.8/site-packages/proy_nexa_show_msg/proy_nexa_show_msg.py to proy_nexa_show_msg.cpython-38.pyc
byte-compiling /home/chen/repositorio2/Robot/install/proy_nexa_show_msg/lib/python3.8/site-packages/proy_nexa_show_msg/__init__.py to __init__.cpython-38.pyc
byte-compiling /home/chen/repositorio2/Robot/install/proy_nexa_show_msg/lib/python3.8/site-packages/proy_nexa_show_msg/proy_nexa_show_msg_param.py to proy_nexa_show_msg_param.cpython-38.pyc
running install_data
creating /home/chen/repositorio2/Robot/install/proy_nexa_show_msg/share/ament_index
creating /home/chen/repositorio2/Robot/install/proy_nexa_show_msg/share/ament_index/resource_index
creating /home/chen/repositorio2/Robot/install/proy_nexa_show_msg/share/ament_index/resource_index/packages
copying resource/proy_nexa_show_msg -> /home/chen/repositorio2/Robot/install/proy_nexa_show_msg/share/ament_index/resource_index/packages
copying package.xml -> /home/chen/repositorio2/Robot/install/proy_nexa_show_msg/share/proy_nexa_show_msg
copying launch/proy_nexa_show_msg_param.launch.py -> /home/chen/repositorio2/Robot/install/proy_nexa_show_msg/share/proy_nexa_show_msg
copying launch/proy_nexa_show_msg.launch.py -> /home/chen/repositorio2/Robot/install/proy_nexa_show_msg/share/proy_nexa_show_msg
running install_egg_info
Copying ../../../build/proy_nexa_show_msg/proy_nexa_show_msg.egg-info to /home/chen/repositorio2/Robot/install/proy_nexa_show_msg/lib/python3.8/site-packages/proy_nexa_show_msg-0.0.0-py3.8.egg-info
running install_scripts
Installing proy_nexa_show_msg script to /home/chen/repositorio2/Robot/install/proy_nexa_show_msg/lib/proy_nexa_show_msg
Installing proy_nexa_show_msg_param script to /home/chen/repositorio2/Robot/install/proy_nexa_show_msg/lib/proy_nexa_show_msg
writing list of installed files to '/home/chen/repositorio2/Robot/build/proy_nexa_show_msg/install.log'
