[1.067s] Invoking command in '/home/chen/repositorio2/Robot/src/proy_nexa/proy_nexa_show_msg': PYTHONPATH=/home/chen/repositorio2/Robot/build/proy_nexa_show_msg/prefix_override:/home/chen/repositorio2/Robot/install/proy_nexa_show_msg/lib/python3.8/site-packages:${PYTHONPATH} /usr/bin/python3 setup.py egg_info --egg-base ../../../build/proy_nexa_show_msg build --build-base /home/chen/repositorio2/Robot/build/proy_nexa_show_msg/build install --record /home/chen/repositorio2/Robot/build/proy_nexa_show_msg/install.log --single-version-externally-managed
[1.274s] running egg_info
[1.274s] creating ../../../build/proy_nexa_show_msg/proy_nexa_show_msg.egg-info
[1.275s] writing ../../../build/proy_nexa_show_msg/proy_nexa_show_msg.egg-info/PKG-INFO
[1.275s] writing dependency_links to ../../../build/proy_nexa_show_msg/proy_nexa_show_msg.egg-info/dependency_links.txt
[1.275s] writing entry points to ../../../build/proy_nexa_show_msg/proy_nexa_show_msg.egg-info/entry_points.txt
[1.276s] writing requirements to ../../../build/proy_nexa_show_msg/proy_nexa_show_msg.egg-info/requires.txt
[1.276s] writing top-level names to ../../../build/proy_nexa_show_msg/proy_nexa_show_msg.egg-info/top_level.txt
[1.280s] writing manifest file '../../../build/proy_nexa_show_msg/proy_nexa_show_msg.egg-info/SOURCES.txt'
[1.304s] reading manifest file '../../../build/proy_nexa_show_msg/proy_nexa_show_msg.egg-info/SOURCES.txt'
[1.305s] writing manifest file '../../../build/proy_nexa_show_msg/proy_nexa_show_msg.egg-info/SOURCES.txt'
[1.305s] running build
[1.306s] running build_py
[1.306s] creating /home/chen/repositorio2/Robot/build/proy_nexa_show_msg/build
[1.306s] creating /home/chen/repositorio2/Robot/build/proy_nexa_show_msg/build/lib
[1.306s] creating /home/chen/repositorio2/Robot/build/proy_nexa_show_msg/build/lib/proy_nexa_show_msg
[1.306s] copying proy_nexa_show_msg/proy_nexa_show_msg.py -> /home/chen/repositorio2/Robot/build/proy_nexa_show_msg/build/lib/proy_nexa_show_msg
[1.307s] copying proy_nexa_show_msg/__init__.py -> /home/chen/repositorio2/Robot/build/proy_nexa_show_msg/build/lib/proy_nexa_show_msg
[1.307s] copying proy_nexa_show_msg/proy_nexa_show_msg_param.py -> /home/chen/repositorio2/Robot/build/proy_nexa_show_msg/build/lib/proy_nexa_show_msg
[1.307s] running install
[1.308s] running install_lib
[1.309s] creating /home/chen/repositorio2/Robot/install/proy_nexa_show_msg/lib/python3.8/site-packages/proy_nexa_show_msg
[1.309s] copying /home/chen/repositorio2/Robot/build/proy_nexa_show_msg/build/lib/proy_nexa_show_msg/proy_nexa_show_msg.py -> /home/chen/repositorio2/Robot/install/proy_nexa_show_msg/lib/python3.8/site-packages/proy_nexa_show_msg
[1.309s] copying /home/chen/repositorio2/Robot/build/proy_nexa_show_msg/build/lib/proy_nexa_show_msg/__init__.py -> /home/chen/repositorio2/Robot/install/proy_nexa_show_msg/lib/python3.8/site-packages/proy_nexa_show_msg
[1.309s] copying /home/chen/repositorio2/Robot/build/proy_nexa_show_msg/build/lib/proy_nexa_show_msg/proy_nexa_show_msg_param.py -> /home/chen/repositorio2/Robot/install/proy_nexa_show_msg/lib/python3.8/site-packages/proy_nexa_show_msg
[1.310s] byte-compiling /home/chen/repositorio2/Robot/install/proy_nexa_show_msg/lib/python3.8/site-packages/proy_nexa_show_msg/proy_nexa_show_msg.py to proy_nexa_show_msg.cpython-38.pyc
[1.311s] byte-compiling /home/chen/repositorio2/Robot/install/proy_nexa_show_msg/lib/python3.8/site-packages/proy_nexa_show_msg/__init__.py to __init__.cpython-38.pyc
[1.311s] byte-compiling /home/chen/repositorio2/Robot/install/proy_nexa_show_msg/lib/python3.8/site-packages/proy_nexa_show_msg/proy_nexa_show_msg_param.py to proy_nexa_show_msg_param.cpython-38.pyc
[1.312s] running install_data
[1.312s] creating /home/chen/repositorio2/Robot/install/proy_nexa_show_msg/share/ament_index
[1.312s] creating /home/chen/repositorio2/Robot/install/proy_nexa_show_msg/share/ament_index/resource_index
[1.312s] creating /home/chen/repositorio2/Robot/install/proy_nexa_show_msg/share/ament_index/resource_index/packages
[1.312s] copying resource/proy_nexa_show_msg -> /home/chen/repositorio2/Robot/install/proy_nexa_show_msg/share/ament_index/resource_index/packages
[1.313s] copying package.xml -> /home/chen/repositorio2/Robot/install/proy_nexa_show_msg/share/proy_nexa_show_msg
[1.313s] copying launch/proy_nexa_show_msg_param.launch.py -> /home/chen/repositorio2/Robot/install/proy_nexa_show_msg/share/proy_nexa_show_msg
[1.313s] copying launch/proy_nexa_show_msg.launch.py -> /home/chen/repositorio2/Robot/install/proy_nexa_show_msg/share/proy_nexa_show_msg
[1.313s] running install_egg_info
[1.315s] Copying ../../../build/proy_nexa_show_msg/proy_nexa_show_msg.egg-info to /home/chen/repositorio2/Robot/install/proy_nexa_show_msg/lib/python3.8/site-packages/proy_nexa_show_msg-0.0.0-py3.8.egg-info
[1.315s] running install_scripts
[1.329s] Installing proy_nexa_show_msg script to /home/chen/repositorio2/Robot/install/proy_nexa_show_msg/lib/proy_nexa_show_msg
[1.330s] Installing proy_nexa_show_msg_param script to /home/chen/repositorio2/Robot/install/proy_nexa_show_msg/lib/proy_nexa_show_msg
[1.330s] writing list of installed files to '/home/chen/repositorio2/Robot/build/proy_nexa_show_msg/install.log'
[1.350s] Invoked command in '/home/chen/repositorio2/Robot/src/proy_nexa/proy_nexa_show_msg' returned '0': PYTHONPATH=/home/chen/repositorio2/Robot/build/proy_nexa_show_msg/prefix_override:/home/chen/repositorio2/Robot/install/proy_nexa_show_msg/lib/python3.8/site-packages:${PYTHONPATH} /usr/bin/python3 setup.py egg_info --egg-base ../../../build/proy_nexa_show_msg build --build-base /home/chen/repositorio2/Robot/build/proy_nexa_show_msg/build install --record /home/chen/repositorio2/Robot/build/proy_nexa_show_msg/install.log --single-version-externally-managed
