[3.006s] DEBUG:colcon:Command line arguments: ['/usr/bin/colcon', 'build', '--packages-select', 'proy_nexa_provide_map']
[3.007s] DEBUG:colcon:Parsed command line arguments: Namespace(allow_overriding=[], ament_cmake_args=None, base_paths=['.'], build_base='build', catkin_cmake_args=None, catkin_skip_building_tests=False, cmake_args=None, cmake_clean_cache=False, cmake_clean_first=False, cmake_force_configure=False, cmake_target=None, cmake_target_skip_unavailable=False, continue_on_error=False, event_handlers=None, executor='parallel', ignore_user_meta=False, install_base='install', log_base=None, log_level=None, main=<bound method BuildVerb.main of <colcon_core.verb.build.BuildVerb object at 0x7f9a7566b220>>, merge_install=False, metas=['./colcon.meta'], packages_above=None, packages_above_and_dependencies=None, packages_above_depth=None, packages_end=None, packages_ignore=None, packages_ignore_regex=None, packages_select=['proy_nexa_provide_map'], packages_select_build_failed=False, packages_select_by_dep=None, packages_select_regex=None, packages_select_test_failures=False, packages_skip=None, packages_skip_build_finished=False, packages_skip_by_dep=None, packages_skip_regex=None, packages_skip_test_passed=False, packages_skip_up_to=None, packages_start=None, packages_up_to=None, packages_up_to_regex=None, parallel_workers=2, paths=None, symlink_install=False, test_result_base=None, verb_extension=<colcon_core.verb.build.BuildVerb object at 0x7f9a7566b220>, verb_name='build', verb_parser=<colcon_defaults.argument_parser.defaults.DefaultArgumentsDecorator object at 0x7f9a75265280>)
[3.205s] Level 1:colcon.colcon_core.package_discovery:discover_packages(colcon_meta) check parameters
[3.206s] Level 1:colcon.colcon_core.package_discovery:discover_packages(recursive) check parameters
[3.206s] Level 1:colcon.colcon_core.package_discovery:discover_packages(ignore) check parameters
[3.206s] Level 1:colcon.colcon_core.package_discovery:discover_packages(path) check parameters
[3.206s] Level 1:colcon.colcon_core.package_discovery:discover_packages(colcon_meta) discover
[3.206s] Level 1:colcon.colcon_core.package_discovery:discover_packages(recursive) discover
[3.206s] INFO:colcon.colcon_core.package_discovery:Crawling recursively for packages in '/home/chen/repositorio2/Robot'
[3.206s] Level 1:colcon.colcon_core.package_identification:_identify(.) by extensions ['ignore', 'ignore_ament_install']
[3.206s] Level 1:colcon.colcon_core.package_identification:_identify(.) by extension 'ignore'
[3.206s] Level 1:colcon.colcon_core.package_identification:_identify(.) by extension 'ignore_ament_install'
[3.206s] Level 1:colcon.colcon_core.package_identification:_identify(.) by extensions ['colcon_pkg']
[3.206s] Level 1:colcon.colcon_core.package_identification:_identify(.) by extension 'colcon_pkg'
[3.206s] Level 1:colcon.colcon_core.package_identification:_identify(.) by extensions ['colcon_meta']
[3.206s] Level 1:colcon.colcon_core.package_identification:_identify(.) by extension 'colcon_meta'
[3.206s] Level 1:colcon.colcon_core.package_identification:_identify(.) by extensions ['ros']
[3.206s] Level 1:colcon.colcon_core.package_identification:_identify(.) by extension 'ros'
[3.229s] Level 1:colcon.colcon_core.package_identification:_identify(.) by extensions ['cmake', 'python']
[3.229s] Level 1:colcon.colcon_core.package_identification:_identify(.) by extension 'cmake'
[3.229s] Level 1:colcon.colcon_core.package_identification:_identify(.) by extension 'python'
[3.229s] Level 1:colcon.colcon_core.package_identification:_identify(.) by extensions ['python_setup_py']
[3.229s] Level 1:colcon.colcon_core.package_identification:_identify(.) by extension 'python_setup_py'
[3.229s] Level 1:colcon.colcon_core.package_identification:_identify(build) by extensions ['ignore', 'ignore_ament_install']
[3.230s] Level 1:colcon.colcon_core.package_identification:_identify(build) by extension 'ignore'
[3.230s] Level 1:colcon.colcon_core.package_identification:_identify(build) ignored
[3.230s] Level 1:colcon.colcon_core.package_identification:_identify(install) by extensions ['ignore', 'ignore_ament_install']
[3.230s] Level 1:colcon.colcon_core.package_identification:_identify(install) by extension 'ignore'
[3.230s] Level 1:colcon.colcon_core.package_identification:_identify(install) ignored
[3.230s] Level 1:colcon.colcon_core.package_identification:_identify(log) by extensions ['ignore', 'ignore_ament_install']
[3.230s] Level 1:colcon.colcon_core.package_identification:_identify(log) by extension 'ignore'
[3.230s] Level 1:colcon.colcon_core.package_identification:_identify(log) ignored
[3.230s] Level 1:colcon.colcon_core.package_identification:_identify(src) by extensions ['ignore', 'ignore_ament_install']
[3.230s] Level 1:colcon.colcon_core.package_identification:_identify(src) by extension 'ignore'
[3.230s] Level 1:colcon.colcon_core.package_identification:_identify(src) by extension 'ignore_ament_install'
[3.230s] Level 1:colcon.colcon_core.package_identification:_identify(src) by extensions ['colcon_pkg']
[3.230s] Level 1:colcon.colcon_core.package_identification:_identify(src) by extension 'colcon_pkg'
[3.230s] Level 1:colcon.colcon_core.package_identification:_identify(src) by extensions ['colcon_meta']
[3.230s] Level 1:colcon.colcon_core.package_identification:_identify(src) by extension 'colcon_meta'
[3.230s] Level 1:colcon.colcon_core.package_identification:_identify(src) by extensions ['ros']
[3.230s] Level 1:colcon.colcon_core.package_identification:_identify(src) by extension 'ros'
[3.230s] Level 1:colcon.colcon_core.package_identification:_identify(src) by extensions ['cmake', 'python']
[3.230s] Level 1:colcon.colcon_core.package_identification:_identify(src) by extension 'cmake'
[3.230s] Level 1:colcon.colcon_core.package_identification:_identify(src) by extension 'python'
[3.230s] Level 1:colcon.colcon_core.package_identification:_identify(src) by extensions ['python_setup_py']
[3.231s] Level 1:colcon.colcon_core.package_identification:_identify(src) by extension 'python_setup_py'
[3.231s] Level 1:colcon.colcon_core.package_identification:_identify(src/proy_nexa) by extensions ['ignore', 'ignore_ament_install']
[3.231s] Level 1:colcon.colcon_core.package_identification:_identify(src/proy_nexa) by extension 'ignore'
[3.231s] Level 1:colcon.colcon_core.package_identification:_identify(src/proy_nexa) by extension 'ignore_ament_install'
[3.231s] Level 1:colcon.colcon_core.package_identification:_identify(src/proy_nexa) by extensions ['colcon_pkg']
[3.231s] Level 1:colcon.colcon_core.package_identification:_identify(src/proy_nexa) by extension 'colcon_pkg'
[3.231s] Level 1:colcon.colcon_core.package_identification:_identify(src/proy_nexa) by extensions ['colcon_meta']
[3.231s] Level 1:colcon.colcon_core.package_identification:_identify(src/proy_nexa) by extension 'colcon_meta'
[3.231s] Level 1:colcon.colcon_core.package_identification:_identify(src/proy_nexa) by extensions ['ros']
[3.231s] Level 1:colcon.colcon_core.package_identification:_identify(src/proy_nexa) by extension 'ros'
[3.231s] Level 1:colcon.colcon_core.package_identification:_identify(src/proy_nexa) by extensions ['cmake', 'python']
[3.231s] Level 1:colcon.colcon_core.package_identification:_identify(src/proy_nexa) by extension 'cmake'
[3.231s] Level 1:colcon.colcon_core.package_identification:_identify(src/proy_nexa) by extension 'python'
[3.231s] Level 1:colcon.colcon_core.package_identification:_identify(src/proy_nexa) by extensions ['python_setup_py']
[3.231s] Level 1:colcon.colcon_core.package_identification:_identify(src/proy_nexa) by extension 'python_setup_py'
[3.231s] Level 1:colcon.colcon_core.package_identification:_identify(src/proy_nexa/my_world) by extensions ['ignore', 'ignore_ament_install']
[3.231s] Level 1:colcon.colcon_core.package_identification:_identify(src/proy_nexa/my_world) by extension 'ignore'
[3.231s] Level 1:colcon.colcon_core.package_identification:_identify(src/proy_nexa/my_world) by extension 'ignore_ament_install'
[3.231s] Level 1:colcon.colcon_core.package_identification:_identify(src/proy_nexa/my_world) by extensions ['colcon_pkg']
[3.231s] Level 1:colcon.colcon_core.package_identification:_identify(src/proy_nexa/my_world) by extension 'colcon_pkg'
[3.231s] Level 1:colcon.colcon_core.package_identification:_identify(src/proy_nexa/my_world) by extensions ['colcon_meta']
[3.231s] Level 1:colcon.colcon_core.package_identification:_identify(src/proy_nexa/my_world) by extension 'colcon_meta'
[3.231s] Level 1:colcon.colcon_core.package_identification:_identify(src/proy_nexa/my_world) by extensions ['ros']
[3.231s] Level 1:colcon.colcon_core.package_identification:_identify(src/proy_nexa/my_world) by extension 'ros'
[3.240s] DEBUG:colcon.colcon_core.package_identification:Package 'src/proy_nexa/my_world' with type 'ros.ament_cmake' and name 'my_world'
[3.241s] Level 1:colcon.colcon_core.package_identification:_identify(src/proy_nexa/proy_nexa) by extensions ['ignore', 'ignore_ament_install']
[3.241s] Level 1:colcon.colcon_core.package_identification:_identify(src/proy_nexa/proy_nexa) by extension 'ignore'
[3.241s] Level 1:colcon.colcon_core.package_identification:_identify(src/proy_nexa/proy_nexa) by extension 'ignore_ament_install'
[3.241s] Level 1:colcon.colcon_core.package_identification:_identify(src/proy_nexa/proy_nexa) by extensions ['colcon_pkg']
[3.241s] Level 1:colcon.colcon_core.package_identification:_identify(src/proy_nexa/proy_nexa) by extension 'colcon_pkg'
[3.241s] Level 1:colcon.colcon_core.package_identification:_identify(src/proy_nexa/proy_nexa) by extensions ['colcon_meta']
[3.241s] Level 1:colcon.colcon_core.package_identification:_identify(src/proy_nexa/proy_nexa) by extension 'colcon_meta'
[3.241s] Level 1:colcon.colcon_core.package_identification:_identify(src/proy_nexa/proy_nexa) by extensions ['ros']
[3.241s] Level 1:colcon.colcon_core.package_identification:_identify(src/proy_nexa/proy_nexa) by extension 'ros'
[3.243s] DEBUG:colcon.colcon_core.package_identification:Package 'src/proy_nexa/proy_nexa' with type 'ros.ament_cmake' and name 'proy_nexa'
[3.243s] Level 1:colcon.colcon_core.package_identification:_identify(src/proy_nexa/proy_nexa_interface) by extensions ['ignore', 'ignore_ament_install']
[3.243s] Level 1:colcon.colcon_core.package_identification:_identify(src/proy_nexa/proy_nexa_interface) by extension 'ignore'
[3.243s] Level 1:colcon.colcon_core.package_identification:_identify(src/proy_nexa/proy_nexa_interface) by extension 'ignore_ament_install'
[3.243s] Level 1:colcon.colcon_core.package_identification:_identify(src/proy_nexa/proy_nexa_interface) by extensions ['colcon_pkg']
[3.243s] Level 1:colcon.colcon_core.package_identification:_identify(src/proy_nexa/proy_nexa_interface) by extension 'colcon_pkg'
[3.243s] Level 1:colcon.colcon_core.package_identification:_identify(src/proy_nexa/proy_nexa_interface) by extensions ['colcon_meta']
[3.243s] Level 1:colcon.colcon_core.package_identification:_identify(src/proy_nexa/proy_nexa_interface) by extension 'colcon_meta'
[3.243s] Level 1:colcon.colcon_core.package_identification:_identify(src/proy_nexa/proy_nexa_interface) by extensions ['ros']
[3.243s] Level 1:colcon.colcon_core.package_identification:_identify(src/proy_nexa/proy_nexa_interface) by extension 'ros'
[3.245s] DEBUG:colcon.colcon_core.package_identification:Package 'src/proy_nexa/proy_nexa_interface' with type 'ros.ament_cmake' and name 'proy_nexa_interface'
[3.245s] Level 1:colcon.colcon_core.package_identification:_identify(src/proy_nexa/proy_nexa_my_slam) by extensions ['ignore', 'ignore_ament_install']
[3.245s] Level 1:colcon.colcon_core.package_identification:_identify(src/proy_nexa/proy_nexa_my_slam) by extension 'ignore'
[3.245s] Level 1:colcon.colcon_core.package_identification:_identify(src/proy_nexa/proy_nexa_my_slam) by extension 'ignore_ament_install'
[3.245s] Level 1:colcon.colcon_core.package_identification:_identify(src/proy_nexa/proy_nexa_my_slam) by extensions ['colcon_pkg']
[3.245s] Level 1:colcon.colcon_core.package_identification:_identify(src/proy_nexa/proy_nexa_my_slam) by extension 'colcon_pkg'
[3.245s] Level 1:colcon.colcon_core.package_identification:_identify(src/proy_nexa/proy_nexa_my_slam) by extensions ['colcon_meta']
[3.245s] Level 1:colcon.colcon_core.package_identification:_identify(src/proy_nexa/proy_nexa_my_slam) by extension 'colcon_meta'
[3.246s] Level 1:colcon.colcon_core.package_identification:_identify(src/proy_nexa/proy_nexa_my_slam) by extensions ['ros']
[3.246s] Level 1:colcon.colcon_core.package_identification:_identify(src/proy_nexa/proy_nexa_my_slam) by extension 'ros'
[3.247s] DEBUG:colcon.colcon_core.package_identification:Package 'src/proy_nexa/proy_nexa_my_slam' with type 'ros.ament_python' and name 'proy_nexa_my_slam'
[3.247s] Level 1:colcon.colcon_core.package_identification:_identify(src/proy_nexa/proy_nexa_provide_map) by extensions ['ignore', 'ignore_ament_install']
[3.247s] Level 1:colcon.colcon_core.package_identification:_identify(src/proy_nexa/proy_nexa_provide_map) by extension 'ignore'
[3.247s] Level 1:colcon.colcon_core.package_identification:_identify(src/proy_nexa/proy_nexa_provide_map) by extension 'ignore_ament_install'
[3.247s] Level 1:colcon.colcon_core.package_identification:_identify(src/proy_nexa/proy_nexa_provide_map) by extensions ['colcon_pkg']
[3.247s] Level 1:colcon.colcon_core.package_identification:_identify(src/proy_nexa/proy_nexa_provide_map) by extension 'colcon_pkg'
[3.247s] Level 1:colcon.colcon_core.package_identification:_identify(src/proy_nexa/proy_nexa_provide_map) by extensions ['colcon_meta']
[3.247s] Level 1:colcon.colcon_core.package_identification:_identify(src/proy_nexa/proy_nexa_provide_map) by extension 'colcon_meta'
[3.247s] Level 1:colcon.colcon_core.package_identification:_identify(src/proy_nexa/proy_nexa_provide_map) by extensions ['ros']
[3.247s] Level 1:colcon.colcon_core.package_identification:_identify(src/proy_nexa/proy_nexa_provide_map) by extension 'ros'
[3.249s] DEBUG:colcon.colcon_core.package_identification:Package 'src/proy_nexa/proy_nexa_provide_map' with type 'ros.ament_python' and name 'proy_nexa_provide_map'
[3.249s] Level 1:colcon.colcon_core.package_identification:_identify(src/proy_nexa/proy_nexa_service) by extensions ['ignore', 'ignore_ament_install']
[3.249s] Level 1:colcon.colcon_core.package_identification:_identify(src/proy_nexa/proy_nexa_service) by extension 'ignore'
[3.250s] Level 1:colcon.colcon_core.package_identification:_identify(src/proy_nexa/proy_nexa_service) by extension 'ignore_ament_install'
[3.250s] Level 1:colcon.colcon_core.package_identification:_identify(src/proy_nexa/proy_nexa_service) by extensions ['colcon_pkg']
[3.250s] Level 1:colcon.colcon_core.package_identification:_identify(src/proy_nexa/proy_nexa_service) by extension 'colcon_pkg'
[3.250s] Level 1:colcon.colcon_core.package_identification:_identify(src/proy_nexa/proy_nexa_service) by extensions ['colcon_meta']
[3.250s] Level 1:colcon.colcon_core.package_identification:_identify(src/proy_nexa/proy_nexa_service) by extension 'colcon_meta'
[3.250s] Level 1:colcon.colcon_core.package_identification:_identify(src/proy_nexa/proy_nexa_service) by extensions ['ros']
[3.250s] Level 1:colcon.colcon_core.package_identification:_identify(src/proy_nexa/proy_nexa_service) by extension 'ros'
[3.251s] DEBUG:colcon.colcon_core.package_identification:Package 'src/proy_nexa/proy_nexa_service' with type 'ros.ament_python' and name 'proy_nexa_service'
[3.252s] Level 1:colcon.colcon_core.package_identification:_identify(src/proy_nexa/proy_nexa_show_msg) by extensions ['ignore', 'ignore_ament_install']
[3.252s] Level 1:colcon.colcon_core.package_identification:_identify(src/proy_nexa/proy_nexa_show_msg) by extension 'ignore'
[3.252s] Level 1:colcon.colcon_core.package_identification:_identify(src/proy_nexa/proy_nexa_show_msg) by extension 'ignore_ament_install'
[3.252s] Level 1:colcon.colcon_core.package_identification:_identify(src/proy_nexa/proy_nexa_show_msg) by extensions ['colcon_pkg']
[3.252s] Level 1:colcon.colcon_core.package_identification:_identify(src/proy_nexa/proy_nexa_show_msg) by extension 'colcon_pkg'
[3.252s] Level 1:colcon.colcon_core.package_identification:_identify(src/proy_nexa/proy_nexa_show_msg) by extensions ['colcon_meta']
[3.252s] Level 1:colcon.colcon_core.package_identification:_identify(src/proy_nexa/proy_nexa_show_msg) by extension 'colcon_meta'
[3.252s] Level 1:colcon.colcon_core.package_identification:_identify(src/proy_nexa/proy_nexa_show_msg) by extensions ['ros']
[3.252s] Level 1:colcon.colcon_core.package_identification:_identify(src/proy_nexa/proy_nexa_show_msg) by extension 'ros'
[3.254s] DEBUG:colcon.colcon_core.package_identification:Package 'src/proy_nexa/proy_nexa_show_msg' with type 'ros.ament_python' and name 'proy_nexa_show_msg'
[3.254s] Level 1:colcon.colcon_core.package_discovery:discover_packages(recursive) using defaults
[3.254s] Level 1:colcon.colcon_core.package_discovery:discover_packages(ignore) discover
[3.254s] Level 1:colcon.colcon_core.package_discovery:discover_packages(ignore) using defaults
[3.254s] Level 1:colcon.colcon_core.package_discovery:discover_packages(path) discover
[3.254s] Level 1:colcon.colcon_core.package_discovery:discover_packages(path) using defaults
[3.406s] INFO:colcon.colcon_core.package_selection:Skipping not selected package 'my_world' in 'src/proy_nexa/my_world'
[3.406s] INFO:colcon.colcon_core.package_selection:Skipping not selected package 'proy_nexa_interface' in 'src/proy_nexa/proy_nexa_interface'
[3.406s] INFO:colcon.colcon_core.package_selection:Skipping not selected package 'proy_nexa_my_slam' in 'src/proy_nexa/proy_nexa_my_slam'
[3.406s] INFO:colcon.colcon_core.package_selection:Skipping not selected package 'proy_nexa_show_msg' in 'src/proy_nexa/proy_nexa_show_msg'
[3.406s] INFO:colcon.colcon_core.package_selection:Skipping not selected package 'proy_nexa_service' in 'src/proy_nexa/proy_nexa_service'
[3.406s] INFO:colcon.colcon_core.package_selection:Skipping not selected package 'proy_nexa' in 'src/proy_nexa/proy_nexa'
[3.473s] Level 1:colcon.colcon_core.package_discovery:discover_packages(prefix_path) check parameters
[3.473s] Level 1:colcon.colcon_core.package_discovery:discover_packages(prefix_path) discover
[3.551s] DEBUG:colcon.colcon_installed_package_information.package_discovery:Found 18 installed packages in /home/chen/turtlebot3_ws/install
[3.581s] DEBUG:colcon.colcon_installed_package_information.package_discovery:Found 1 installed packages in /home/chen/turtlebot3_ws/src/my_first_service/install
[3.614s] DEBUG:colcon.colcon_installed_package_information.package_discovery:Found 336 installed packages in /opt/ros/galactic
[3.615s] Level 1:colcon.colcon_core.package_discovery:discover_packages(prefix_path) using defaults
[3.921s] Level 5:colcon.colcon_core.verb:set package 'proy_nexa_provide_map' build argument 'cmake_args' from command line to 'None'
[3.921s] Level 5:colcon.colcon_core.verb:set package 'proy_nexa_provide_map' build argument 'cmake_target' from command line to 'None'
[3.921s] Level 5:colcon.colcon_core.verb:set package 'proy_nexa_provide_map' build argument 'cmake_target_skip_unavailable' from command line to 'False'
[3.921s] Level 5:colcon.colcon_core.verb:set package 'proy_nexa_provide_map' build argument 'cmake_clean_cache' from command line to 'False'
[3.921s] Level 5:colcon.colcon_core.verb:set package 'proy_nexa_provide_map' build argument 'cmake_clean_first' from command line to 'False'
[3.921s] Level 5:colcon.colcon_core.verb:set package 'proy_nexa_provide_map' build argument 'cmake_force_configure' from command line to 'False'
[3.921s] Level 5:colcon.colcon_core.verb:set package 'proy_nexa_provide_map' build argument 'ament_cmake_args' from command line to 'None'
[3.921s] Level 5:colcon.colcon_core.verb:set package 'proy_nexa_provide_map' build argument 'catkin_cmake_args' from command line to 'None'
[3.921s] Level 5:colcon.colcon_core.verb:set package 'proy_nexa_provide_map' build argument 'catkin_skip_building_tests' from command line to 'False'
[3.921s] DEBUG:colcon.colcon_core.verb:Building package 'proy_nexa_provide_map' with the following arguments: {'ament_cmake_args': None, 'build_base': '/home/chen/repositorio2/Robot/build/proy_nexa_provide_map', 'catkin_cmake_args': None, 'catkin_skip_building_tests': False, 'cmake_args': None, 'cmake_clean_cache': False, 'cmake_clean_first': False, 'cmake_force_configure': False, 'cmake_target': None, 'cmake_target_skip_unavailable': False, 'install_base': '/home/chen/repositorio2/Robot/install/proy_nexa_provide_map', 'merge_install': False, 'path': '/home/chen/repositorio2/Robot/src/proy_nexa/proy_nexa_provide_map', 'symlink_install': False, 'test_result_base': None}
[3.953s] INFO:colcon.colcon_core.executor:Executing jobs using 'parallel' executor
[3.986s] DEBUG:colcon.colcon_parallel_executor.executor.parallel:run_until_complete
[3.987s] INFO:colcon.colcon_ros.task.ament_python.build:Building ROS package in '/home/chen/repositorio2/Robot/src/proy_nexa/proy_nexa_provide_map' with build type 'ament_python'
[3.987s] Level 1:colcon.colcon_core.shell:create_environment_hook('proy_nexa_provide_map', 'ament_prefix_path')
[4.045s] INFO:colcon.colcon_core.plugin_system:Skipping extension 'colcon_core.shell.bat': Not used on non-Windows systems
[4.045s] INFO:colcon.colcon_core.shell:Creating environment hook '/home/chen/repositorio2/Robot/install/proy_nexa_provide_map/share/proy_nexa_provide_map/hook/ament_prefix_path.ps1'
[4.049s] INFO:colcon.colcon_core.shell:Creating environment descriptor '/home/chen/repositorio2/Robot/install/proy_nexa_provide_map/share/proy_nexa_provide_map/hook/ament_prefix_path.dsv'
[4.050s] INFO:colcon.colcon_core.shell:Creating environment hook '/home/chen/repositorio2/Robot/install/proy_nexa_provide_map/share/proy_nexa_provide_map/hook/ament_prefix_path.sh'
[4.082s] INFO:colcon.colcon_core.shell:Skip shell extension 'powershell' for command environment: Not usable outside of PowerShell
[4.083s] DEBUG:colcon.colcon_core.shell:Skip shell extension 'dsv' for command environment
[4.459s] INFO:colcon.colcon_core.task.python.build:Building Python package in '/home/chen/repositorio2/Robot/src/proy_nexa/proy_nexa_provide_map'
[4.490s] INFO:colcon.colcon_core.shell:Skip shell extension 'powershell' for command environment: Not usable outside of PowerShell
[4.490s] DEBUG:colcon.colcon_core.shell:Skip shell extension 'dsv' for command environment
[5.204s] DEBUG:colcon.colcon_core.event_handler.log_command:Invoking command in '/home/chen/repositorio2/Robot/src/proy_nexa/proy_nexa_provide_map': PYTHONPATH=/home/chen/repositorio2/Robot/build/proy_nexa_provide_map/prefix_override:/home/chen/repositorio2/Robot/install/proy_nexa_provide_map/lib/python3.8/site-packages:${PYTHONPATH} /usr/bin/python3 setup.py egg_info --egg-base ../../../build/proy_nexa_provide_map build --build-base /home/chen/repositorio2/Robot/build/proy_nexa_provide_map/build install --record /home/chen/repositorio2/Robot/build/proy_nexa_provide_map/install.log --single-version-externally-managed
[5.492s] DEBUG:colcon.colcon_core.event_handler.log_command:Invoked command in '/home/chen/repositorio2/Robot/src/proy_nexa/proy_nexa_provide_map' returned '0': PYTHONPATH=/home/chen/repositorio2/Robot/build/proy_nexa_provide_map/prefix_override:/home/chen/repositorio2/Robot/install/proy_nexa_provide_map/lib/python3.8/site-packages:${PYTHONPATH} /usr/bin/python3 setup.py egg_info --egg-base ../../../build/proy_nexa_provide_map build --build-base /home/chen/repositorio2/Robot/build/proy_nexa_provide_map/build install --record /home/chen/repositorio2/Robot/build/proy_nexa_provide_map/install.log --single-version-externally-managed
[5.550s] Level 1:colcon.colcon_core.environment:checking '/home/chen/repositorio2/Robot/install/proy_nexa_provide_map' for CMake module files
[5.550s] Level 1:colcon.colcon_core.environment:checking '/home/chen/repositorio2/Robot/install/proy_nexa_provide_map' for CMake config files
[5.552s] Level 1:colcon.colcon_core.environment:checking '/home/chen/repositorio2/Robot/install/proy_nexa_provide_map/lib'
[5.552s] Level 1:colcon.colcon_core.environment:checking '/home/chen/repositorio2/Robot/install/proy_nexa_provide_map/bin'
[5.552s] Level 1:colcon.colcon_core.environment:checking '/home/chen/repositorio2/Robot/install/proy_nexa_provide_map/lib/pkgconfig/proy_nexa_provide_map.pc'
[5.552s] Level 1:colcon.colcon_core.environment:checking '/home/chen/repositorio2/Robot/install/proy_nexa_provide_map/lib/python3.8/site-packages'
[5.552s] Level 1:colcon.colcon_core.shell:create_environment_hook('proy_nexa_provide_map', 'pythonpath')
[5.584s] INFO:colcon.colcon_core.shell:Creating environment hook '/home/chen/repositorio2/Robot/install/proy_nexa_provide_map/share/proy_nexa_provide_map/hook/pythonpath.ps1'
[5.585s] INFO:colcon.colcon_core.shell:Creating environment descriptor '/home/chen/repositorio2/Robot/install/proy_nexa_provide_map/share/proy_nexa_provide_map/hook/pythonpath.dsv'
[5.585s] INFO:colcon.colcon_core.shell:Creating environment hook '/home/chen/repositorio2/Robot/install/proy_nexa_provide_map/share/proy_nexa_provide_map/hook/pythonpath.sh'
[5.586s] Level 1:colcon.colcon_core.environment:checking '/home/chen/repositorio2/Robot/install/proy_nexa_provide_map/bin'
[5.586s] Level 1:colcon.colcon_core.environment:create_environment_scripts_only(proy_nexa_provide_map)
[5.630s] INFO:colcon.colcon_core.shell:Creating package script '/home/chen/repositorio2/Robot/install/proy_nexa_provide_map/share/proy_nexa_provide_map/package.ps1'
[5.633s] INFO:colcon.colcon_core.shell:Creating package descriptor '/home/chen/repositorio2/Robot/install/proy_nexa_provide_map/share/proy_nexa_provide_map/package.dsv'
[5.634s] INFO:colcon.colcon_core.shell:Creating package script '/home/chen/repositorio2/Robot/install/proy_nexa_provide_map/share/proy_nexa_provide_map/package.sh'
[5.636s] INFO:colcon.colcon_core.shell:Creating package script '/home/chen/repositorio2/Robot/install/proy_nexa_provide_map/share/proy_nexa_provide_map/package.bash'
[5.638s] INFO:colcon.colcon_core.shell:Creating package script '/home/chen/repositorio2/Robot/install/proy_nexa_provide_map/share/proy_nexa_provide_map/package.zsh'
[5.641s] Level 1:colcon.colcon_core.environment:create_file_with_runtime_dependencies(/home/chen/repositorio2/Robot/install/proy_nexa_provide_map/share/colcon-core/packages/proy_nexa_provide_map)
[5.641s] DEBUG:colcon.colcon_parallel_executor.executor.parallel:closing loop
[5.641s] DEBUG:colcon.colcon_parallel_executor.executor.parallel:loop closed
[5.642s] DEBUG:colcon.colcon_parallel_executor.executor.parallel:run_until_complete finished with '0'
[5.642s] DEBUG:colcon.colcon_core.event_reactor:joining thread
[5.685s] INFO:colcon.colcon_core.plugin_system:Skipping extension 'colcon_notification.desktop_notification.terminal_notifier': Not used on non-Darwin systems
[5.686s] INFO:colcon.colcon_core.plugin_system:Skipping extension 'colcon_notification.desktop_notification.win32': Not used on non-Windows systems
[5.686s] INFO:colcon.colcon_notification.desktop_notification:Sending desktop notification using 'notify2'
[5.708s] DEBUG:colcon.colcon_core.event_reactor:joined thread
[5.744s] INFO:colcon.colcon_core.shell:Creating prefix script '/home/chen/repositorio2/Robot/install/local_setup.ps1'
[5.746s] INFO:colcon.colcon_core.shell:Creating prefix util module '/home/chen/repositorio2/Robot/install/_local_setup_util_ps1.py'
[5.749s] INFO:colcon.colcon_core.shell:Creating prefix chain script '/home/chen/repositorio2/Robot/install/setup.ps1'
[5.784s] INFO:colcon.colcon_core.shell:Creating prefix script '/home/chen/repositorio2/Robot/install/local_setup.sh'
[5.785s] INFO:colcon.colcon_core.shell:Creating prefix util module '/home/chen/repositorio2/Robot/install/_local_setup_util_sh.py'
[5.786s] INFO:colcon.colcon_core.shell:Creating prefix chain script '/home/chen/repositorio2/Robot/install/setup.sh'
[5.821s] INFO:colcon.colcon_core.shell:Creating prefix script '/home/chen/repositorio2/Robot/install/local_setup.bash'
[5.822s] INFO:colcon.colcon_core.shell:Creating prefix chain script '/home/chen/repositorio2/Robot/install/setup.bash'
[5.855s] INFO:colcon.colcon_core.shell:Creating prefix script '/home/chen/repositorio2/Robot/install/local_setup.zsh'
[5.857s] INFO:colcon.colcon_core.shell:Creating prefix chain script '/home/chen/repositorio2/Robot/install/setup.zsh'
