[1.814s] DEBUG:colcon:Command line arguments: ['/usr/bin/colcon', 'build', '--packages-select', 'my_world']
[1.814s] DEBUG:colcon:Parsed command line arguments: Namespace(allow_overriding=[], ament_cmake_args=None, base_paths=['.'], build_base='build', catkin_cmake_args=None, catkin_skip_building_tests=False, cmake_args=None, cmake_clean_cache=False, cmake_clean_first=False, cmake_force_configure=False, cmake_target=None, cmake_target_skip_unavailable=False, continue_on_error=False, event_handlers=None, executor='parallel', ignore_user_meta=False, install_base='install', log_base=None, log_level=None, main=<bound method BuildVerb.main of <colcon_core.verb.build.BuildVerb object at 0x7f2985fb7970>>, merge_install=False, metas=['./colcon.meta'], packages_above=None, packages_above_and_dependencies=None, packages_above_depth=None, packages_end=None, packages_ignore=None, packages_ignore_regex=None, packages_select=['my_world'], packages_select_build_failed=False, packages_select_by_dep=None, packages_select_regex=None, packages_select_test_failures=False, packages_skip=None, packages_skip_build_finished=False, packages_skip_by_dep=None, packages_skip_regex=None, packages_skip_test_passed=False, packages_skip_up_to=None, packages_start=None, packages_up_to=None, packages_up_to_regex=None, parallel_workers=2, paths=None, symlink_install=False, test_result_base=None, verb_extension=<colcon_core.verb.build.BuildVerb object at 0x7f2985fb7970>, verb_name='build', verb_parser=<colcon_defaults.argument_parser.defaults.DefaultArgumentsDecorator object at 0x7f2985bf3820>)
[1.932s] Level 1:colcon.colcon_core.package_discovery:discover_packages(colcon_meta) check parameters
[1.932s] Level 1:colcon.colcon_core.package_discovery:discover_packages(recursive) check parameters
[1.932s] Level 1:colcon.colcon_core.package_discovery:discover_packages(ignore) check parameters
[1.932s] Level 1:colcon.colcon_core.package_discovery:discover_packages(path) check parameters
[1.932s] Level 1:colcon.colcon_core.package_discovery:discover_packages(colcon_meta) discover
[1.932s] Level 1:colcon.colcon_core.package_discovery:discover_packages(recursive) discover
[1.932s] INFO:colcon.colcon_core.package_discovery:Crawling recursively for packages in '/home/chen/repositorio2/Robot'
[1.932s] Level 1:colcon.colcon_core.package_identification:_identify(.) by extensions ['ignore', 'ignore_ament_install']
[1.933s] Level 1:colcon.colcon_core.package_identification:_identify(.) by extension 'ignore'
[1.933s] Level 1:colcon.colcon_core.package_identification:_identify(.) by extension 'ignore_ament_install'
[1.933s] Level 1:colcon.colcon_core.package_identification:_identify(.) by extensions ['colcon_pkg']
[1.933s] Level 1:colcon.colcon_core.package_identification:_identify(.) by extension 'colcon_pkg'
[1.933s] Level 1:colcon.colcon_core.package_identification:_identify(.) by extensions ['colcon_meta']
[1.933s] Level 1:colcon.colcon_core.package_identification:_identify(.) by extension 'colcon_meta'
[1.933s] Level 1:colcon.colcon_core.package_identification:_identify(.) by extensions ['ros']
[1.933s] Level 1:colcon.colcon_core.package_identification:_identify(.) by extension 'ros'
[1.945s] Level 1:colcon.colcon_core.package_identification:_identify(.) by extensions ['cmake', 'python']
[1.945s] Level 1:colcon.colcon_core.package_identification:_identify(.) by extension 'cmake'
[1.945s] Level 1:colcon.colcon_core.package_identification:_identify(.) by extension 'python'
[1.946s] Level 1:colcon.colcon_core.package_identification:_identify(.) by extensions ['python_setup_py']
[1.946s] Level 1:colcon.colcon_core.package_identification:_identify(.) by extension 'python_setup_py'
[1.946s] Level 1:colcon.colcon_core.package_identification:_identify(build) by extensions ['ignore', 'ignore_ament_install']
[1.946s] Level 1:colcon.colcon_core.package_identification:_identify(build) by extension 'ignore'
[1.946s] Level 1:colcon.colcon_core.package_identification:_identify(build) ignored
[1.946s] Level 1:colcon.colcon_core.package_identification:_identify(install) by extensions ['ignore', 'ignore_ament_install']
[1.946s] Level 1:colcon.colcon_core.package_identification:_identify(install) by extension 'ignore'
[1.946s] Level 1:colcon.colcon_core.package_identification:_identify(install) ignored
[1.946s] Level 1:colcon.colcon_core.package_identification:_identify(log) by extensions ['ignore', 'ignore_ament_install']
[1.946s] Level 1:colcon.colcon_core.package_identification:_identify(log) by extension 'ignore'
[1.946s] Level 1:colcon.colcon_core.package_identification:_identify(log) ignored
[1.946s] Level 1:colcon.colcon_core.package_identification:_identify(src) by extensions ['ignore', 'ignore_ament_install']
[1.946s] Level 1:colcon.colcon_core.package_identification:_identify(src) by extension 'ignore'
[1.946s] Level 1:colcon.colcon_core.package_identification:_identify(src) by extension 'ignore_ament_install'
[1.946s] Level 1:colcon.colcon_core.package_identification:_identify(src) by extensions ['colcon_pkg']
[1.946s] Level 1:colcon.colcon_core.package_identification:_identify(src) by extension 'colcon_pkg'
[1.946s] Level 1:colcon.colcon_core.package_identification:_identify(src) by extensions ['colcon_meta']
[1.946s] Level 1:colcon.colcon_core.package_identification:_identify(src) by extension 'colcon_meta'
[1.946s] Level 1:colcon.colcon_core.package_identification:_identify(src) by extensions ['ros']
[1.946s] Level 1:colcon.colcon_core.package_identification:_identify(src) by extension 'ros'
[1.946s] Level 1:colcon.colcon_core.package_identification:_identify(src) by extensions ['cmake', 'python']
[1.946s] Level 1:colcon.colcon_core.package_identification:_identify(src) by extension 'cmake'
[1.946s] Level 1:colcon.colcon_core.package_identification:_identify(src) by extension 'python'
[1.947s] Level 1:colcon.colcon_core.package_identification:_identify(src) by extensions ['python_setup_py']
[1.947s] Level 1:colcon.colcon_core.package_identification:_identify(src) by extension 'python_setup_py'
[1.947s] Level 1:colcon.colcon_core.package_identification:_identify(src/proy_nexa) by extensions ['ignore', 'ignore_ament_install']
[1.947s] Level 1:colcon.colcon_core.package_identification:_identify(src/proy_nexa) by extension 'ignore'
[1.947s] Level 1:colcon.colcon_core.package_identification:_identify(src/proy_nexa) by extension 'ignore_ament_install'
[1.947s] Level 1:colcon.colcon_core.package_identification:_identify(src/proy_nexa) by extensions ['colcon_pkg']
[1.947s] Level 1:colcon.colcon_core.package_identification:_identify(src/proy_nexa) by extension 'colcon_pkg'
[1.947s] Level 1:colcon.colcon_core.package_identification:_identify(src/proy_nexa) by extensions ['colcon_meta']
[1.947s] Level 1:colcon.colcon_core.package_identification:_identify(src/proy_nexa) by extension 'colcon_meta'
[1.947s] Level 1:colcon.colcon_core.package_identification:_identify(src/proy_nexa) by extensions ['ros']
[1.947s] Level 1:colcon.colcon_core.package_identification:_identify(src/proy_nexa) by extension 'ros'
[1.947s] Level 1:colcon.colcon_core.package_identification:_identify(src/proy_nexa) by extensions ['cmake', 'python']
[1.947s] Level 1:colcon.colcon_core.package_identification:_identify(src/proy_nexa) by extension 'cmake'
[1.947s] Level 1:colcon.colcon_core.package_identification:_identify(src/proy_nexa) by extension 'python'
[1.947s] Level 1:colcon.colcon_core.package_identification:_identify(src/proy_nexa) by extensions ['python_setup_py']
[1.947s] Level 1:colcon.colcon_core.package_identification:_identify(src/proy_nexa) by extension 'python_setup_py'
[1.947s] Level 1:colcon.colcon_core.package_identification:_identify(src/proy_nexa/my_world) by extensions ['ignore', 'ignore_ament_install']
[1.947s] Level 1:colcon.colcon_core.package_identification:_identify(src/proy_nexa/my_world) by extension 'ignore'
[1.947s] Level 1:colcon.colcon_core.package_identification:_identify(src/proy_nexa/my_world) by extension 'ignore_ament_install'
[1.947s] Level 1:colcon.colcon_core.package_identification:_identify(src/proy_nexa/my_world) by extensions ['colcon_pkg']
[1.947s] Level 1:colcon.colcon_core.package_identification:_identify(src/proy_nexa/my_world) by extension 'colcon_pkg'
[1.947s] Level 1:colcon.colcon_core.package_identification:_identify(src/proy_nexa/my_world) by extensions ['colcon_meta']
[1.947s] Level 1:colcon.colcon_core.package_identification:_identify(src/proy_nexa/my_world) by extension 'colcon_meta'
[1.947s] Level 1:colcon.colcon_core.package_identification:_identify(src/proy_nexa/my_world) by extensions ['ros']
[1.947s] Level 1:colcon.colcon_core.package_identification:_identify(src/proy_nexa/my_world) by extension 'ros'
[1.952s] DEBUG:colcon.colcon_core.package_identification:Package 'src/proy_nexa/my_world' with type 'ros.ament_cmake' and name 'my_world'
[1.952s] Level 1:colcon.colcon_core.package_identification:_identify(src/proy_nexa/proy_nexa) by extensions ['ignore', 'ignore_ament_install']
[1.952s] Level 1:colcon.colcon_core.package_identification:_identify(src/proy_nexa/proy_nexa) by extension 'ignore'
[1.952s] Level 1:colcon.colcon_core.package_identification:_identify(src/proy_nexa/proy_nexa) by extension 'ignore_ament_install'
[1.952s] Level 1:colcon.colcon_core.package_identification:_identify(src/proy_nexa/proy_nexa) by extensions ['colcon_pkg']
[1.952s] Level 1:colcon.colcon_core.package_identification:_identify(src/proy_nexa/proy_nexa) by extension 'colcon_pkg'
[1.952s] Level 1:colcon.colcon_core.package_identification:_identify(src/proy_nexa/proy_nexa) by extensions ['colcon_meta']
[1.952s] Level 1:colcon.colcon_core.package_identification:_identify(src/proy_nexa/proy_nexa) by extension 'colcon_meta'
[1.952s] Level 1:colcon.colcon_core.package_identification:_identify(src/proy_nexa/proy_nexa) by extensions ['ros']
[1.952s] Level 1:colcon.colcon_core.package_identification:_identify(src/proy_nexa/proy_nexa) by extension 'ros'
[1.953s] DEBUG:colcon.colcon_core.package_identification:Package 'src/proy_nexa/proy_nexa' with type 'ros.ament_cmake' and name 'proy_nexa'
[1.953s] Level 1:colcon.colcon_core.package_identification:_identify(src/proy_nexa/proy_nexa_interface) by extensions ['ignore', 'ignore_ament_install']
[1.953s] Level 1:colcon.colcon_core.package_identification:_identify(src/proy_nexa/proy_nexa_interface) by extension 'ignore'
[1.953s] Level 1:colcon.colcon_core.package_identification:_identify(src/proy_nexa/proy_nexa_interface) by extension 'ignore_ament_install'
[1.953s] Level 1:colcon.colcon_core.package_identification:_identify(src/proy_nexa/proy_nexa_interface) by extensions ['colcon_pkg']
[1.953s] Level 1:colcon.colcon_core.package_identification:_identify(src/proy_nexa/proy_nexa_interface) by extension 'colcon_pkg'
[1.953s] Level 1:colcon.colcon_core.package_identification:_identify(src/proy_nexa/proy_nexa_interface) by extensions ['colcon_meta']
[1.953s] Level 1:colcon.colcon_core.package_identification:_identify(src/proy_nexa/proy_nexa_interface) by extension 'colcon_meta'
[1.953s] Level 1:colcon.colcon_core.package_identification:_identify(src/proy_nexa/proy_nexa_interface) by extensions ['ros']
[1.953s] Level 1:colcon.colcon_core.package_identification:_identify(src/proy_nexa/proy_nexa_interface) by extension 'ros'
[1.954s] DEBUG:colcon.colcon_core.package_identification:Package 'src/proy_nexa/proy_nexa_interface' with type 'ros.ament_cmake' and name 'proy_nexa_interface'
[1.954s] Level 1:colcon.colcon_core.package_identification:_identify(src/proy_nexa/proy_nexa_service) by extensions ['ignore', 'ignore_ament_install']
[1.955s] Level 1:colcon.colcon_core.package_identification:_identify(src/proy_nexa/proy_nexa_service) by extension 'ignore'
[1.955s] Level 1:colcon.colcon_core.package_identification:_identify(src/proy_nexa/proy_nexa_service) by extension 'ignore_ament_install'
[1.955s] Level 1:colcon.colcon_core.package_identification:_identify(src/proy_nexa/proy_nexa_service) by extensions ['colcon_pkg']
[1.955s] Level 1:colcon.colcon_core.package_identification:_identify(src/proy_nexa/proy_nexa_service) by extension 'colcon_pkg'
[1.955s] Level 1:colcon.colcon_core.package_identification:_identify(src/proy_nexa/proy_nexa_service) by extensions ['colcon_meta']
[1.955s] Level 1:colcon.colcon_core.package_identification:_identify(src/proy_nexa/proy_nexa_service) by extension 'colcon_meta'
[1.955s] Level 1:colcon.colcon_core.package_identification:_identify(src/proy_nexa/proy_nexa_service) by extensions ['ros']
[1.955s] Level 1:colcon.colcon_core.package_identification:_identify(src/proy_nexa/proy_nexa_service) by extension 'ros'
[1.956s] DEBUG:colcon.colcon_core.package_identification:Package 'src/proy_nexa/proy_nexa_service' with type 'ros.ament_python' and name 'proy_nexa_service'
[1.956s] Level 1:colcon.colcon_core.package_identification:_identify(src/proy_nexa/proy_nexa_show_msg) by extensions ['ignore', 'ignore_ament_install']
[1.956s] Level 1:colcon.colcon_core.package_identification:_identify(src/proy_nexa/proy_nexa_show_msg) by extension 'ignore'
[1.956s] Level 1:colcon.colcon_core.package_identification:_identify(src/proy_nexa/proy_nexa_show_msg) by extension 'ignore_ament_install'
[1.956s] Level 1:colcon.colcon_core.package_identification:_identify(src/proy_nexa/proy_nexa_show_msg) by extensions ['colcon_pkg']
[1.956s] Level 1:colcon.colcon_core.package_identification:_identify(src/proy_nexa/proy_nexa_show_msg) by extension 'colcon_pkg'
[1.956s] Level 1:colcon.colcon_core.package_identification:_identify(src/proy_nexa/proy_nexa_show_msg) by extensions ['colcon_meta']
[1.956s] Level 1:colcon.colcon_core.package_identification:_identify(src/proy_nexa/proy_nexa_show_msg) by extension 'colcon_meta'
[1.956s] Level 1:colcon.colcon_core.package_identification:_identify(src/proy_nexa/proy_nexa_show_msg) by extensions ['ros']
[1.956s] Level 1:colcon.colcon_core.package_identification:_identify(src/proy_nexa/proy_nexa_show_msg) by extension 'ros'
[1.957s] DEBUG:colcon.colcon_core.package_identification:Package 'src/proy_nexa/proy_nexa_show_msg' with type 'ros.ament_python' and name 'proy_nexa_show_msg'
[1.957s] Level 1:colcon.colcon_core.package_discovery:discover_packages(recursive) using defaults
[1.957s] Level 1:colcon.colcon_core.package_discovery:discover_packages(ignore) discover
[1.957s] Level 1:colcon.colcon_core.package_discovery:discover_packages(ignore) using defaults
[1.957s] Level 1:colcon.colcon_core.package_discovery:discover_packages(path) discover
[1.957s] Level 1:colcon.colcon_core.package_discovery:discover_packages(path) using defaults
[2.064s] INFO:colcon.colcon_core.package_selection:Skipping not selected package 'proy_nexa_interface' in 'src/proy_nexa/proy_nexa_interface'
[2.064s] INFO:colcon.colcon_core.package_selection:Skipping not selected package 'proy_nexa_show_msg' in 'src/proy_nexa/proy_nexa_show_msg'
[2.064s] INFO:colcon.colcon_core.package_selection:Skipping not selected package 'proy_nexa_service' in 'src/proy_nexa/proy_nexa_service'
[2.064s] INFO:colcon.colcon_core.package_selection:Skipping not selected package 'proy_nexa' in 'src/proy_nexa/proy_nexa'
[2.123s] Level 1:colcon.colcon_core.package_discovery:discover_packages(prefix_path) check parameters
[2.123s] Level 1:colcon.colcon_core.package_discovery:discover_packages(prefix_path) discover
[2.190s] DEBUG:colcon.colcon_installed_package_information.package_discovery:Found 18 installed packages in /home/chen/turtlebot3_ws/install
[2.220s] DEBUG:colcon.colcon_installed_package_information.package_discovery:Found 1 installed packages in /home/chen/turtlebot3_ws/src/my_first_service/install
[2.249s] DEBUG:colcon.colcon_installed_package_information.package_discovery:Found 336 installed packages in /opt/ros/galactic
[2.251s] Level 1:colcon.colcon_core.package_discovery:discover_packages(prefix_path) using defaults
[2.441s] Level 5:colcon.colcon_core.verb:set package 'my_world' build argument 'cmake_args' from command line to 'None'
[2.442s] Level 5:colcon.colcon_core.verb:set package 'my_world' build argument 'cmake_target' from command line to 'None'
[2.442s] Level 5:colcon.colcon_core.verb:set package 'my_world' build argument 'cmake_target_skip_unavailable' from command line to 'False'
[2.442s] Level 5:colcon.colcon_core.verb:set package 'my_world' build argument 'cmake_clean_cache' from command line to 'False'
[2.442s] Level 5:colcon.colcon_core.verb:set package 'my_world' build argument 'cmake_clean_first' from command line to 'False'
[2.442s] Level 5:colcon.colcon_core.verb:set package 'my_world' build argument 'cmake_force_configure' from command line to 'False'
[2.442s] Level 5:colcon.colcon_core.verb:set package 'my_world' build argument 'ament_cmake_args' from command line to 'None'
[2.442s] Level 5:colcon.colcon_core.verb:set package 'my_world' build argument 'catkin_cmake_args' from command line to 'None'
[2.442s] Level 5:colcon.colcon_core.verb:set package 'my_world' build argument 'catkin_skip_building_tests' from command line to 'False'
[2.442s] DEBUG:colcon.colcon_core.verb:Building package 'my_world' with the following arguments: {'ament_cmake_args': None, 'build_base': '/home/chen/repositorio2/Robot/build/my_world', 'catkin_cmake_args': None, 'catkin_skip_building_tests': False, 'cmake_args': None, 'cmake_clean_cache': False, 'cmake_clean_first': False, 'cmake_force_configure': False, 'cmake_target': None, 'cmake_target_skip_unavailable': False, 'install_base': '/home/chen/repositorio2/Robot/install/my_world', 'merge_install': False, 'path': '/home/chen/repositorio2/Robot/src/proy_nexa/my_world', 'symlink_install': False, 'test_result_base': None}
[2.469s] INFO:colcon.colcon_core.executor:Executing jobs using 'parallel' executor
[2.498s] DEBUG:colcon.colcon_parallel_executor.executor.parallel:run_until_complete
[2.499s] INFO:colcon.colcon_ros.task.ament_cmake.build:Building ROS package in '/home/chen/repositorio2/Robot/src/proy_nexa/my_world' with build type 'ament_cmake'
[2.499s] INFO:colcon.colcon_cmake.task.cmake.build:Building CMake package in '/home/chen/repositorio2/Robot/src/proy_nexa/my_world'
[2.533s] INFO:colcon.colcon_core.plugin_system:Skipping extension 'colcon_core.shell.bat': Not used on non-Windows systems
[2.533s] INFO:colcon.colcon_core.shell:Skip shell extension 'powershell' for command environment: Not usable outside of PowerShell
[2.533s] DEBUG:colcon.colcon_core.shell:Skip shell extension 'dsv' for command environment
[2.667s] DEBUG:colcon.colcon_core.event_handler.log_command:Invoking command in '/home/chen/repositorio2/Robot/build/my_world': CMAKE_PREFIX_PATH=${CMAKE_PREFIX_PATH}:/home/chen/turtlebot3_ws/install/show_msg:/home/chen/turtlebot3_ws/install/proy_nexa_show_msg:/home/chen/turtlebot3_ws/install/proy_nexa_service:/home/chen/turtlebot3_ws/install/provide_map:/home/chen/turtlebot3_ws/install/my_slam:/home/chen/turtlebot3_ws/install/my_nav2_system:/home/chen/turtlebot3_ws/install/my_first_subscriber:/home/chen/turtlebot3_ws/install/my_first_service:/home/chen/turtlebot3_ws/install/my_first_publisher:/home/chen/turtlebot3_ws/install/my_first_node:/home/chen/turtlebot3_ws/install/my_first_action:/home/chen/turtlebot3_ws/src/my_first_service/install/my_first_service:/opt/ros/galactic /usr/bin/cmake /home/chen/repositorio2/Robot/src/proy_nexa/my_world -DCMAKE_INSTALL_PREFIX=/home/chen/repositorio2/Robot/install/my_world
[5.838s] DEBUG:colcon.colcon_core.event_handler.log_command:Invoked command in '/home/chen/repositorio2/Robot/build/my_world' returned '0': CMAKE_PREFIX_PATH=${CMAKE_PREFIX_PATH}:/home/chen/turtlebot3_ws/install/show_msg:/home/chen/turtlebot3_ws/install/proy_nexa_show_msg:/home/chen/turtlebot3_ws/install/proy_nexa_service:/home/chen/turtlebot3_ws/install/provide_map:/home/chen/turtlebot3_ws/install/my_slam:/home/chen/turtlebot3_ws/install/my_nav2_system:/home/chen/turtlebot3_ws/install/my_first_subscriber:/home/chen/turtlebot3_ws/install/my_first_service:/home/chen/turtlebot3_ws/install/my_first_publisher:/home/chen/turtlebot3_ws/install/my_first_node:/home/chen/turtlebot3_ws/install/my_first_action:/home/chen/turtlebot3_ws/src/my_first_service/install/my_first_service:/opt/ros/galactic /usr/bin/cmake /home/chen/repositorio2/Robot/src/proy_nexa/my_world -DCMAKE_INSTALL_PREFIX=/home/chen/repositorio2/Robot/install/my_world
[5.841s] DEBUG:colcon.colcon_core.event_handler.log_command:Invoking command in '/home/chen/repositorio2/Robot/build/my_world': CMAKE_PREFIX_PATH=${CMAKE_PREFIX_PATH}:/home/chen/turtlebot3_ws/install/show_msg:/home/chen/turtlebot3_ws/install/proy_nexa_show_msg:/home/chen/turtlebot3_ws/install/proy_nexa_service:/home/chen/turtlebot3_ws/install/provide_map:/home/chen/turtlebot3_ws/install/my_slam:/home/chen/turtlebot3_ws/install/my_nav2_system:/home/chen/turtlebot3_ws/install/my_first_subscriber:/home/chen/turtlebot3_ws/install/my_first_service:/home/chen/turtlebot3_ws/install/my_first_publisher:/home/chen/turtlebot3_ws/install/my_first_node:/home/chen/turtlebot3_ws/install/my_first_action:/home/chen/turtlebot3_ws/src/my_first_service/install/my_first_service:/opt/ros/galactic /usr/bin/cmake --build /home/chen/repositorio2/Robot/build/my_world -- -j2 -l2
[13.975s] DEBUG:colcon.colcon_core.event_handler.log_command:Invoked command in '/home/chen/repositorio2/Robot/build/my_world' returned '0': CMAKE_PREFIX_PATH=${CMAKE_PREFIX_PATH}:/home/chen/turtlebot3_ws/install/show_msg:/home/chen/turtlebot3_ws/install/proy_nexa_show_msg:/home/chen/turtlebot3_ws/install/proy_nexa_service:/home/chen/turtlebot3_ws/install/provide_map:/home/chen/turtlebot3_ws/install/my_slam:/home/chen/turtlebot3_ws/install/my_nav2_system:/home/chen/turtlebot3_ws/install/my_first_subscriber:/home/chen/turtlebot3_ws/install/my_first_service:/home/chen/turtlebot3_ws/install/my_first_publisher:/home/chen/turtlebot3_ws/install/my_first_node:/home/chen/turtlebot3_ws/install/my_first_action:/home/chen/turtlebot3_ws/src/my_first_service/install/my_first_service:/opt/ros/galactic /usr/bin/cmake --build /home/chen/repositorio2/Robot/build/my_world -- -j2 -l2
[14.017s] DEBUG:colcon.colcon_core.event_handler.log_command:Invoking command in '/home/chen/repositorio2/Robot/build/my_world': CMAKE_PREFIX_PATH=${CMAKE_PREFIX_PATH}:/home/chen/turtlebot3_ws/install/show_msg:/home/chen/turtlebot3_ws/install/proy_nexa_show_msg:/home/chen/turtlebot3_ws/install/proy_nexa_service:/home/chen/turtlebot3_ws/install/provide_map:/home/chen/turtlebot3_ws/install/my_slam:/home/chen/turtlebot3_ws/install/my_nav2_system:/home/chen/turtlebot3_ws/install/my_first_subscriber:/home/chen/turtlebot3_ws/install/my_first_service:/home/chen/turtlebot3_ws/install/my_first_publisher:/home/chen/turtlebot3_ws/install/my_first_node:/home/chen/turtlebot3_ws/install/my_first_action:/home/chen/turtlebot3_ws/src/my_first_service/install/my_first_service:/opt/ros/galactic /usr/bin/cmake --install /home/chen/repositorio2/Robot/build/my_world
[14.334s] DEBUG:colcon.colcon_core.event_handler.log_command:Invoked command in '/home/chen/repositorio2/Robot/build/my_world' returned '1': CMAKE_PREFIX_PATH=${CMAKE_PREFIX_PATH}:/home/chen/turtlebot3_ws/install/show_msg:/home/chen/turtlebot3_ws/install/proy_nexa_show_msg:/home/chen/turtlebot3_ws/install/proy_nexa_service:/home/chen/turtlebot3_ws/install/provide_map:/home/chen/turtlebot3_ws/install/my_slam:/home/chen/turtlebot3_ws/install/my_nav2_system:/home/chen/turtlebot3_ws/install/my_first_subscriber:/home/chen/turtlebot3_ws/install/my_first_service:/home/chen/turtlebot3_ws/install/my_first_publisher:/home/chen/turtlebot3_ws/install/my_first_node:/home/chen/turtlebot3_ws/install/my_first_action:/home/chen/turtlebot3_ws/src/my_first_service/install/my_first_service:/opt/ros/galactic /usr/bin/cmake --install /home/chen/repositorio2/Robot/build/my_world
[14.393s] Level 1:colcon.colcon_core.environment:create_environment_scripts_only(my_world)
[14.429s] Level 1:colcon.colcon_core.environment:checking '/home/chen/repositorio2/Robot/install/my_world' for CMake module files
[14.430s] Level 1:colcon.colcon_core.environment:checking '/home/chen/repositorio2/Robot/install/my_world' for CMake config files
[14.430s] Level 1:colcon.colcon_core.environment:checking '/home/chen/repositorio2/Robot/install/my_world/lib'
[14.430s] Level 1:colcon.colcon_core.environment:checking '/home/chen/repositorio2/Robot/install/my_world/bin'
[14.430s] Level 1:colcon.colcon_core.environment:checking '/home/chen/repositorio2/Robot/install/my_world/lib/pkgconfig/my_world.pc'
[14.431s] Level 1:colcon.colcon_core.environment:checking '/home/chen/repositorio2/Robot/install/my_world/lib/python3.8/site-packages'
[14.431s] Level 1:colcon.colcon_core.environment:checking '/home/chen/repositorio2/Robot/install/my_world/bin'
[14.460s] INFO:colcon.colcon_core.shell:Creating package script '/home/chen/repositorio2/Robot/install/my_world/share/my_world/package.ps1'
[14.462s] INFO:colcon.colcon_core.shell:Creating package descriptor '/home/chen/repositorio2/Robot/install/my_world/share/my_world/package.dsv'
[14.463s] INFO:colcon.colcon_core.shell:Creating package script '/home/chen/repositorio2/Robot/install/my_world/share/my_world/package.sh'
[14.464s] INFO:colcon.colcon_core.shell:Creating package script '/home/chen/repositorio2/Robot/install/my_world/share/my_world/package.bash'
[14.465s] INFO:colcon.colcon_core.shell:Creating package script '/home/chen/repositorio2/Robot/install/my_world/share/my_world/package.zsh'
[14.466s] Level 1:colcon.colcon_core.environment:create_file_with_runtime_dependencies(/home/chen/repositorio2/Robot/install/my_world/share/colcon-core/packages/my_world)
[14.477s] DEBUG:colcon.colcon_parallel_executor.executor.parallel:closing loop
[14.477s] DEBUG:colcon.colcon_parallel_executor.executor.parallel:loop closed
[14.477s] DEBUG:colcon.colcon_parallel_executor.executor.parallel:run_until_complete finished with '1'
[14.477s] DEBUG:colcon.colcon_core.event_reactor:joining thread
[14.525s] INFO:colcon.colcon_core.plugin_system:Skipping extension 'colcon_notification.desktop_notification.terminal_notifier': Not used on non-Darwin systems
[14.525s] INFO:colcon.colcon_core.plugin_system:Skipping extension 'colcon_notification.desktop_notification.win32': Not used on non-Windows systems
[14.525s] INFO:colcon.colcon_notification.desktop_notification:Sending desktop notification using 'notify2'
[14.566s] DEBUG:colcon.colcon_core.event_reactor:joined thread
[14.598s] INFO:colcon.colcon_core.shell:Creating prefix script '/home/chen/repositorio2/Robot/install/local_setup.ps1'
[14.603s] INFO:colcon.colcon_core.shell:Creating prefix util module '/home/chen/repositorio2/Robot/install/_local_setup_util_ps1.py'
[14.604s] INFO:colcon.colcon_core.shell:Creating prefix chain script '/home/chen/repositorio2/Robot/install/setup.ps1'
[14.638s] INFO:colcon.colcon_core.shell:Creating prefix script '/home/chen/repositorio2/Robot/install/local_setup.sh'
[14.639s] INFO:colcon.colcon_core.shell:Creating prefix util module '/home/chen/repositorio2/Robot/install/_local_setup_util_sh.py'
[14.640s] INFO:colcon.colcon_core.shell:Creating prefix chain script '/home/chen/repositorio2/Robot/install/setup.sh'
[14.672s] INFO:colcon.colcon_core.shell:Creating prefix script '/home/chen/repositorio2/Robot/install/local_setup.bash'
[14.673s] INFO:colcon.colcon_core.shell:Creating prefix chain script '/home/chen/repositorio2/Robot/install/setup.bash'
[14.718s] INFO:colcon.colcon_core.shell:Creating prefix script '/home/chen/repositorio2/Robot/install/local_setup.zsh'
[14.720s] INFO:colcon.colcon_core.shell:Creating prefix chain script '/home/chen/repositorio2/Robot/install/setup.zsh'
