[1.146s] Invoking command in '/home/chen/repositorio2/Robot/src/proy_nexa/proy_nexa_show_msg': PYTHONPATH=/home/chen/repositorio2/Robot/build/proy_nexa_show_msg/prefix_override:/home/chen/repositorio2/Robot/install/proy_nexa_show_msg/lib/python3.8/site-packages:${PYTHONPATH} /usr/bin/python3 setup.py egg_info --egg-base ../../../build/proy_nexa_show_msg build --build-base /home/chen/repositorio2/Robot/build/proy_nexa_show_msg/build install --record /home/chen/repositorio2/Robot/build/proy_nexa_show_msg/install.log --single-version-externally-managed
[1.340s] running egg_info
[1.342s] writing ../../../build/proy_nexa_show_msg/proy_nexa_show_msg.egg-info/PKG-INFO
[1.343s] writing dependency_links to ../../../build/proy_nexa_show_msg/proy_nexa_show_msg.egg-info/dependency_links.txt
[1.344s] writing entry points to ../../../build/proy_nexa_show_msg/proy_nexa_show_msg.egg-info/entry_points.txt
[1.345s] writing requirements to ../../../build/proy_nexa_show_msg/proy_nexa_show_msg.egg-info/requires.txt
[1.345s] writing top-level names to ../../../build/proy_nexa_show_msg/proy_nexa_show_msg.egg-info/top_level.txt
[1.375s] reading manifest file '../../../build/proy_nexa_show_msg/proy_nexa_show_msg.egg-info/SOURCES.txt'
[1.376s] writing manifest file '../../../build/proy_nexa_show_msg/proy_nexa_show_msg.egg-info/SOURCES.txt'
[1.377s] running build
[1.377s] running build_py
[1.379s] running install
[1.380s] running install_lib
[1.384s] running install_data
[1.384s] running install_egg_info
[1.387s] removing '/home/chen/repositorio2/Robot/install/proy_nexa_show_msg/lib/python3.8/site-packages/proy_nexa_show_msg-0.0.0-py3.8.egg-info' (and everything under it)
[1.388s] Copying ../../../build/proy_nexa_show_msg/proy_nexa_show_msg.egg-info to /home/chen/repositorio2/Robot/install/proy_nexa_show_msg/lib/python3.8/site-packages/proy_nexa_show_msg-0.0.0-py3.8.egg-info
[1.390s] running install_scripts
[1.409s] Installing proy_nexa_show_msg script to /home/chen/repositorio2/Robot/install/proy_nexa_show_msg/lib/proy_nexa_show_msg
[1.409s] Installing proy_nexa_show_msg_param script to /home/chen/repositorio2/Robot/install/proy_nexa_show_msg/lib/proy_nexa_show_msg
[1.409s] writing list of installed files to '/home/chen/repositorio2/Robot/build/proy_nexa_show_msg/install.log'
[1.457s] Invoked command in '/home/chen/repositorio2/Robot/src/proy_nexa/proy_nexa_show_msg' returned '0': PYTHONPATH=/home/chen/repositorio2/Robot/build/proy_nexa_show_msg/prefix_override:/home/chen/repositorio2/Robot/install/proy_nexa_show_msg/lib/python3.8/site-packages:${PYTHONPATH} /usr/bin/python3 setup.py egg_info --egg-base ../../../build/proy_nexa_show_msg build --build-base /home/chen/repositorio2/Robot/build/proy_nexa_show_msg/build install --record /home/chen/repositorio2/Robot/build/proy_nexa_show_msg/install.log --single-version-externally-managed
