[0.200s] Invoking command in '/home/chen/repositorio2/Robot/src/build/async_web_server_cpp': /home/chen/.local/bin/cmake --build /home/chen/repositorio2/Robot/src/build/async_web_server_cpp -- -j2 -l2
[0.327s] [ 83%] Built target async_web_server_cpp
[0.357s] [100%] Built target test_web_server
[0.385s] Invoked command in '/home/chen/repositorio2/Robot/src/build/async_web_server_cpp' returned '0': /home/chen/.local/bin/cmake --build /home/chen/repositorio2/Robot/src/build/async_web_server_cpp -- -j2 -l2
[0.677s] Invoking command in '/home/chen/repositorio2/Robot/src/build/async_web_server_cpp': /home/chen/.local/bin/cmake --install /home/chen/repositorio2/Robot/src/build/async_web_server_cpp
[0.730s] -- Install configuration: ""
[0.730s] -- Up-to-date: /home/chen/repositorio2/Robot/src/install/async_web_server_cpp/share/async_web_server_cpp/environment/library_path.sh
[0.731s] -- Up-to-date: /home/chen/repositorio2/Robot/src/install/async_web_server_cpp/share/async_web_server_cpp/environment/library_path.dsv
[0.731s] -- Up-to-date: /home/chen/repositorio2/Robot/src/install/async_web_server_cpp/share/ament_index/resource_index/package_run_dependencies/async_web_server_cpp
[0.731s] -- Up-to-date: /home/chen/repositorio2/Robot/src/install/async_web_server_cpp/share/ament_index/resource_index/parent_prefix_path/async_web_server_cpp
[0.732s] -- Up-to-date: /home/chen/repositorio2/Robot/src/install/async_web_server_cpp/share/async_web_server_cpp/environment/ament_prefix_path.sh
[0.732s] -- Up-to-date: /home/chen/repositorio2/Robot/src/install/async_web_server_cpp/share/async_web_server_cpp/environment/ament_prefix_path.dsv
[0.732s] -- Up-to-date: /home/chen/repositorio2/Robot/src/install/async_web_server_cpp/share/async_web_server_cpp/environment/path.sh
[0.732s] -- Up-to-date: /home/chen/repositorio2/Robot/src/install/async_web_server_cpp/share/async_web_server_cpp/environment/path.dsv
[0.732s] -- Up-to-date: /home/chen/repositorio2/Robot/src/install/async_web_server_cpp/share/async_web_server_cpp/local_setup.bash
[0.732s] -- Up-to-date: /home/chen/repositorio2/Robot/src/install/async_web_server_cpp/share/async_web_server_cpp/local_setup.sh
[0.732s] -- Up-to-date: /home/chen/repositorio2/Robot/src/install/async_web_server_cpp/share/async_web_server_cpp/local_setup.zsh
[0.732s] -- Up-to-date: /home/chen/repositorio2/Robot/src/install/async_web_server_cpp/share/async_web_server_cpp/local_setup.dsv
[0.732s] -- Installing: /home/chen/repositorio2/Robot/src/install/async_web_server_cpp/share/async_web_server_cpp/package.dsv
[0.732s] -- Up-to-date: /home/chen/repositorio2/Robot/src/install/async_web_server_cpp/share/ament_index/resource_index/packages/async_web_server_cpp
[0.732s] -- Up-to-date: /home/chen/repositorio2/Robot/src/install/async_web_server_cpp/share/async_web_server_cpp/cmake/async_web_server_cppTargetsExport.cmake
[0.733s] -- Up-to-date: /home/chen/repositorio2/Robot/src/install/async_web_server_cpp/share/async_web_server_cpp/cmake/async_web_server_cppTargetsExport-noconfig.cmake
[0.733s] -- Up-to-date: /home/chen/repositorio2/Robot/src/install/async_web_server_cpp/share/async_web_server_cpp/cmake/find_dependencies.cmake
[0.734s] -- Up-to-date: /home/chen/repositorio2/Robot/src/install/async_web_server_cpp/share/async_web_server_cpp/cmake/ament_cmake_export_targets-extras.cmake
[0.734s] -- Up-to-date: /home/chen/repositorio2/Robot/src/install/async_web_server_cpp/share/async_web_server_cpp/cmake/async_web_server_cppConfig.cmake
[0.734s] -- Up-to-date: /home/chen/repositorio2/Robot/src/install/async_web_server_cpp/share/async_web_server_cpp/cmake/async_web_server_cppConfig-version.cmake
[0.735s] -- Up-to-date: /home/chen/repositorio2/Robot/src/install/async_web_server_cpp/share/async_web_server_cpp/package.xml
[0.735s] -- Up-to-date: /home/chen/repositorio2/Robot/src/install/async_web_server_cpp/lib/libasync_web_server_cpp.so.2.0.0
[0.736s] -- Up-to-date: /home/chen/repositorio2/Robot/src/install/async_web_server_cpp/lib/libasync_web_server_cpp.so.1
[0.736s] -- Up-to-date: /home/chen/repositorio2/Robot/src/install/async_web_server_cpp/lib/libasync_web_server_cpp.so
[0.736s] -- Up-to-date: /home/chen/repositorio2/Robot/src/install/async_web_server_cpp/include/async_web_server_cpp
[0.737s] -- Up-to-date: /home/chen/repositorio2/Robot/src/install/async_web_server_cpp/include/async_web_server_cpp/http_request.hpp
[0.737s] -- Up-to-date: /home/chen/repositorio2/Robot/src/install/async_web_server_cpp/include/async_web_server_cpp/http_reply.hpp
[0.737s] -- Up-to-date: /home/chen/repositorio2/Robot/src/install/async_web_server_cpp/include/async_web_server_cpp/http_header.hpp
[0.737s] -- Up-to-date: /home/chen/repositorio2/Robot/src/install/async_web_server_cpp/include/async_web_server_cpp/http_connection.hpp
[0.738s] -- Up-to-date: /home/chen/repositorio2/Robot/src/install/async_web_server_cpp/include/async_web_server_cpp/websocket_request_handler.hpp
[0.738s] -- Up-to-date: /home/chen/repositorio2/Robot/src/install/async_web_server_cpp/include/async_web_server_cpp/http_server.hpp
[0.739s] -- Up-to-date: /home/chen/repositorio2/Robot/src/install/async_web_server_cpp/include/async_web_server_cpp/websocket_connection.hpp
[0.739s] -- Up-to-date: /home/chen/repositorio2/Robot/src/install/async_web_server_cpp/include/async_web_server_cpp/http_request_parser.hpp
[0.739s] -- Up-to-date: /home/chen/repositorio2/Robot/src/install/async_web_server_cpp/include/async_web_server_cpp/websocket_message.hpp
[0.739s] -- Up-to-date: /home/chen/repositorio2/Robot/src/install/async_web_server_cpp/include/async_web_server_cpp/http_request_handler.hpp
[0.751s] Invoked command in '/home/chen/repositorio2/Robot/src/build/async_web_server_cpp' returned '0': /home/chen/.local/bin/cmake --install /home/chen/repositorio2/Robot/src/build/async_web_server_cpp
