[2.257s] DEBUG:colcon:Command line arguments: ['/usr/bin/colcon', 'build', '--packages-select', 'async_web_server_cpp']
[2.257s] DEBUG:colcon:Parsed command line arguments: Namespace(allow_overriding=[], ament_cmake_args=None, base_paths=['.'], build_base='build', catkin_cmake_args=None, catkin_skip_building_tests=False, cmake_args=None, cmake_clean_cache=False, cmake_clean_first=False, cmake_force_configure=False, cmake_target=None, cmake_target_skip_unavailable=False, continue_on_error=False, event_handlers=None, executor='parallel', ignore_user_meta=False, install_base='install', log_base=None, log_level=None, main=<bound method BuildVerb.main of <colcon_core.verb.build.BuildVerb object at 0x7f8c87224a30>>, merge_install=False, metas=['./colcon.meta'], packages_above=None, packages_above_and_dependencies=None, packages_above_depth=None, packages_end=None, packages_ignore=None, packages_ignore_regex=None, packages_select=['async_web_server_cpp'], packages_select_build_failed=False, packages_select_by_dep=None, packages_select_regex=None, packages_select_test_failures=False, packages_skip=None, packages_skip_build_finished=False, packages_skip_by_dep=None, packages_skip_regex=None, packages_skip_test_passed=False, packages_skip_up_to=None, packages_start=None, packages_up_to=None, packages_up_to_regex=None, parallel_workers=2, paths=None, symlink_install=False, test_result_base=None, verb_extension=<colcon_core.verb.build.BuildVerb object at 0x7f8c87224a30>, verb_name='build', verb_parser=<colcon_defaults.argument_parser.defaults.DefaultArgumentsDecorator object at 0x7f8c86dc4b80>)
[2.348s] Level 1:colcon.colcon_core.package_discovery:discover_packages(colcon_meta) check parameters
[2.353s] Level 1:colcon.colcon_core.package_discovery:discover_packages(recursive) check parameters
[2.353s] Level 1:colcon.colcon_core.package_discovery:discover_packages(ignore) check parameters
[2.353s] Level 1:colcon.colcon_core.package_discovery:discover_packages(path) check parameters
[2.353s] Level 1:colcon.colcon_core.package_discovery:discover_packages(colcon_meta) discover
[2.353s] Level 1:colcon.colcon_core.package_discovery:discover_packages(recursive) discover
[2.354s] INFO:colcon.colcon_core.package_discovery:Crawling recursively for packages in '/home/chen/repositorio2/Robot/src'
[2.354s] Level 1:colcon.colcon_core.package_identification:_identify(.) by extensions ['ignore', 'ignore_ament_install']
[2.354s] Level 1:colcon.colcon_core.package_identification:_identify(.) by extension 'ignore'
[2.354s] Level 1:colcon.colcon_core.package_identification:_identify(.) by extension 'ignore_ament_install'
[2.354s] Level 1:colcon.colcon_core.package_identification:_identify(.) by extensions ['colcon_pkg']
[2.354s] Level 1:colcon.colcon_core.package_identification:_identify(.) by extension 'colcon_pkg'
[2.355s] Level 1:colcon.colcon_core.package_identification:_identify(.) by extensions ['colcon_meta']
[2.355s] Level 1:colcon.colcon_core.package_identification:_identify(.) by extension 'colcon_meta'
[2.355s] Level 1:colcon.colcon_core.package_identification:_identify(.) by extensions ['ros']
[2.355s] Level 1:colcon.colcon_core.package_identification:_identify(.) by extension 'ros'
[2.364s] Level 1:colcon.colcon_core.package_identification:_identify(.) by extensions ['cmake', 'python']
[2.364s] Level 1:colcon.colcon_core.package_identification:_identify(.) by extension 'cmake'
[2.364s] Level 1:colcon.colcon_core.package_identification:_identify(.) by extension 'python'
[2.365s] Level 1:colcon.colcon_core.package_identification:_identify(.) by extensions ['python_setup_py']
[2.365s] Level 1:colcon.colcon_core.package_identification:_identify(.) by extension 'python_setup_py'
[2.365s] Level 1:colcon.colcon_core.package_identification:_identify(async_web_server_cpp) by extensions ['ignore', 'ignore_ament_install']
[2.365s] Level 1:colcon.colcon_core.package_identification:_identify(async_web_server_cpp) by extension 'ignore'
[2.365s] Level 1:colcon.colcon_core.package_identification:_identify(async_web_server_cpp) by extension 'ignore_ament_install'
[2.365s] Level 1:colcon.colcon_core.package_identification:_identify(async_web_server_cpp) by extensions ['colcon_pkg']
[2.365s] Level 1:colcon.colcon_core.package_identification:_identify(async_web_server_cpp) by extension 'colcon_pkg'
[2.365s] Level 1:colcon.colcon_core.package_identification:_identify(async_web_server_cpp) by extensions ['colcon_meta']
[2.366s] Level 1:colcon.colcon_core.package_identification:_identify(async_web_server_cpp) by extension 'colcon_meta'
[2.366s] Level 1:colcon.colcon_core.package_identification:_identify(async_web_server_cpp) by extensions ['ros']
[2.366s] Level 1:colcon.colcon_core.package_identification:_identify(async_web_server_cpp) by extension 'ros'
[2.368s] DEBUG:colcon.colcon_core.package_identification:Package 'async_web_server_cpp' with type 'ros.catkin' and name 'async_web_server_cpp'
[2.368s] Level 1:colcon.colcon_core.package_identification:_identify(build) by extensions ['ignore', 'ignore_ament_install']
[2.368s] Level 1:colcon.colcon_core.package_identification:_identify(build) by extension 'ignore'
[2.374s] Level 1:colcon.colcon_core.package_identification:_identify(build) ignored
[2.375s] Level 1:colcon.colcon_core.package_identification:_identify(install) by extensions ['ignore', 'ignore_ament_install']
[2.375s] Level 1:colcon.colcon_core.package_identification:_identify(install) by extension 'ignore'
[2.375s] Level 1:colcon.colcon_core.package_identification:_identify(install) ignored
[2.376s] Level 1:colcon.colcon_core.package_identification:_identify(log) by extensions ['ignore', 'ignore_ament_install']
[2.376s] Level 1:colcon.colcon_core.package_identification:_identify(log) by extension 'ignore'
[2.376s] Level 1:colcon.colcon_core.package_identification:_identify(log) ignored
[2.376s] Level 1:colcon.colcon_core.package_identification:_identify(proy_nexa) by extensions ['ignore', 'ignore_ament_install']
[2.377s] Level 1:colcon.colcon_core.package_identification:_identify(proy_nexa) by extension 'ignore'
[2.377s] Level 1:colcon.colcon_core.package_identification:_identify(proy_nexa) by extension 'ignore_ament_install'
[2.377s] Level 1:colcon.colcon_core.package_identification:_identify(proy_nexa) by extensions ['colcon_pkg']
[2.378s] Level 1:colcon.colcon_core.package_identification:_identify(proy_nexa) by extension 'colcon_pkg'
[2.378s] Level 1:colcon.colcon_core.package_identification:_identify(proy_nexa) by extensions ['colcon_meta']
[2.378s] Level 1:colcon.colcon_core.package_identification:_identify(proy_nexa) by extension 'colcon_meta'
[2.378s] Level 1:colcon.colcon_core.package_identification:_identify(proy_nexa) by extensions ['ros']
[2.378s] Level 1:colcon.colcon_core.package_identification:_identify(proy_nexa) by extension 'ros'
[2.378s] Level 1:colcon.colcon_core.package_identification:_identify(proy_nexa) by extensions ['cmake', 'python']
[2.378s] Level 1:colcon.colcon_core.package_identification:_identify(proy_nexa) by extension 'cmake'
[2.378s] Level 1:colcon.colcon_core.package_identification:_identify(proy_nexa) by extension 'python'
[2.379s] Level 1:colcon.colcon_core.package_identification:_identify(proy_nexa) by extensions ['python_setup_py']
[2.379s] Level 1:colcon.colcon_core.package_identification:_identify(proy_nexa) by extension 'python_setup_py'
[2.379s] Level 1:colcon.colcon_core.package_identification:_identify(proy_nexa/my_world) by extensions ['ignore', 'ignore_ament_install']
[2.379s] Level 1:colcon.colcon_core.package_identification:_identify(proy_nexa/my_world) by extension 'ignore'
[2.379s] Level 1:colcon.colcon_core.package_identification:_identify(proy_nexa/my_world) by extension 'ignore_ament_install'
[2.379s] Level 1:colcon.colcon_core.package_identification:_identify(proy_nexa/my_world) by extensions ['colcon_pkg']
[2.379s] Level 1:colcon.colcon_core.package_identification:_identify(proy_nexa/my_world) by extension 'colcon_pkg'
[2.379s] Level 1:colcon.colcon_core.package_identification:_identify(proy_nexa/my_world) by extensions ['colcon_meta']
[2.380s] Level 1:colcon.colcon_core.package_identification:_identify(proy_nexa/my_world) by extension 'colcon_meta'
[2.380s] Level 1:colcon.colcon_core.package_identification:_identify(proy_nexa/my_world) by extensions ['ros']
[2.380s] Level 1:colcon.colcon_core.package_identification:_identify(proy_nexa/my_world) by extension 'ros'
[2.381s] DEBUG:colcon.colcon_core.package_identification:Package 'proy_nexa/my_world' with type 'ros.ament_cmake' and name 'my_world'
[2.381s] Level 1:colcon.colcon_core.package_identification:_identify(proy_nexa/proy_nexa) by extensions ['ignore', 'ignore_ament_install']
[2.381s] Level 1:colcon.colcon_core.package_identification:_identify(proy_nexa/proy_nexa) by extension 'ignore'
[2.381s] Level 1:colcon.colcon_core.package_identification:_identify(proy_nexa/proy_nexa) by extension 'ignore_ament_install'
[2.381s] Level 1:colcon.colcon_core.package_identification:_identify(proy_nexa/proy_nexa) by extensions ['colcon_pkg']
[2.382s] Level 1:colcon.colcon_core.package_identification:_identify(proy_nexa/proy_nexa) by extension 'colcon_pkg'
[2.382s] Level 1:colcon.colcon_core.package_identification:_identify(proy_nexa/proy_nexa) by extensions ['colcon_meta']
[2.382s] Level 1:colcon.colcon_core.package_identification:_identify(proy_nexa/proy_nexa) by extension 'colcon_meta'
[2.382s] Level 1:colcon.colcon_core.package_identification:_identify(proy_nexa/proy_nexa) by extensions ['ros']
[2.382s] Level 1:colcon.colcon_core.package_identification:_identify(proy_nexa/proy_nexa) by extension 'ros'
[2.383s] DEBUG:colcon.colcon_core.package_identification:Package 'proy_nexa/proy_nexa' with type 'ros.ament_cmake' and name 'proy_nexa'
[2.383s] Level 1:colcon.colcon_core.package_identification:_identify(proy_nexa/proy_nexa_action) by extensions ['ignore', 'ignore_ament_install']
[2.383s] Level 1:colcon.colcon_core.package_identification:_identify(proy_nexa/proy_nexa_action) by extension 'ignore'
[2.383s] Level 1:colcon.colcon_core.package_identification:_identify(proy_nexa/proy_nexa_action) by extension 'ignore_ament_install'
[2.385s] Level 1:colcon.colcon_core.package_identification:_identify(proy_nexa/proy_nexa_action) by extensions ['colcon_pkg']
[2.385s] Level 1:colcon.colcon_core.package_identification:_identify(proy_nexa/proy_nexa_action) by extension 'colcon_pkg'
[2.385s] Level 1:colcon.colcon_core.package_identification:_identify(proy_nexa/proy_nexa_action) by extensions ['colcon_meta']
[2.385s] Level 1:colcon.colcon_core.package_identification:_identify(proy_nexa/proy_nexa_action) by extension 'colcon_meta'
[2.385s] Level 1:colcon.colcon_core.package_identification:_identify(proy_nexa/proy_nexa_action) by extensions ['ros']
[2.386s] Level 1:colcon.colcon_core.package_identification:_identify(proy_nexa/proy_nexa_action) by extension 'ros'
[2.386s] DEBUG:colcon.colcon_core.package_identification:Package 'proy_nexa/proy_nexa_action' with type 'ros.ament_python' and name 'proy_nexa_action'
[2.387s] Level 1:colcon.colcon_core.package_identification:_identify(proy_nexa/proy_nexa_image) by extensions ['ignore', 'ignore_ament_install']
[2.387s] Level 1:colcon.colcon_core.package_identification:_identify(proy_nexa/proy_nexa_image) by extension 'ignore'
[2.387s] Level 1:colcon.colcon_core.package_identification:_identify(proy_nexa/proy_nexa_image) by extension 'ignore_ament_install'
[2.387s] Level 1:colcon.colcon_core.package_identification:_identify(proy_nexa/proy_nexa_image) by extensions ['colcon_pkg']
[2.387s] Level 1:colcon.colcon_core.package_identification:_identify(proy_nexa/proy_nexa_image) by extension 'colcon_pkg'
[2.387s] Level 1:colcon.colcon_core.package_identification:_identify(proy_nexa/proy_nexa_image) by extensions ['colcon_meta']
[2.387s] Level 1:colcon.colcon_core.package_identification:_identify(proy_nexa/proy_nexa_image) by extension 'colcon_meta'
[2.387s] Level 1:colcon.colcon_core.package_identification:_identify(proy_nexa/proy_nexa_image) by extensions ['ros']
[2.387s] Level 1:colcon.colcon_core.package_identification:_identify(proy_nexa/proy_nexa_image) by extension 'ros'
[2.388s] DEBUG:colcon.colcon_core.package_identification:Package 'proy_nexa/proy_nexa_image' with type 'ros.ament_python' and name 'proy_nexa_image'
[2.388s] Level 1:colcon.colcon_core.package_identification:_identify(proy_nexa/proy_nexa_interface) by extensions ['ignore', 'ignore_ament_install']
[2.388s] Level 1:colcon.colcon_core.package_identification:_identify(proy_nexa/proy_nexa_interface) by extension 'ignore'
[2.388s] Level 1:colcon.colcon_core.package_identification:_identify(proy_nexa/proy_nexa_interface) by extension 'ignore_ament_install'
[2.389s] Level 1:colcon.colcon_core.package_identification:_identify(proy_nexa/proy_nexa_interface) by extensions ['colcon_pkg']
[2.389s] Level 1:colcon.colcon_core.package_identification:_identify(proy_nexa/proy_nexa_interface) by extension 'colcon_pkg'
[2.389s] Level 1:colcon.colcon_core.package_identification:_identify(proy_nexa/proy_nexa_interface) by extensions ['colcon_meta']
[2.389s] Level 1:colcon.colcon_core.package_identification:_identify(proy_nexa/proy_nexa_interface) by extension 'colcon_meta'
[2.389s] Level 1:colcon.colcon_core.package_identification:_identify(proy_nexa/proy_nexa_interface) by extensions ['ros']
[2.389s] Level 1:colcon.colcon_core.package_identification:_identify(proy_nexa/proy_nexa_interface) by extension 'ros'
[2.394s] DEBUG:colcon.colcon_core.package_identification:Package 'proy_nexa/proy_nexa_interface' with type 'ros.ament_cmake' and name 'proy_nexa_interface'
[2.395s] Level 1:colcon.colcon_core.package_identification:_identify(proy_nexa/proy_nexa_my_slam) by extensions ['ignore', 'ignore_ament_install']
[2.397s] Level 1:colcon.colcon_core.package_identification:_identify(proy_nexa/proy_nexa_my_slam) by extension 'ignore'
[2.397s] Level 1:colcon.colcon_core.package_identification:_identify(proy_nexa/proy_nexa_my_slam) by extension 'ignore_ament_install'
[2.397s] Level 1:colcon.colcon_core.package_identification:_identify(proy_nexa/proy_nexa_my_slam) by extensions ['colcon_pkg']
[2.397s] Level 1:colcon.colcon_core.package_identification:_identify(proy_nexa/proy_nexa_my_slam) by extension 'colcon_pkg'
[2.397s] Level 1:colcon.colcon_core.package_identification:_identify(proy_nexa/proy_nexa_my_slam) by extensions ['colcon_meta']
[2.397s] Level 1:colcon.colcon_core.package_identification:_identify(proy_nexa/proy_nexa_my_slam) by extension 'colcon_meta'
[2.397s] Level 1:colcon.colcon_core.package_identification:_identify(proy_nexa/proy_nexa_my_slam) by extensions ['ros']
[2.397s] Level 1:colcon.colcon_core.package_identification:_identify(proy_nexa/proy_nexa_my_slam) by extension 'ros'
[2.398s] DEBUG:colcon.colcon_core.package_identification:Package 'proy_nexa/proy_nexa_my_slam' with type 'ros.ament_python' and name 'proy_nexa_my_slam'
[2.399s] Level 1:colcon.colcon_core.package_identification:_identify(proy_nexa/proy_nexa_nav2_system) by extensions ['ignore', 'ignore_ament_install']
[2.399s] Level 1:colcon.colcon_core.package_identification:_identify(proy_nexa/proy_nexa_nav2_system) by extension 'ignore'
[2.399s] Level 1:colcon.colcon_core.package_identification:_identify(proy_nexa/proy_nexa_nav2_system) by extension 'ignore_ament_install'
[2.399s] Level 1:colcon.colcon_core.package_identification:_identify(proy_nexa/proy_nexa_nav2_system) by extensions ['colcon_pkg']
[2.399s] Level 1:colcon.colcon_core.package_identification:_identify(proy_nexa/proy_nexa_nav2_system) by extension 'colcon_pkg'
[2.399s] Level 1:colcon.colcon_core.package_identification:_identify(proy_nexa/proy_nexa_nav2_system) by extensions ['colcon_meta']
[2.399s] Level 1:colcon.colcon_core.package_identification:_identify(proy_nexa/proy_nexa_nav2_system) by extension 'colcon_meta'
[2.399s] Level 1:colcon.colcon_core.package_identification:_identify(proy_nexa/proy_nexa_nav2_system) by extensions ['ros']
[2.399s] Level 1:colcon.colcon_core.package_identification:_identify(proy_nexa/proy_nexa_nav2_system) by extension 'ros'
[2.400s] DEBUG:colcon.colcon_core.package_identification:Package 'proy_nexa/proy_nexa_nav2_system' with type 'ros.ament_python' and name 'proy_nexa_nav2_system'
[2.400s] Level 1:colcon.colcon_core.package_identification:_identify(proy_nexa/proy_nexa_provide_map) by extensions ['ignore', 'ignore_ament_install']
[2.400s] Level 1:colcon.colcon_core.package_identification:_identify(proy_nexa/proy_nexa_provide_map) by extension 'ignore'
[2.400s] Level 1:colcon.colcon_core.package_identification:_identify(proy_nexa/proy_nexa_provide_map) by extension 'ignore_ament_install'
[2.401s] Level 1:colcon.colcon_core.package_identification:_identify(proy_nexa/proy_nexa_provide_map) by extensions ['colcon_pkg']
[2.401s] Level 1:colcon.colcon_core.package_identification:_identify(proy_nexa/proy_nexa_provide_map) by extension 'colcon_pkg'
[2.401s] Level 1:colcon.colcon_core.package_identification:_identify(proy_nexa/proy_nexa_provide_map) by extensions ['colcon_meta']
[2.401s] Level 1:colcon.colcon_core.package_identification:_identify(proy_nexa/proy_nexa_provide_map) by extension 'colcon_meta'
[2.401s] Level 1:colcon.colcon_core.package_identification:_identify(proy_nexa/proy_nexa_provide_map) by extensions ['ros']
[2.402s] Level 1:colcon.colcon_core.package_identification:_identify(proy_nexa/proy_nexa_provide_map) by extension 'ros'
[2.402s] DEBUG:colcon.colcon_core.package_identification:Package 'proy_nexa/proy_nexa_provide_map' with type 'ros.ament_python' and name 'proy_nexa_provide_map'
[2.402s] Level 1:colcon.colcon_core.package_identification:_identify(proy_nexa/proy_nexa_service) by extensions ['ignore', 'ignore_ament_install']
[2.403s] Level 1:colcon.colcon_core.package_identification:_identify(proy_nexa/proy_nexa_service) by extension 'ignore'
[2.403s] Level 1:colcon.colcon_core.package_identification:_identify(proy_nexa/proy_nexa_service) by extension 'ignore_ament_install'
[2.403s] Level 1:colcon.colcon_core.package_identification:_identify(proy_nexa/proy_nexa_service) by extensions ['colcon_pkg']
[2.403s] Level 1:colcon.colcon_core.package_identification:_identify(proy_nexa/proy_nexa_service) by extension 'colcon_pkg'
[2.403s] Level 1:colcon.colcon_core.package_identification:_identify(proy_nexa/proy_nexa_service) by extensions ['colcon_meta']
[2.403s] Level 1:colcon.colcon_core.package_identification:_identify(proy_nexa/proy_nexa_service) by extension 'colcon_meta'
[2.403s] Level 1:colcon.colcon_core.package_identification:_identify(proy_nexa/proy_nexa_service) by extensions ['ros']
[2.403s] Level 1:colcon.colcon_core.package_identification:_identify(proy_nexa/proy_nexa_service) by extension 'ros'
[2.404s] DEBUG:colcon.colcon_core.package_identification:Package 'proy_nexa/proy_nexa_service' with type 'ros.ament_python' and name 'proy_nexa_service'
[2.406s] Level 1:colcon.colcon_core.package_identification:_identify(proy_nexa/proy_nexa_show_msg) by extensions ['ignore', 'ignore_ament_install']
[2.406s] Level 1:colcon.colcon_core.package_identification:_identify(proy_nexa/proy_nexa_show_msg) by extension 'ignore'
[2.406s] Level 1:colcon.colcon_core.package_identification:_identify(proy_nexa/proy_nexa_show_msg) by extension 'ignore_ament_install'
[2.406s] Level 1:colcon.colcon_core.package_identification:_identify(proy_nexa/proy_nexa_show_msg) by extensions ['colcon_pkg']
[2.406s] Level 1:colcon.colcon_core.package_identification:_identify(proy_nexa/proy_nexa_show_msg) by extension 'colcon_pkg'
[2.406s] Level 1:colcon.colcon_core.package_identification:_identify(proy_nexa/proy_nexa_show_msg) by extensions ['colcon_meta']
[2.406s] Level 1:colcon.colcon_core.package_identification:_identify(proy_nexa/proy_nexa_show_msg) by extension 'colcon_meta'
[2.406s] Level 1:colcon.colcon_core.package_identification:_identify(proy_nexa/proy_nexa_show_msg) by extensions ['ros']
[2.406s] Level 1:colcon.colcon_core.package_identification:_identify(proy_nexa/proy_nexa_show_msg) by extension 'ros'
[2.407s] DEBUG:colcon.colcon_core.package_identification:Package 'proy_nexa/proy_nexa_show_msg' with type 'ros.ament_python' and name 'proy_nexa_show_msg'
[2.408s] Level 1:colcon.colcon_core.package_identification:_identify(web_video_server) by extensions ['ignore', 'ignore_ament_install']
[2.408s] Level 1:colcon.colcon_core.package_identification:_identify(web_video_server) by extension 'ignore'
[2.409s] Level 1:colcon.colcon_core.package_identification:_identify(web_video_server) by extension 'ignore_ament_install'
[2.409s] Level 1:colcon.colcon_core.package_identification:_identify(web_video_server) by extensions ['colcon_pkg']
[2.409s] Level 1:colcon.colcon_core.package_identification:_identify(web_video_server) by extension 'colcon_pkg'
[2.409s] Level 1:colcon.colcon_core.package_identification:_identify(web_video_server) by extensions ['colcon_meta']
[2.409s] Level 1:colcon.colcon_core.package_identification:_identify(web_video_server) by extension 'colcon_meta'
[2.409s] Level 1:colcon.colcon_core.package_identification:_identify(web_video_server) by extensions ['ros']
[2.409s] Level 1:colcon.colcon_core.package_identification:_identify(web_video_server) by extension 'ros'
[2.410s] DEBUG:colcon.colcon_core.package_identification:Package 'web_video_server' with type 'ros.ament_cmake' and name 'web_video_server'
[2.410s] Level 1:colcon.colcon_core.package_discovery:discover_packages(recursive) using defaults
[2.410s] Level 1:colcon.colcon_core.package_discovery:discover_packages(ignore) discover
[2.410s] Level 1:colcon.colcon_core.package_discovery:discover_packages(ignore) using defaults
[2.410s] Level 1:colcon.colcon_core.package_discovery:discover_packages(path) discover
[2.410s] Level 1:colcon.colcon_core.package_discovery:discover_packages(path) using defaults
