[0.422s] Invoking command in '/home/chen/repositorio2/Robot/build/proy_nexa_interface': CMAKE_PREFIX_PATH=${CMAKE_PREFIX_PATH}://home/chen/repositorio2/Robot/install/proy_nexa_action://home/chen/repositorio2/Robot/install/proy_nexa_show_msg://home/chen/repositorio2/Robot/install/proy_nexa_service://home/chen/repositorio2/Robot/install/proy_nexa_provide_map://home/chen/repositorio2/Robot/install/proy_nexa_nav2_system://home/chen/repositorio2/Robot/install/proy_nexa_my_slam:/home/chen/turtlebot3_ws/install/show_msg:/home/chen/turtlebot3_ws/install/proy_nexa_show_msg:/home/chen/turtlebot3_ws/install/proy_nexa_service:/home/chen/turtlebot3_ws/install/provide_map:/home/chen/turtlebot3_ws/install/my_slam:/home/chen/turtlebot3_ws/install/my_nav2_system:/home/chen/turtlebot3_ws/install/my_first_subscriber:/home/chen/turtlebot3_ws/install/my_first_service:/home/chen/turtlebot3_ws/install/my_first_publisher:/home/chen/turtlebot3_ws/install/my_first_node:/home/chen/turtlebot3_ws/install/my_first_action:/home/chen/turtlebot3_ws/src/my_first_service/install/my_first_service:/opt/ros/galactic /usr/bin/cmake --build /home/chen/repositorio2/Robot/build/proy_nexa_interface -- -j2 -l2
[0.457s] -- Found ament_cmake: 1.1.6 (/opt/ros/galactic/share/ament_cmake/cmake)
[0.483s] -- Found PythonInterp: /usr/bin/python3 (found suitable version "3.8.10", minimum required is "3") 
[0.483s] -- Using PYTHON_EXECUTABLE: /usr/bin/python3
[0.547s] -- Found rclcpp: 9.2.2 (/opt/ros/galactic/share/rclcpp/cmake)
[0.584s] -- Using all available rosidl_typesupport_c: rosidl_typesupport_fastrtps_c;rosidl_typesupport_introspection_c
[0.584s] -- Found rosidl_adapter: 2.2.3 (/opt/ros/galactic/share/rosidl_adapter/cmake)
[0.687s] -- Using all available rosidl_typesupport_cpp: rosidl_typesupport_fastrtps_cpp;rosidl_typesupport_introspection_cpp
[0.732s] -- Found rmw_implementation_cmake: 3.3.1 (/opt/ros/galactic/share/rmw_implementation_cmake/cmake)
[0.734s] -- Found rmw_cyclonedds_cpp: 0.22.6 (/opt/ros/galactic/share/rmw_cyclonedds_cpp/cmake)
[0.750s] -- Using RMW implementation 'rmw_cyclonedds_cpp' as default
[0.859s] -- Found rosidl_default_generators: 1.1.1 (/opt/ros/galactic/share/rosidl_default_generators/cmake)
[0.870s] -- Found ament_lint_auto: 0.10.7 (/opt/ros/galactic/share/ament_lint_auto/cmake)
[0.961s] -- Found PythonInterp: /usr/bin/python3 (found version "3.8.10") 
[1.082s] -- Found ament_cmake_ros: 0.9.2 (/opt/ros/galactic/share/ament_cmake_ros/cmake)
[1.201s] -- Using all available rosidl_typesupport_c: rosidl_typesupport_fastrtps_c;rosidl_typesupport_introspection_c
[1.228s] -- Using all available rosidl_typesupport_cpp: rosidl_typesupport_fastrtps_cpp;rosidl_typesupport_introspection_cpp
[1.254s] -- Found PythonInterp: /usr/bin/python3 (found suitable version "3.8.10", minimum required is "3.5") 
[1.255s] -- Found python_cmake_module: 0.8.1 (/opt/ros/galactic/share/python_cmake_module/cmake)
[1.278s] -- Using PYTHON_EXECUTABLE: /usr/bin/python3
[1.278s] -- Using PYTHON_INCLUDE_DIRS: /usr/include/python3.8
[1.280s] -- Using PYTHON_LIBRARIES: /usr/lib/x86_64-linux-gnu/libpython3.8.so
[1.316s] -- Added test 'copyright' to check source files copyright and LICENSE
[1.318s] -- Added test 'lint_cmake' to check CMake code style
[1.318s] -- Added test 'xmllint' to check XML markup files
[1.324s] -- Configuring done
[1.376s] -- Generating done
[1.378s] -- Build files have been written to: /home/chen/repositorio2/Robot/build/proy_nexa_interface
[1.407s] [  2%] [34m[1mGenerating C code for ROS interfaces[0m
[1.465s] [  4%] [34m[1mGenerating C++ code for ROS interfaces[0m
[2.207s] [35m[1mScanning dependencies of target proy_nexa_interface__rosidl_generator_c[0m
[2.237s] [  6%] [32mBuilding C object CMakeFiles/proy_nexa_interface__rosidl_generator_c.dir/rosidl_generator_c/proy_nexa_interface/msg/detail/distvel__functions.c.o[0m
[2.246s] [  6%] Built target proy_nexa_interface__cpp
[2.257s] [  8%] [34m[1mGenerating C++ type support dispatch for ROS interfaces[0m
[2.301s] [ 10%] [32mBuilding C object CMakeFiles/proy_nexa_interface__rosidl_generator_c.dir/rosidl_generator_c/proy_nexa_interface/srv/detail/my_move_msg__functions.c.o[0m
[2.342s] [ 12%] [32mBuilding C object CMakeFiles/proy_nexa_interface__rosidl_generator_c.dir/rosidl_generator_c/proy_nexa_interface/action/detail/move__functions.c.o[0m
[2.429s] [ 14%] [32m[1mLinking C shared library libproy_nexa_interface__rosidl_generator_c.so[0m
[2.466s] [ 14%] Built target proy_nexa_interface__rosidl_generator_c
[2.476s] [ 17%] [34m[1mGenerating C++ type support for eProsima Fast-RTPS[0m
[2.732s] [35m[1mScanning dependencies of target proy_nexa_interface__rosidl_typesupport_cpp[0m
[2.734s] [ 19%] [32mBuilding CXX object CMakeFiles/proy_nexa_interface__rosidl_typesupport_cpp.dir/rosidl_typesupport_cpp/proy_nexa_interface/msg/distvel__type_support.cpp.o[0m
[3.113s] [35m[1mScanning dependencies of target proy_nexa_interface__rosidl_typesupport_fastrtps_cpp[0m
[3.130s] [ 21%] [32mBuilding CXX object CMakeFiles/proy_nexa_interface__rosidl_typesupport_cpp.dir/rosidl_typesupport_cpp/proy_nexa_interface/srv/my_move_msg__type_support.cpp.o[0m
[3.196s] [ 23%] [32mBuilding CXX object CMakeFiles/proy_nexa_interface__rosidl_typesupport_fastrtps_cpp.dir/rosidl_typesupport_fastrtps_cpp/proy_nexa_interface/msg/detail/dds_fastrtps/distvel__type_support.cpp.o[0m
[3.574s] [ 25%] [32mBuilding CXX object CMakeFiles/proy_nexa_interface__rosidl_typesupport_cpp.dir/rosidl_typesupport_cpp/proy_nexa_interface/action/move__type_support.cpp.o[0m
[3.644s] [ 27%] [32mBuilding CXX object CMakeFiles/proy_nexa_interface__rosidl_typesupport_fastrtps_cpp.dir/rosidl_typesupport_fastrtps_cpp/proy_nexa_interface/srv/detail/dds_fastrtps/my_move_msg__type_support.cpp.o[0m
[3.888s] [ 29%] [32m[1mLinking CXX shared library libproy_nexa_interface__rosidl_typesupport_cpp.so[0m
[3.959s] [ 29%] Built target proy_nexa_interface__rosidl_typesupport_cpp
[4.105s] [ 31%] [34m[1mGenerating C introspection for ROS interfaces[0m
[4.147s] [ 34%] [32mBuilding CXX object CMakeFiles/proy_nexa_interface__rosidl_typesupport_fastrtps_cpp.dir/rosidl_typesupport_fastrtps_cpp/proy_nexa_interface/action/detail/dds_fastrtps/move__type_support.cpp.o[0m
[4.775s] [35m[1mScanning dependencies of target proy_nexa_interface__rosidl_typesupport_introspection_c[0m
[4.868s] [ 36%] [32mBuilding C object CMakeFiles/proy_nexa_interface__rosidl_typesupport_introspection_c.dir/rosidl_typesupport_introspection_c/proy_nexa_interface/msg/detail/distvel__type_support.c.o[0m
[4.871s] [ 38%] [32m[1mLinking CXX shared library libproy_nexa_interface__rosidl_typesupport_fastrtps_cpp.so[0m
[4.890s] [ 40%] [32mBuilding C object CMakeFiles/proy_nexa_interface__rosidl_typesupport_introspection_c.dir/rosidl_typesupport_introspection_c/proy_nexa_interface/srv/detail/my_move_msg__type_support.c.o[0m
[4.985s] [ 42%] [32mBuilding C object CMakeFiles/proy_nexa_interface__rosidl_typesupport_introspection_c.dir/rosidl_typesupport_introspection_c/proy_nexa_interface/action/detail/move__type_support.c.o[0m
[4.994s] [ 42%] Built target proy_nexa_interface__rosidl_typesupport_fastrtps_cpp
[5.036s] [ 44%] [32m[1mLinking C shared library libproy_nexa_interface__rosidl_typesupport_introspection_c.so[0m
[5.036s] [ 46%] [34m[1mGenerating C++ introspection for ROS interfaces[0m
[5.100s] [ 46%] Built target proy_nexa_interface__rosidl_typesupport_introspection_c
[5.115s] [ 48%] [34m[1mGenerating C type support dispatch for ROS interfaces[0m
[5.370s] [35m[1mScanning dependencies of target proy_nexa_interface__rosidl_typesupport_c[0m
[5.383s] [ 51%] [32mBuilding CXX object CMakeFiles/proy_nexa_interface__rosidl_typesupport_c.dir/rosidl_typesupport_c/proy_nexa_interface/msg/distvel__type_support.cpp.o[0m
[5.413s] [ 53%] [32mBuilding CXX object CMakeFiles/proy_nexa_interface__rosidl_typesupport_c.dir/rosidl_typesupport_c/proy_nexa_interface/srv/my_move_msg__type_support.cpp.o[0m
[5.443s] [ 55%] [32mBuilding CXX object CMakeFiles/proy_nexa_interface__rosidl_typesupport_c.dir/rosidl_typesupport_c/proy_nexa_interface/action/move__type_support.cpp.o[0m
[5.486s] [ 57%] [32m[1mLinking CXX shared library libproy_nexa_interface__rosidl_typesupport_c.so[0m
[5.565s] [ 57%] Built target proy_nexa_interface__rosidl_typesupport_c
[5.565s] [ 59%] [34m[1mGenerating C type support for eProsima Fast-RTPS[0m
[5.708s] [35m[1mScanning dependencies of target proy_nexa_interface__rosidl_typesupport_introspection_cpp[0m
[5.799s] [ 61%] [32mBuilding CXX object CMakeFiles/proy_nexa_interface__rosidl_typesupport_introspection_cpp.dir/rosidl_typesupport_introspection_cpp/proy_nexa_interface/msg/detail/distvel__type_support.cpp.o[0m
[6.011s] [ 63%] [32mBuilding CXX object CMakeFiles/proy_nexa_interface__rosidl_typesupport_introspection_cpp.dir/rosidl_typesupport_introspection_cpp/proy_nexa_interface/srv/detail/my_move_msg__type_support.cpp.o[0m
[6.254s] [35m[1mScanning dependencies of target proy_nexa_interface__rosidl_typesupport_fastrtps_c[0m
[6.258s] [ 65%] [32mBuilding CXX object CMakeFiles/proy_nexa_interface__rosidl_typesupport_introspection_cpp.dir/rosidl_typesupport_introspection_cpp/proy_nexa_interface/action/detail/move__type_support.cpp.o[0m
[6.417s] [ 68%] [32mBuilding CXX object CMakeFiles/proy_nexa_interface__rosidl_typesupport_fastrtps_c.dir/rosidl_typesupport_fastrtps_c/proy_nexa_interface/msg/detail/distvel__type_support_c.cpp.o[0m
[6.712s] [ 70%] [32m[1mLinking CXX shared library libproy_nexa_interface__rosidl_typesupport_introspection_cpp.so[0m
[6.798s] [ 70%] Built target proy_nexa_interface__rosidl_typesupport_introspection_cpp
[6.800s] [ 72%] [32mBuilding CXX object CMakeFiles/proy_nexa_interface__rosidl_typesupport_fastrtps_c.dir/rosidl_typesupport_fastrtps_c/proy_nexa_interface/srv/detail/my_move_msg__type_support_c.cpp.o[0m
[7.059s] [ 74%] [32mBuilding CXX object CMakeFiles/proy_nexa_interface__rosidl_typesupport_fastrtps_c.dir/rosidl_typesupport_fastrtps_c/proy_nexa_interface/action/detail/move__type_support_c.cpp.o[0m
[7.448s] [ 76%] [32m[1mLinking CXX shared library libproy_nexa_interface__rosidl_typesupport_fastrtps_c.so[0m
[7.524s] [ 76%] Built target proy_nexa_interface__rosidl_typesupport_fastrtps_c
[7.543s] [ 76%] Built target proy_nexa_interface
[7.564s] [ 78%] [34m[1mGenerating Python code for ROS interfaces[0m
[8.352s] [ 78%] Built target proy_nexa_interface__py
[8.364s] [35m[1mScanning dependencies of target proy_nexa_interface__python[0m
[8.381s] [ 82%] [32mBuilding C object CMakeFiles/proy_nexa_interface__python.dir/rosidl_generator_py/proy_nexa_interface/msg/_distvel_s.c.o[0m
[8.381s] [ 82%] [32mBuilding C object CMakeFiles/proy_nexa_interface__python.dir/rosidl_generator_py/proy_nexa_interface/srv/_my_move_msg_s.c.o[0m
[8.450s] [ 85%] [32mBuilding C object CMakeFiles/proy_nexa_interface__python.dir/rosidl_generator_py/proy_nexa_interface/action/_move_s.c.o[0m
[8.543s] [ 87%] [32m[1mLinking C shared library rosidl_generator_py/proy_nexa_interface/libproy_nexa_interface__python.so[0m
[8.584s] [ 87%] Built target proy_nexa_interface__python
[8.594s] [35m[1mScanning dependencies of target proy_nexa_interface__rosidl_typesupport_introspection_c__pyext[0m
[8.595s] [35m[1mScanning dependencies of target proy_nexa_interface__rosidl_typesupport_c__pyext[0m
[8.611s] [ 91%] [32mBuilding C object CMakeFiles/proy_nexa_interface__rosidl_typesupport_introspection_c__pyext.dir/rosidl_generator_py/proy_nexa_interface/_proy_nexa_interface_s.ep.rosidl_typesupport_introspection_c.c.o[0m
[8.612s] [ 91%] [32mBuilding C object CMakeFiles/proy_nexa_interface__rosidl_typesupport_c__pyext.dir/rosidl_generator_py/proy_nexa_interface/_proy_nexa_interface_s.ep.rosidl_typesupport_c.c.o[0m
[8.696s] [ 95%] [32m[1mLinking C shared library rosidl_generator_py/proy_nexa_interface/proy_nexa_interface_s__rosidl_typesupport_introspection_c.cpython-38-x86_64-linux-gnu.so[0m
[8.696s] [ 95%] [32m[1mLinking C shared library rosidl_generator_py/proy_nexa_interface/proy_nexa_interface_s__rosidl_typesupport_c.cpython-38-x86_64-linux-gnu.so[0m
[8.731s] [ 95%] Built target proy_nexa_interface__rosidl_typesupport_introspection_c__pyext
[8.732s] [ 95%] Built target proy_nexa_interface__rosidl_typesupport_c__pyext
[8.743s] [35m[1mScanning dependencies of target proy_nexa_interface__rosidl_typesupport_fastrtps_c__pyext[0m
[8.760s] [ 97%] [32mBuilding C object CMakeFiles/proy_nexa_interface__rosidl_typesupport_fastrtps_c__pyext.dir/rosidl_generator_py/proy_nexa_interface/_proy_nexa_interface_s.ep.rosidl_typesupport_fastrtps_c.c.o[0m
[8.843s] [100%] [32m[1mLinking CXX shared library rosidl_generator_py/proy_nexa_interface/proy_nexa_interface_s__rosidl_typesupport_fastrtps_c.cpython-38-x86_64-linux-gnu.so[0m
[8.899s] [100%] Built target proy_nexa_interface__rosidl_typesupport_fastrtps_c__pyext
[8.912s] Invoked command in '/home/chen/repositorio2/Robot/build/proy_nexa_interface' returned '0': CMAKE_PREFIX_PATH=${CMAKE_PREFIX_PATH}://home/chen/repositorio2/Robot/install/proy_nexa_action://home/chen/repositorio2/Robot/install/proy_nexa_show_msg://home/chen/repositorio2/Robot/install/proy_nexa_service://home/chen/repositorio2/Robot/install/proy_nexa_provide_map://home/chen/repositorio2/Robot/install/proy_nexa_nav2_system://home/chen/repositorio2/Robot/install/proy_nexa_my_slam:/home/chen/turtlebot3_ws/install/show_msg:/home/chen/turtlebot3_ws/install/proy_nexa_show_msg:/home/chen/turtlebot3_ws/install/proy_nexa_service:/home/chen/turtlebot3_ws/install/provide_map:/home/chen/turtlebot3_ws/install/my_slam:/home/chen/turtlebot3_ws/install/my_nav2_system:/home/chen/turtlebot3_ws/install/my_first_subscriber:/home/chen/turtlebot3_ws/install/my_first_service:/home/chen/turtlebot3_ws/install/my_first_publisher:/home/chen/turtlebot3_ws/install/my_first_node:/home/chen/turtlebot3_ws/install/my_first_action:/home/chen/turtlebot3_ws/src/my_first_service/install/my_first_service:/opt/ros/galactic /usr/bin/cmake --build /home/chen/repositorio2/Robot/build/proy_nexa_interface -- -j2 -l2
[9.022s] Invoking command in '/home/chen/repositorio2/Robot/build/proy_nexa_interface': CMAKE_PREFIX_PATH=${CMAKE_PREFIX_PATH}://home/chen/repositorio2/Robot/install/proy_nexa_action://home/chen/repositorio2/Robot/install/proy_nexa_show_msg://home/chen/repositorio2/Robot/install/proy_nexa_service://home/chen/repositorio2/Robot/install/proy_nexa_provide_map://home/chen/repositorio2/Robot/install/proy_nexa_nav2_system://home/chen/repositorio2/Robot/install/proy_nexa_my_slam:/home/chen/turtlebot3_ws/install/show_msg:/home/chen/turtlebot3_ws/install/proy_nexa_show_msg:/home/chen/turtlebot3_ws/install/proy_nexa_service:/home/chen/turtlebot3_ws/install/provide_map:/home/chen/turtlebot3_ws/install/my_slam:/home/chen/turtlebot3_ws/install/my_nav2_system:/home/chen/turtlebot3_ws/install/my_first_subscriber:/home/chen/turtlebot3_ws/install/my_first_service:/home/chen/turtlebot3_ws/install/my_first_publisher:/home/chen/turtlebot3_ws/install/my_first_node:/home/chen/turtlebot3_ws/install/my_first_action:/home/chen/turtlebot3_ws/src/my_first_service/install/my_first_service:/opt/ros/galactic /usr/bin/cmake --install /home/chen/repositorio2/Robot/build/proy_nexa_interface
[9.032s] -- Install configuration: ""
[9.033s] -- Up-to-date: /home/chen/repositorio2/Robot/install/proy_nexa_interface/share/ament_index/resource_index/rosidl_interfaces/proy_nexa_interface
[9.033s] -- Up-to-date: /home/chen/repositorio2/Robot/install/proy_nexa_interface/include/proy_nexa_interface
[9.033s] -- Up-to-date: /home/chen/repositorio2/Robot/install/proy_nexa_interface/include/proy_nexa_interface/msg
[9.033s] -- Installing: /home/chen/repositorio2/Robot/install/proy_nexa_interface/include/proy_nexa_interface/msg/distvel.h
[9.034s] -- Up-to-date: /home/chen/repositorio2/Robot/install/proy_nexa_interface/include/proy_nexa_interface/msg/detail
[9.035s] -- Installing: /home/chen/repositorio2/Robot/install/proy_nexa_interface/include/proy_nexa_interface/msg/detail/distvel__type_support.h
[9.035s] -- Installing: /home/chen/repositorio2/Robot/install/proy_nexa_interface/include/proy_nexa_interface/msg/detail/distvel__functions.h
[9.035s] -- Installing: /home/chen/repositorio2/Robot/install/proy_nexa_interface/include/proy_nexa_interface/msg/detail/distvel__struct.h
[9.036s] -- Installing: /home/chen/repositorio2/Robot/install/proy_nexa_interface/include/proy_nexa_interface/msg/detail/distvel__functions.c
[9.036s] -- Up-to-date: /home/chen/repositorio2/Robot/install/proy_nexa_interface/include/proy_nexa_interface/msg/rosidl_generator_c__visibility_control.h
[9.036s] -- Up-to-date: /home/chen/repositorio2/Robot/install/proy_nexa_interface/include/proy_nexa_interface/action
[9.036s] -- Up-to-date: /home/chen/repositorio2/Robot/install/proy_nexa_interface/include/proy_nexa_interface/action/detail
[9.036s] -- Installing: /home/chen/repositorio2/Robot/install/proy_nexa_interface/include/proy_nexa_interface/action/detail/move__functions.c
[9.036s] -- Installing: /home/chen/repositorio2/Robot/install/proy_nexa_interface/include/proy_nexa_interface/action/detail/move__struct.h
[9.036s] -- Installing: /home/chen/repositorio2/Robot/install/proy_nexa_interface/include/proy_nexa_interface/action/detail/move__type_support.h
[9.037s] -- Installing: /home/chen/repositorio2/Robot/install/proy_nexa_interface/include/proy_nexa_interface/action/detail/move__functions.h
[9.037s] -- Installing: /home/chen/repositorio2/Robot/install/proy_nexa_interface/include/proy_nexa_interface/action/move.h
[9.037s] -- Up-to-date: /home/chen/repositorio2/Robot/install/proy_nexa_interface/include/proy_nexa_interface/srv
[9.037s] -- Installing: /home/chen/repositorio2/Robot/install/proy_nexa_interface/include/proy_nexa_interface/srv/my_move_msg.h
[9.038s] -- Up-to-date: /home/chen/repositorio2/Robot/install/proy_nexa_interface/include/proy_nexa_interface/srv/detail
[9.038s] -- Installing: /home/chen/repositorio2/Robot/install/proy_nexa_interface/include/proy_nexa_interface/srv/detail/my_move_msg__type_support.h
[9.038s] -- Installing: /home/chen/repositorio2/Robot/install/proy_nexa_interface/include/proy_nexa_interface/srv/detail/my_move_msg__struct.h
[9.039s] -- Installing: /home/chen/repositorio2/Robot/install/proy_nexa_interface/include/proy_nexa_interface/srv/detail/my_move_msg__functions.h
[9.039s] -- Installing: /home/chen/repositorio2/Robot/install/proy_nexa_interface/include/proy_nexa_interface/srv/detail/my_move_msg__functions.c
[9.039s] -- Up-to-date: /home/chen/repositorio2/Robot/install/proy_nexa_interface/share/proy_nexa_interface/environment/library_path.sh
[9.039s] -- Installing: /home/chen/repositorio2/Robot/install/proy_nexa_interface/share/proy_nexa_interface/environment/library_path.dsv
[9.040s] -- Installing: /home/chen/repositorio2/Robot/install/proy_nexa_interface/lib/libproy_nexa_interface__rosidl_generator_c.so
[9.040s] -- Set runtime path of "/home/chen/repositorio2/Robot/install/proy_nexa_interface/lib/libproy_nexa_interface__rosidl_generator_c.so" to ""
[9.042s] -- Up-to-date: /home/chen/repositorio2/Robot/install/proy_nexa_interface/include/proy_nexa_interface
[9.042s] -- Up-to-date: /home/chen/repositorio2/Robot/install/proy_nexa_interface/include/proy_nexa_interface/msg
[9.043s] -- Up-to-date: /home/chen/repositorio2/Robot/install/proy_nexa_interface/include/proy_nexa_interface/msg/rosidl_typesupport_fastrtps_c__visibility_control.h
[9.043s] -- Up-to-date: /home/chen/repositorio2/Robot/install/proy_nexa_interface/include/proy_nexa_interface/msg/detail
[9.043s] -- Installing: /home/chen/repositorio2/Robot/install/proy_nexa_interface/include/proy_nexa_interface/msg/detail/distvel__rosidl_typesupport_fastrtps_c.h
[9.043s] -- Up-to-date: /home/chen/repositorio2/Robot/install/proy_nexa_interface/include/proy_nexa_interface/action
[9.044s] -- Up-to-date: /home/chen/repositorio2/Robot/install/proy_nexa_interface/include/proy_nexa_interface/action/detail
[9.044s] -- Installing: /home/chen/repositorio2/Robot/install/proy_nexa_interface/include/proy_nexa_interface/action/detail/move__rosidl_typesupport_fastrtps_c.h
[9.044s] -- Up-to-date: /home/chen/repositorio2/Robot/install/proy_nexa_interface/include/proy_nexa_interface/srv
[9.044s] -- Up-to-date: /home/chen/repositorio2/Robot/install/proy_nexa_interface/include/proy_nexa_interface/srv/detail
[9.044s] -- Installing: /home/chen/repositorio2/Robot/install/proy_nexa_interface/include/proy_nexa_interface/srv/detail/my_move_msg__rosidl_typesupport_fastrtps_c.h
[9.044s] -- Installing: /home/chen/repositorio2/Robot/install/proy_nexa_interface/lib/libproy_nexa_interface__rosidl_typesupport_fastrtps_c.so
[9.045s] -- Set runtime path of "/home/chen/repositorio2/Robot/install/proy_nexa_interface/lib/libproy_nexa_interface__rosidl_typesupport_fastrtps_c.so" to ""
[9.045s] -- Up-to-date: /home/chen/repositorio2/Robot/install/proy_nexa_interface/include/proy_nexa_interface
[9.046s] -- Up-to-date: /home/chen/repositorio2/Robot/install/proy_nexa_interface/include/proy_nexa_interface/msg
[9.046s] -- Up-to-date: /home/chen/repositorio2/Robot/install/proy_nexa_interface/include/proy_nexa_interface/msg/rosidl_typesupport_fastrtps_cpp__visibility_control.h
[9.046s] -- Up-to-date: /home/chen/repositorio2/Robot/install/proy_nexa_interface/include/proy_nexa_interface/msg/detail
[9.046s] -- Installing: /home/chen/repositorio2/Robot/install/proy_nexa_interface/include/proy_nexa_interface/msg/detail/distvel__rosidl_typesupport_fastrtps_cpp.hpp
[9.046s] -- Up-to-date: /home/chen/repositorio2/Robot/install/proy_nexa_interface/include/proy_nexa_interface/msg/detail/dds_fastrtps
[9.046s] -- Up-to-date: /home/chen/repositorio2/Robot/install/proy_nexa_interface/include/proy_nexa_interface/action
[9.046s] -- Up-to-date: /home/chen/repositorio2/Robot/install/proy_nexa_interface/include/proy_nexa_interface/action/detail
[9.046s] -- Up-to-date: /home/chen/repositorio2/Robot/install/proy_nexa_interface/include/proy_nexa_interface/action/detail/dds_fastrtps
[9.046s] -- Installing: /home/chen/repositorio2/Robot/install/proy_nexa_interface/include/proy_nexa_interface/action/detail/move__rosidl_typesupport_fastrtps_cpp.hpp
[9.046s] -- Up-to-date: /home/chen/repositorio2/Robot/install/proy_nexa_interface/include/proy_nexa_interface/srv
[9.047s] -- Up-to-date: /home/chen/repositorio2/Robot/install/proy_nexa_interface/include/proy_nexa_interface/srv/detail
[9.047s] -- Installing: /home/chen/repositorio2/Robot/install/proy_nexa_interface/include/proy_nexa_interface/srv/detail/my_move_msg__rosidl_typesupport_fastrtps_cpp.hpp
[9.047s] -- Up-to-date: /home/chen/repositorio2/Robot/install/proy_nexa_interface/include/proy_nexa_interface/srv/detail/dds_fastrtps
[9.047s] -- Installing: /home/chen/repositorio2/Robot/install/proy_nexa_interface/lib/libproy_nexa_interface__rosidl_typesupport_fastrtps_cpp.so
[9.048s] -- Set runtime path of "/home/chen/repositorio2/Robot/install/proy_nexa_interface/lib/libproy_nexa_interface__rosidl_typesupport_fastrtps_cpp.so" to ""
[9.048s] -- Up-to-date: /home/chen/repositorio2/Robot/install/proy_nexa_interface/include/proy_nexa_interface
[9.048s] -- Up-to-date: /home/chen/repositorio2/Robot/install/proy_nexa_interface/include/proy_nexa_interface/msg
[9.048s] -- Up-to-date: /home/chen/repositorio2/Robot/install/proy_nexa_interface/include/proy_nexa_interface/msg/rosidl_typesupport_introspection_c__visibility_control.h
[9.048s] -- Up-to-date: /home/chen/repositorio2/Robot/install/proy_nexa_interface/include/proy_nexa_interface/msg/detail
[9.048s] -- Installing: /home/chen/repositorio2/Robot/install/proy_nexa_interface/include/proy_nexa_interface/msg/detail/distvel__type_support.c
[9.049s] -- Installing: /home/chen/repositorio2/Robot/install/proy_nexa_interface/include/proy_nexa_interface/msg/detail/distvel__rosidl_typesupport_introspection_c.h
[9.049s] -- Up-to-date: /home/chen/repositorio2/Robot/install/proy_nexa_interface/include/proy_nexa_interface/action
[9.049s] -- Up-to-date: /home/chen/repositorio2/Robot/install/proy_nexa_interface/include/proy_nexa_interface/action/detail
[9.049s] -- Installing: /home/chen/repositorio2/Robot/install/proy_nexa_interface/include/proy_nexa_interface/action/detail/move__type_support.c
[9.050s] -- Installing: /home/chen/repositorio2/Robot/install/proy_nexa_interface/include/proy_nexa_interface/action/detail/move__rosidl_typesupport_introspection_c.h
[9.050s] -- Up-to-date: /home/chen/repositorio2/Robot/install/proy_nexa_interface/include/proy_nexa_interface/srv
[9.050s] -- Up-to-date: /home/chen/repositorio2/Robot/install/proy_nexa_interface/include/proy_nexa_interface/srv/detail
[9.051s] -- Installing: /home/chen/repositorio2/Robot/install/proy_nexa_interface/include/proy_nexa_interface/srv/detail/my_move_msg__rosidl_typesupport_introspection_c.h
[9.051s] -- Installing: /home/chen/repositorio2/Robot/install/proy_nexa_interface/include/proy_nexa_interface/srv/detail/my_move_msg__type_support.c
[9.051s] -- Installing: /home/chen/repositorio2/Robot/install/proy_nexa_interface/lib/libproy_nexa_interface__rosidl_typesupport_introspection_c.so
[9.052s] -- Set runtime path of "/home/chen/repositorio2/Robot/install/proy_nexa_interface/lib/libproy_nexa_interface__rosidl_typesupport_introspection_c.so" to ""
[9.052s] -- Installing: /home/chen/repositorio2/Robot/install/proy_nexa_interface/lib/libproy_nexa_interface__rosidl_typesupport_c.so
[9.053s] -- Set runtime path of "/home/chen/repositorio2/Robot/install/proy_nexa_interface/lib/libproy_nexa_interface__rosidl_typesupport_c.so" to ""
[9.053s] -- Up-to-date: /home/chen/repositorio2/Robot/install/proy_nexa_interface/include/proy_nexa_interface
[9.053s] -- Up-to-date: /home/chen/repositorio2/Robot/install/proy_nexa_interface/include/proy_nexa_interface/msg
[9.053s] -- Installing: /home/chen/repositorio2/Robot/install/proy_nexa_interface/include/proy_nexa_interface/msg/distvel.hpp
[9.054s] -- Up-to-date: /home/chen/repositorio2/Robot/install/proy_nexa_interface/include/proy_nexa_interface/msg/detail
[9.054s] -- Installing: /home/chen/repositorio2/Robot/install/proy_nexa_interface/include/proy_nexa_interface/msg/detail/distvel__builder.hpp
[9.054s] -- Installing: /home/chen/repositorio2/Robot/install/proy_nexa_interface/include/proy_nexa_interface/msg/detail/distvel__struct.hpp
[9.055s] -- Installing: /home/chen/repositorio2/Robot/install/proy_nexa_interface/include/proy_nexa_interface/msg/detail/distvel__traits.hpp
[9.055s] -- Up-to-date: /home/chen/repositorio2/Robot/install/proy_nexa_interface/include/proy_nexa_interface/action
[9.055s] -- Up-to-date: /home/chen/repositorio2/Robot/install/proy_nexa_interface/include/proy_nexa_interface/action/detail
[9.055s] -- Installing: /home/chen/repositorio2/Robot/install/proy_nexa_interface/include/proy_nexa_interface/action/detail/move__builder.hpp
[9.055s] -- Installing: /home/chen/repositorio2/Robot/install/proy_nexa_interface/include/proy_nexa_interface/action/detail/move__traits.hpp
[9.056s] -- Installing: /home/chen/repositorio2/Robot/install/proy_nexa_interface/include/proy_nexa_interface/action/detail/move__struct.hpp
[9.056s] -- Installing: /home/chen/repositorio2/Robot/install/proy_nexa_interface/include/proy_nexa_interface/action/move.hpp
[9.056s] -- Up-to-date: /home/chen/repositorio2/Robot/install/proy_nexa_interface/include/proy_nexa_interface/srv
[9.056s] -- Installing: /home/chen/repositorio2/Robot/install/proy_nexa_interface/include/proy_nexa_interface/srv/my_move_msg.hpp
[9.057s] -- Up-to-date: /home/chen/repositorio2/Robot/install/proy_nexa_interface/include/proy_nexa_interface/srv/detail
[9.057s] -- Installing: /home/chen/repositorio2/Robot/install/proy_nexa_interface/include/proy_nexa_interface/srv/detail/my_move_msg__builder.hpp
[9.057s] -- Installing: /home/chen/repositorio2/Robot/install/proy_nexa_interface/include/proy_nexa_interface/srv/detail/my_move_msg__struct.hpp
[9.058s] -- Installing: /home/chen/repositorio2/Robot/install/proy_nexa_interface/include/proy_nexa_interface/srv/detail/my_move_msg__traits.hpp
[9.058s] -- Up-to-date: /home/chen/repositorio2/Robot/install/proy_nexa_interface/include/proy_nexa_interface
[9.058s] -- Up-to-date: /home/chen/repositorio2/Robot/install/proy_nexa_interface/include/proy_nexa_interface/msg
[9.058s] -- Up-to-date: /home/chen/repositorio2/Robot/install/proy_nexa_interface/include/proy_nexa_interface/msg/detail
[9.058s] -- Installing: /home/chen/repositorio2/Robot/install/proy_nexa_interface/include/proy_nexa_interface/msg/detail/distvel__type_support.cpp
[9.059s] -- Installing: /home/chen/repositorio2/Robot/install/proy_nexa_interface/include/proy_nexa_interface/msg/detail/distvel__rosidl_typesupport_introspection_cpp.hpp
[9.059s] -- Up-to-date: /home/chen/repositorio2/Robot/install/proy_nexa_interface/include/proy_nexa_interface/action
[9.059s] -- Up-to-date: /home/chen/repositorio2/Robot/install/proy_nexa_interface/include/proy_nexa_interface/action/detail
[9.059s] -- Installing: /home/chen/repositorio2/Robot/install/proy_nexa_interface/include/proy_nexa_interface/action/detail/move__type_support.cpp
[9.060s] -- Installing: /home/chen/repositorio2/Robot/install/proy_nexa_interface/include/proy_nexa_interface/action/detail/move__rosidl_typesupport_introspection_cpp.hpp
[9.060s] -- Up-to-date: /home/chen/repositorio2/Robot/install/proy_nexa_interface/include/proy_nexa_interface/srv
[9.060s] -- Up-to-date: /home/chen/repositorio2/Robot/install/proy_nexa_interface/include/proy_nexa_interface/srv/detail
[9.060s] -- Installing: /home/chen/repositorio2/Robot/install/proy_nexa_interface/include/proy_nexa_interface/srv/detail/my_move_msg__type_support.cpp
[9.060s] -- Installing: /home/chen/repositorio2/Robot/install/proy_nexa_interface/include/proy_nexa_interface/srv/detail/my_move_msg__rosidl_typesupport_introspection_cpp.hpp
[9.062s] -- Installing: /home/chen/repositorio2/Robot/install/proy_nexa_interface/lib/libproy_nexa_interface__rosidl_typesupport_introspection_cpp.so
[9.063s] -- Set runtime path of "/home/chen/repositorio2/Robot/install/proy_nexa_interface/lib/libproy_nexa_interface__rosidl_typesupport_introspection_cpp.so" to ""
[9.063s] -- Installing: /home/chen/repositorio2/Robot/install/proy_nexa_interface/lib/libproy_nexa_interface__rosidl_typesupport_cpp.so
[9.063s] -- Set runtime path of "/home/chen/repositorio2/Robot/install/proy_nexa_interface/lib/libproy_nexa_interface__rosidl_typesupport_cpp.so" to ""
[9.063s] -- Up-to-date: /home/chen/repositorio2/Robot/install/proy_nexa_interface/share/proy_nexa_interface/environment/pythonpath.sh
[9.063s] -- Installing: /home/chen/repositorio2/Robot/install/proy_nexa_interface/share/proy_nexa_interface/environment/pythonpath.dsv
[9.063s] -- Installing: /home/chen/repositorio2/Robot/install/proy_nexa_interface/lib/python3.8/site-packages/proy_nexa_interface/__init__.py
[9.092s] Compiling '/home/chen/repositorio2/Robot/install/proy_nexa_interface/lib/python3.8/site-packages/proy_nexa_interface/__init__.py'...
[9.094s] -- Up-to-date: /home/chen/repositorio2/Robot/install/proy_nexa_interface/lib/python3.8/site-packages/proy_nexa_interface/msg
[9.095s] -- Installing: /home/chen/repositorio2/Robot/install/proy_nexa_interface/lib/python3.8/site-packages/proy_nexa_interface/msg/_distvel_s.c
[9.095s] -- Installing: /home/chen/repositorio2/Robot/install/proy_nexa_interface/lib/python3.8/site-packages/proy_nexa_interface/msg/__init__.py
[9.095s] -- Installing: /home/chen/repositorio2/Robot/install/proy_nexa_interface/lib/python3.8/site-packages/proy_nexa_interface/msg/_distvel.py
[9.095s] -- Up-to-date: /home/chen/repositorio2/Robot/install/proy_nexa_interface/lib/python3.8/site-packages/proy_nexa_interface/srv
[9.096s] -- Installing: /home/chen/repositorio2/Robot/install/proy_nexa_interface/lib/python3.8/site-packages/proy_nexa_interface/srv/_my_move_msg_s.c
[9.096s] -- Installing: /home/chen/repositorio2/Robot/install/proy_nexa_interface/lib/python3.8/site-packages/proy_nexa_interface/srv/__init__.py
[9.096s] -- Installing: /home/chen/repositorio2/Robot/install/proy_nexa_interface/lib/python3.8/site-packages/proy_nexa_interface/srv/_my_move_msg.py
[9.096s] -- Up-to-date: /home/chen/repositorio2/Robot/install/proy_nexa_interface/lib/python3.8/site-packages/proy_nexa_interface/action
[9.096s] -- Installing: /home/chen/repositorio2/Robot/install/proy_nexa_interface/lib/python3.8/site-packages/proy_nexa_interface/action/_move_s.c
[9.096s] -- Installing: /home/chen/repositorio2/Robot/install/proy_nexa_interface/lib/python3.8/site-packages/proy_nexa_interface/action/_move.py
[9.096s] -- Installing: /home/chen/repositorio2/Robot/install/proy_nexa_interface/lib/python3.8/site-packages/proy_nexa_interface/action/__init__.py
[9.097s] -- Installing: /home/chen/repositorio2/Robot/install/proy_nexa_interface/lib/python3.8/site-packages/proy_nexa_interface/proy_nexa_interface_s__rosidl_typesupport_fastrtps_c.cpython-38-x86_64-linux-gnu.so
[9.097s] -- Set runtime path of "/home/chen/repositorio2/Robot/install/proy_nexa_interface/lib/python3.8/site-packages/proy_nexa_interface/proy_nexa_interface_s__rosidl_typesupport_fastrtps_c.cpython-38-x86_64-linux-gnu.so" to ""
[9.097s] -- Installing: /home/chen/repositorio2/Robot/install/proy_nexa_interface/lib/python3.8/site-packages/proy_nexa_interface/proy_nexa_interface_s__rosidl_typesupport_introspection_c.cpython-38-x86_64-linux-gnu.so
[9.098s] -- Set runtime path of "/home/chen/repositorio2/Robot/install/proy_nexa_interface/lib/python3.8/site-packages/proy_nexa_interface/proy_nexa_interface_s__rosidl_typesupport_introspection_c.cpython-38-x86_64-linux-gnu.so" to ""
[9.098s] -- Installing: /home/chen/repositorio2/Robot/install/proy_nexa_interface/lib/python3.8/site-packages/proy_nexa_interface/proy_nexa_interface_s__rosidl_typesupport_c.cpython-38-x86_64-linux-gnu.so
[9.099s] -- Set runtime path of "/home/chen/repositorio2/Robot/install/proy_nexa_interface/lib/python3.8/site-packages/proy_nexa_interface/proy_nexa_interface_s__rosidl_typesupport_c.cpython-38-x86_64-linux-gnu.so" to ""
[9.099s] -- Installing: /home/chen/repositorio2/Robot/install/proy_nexa_interface/lib/libproy_nexa_interface__python.so
[9.100s] -- Set runtime path of "/home/chen/repositorio2/Robot/install/proy_nexa_interface/lib/libproy_nexa_interface__python.so" to ""
[9.100s] -- Up-to-date: /home/chen/repositorio2/Robot/install/proy_nexa_interface/share/proy_nexa_interface/msg/Distvel.idl
[9.100s] -- Up-to-date: /home/chen/repositorio2/Robot/install/proy_nexa_interface/share/proy_nexa_interface/srv/MyMoveMsg.idl
[9.100s] -- Installing: /home/chen/repositorio2/Robot/install/proy_nexa_interface/share/proy_nexa_interface/action/Move.idl
[9.100s] -- Up-to-date: /home/chen/repositorio2/Robot/install/proy_nexa_interface/share/proy_nexa_interface/msg/Distvel.msg
[9.100s] -- Up-to-date: /home/chen/repositorio2/Robot/install/proy_nexa_interface/share/proy_nexa_interface/srv/MyMoveMsg.srv
[9.101s] -- Up-to-date: /home/chen/repositorio2/Robot/install/proy_nexa_interface/share/proy_nexa_interface/srv/MyMoveMsg_Request.msg
[9.101s] -- Up-to-date: /home/chen/repositorio2/Robot/install/proy_nexa_interface/share/proy_nexa_interface/srv/MyMoveMsg_Response.msg
[9.101s] -- Installing: /home/chen/repositorio2/Robot/install/proy_nexa_interface/share/proy_nexa_interface/action/Move.action
[9.101s] -- Up-to-date: /home/chen/repositorio2/Robot/install/proy_nexa_interface/share/ament_index/resource_index/package_run_dependencies/proy_nexa_interface
[9.101s] -- Installing: /home/chen/repositorio2/Robot/install/proy_nexa_interface/share/ament_index/resource_index/parent_prefix_path/proy_nexa_interface
[9.101s] -- Up-to-date: /home/chen/repositorio2/Robot/install/proy_nexa_interface/share/proy_nexa_interface/environment/ament_prefix_path.sh
[9.102s] -- Installing: /home/chen/repositorio2/Robot/install/proy_nexa_interface/share/proy_nexa_interface/environment/ament_prefix_path.dsv
[9.102s] -- Up-to-date: /home/chen/repositorio2/Robot/install/proy_nexa_interface/share/proy_nexa_interface/environment/path.sh
[9.102s] -- Installing: /home/chen/repositorio2/Robot/install/proy_nexa_interface/share/proy_nexa_interface/environment/path.dsv
[9.102s] -- Up-to-date: /home/chen/repositorio2/Robot/install/proy_nexa_interface/share/proy_nexa_interface/local_setup.bash
[9.102s] -- Up-to-date: /home/chen/repositorio2/Robot/install/proy_nexa_interface/share/proy_nexa_interface/local_setup.sh
[9.102s] -- Up-to-date: /home/chen/repositorio2/Robot/install/proy_nexa_interface/share/proy_nexa_interface/local_setup.zsh
[9.102s] -- Installing: /home/chen/repositorio2/Robot/install/proy_nexa_interface/share/proy_nexa_interface/local_setup.dsv
[9.102s] -- Installing: /home/chen/repositorio2/Robot/install/proy_nexa_interface/share/proy_nexa_interface/package.dsv
[9.102s] -- Up-to-date: /home/chen/repositorio2/Robot/install/proy_nexa_interface/share/ament_index/resource_index/packages/proy_nexa_interface
[9.102s] -- Up-to-date: /home/chen/repositorio2/Robot/install/proy_nexa_interface/share/proy_nexa_interface/cmake/proy_nexa_interface__rosidl_generator_cExport.cmake
[9.102s] -- Installing: /home/chen/repositorio2/Robot/install/proy_nexa_interface/share/proy_nexa_interface/cmake/proy_nexa_interface__rosidl_generator_cExport-noconfig.cmake
[9.103s] -- Up-to-date: /home/chen/repositorio2/Robot/install/proy_nexa_interface/share/proy_nexa_interface/cmake/proy_nexa_interface__rosidl_typesupport_introspection_cExport.cmake
[9.103s] -- Installing: /home/chen/repositorio2/Robot/install/proy_nexa_interface/share/proy_nexa_interface/cmake/proy_nexa_interface__rosidl_typesupport_introspection_cExport-noconfig.cmake
[9.103s] -- Up-to-date: /home/chen/repositorio2/Robot/install/proy_nexa_interface/share/proy_nexa_interface/cmake/proy_nexa_interface__rosidl_typesupport_cExport.cmake
[9.103s] -- Installing: /home/chen/repositorio2/Robot/install/proy_nexa_interface/share/proy_nexa_interface/cmake/proy_nexa_interface__rosidl_typesupport_cExport-noconfig.cmake
[9.103s] -- Up-to-date: /home/chen/repositorio2/Robot/install/proy_nexa_interface/share/proy_nexa_interface/cmake/proy_nexa_interface__rosidl_generator_cppExport.cmake
[9.103s] -- Up-to-date: /home/chen/repositorio2/Robot/install/proy_nexa_interface/share/proy_nexa_interface/cmake/proy_nexa_interface__rosidl_typesupport_introspection_cppExport.cmake
[9.103s] -- Installing: /home/chen/repositorio2/Robot/install/proy_nexa_interface/share/proy_nexa_interface/cmake/proy_nexa_interface__rosidl_typesupport_introspection_cppExport-noconfig.cmake
[9.104s] -- Up-to-date: /home/chen/repositorio2/Robot/install/proy_nexa_interface/share/proy_nexa_interface/cmake/proy_nexa_interface__rosidl_typesupport_cppExport.cmake
[9.104s] -- Installing: /home/chen/repositorio2/Robot/install/proy_nexa_interface/share/proy_nexa_interface/cmake/proy_nexa_interface__rosidl_typesupport_cppExport-noconfig.cmake
[9.105s] -- Up-to-date: /home/chen/repositorio2/Robot/install/proy_nexa_interface/share/proy_nexa_interface/cmake/rosidl_cmake-extras.cmake
[9.105s] -- Up-to-date: /home/chen/repositorio2/Robot/install/proy_nexa_interface/share/proy_nexa_interface/cmake/ament_cmake_export_dependencies-extras.cmake
[9.105s] -- Up-to-date: /home/chen/repositorio2/Robot/install/proy_nexa_interface/share/proy_nexa_interface/cmake/ament_cmake_export_libraries-extras.cmake
[9.105s] -- Up-to-date: /home/chen/repositorio2/Robot/install/proy_nexa_interface/share/proy_nexa_interface/cmake/ament_cmake_export_targets-extras.cmake
[9.105s] -- Up-to-date: /home/chen/repositorio2/Robot/install/proy_nexa_interface/share/proy_nexa_interface/cmake/ament_cmake_export_include_directories-extras.cmake
[9.105s] -- Up-to-date: /home/chen/repositorio2/Robot/install/proy_nexa_interface/share/proy_nexa_interface/cmake/rosidl_cmake_export_typesupport_libraries-extras.cmake
[9.105s] -- Up-to-date: /home/chen/repositorio2/Robot/install/proy_nexa_interface/share/proy_nexa_interface/cmake/rosidl_cmake_export_typesupport_targets-extras.cmake
[9.106s] -- Up-to-date: /home/chen/repositorio2/Robot/install/proy_nexa_interface/share/proy_nexa_interface/cmake/proy_nexa_interfaceConfig.cmake
[9.106s] -- Up-to-date: /home/chen/repositorio2/Robot/install/proy_nexa_interface/share/proy_nexa_interface/cmake/proy_nexa_interfaceConfig-version.cmake
[9.106s] -- Up-to-date: /home/chen/repositorio2/Robot/install/proy_nexa_interface/share/proy_nexa_interface/package.xml
[9.108s] Invoked command in '/home/chen/repositorio2/Robot/build/proy_nexa_interface' returned '0': CMAKE_PREFIX_PATH=${CMAKE_PREFIX_PATH}://home/chen/repositorio2/Robot/install/proy_nexa_action://home/chen/repositorio2/Robot/install/proy_nexa_show_msg://home/chen/repositorio2/Robot/install/proy_nexa_service://home/chen/repositorio2/Robot/install/proy_nexa_provide_map://home/chen/repositorio2/Robot/install/proy_nexa_nav2_system://home/chen/repositorio2/Robot/install/proy_nexa_my_slam:/home/chen/turtlebot3_ws/install/show_msg:/home/chen/turtlebot3_ws/install/proy_nexa_show_msg:/home/chen/turtlebot3_ws/install/proy_nexa_service:/home/chen/turtlebot3_ws/install/provide_map:/home/chen/turtlebot3_ws/install/my_slam:/home/chen/turtlebot3_ws/install/my_nav2_system:/home/chen/turtlebot3_ws/install/my_first_subscriber:/home/chen/turtlebot3_ws/install/my_first_service:/home/chen/turtlebot3_ws/install/my_first_publisher:/home/chen/turtlebot3_ws/install/my_first_node:/home/chen/turtlebot3_ws/install/my_first_action:/home/chen/turtlebot3_ws/src/my_first_service/install/my_first_service:/opt/ros/galactic /usr/bin/cmake --install /home/chen/repositorio2/Robot/build/proy_nexa_interface
