-- The C compiler identification is GNU 9.4.0
-- The CXX compiler identification is GNU 9.4.0
-- Detecting C compiler ABI info
-- Detecting C compiler ABI info - done
-- Check for working C compiler: /usr/bin/cc - skipped
-- Detecting C compile features
-- Detecting C compile features - done
-- Detecting CXX compiler ABI info
-- Detecting CXX compiler ABI info - done
-- Check for working CXX compiler: /usr/bin/c++ - skipped
-- Detecting CXX compile features
-- Detecting CXX compile features - done
-- Found ament_cmake_ros: 0.9.2 (/opt/ros/galactic/share/ament_cmake_ros/cmake)
-- Found PythonInterp: /usr/bin/python3 (found suitable version "3.8.10", minimum required is "3")
-- Using PYTHON_EXECUTABLE: /usr/bin/python3
-- Found async_web_server_cpp: 2.0.0 (/home/chen/repositorio2/Robot/src/install/async_web_server_cpp/share/async_web_server_cpp/cmake)
-- Found Boost: /usr/lib/x86_64-linux-gnu/cmake/Boost-1.71.0/BoostConfig.cmake (found suitable version "1.71.0", minimum required is "1.71.0") found components: filesystem thread
-- Found cv_bridge: 3.1.3 (/opt/ros/galactic/share/cv_bridge/cmake)
-- Using all available rosidl_typesupport_c: rosidl_typesupport_fastrtps_c;rosidl_typesupport_introspection_c
-- Found rosidl_adapter: 2.2.3 (/opt/ros/galactic/share/rosidl_adapter/cmake)
-- Found OpenSSL: /usr/lib/x86_64-linux-gnu/libcrypto.so (found version "1.1.1f")
-- Found FastRTPS: /opt/ros/galactic/include
-- Using all available rosidl_typesupport_cpp: rosidl_typesupport_fastrtps_cpp;rosidl_typesupport_introspection_cpp
-- Found image_transport: 2.5.1 (/opt/ros/galactic/share/image_transport/cmake)
-- Found rmw_implementation_cmake: 3.3.1 (/opt/ros/galactic/share/rmw_implementation_cmake/cmake)
-- Found rmw_cyclonedds_cpp: 0.22.6 (/opt/ros/galactic/share/rmw_cyclonedds_cpp/cmake)
-- Using RMW implementation 'rmw_cyclonedds_cpp' as default
-- Found Threads: TRUE
-- Found OpenCV: /usr (found version "4.2.0")
-- Found Boost: /usr/lib/x86_64-linux-gnu/cmake/Boost-1.71.0/BoostConfig.cmake (found version "1.71.0") found components: thread
-- Found PkgConfig: /usr/bin/pkg-config (found version "0.29.1")
-- Checking for module 'libavcodec'
--   Found libavcodec, version 58.54.100
-- Checking for module 'libavformat'
--   Found libavformat, version 58.29.100
-- Checking for module 'libavutil'
--   Found libavutil, version 56.31.100
-- Checking for module 'libswscale'
--   Found libswscale, version 5.5.100
-- Configuring done (8.8s)
-- Generating done (0.2s)
-- Build files have been written to: /home/chen/repositorio2/Robot/src/build/web_video_server
[  9%] [32mBuilding CXX object CMakeFiles/web_video_server.dir/src/web_video_server.cpp.o[0m
[ 18%] [32mBuilding CXX object CMakeFiles/web_video_server.dir/src/image_streamer.cpp.o[0m
[ 27%] [32mBuilding CXX object CMakeFiles/web_video_server.dir/src/libav_streamer.cpp.o[0m
[ 36%] [32mBuilding CXX object CMakeFiles/web_video_server.dir/src/vp8_streamer.cpp.o[0m
[ 45%] [32mBuilding CXX object CMakeFiles/web_video_server.dir/src/h264_streamer.cpp.o[0m
[ 54%] [32mBuilding CXX object CMakeFiles/web_video_server.dir/src/vp9_streamer.cpp.o[0m
[ 63%] [32mBuilding CXX object CMakeFiles/web_video_server.dir/src/multipart_stream.cpp.o[0m
[ 72%] [32mBuilding CXX object CMakeFiles/web_video_server.dir/src/ros_compressed_streamer.cpp.o[0m
[ 81%] [32mBuilding CXX object CMakeFiles/web_video_server.dir/src/jpeg_streamers.cpp.o[0m
[ 90%] [32mBuilding CXX object CMakeFiles/web_video_server.dir/src/png_streamers.cpp.o[0m
[100%] [32m[1mLinking CXX executable web_video_server[0m
[100%] Built target web_video_server
-- Install configuration: ""
-- Installing: /home/chen/repositorio2/Robot/src/install/web_video_server/lib/web_video_server/web_video_server
-- Set non-toolchain portion of runtime path of "/home/chen/repositorio2/Robot/src/install/web_video_server/lib/web_video_server/web_video_server" to ""
-- Installing: /home/chen/repositorio2/Robot/src/install/web_video_server/include/web_video_server
-- Installing: /home/chen/repositorio2/Robot/src/install/web_video_server/include/web_video_server/ros_compressed_streamer.h
-- Installing: /home/chen/repositorio2/Robot/src/install/web_video_server/include/web_video_server/web_video_server.h
-- Installing: /home/chen/repositorio2/Robot/src/install/web_video_server/include/web_video_server/vp8_streamer.h
-- Installing: /home/chen/repositorio2/Robot/src/install/web_video_server/include/web_video_server/png_streamers.h
-- Installing: /home/chen/repositorio2/Robot/src/install/web_video_server/include/web_video_server/jpeg_streamers.h
-- Installing: /home/chen/repositorio2/Robot/src/install/web_video_server/include/web_video_server/image_streamer.h
-- Installing: /home/chen/repositorio2/Robot/src/install/web_video_server/include/web_video_server/libav_streamer.h
-- Installing: /home/chen/repositorio2/Robot/src/install/web_video_server/include/web_video_server/multipart_stream.h
-- Installing: /home/chen/repositorio2/Robot/src/install/web_video_server/include/web_video_server/vp9_streamer.h
-- Installing: /home/chen/repositorio2/Robot/src/install/web_video_server/include/web_video_server/h264_streamer.h
-- Installing: /home/chen/repositorio2/Robot/src/install/web_video_server/share/ament_index/resource_index/package_run_dependencies/web_video_server
-- Installing: /home/chen/repositorio2/Robot/src/install/web_video_server/share/ament_index/resource_index/parent_prefix_path/web_video_server
-- Installing: /home/chen/repositorio2/Robot/src/install/web_video_server/share/web_video_server/environment/ament_prefix_path.sh
-- Installing: /home/chen/repositorio2/Robot/src/install/web_video_server/share/web_video_server/environment/ament_prefix_path.dsv
-- Installing: /home/chen/repositorio2/Robot/src/install/web_video_server/share/web_video_server/environment/path.sh
-- Installing: /home/chen/repositorio2/Robot/src/install/web_video_server/share/web_video_server/environment/path.dsv
-- Installing: /home/chen/repositorio2/Robot/src/install/web_video_server/share/web_video_server/local_setup.bash
-- Installing: /home/chen/repositorio2/Robot/src/install/web_video_server/share/web_video_server/local_setup.sh
-- Installing: /home/chen/repositorio2/Robot/src/install/web_video_server/share/web_video_server/local_setup.zsh
-- Installing: /home/chen/repositorio2/Robot/src/install/web_video_server/share/web_video_server/local_setup.dsv
-- Installing: /home/chen/repositorio2/Robot/src/install/web_video_server/share/web_video_server/package.dsv
-- Installing: /home/chen/repositorio2/Robot/src/install/web_video_server/share/ament_index/resource_index/packages/web_video_server
-- Installing: /home/chen/repositorio2/Robot/src/install/web_video_server/share/web_video_server/cmake/web_video_serverConfig.cmake
-- Installing: /home/chen/repositorio2/Robot/src/install/web_video_server/share/web_video_server/cmake/web_video_serverConfig-version.cmake
-- Installing: /home/chen/repositorio2/Robot/src/install/web_video_server/share/web_video_server/package.xml
