[0.581s] Invoking command in '/home/chen/repositorio2/Robot/src/build/web_video_server': CMAKE_PREFIX_PATH=/home/chen/turtlebot3_ws/install/show_msg:/home/chen/turtlebot3_ws/install/proy_nexa_show_msg:/home/chen/turtlebot3_ws/install/proy_nexa_service:/home/chen/turtlebot3_ws/install/provide_map:/home/chen/turtlebot3_ws/install/my_slam:/home/chen/turtlebot3_ws/install/my_nav2_system:/home/chen/turtlebot3_ws/install/my_first_subscriber:/home/chen/turtlebot3_ws/install/my_first_service:/home/chen/turtlebot3_ws/install/my_first_publisher:/home/chen/turtlebot3_ws/install/my_first_node:/home/chen/turtlebot3_ws/install/my_first_action:/home/chen/turtlebot3_ws/install/capture_image:/home/chen/turtlebot3_ws/install/apellido1_apellido2_ex_my_nav2_system:/home/chen/turtlebot3_ws/src/my_first_service/install/my_first_service:/opt/ros/galactic:/home/chen/repositorio2/Robot/src/install/async_web_server_cpp:${CMAKE_PREFIX_PATH} LD_LIBRARY_PATH=/home/chen/repositorio2/Robot/src/install/async_web_server_cpp/lib:${LD_LIBRARY_PATH} PKG_CONFIG_PATH=/home/chen/repositorio2/Robot/src/install/async_web_server_cpp/lib/x86_64-linux-gnu/pkgconfig:/home/chen/repositorio2/Robot/src/install/async_web_server_cpp/lib/pkgconfig ROS_PACKAGE_PATH=/home/chen/repositorio2/Robot/src/install/async_web_server_cpp/share /home/chen/.local/bin/cmake /home/chen/repositorio2/Robot/src/web_video_server -DCMAKE_INSTALL_PREFIX=/home/chen/repositorio2/Robot/src/install/web_video_server
[1.257s] -- The C compiler identification is GNU 9.4.0
[1.492s] -- The CXX compiler identification is GNU 9.4.0
[1.554s] -- Detecting C compiler ABI info
[1.836s] -- Detecting C compiler ABI info - done
[1.882s] -- Check for working C compiler: /usr/bin/cc - skipped
[1.886s] -- Detecting C compile features
[1.888s] -- Detecting C compile features - done
[1.905s] -- Detecting CXX compiler ABI info
[2.316s] -- Detecting CXX compiler ABI info - done
[2.382s] -- Check for working CXX compiler: /usr/bin/c++ - skipped
[2.383s] -- Detecting CXX compile features
[2.383s] -- Detecting CXX compile features - done
[2.416s] -- Found ament_cmake_ros: 0.9.2 (/opt/ros/galactic/share/ament_cmake_ros/cmake)
[2.508s] [33mCMake Warning (dev) at /opt/ros/galactic/share/ament_cmake_core/cmake/core/python.cmake:22 (find_package):
[2.508s]   Policy CMP0148 is not set: The FindPythonInterp and FindPythonLibs modules
[2.508s]   are removed.  Run "cmake --help-policy CMP0148" for policy details.  Use
[2.508s]   the cmake_policy command to set the policy and suppress this warning.
[2.509s] 
[2.509s] Call Stack (most recent call first):
[2.509s]   /opt/ros/galactic/share/ament_cmake_core/cmake/core/all.cmake:53 (include)
[2.509s]   /opt/ros/galactic/share/ament_cmake_core/cmake/ament_cmake_core-extras.cmake:17 (include)
[2.509s]   /opt/ros/galactic/share/ament_cmake_core/cmake/ament_cmake_coreConfig.cmake:41 (include)
[2.509s]   /opt/ros/galactic/share/ament_cmake_test/cmake/ament_cmake_test-extras.cmake:39 (find_package)
[2.509s]   /opt/ros/galactic/share/ament_cmake_test/cmake/ament_cmake_testConfig.cmake:41 (include)
[2.509s]   /opt/ros/galactic/share/ament_cmake_pytest/cmake/ament_cmake_pytest-extras.cmake:17 (find_package)
[2.509s]   /opt/ros/galactic/share/ament_cmake_pytest/cmake/ament_cmake_pytestConfig.cmake:41 (include)
[2.509s]   /opt/ros/galactic/share/ament_cmake_ros/cmake/ament_cmake_ros-extras.cmake:19 (find_package)
[2.510s]   /opt/ros/galactic/share/ament_cmake_ros/cmake/ament_cmake_rosConfig.cmake:41 (include)
[2.510s]   CMakeLists.txt:4 (find_package)
[2.510s] This warning is for project developers.  Use -Wno-dev to suppress it.
[2.510s] [0m
[2.620s] -- Found PythonInterp: /usr/bin/python3 (found suitable version "3.8.10", minimum required is "3")
[2.620s] -- Using PYTHON_EXECUTABLE: /usr/bin/python3
[3.155s] -- Found async_web_server_cpp: 2.0.0 (/home/chen/repositorio2/Robot/src/install/async_web_server_cpp/share/async_web_server_cpp/cmake)
[4.231s] -- Found Boost: /usr/lib/x86_64-linux-gnu/cmake/Boost-1.71.0/BoostConfig.cmake (found suitable version "1.71.0", minimum required is "1.71.0") found components: filesystem thread
[4.256s] -- Found cv_bridge: 3.1.3 (/opt/ros/galactic/share/cv_bridge/cmake)
[4.590s] -- Using all available rosidl_typesupport_c: rosidl_typesupport_fastrtps_c;rosidl_typesupport_introspection_c
[4.644s] -- Found rosidl_adapter: 2.2.3 (/opt/ros/galactic/share/rosidl_adapter/cmake)
[5.054s] -- Found OpenSSL: /usr/lib/x86_64-linux-gnu/libcrypto.so (found version "1.1.1f")
[5.238s] -- Found FastRTPS: /opt/ros/galactic/include
[5.704s] -- Using all available rosidl_typesupport_cpp: rosidl_typesupport_fastrtps_cpp;rosidl_typesupport_introspection_cpp
[6.397s] -- Found image_transport: 2.5.1 (/opt/ros/galactic/share/image_transport/cmake)
[6.818s] -- Found rmw_implementation_cmake: 3.3.1 (/opt/ros/galactic/share/rmw_implementation_cmake/cmake)
[6.834s] -- Found rmw_cyclonedds_cpp: 0.22.6 (/opt/ros/galactic/share/rmw_cyclonedds_cpp/cmake)
[6.939s] -- Using RMW implementation 'rmw_cyclonedds_cpp' as default
[6.945s] -- Found Threads: TRUE
[8.064s] -- Found OpenCV: /usr (found version "4.2.0")
[8.078s] -- Found Boost: /usr/lib/x86_64-linux-gnu/cmake/Boost-1.71.0/BoostConfig.cmake (found version "1.71.0") found components: thread
[8.102s] -- Found PkgConfig: /usr/bin/pkg-config (found version "0.29.1")
[8.106s] -- Checking for module 'libavcodec'
[8.224s] --   Found libavcodec, version 58.54.100
[8.396s] -- Checking for module 'libavformat'
[8.476s] --   Found libavformat, version 58.29.100
[8.683s] -- Checking for module 'libavutil'
[8.751s] --   Found libavutil, version 56.31.100
[8.960s] -- Checking for module 'libswscale'
[9.065s] --   Found libswscale, version 5.5.100
[9.661s] -- Configuring done (8.8s)
[9.782s] -- Generating done (0.2s)
[9.796s] -- Build files have been written to: /home/chen/repositorio2/Robot/src/build/web_video_server
[9.867s] Invoked command in '/home/chen/repositorio2/Robot/src/build/web_video_server' returned '0': CMAKE_PREFIX_PATH=/home/chen/turtlebot3_ws/install/show_msg:/home/chen/turtlebot3_ws/install/proy_nexa_show_msg:/home/chen/turtlebot3_ws/install/proy_nexa_service:/home/chen/turtlebot3_ws/install/provide_map:/home/chen/turtlebot3_ws/install/my_slam:/home/chen/turtlebot3_ws/install/my_nav2_system:/home/chen/turtlebot3_ws/install/my_first_subscriber:/home/chen/turtlebot3_ws/install/my_first_service:/home/chen/turtlebot3_ws/install/my_first_publisher:/home/chen/turtlebot3_ws/install/my_first_node:/home/chen/turtlebot3_ws/install/my_first_action:/home/chen/turtlebot3_ws/install/capture_image:/home/chen/turtlebot3_ws/install/apellido1_apellido2_ex_my_nav2_system:/home/chen/turtlebot3_ws/src/my_first_service/install/my_first_service:/opt/ros/galactic:/home/chen/repositorio2/Robot/src/install/async_web_server_cpp:${CMAKE_PREFIX_PATH} LD_LIBRARY_PATH=/home/chen/repositorio2/Robot/src/install/async_web_server_cpp/lib:${LD_LIBRARY_PATH} PKG_CONFIG_PATH=/home/chen/repositorio2/Robot/src/install/async_web_server_cpp/lib/x86_64-linux-gnu/pkgconfig:/home/chen/repositorio2/Robot/src/install/async_web_server_cpp/lib/pkgconfig ROS_PACKAGE_PATH=/home/chen/repositorio2/Robot/src/install/async_web_server_cpp/share /home/chen/.local/bin/cmake /home/chen/repositorio2/Robot/src/web_video_server -DCMAKE_INSTALL_PREFIX=/home/chen/repositorio2/Robot/src/install/web_video_server
[9.868s] Invoking command in '/home/chen/repositorio2/Robot/src/build/web_video_server': CMAKE_PREFIX_PATH=/home/chen/turtlebot3_ws/install/show_msg:/home/chen/turtlebot3_ws/install/proy_nexa_show_msg:/home/chen/turtlebot3_ws/install/proy_nexa_service:/home/chen/turtlebot3_ws/install/provide_map:/home/chen/turtlebot3_ws/install/my_slam:/home/chen/turtlebot3_ws/install/my_nav2_system:/home/chen/turtlebot3_ws/install/my_first_subscriber:/home/chen/turtlebot3_ws/install/my_first_service:/home/chen/turtlebot3_ws/install/my_first_publisher:/home/chen/turtlebot3_ws/install/my_first_node:/home/chen/turtlebot3_ws/install/my_first_action:/home/chen/turtlebot3_ws/install/capture_image:/home/chen/turtlebot3_ws/install/apellido1_apellido2_ex_my_nav2_system:/home/chen/turtlebot3_ws/src/my_first_service/install/my_first_service:/opt/ros/galactic:/home/chen/repositorio2/Robot/src/install/async_web_server_cpp:${CMAKE_PREFIX_PATH} LD_LIBRARY_PATH=/home/chen/repositorio2/Robot/src/install/async_web_server_cpp/lib:${LD_LIBRARY_PATH} PKG_CONFIG_PATH=/home/chen/repositorio2/Robot/src/install/async_web_server_cpp/lib/x86_64-linux-gnu/pkgconfig:/home/chen/repositorio2/Robot/src/install/async_web_server_cpp/lib/pkgconfig ROS_PACKAGE_PATH=/home/chen/repositorio2/Robot/src/install/async_web_server_cpp/share /home/chen/.local/bin/cmake --build /home/chen/repositorio2/Robot/src/build/web_video_server -- -j2 -l2
[10.163s] [  9%] [32mBuilding CXX object CMakeFiles/web_video_server.dir/src/web_video_server.cpp.o[0m
[35.470s] [ 18%] [32mBuilding CXX object CMakeFiles/web_video_server.dir/src/image_streamer.cpp.o[0m
[56.944s] [ 27%] [32mBuilding CXX object CMakeFiles/web_video_server.dir/src/libav_streamer.cpp.o[0m
[73.326s] [01m[K/home/chen/repositorio2/Robot/src/web_video_server/src/libav_streamer.cpp:[m[K In constructor ‘[01m[Kweb_video_server::LibavStreamer::LibavStreamer(const async_web_server_cpp::HttpRequest&, async_web_server_cpp::HttpConnectionPtr, rclcpp::Node::SharedPtr, const string&, const string&, const string&)[m[K’:
[73.327s] [01m[K/home/chen/repositorio2/Robot/src/web_video_server/src/libav_streamer.cpp:65:55:[m[K [01;35m[Kwarning: [m[K‘[01m[Kint av_lockmgr_register(int (*)(void**, AVLockOp))[m[K’ is deprecated [[01;35m[K-Wdeprecated-declarations[m[K]
[73.328s]    65 |   av_lockmgr_register(&ffmpeg_boost_mutex_lock_manager[01;35m[K)[m[K;
[73.328s]       |                                                       [01;35m[K^[m[K
[73.329s] In file included from [01m[K/home/chen/repositorio2/Robot/src/web_video_server/include/web_video_server/libav_streamer.h:11[m[K,
[73.329s]                  from [01m[K/home/chen/repositorio2/Robot/src/web_video_server/src/libav_streamer.cpp:1[m[K:
[73.329s] [01m[K/usr/include/x86_64-linux-gnu/libavcodec/avcodec.h:6163:5:[m[K [01;36m[Knote: [m[Kdeclared here
[73.329s]  6163 | int [01;36m[Kav_lockmgr_register[m[K(int (*cb)(void **mutex, enum AVLockOp op));
[73.330s]       |     [01;36m[K^~~~~~~~~~~~~~~~~~~[m[K
[73.330s] [01m[K/home/chen/repositorio2/Robot/src/web_video_server/src/libav_streamer.cpp:65:55:[m[K [01;35m[Kwarning: [m[K‘[01m[Kint av_lockmgr_register(int (*)(void**, AVLockOp))[m[K’ is deprecated [[01;35m[K-Wdeprecated-declarations[m[K]
[73.330s]    65 |   av_lockmgr_register(&ffmpeg_boost_mutex_lock_manager[01;35m[K)[m[K;
[73.330s]       |                                                       [01;35m[K^[m[K
[73.330s] In file included from [01m[K/home/chen/repositorio2/Robot/src/web_video_server/include/web_video_server/libav_streamer.h:11[m[K,
[73.330s]                  from [01m[K/home/chen/repositorio2/Robot/src/web_video_server/src/libav_streamer.cpp:1[m[K:
[73.330s] [01m[K/usr/include/x86_64-linux-gnu/libavcodec/avcodec.h:6163:5:[m[K [01;36m[Knote: [m[Kdeclared here
[73.330s]  6163 | int [01;36m[Kav_lockmgr_register[m[K(int (*cb)(void **mutex, enum AVLockOp op));
[73.330s]       |     [01;36m[K^~~~~~~~~~~~~~~~~~~[m[K
[73.330s] [01m[K/home/chen/repositorio2/Robot/src/web_video_server/src/libav_streamer.cpp:66:19:[m[K [01;35m[Kwarning: [m[K‘[01m[Kvoid av_register_all()[m[K’ is deprecated [[01;35m[K-Wdeprecated-declarations[m[K]
[73.345s]    66 |   av_register_all([01;35m[K)[m[K;
[73.345s]       |                   [01;35m[K^[m[K
[73.345s] In file included from [01m[K/home/chen/repositorio2/Robot/src/web_video_server/include/web_video_server/libav_streamer.h:12[m[K,
[73.346s]                  from [01m[K/home/chen/repositorio2/Robot/src/web_video_server/src/libav_streamer.cpp:1[m[K:
[73.346s] [01m[K/usr/include/x86_64-linux-gnu/libavformat/avformat.h:2050:6:[m[K [01;36m[Knote: [m[Kdeclared here
[73.347s]  2050 | void [01;36m[Kav_register_all[m[K(void);
[73.347s]       |      [01;36m[K^~~~~~~~~~~~~~~[m[K
[73.347s] [01m[K/home/chen/repositorio2/Robot/src/web_video_server/src/libav_streamer.cpp:66:19:[m[K [01;35m[Kwarning: [m[K‘[01m[Kvoid av_register_all()[m[K’ is deprecated [[01;35m[K-Wdeprecated-declarations[m[K]
[73.348s]    66 |   av_register_all([01;35m[K)[m[K;
[73.357s]       |                   [01;35m[K^[m[K
[73.358s] In file included from [01m[K/home/chen/repositorio2/Robot/src/web_video_server/include/web_video_server/libav_streamer.h:12[m[K,
[73.358s]                  from [01m[K/home/chen/repositorio2/Robot/src/web_video_server/src/libav_streamer.cpp:1[m[K:
[73.358s] [01m[K/usr/include/x86_64-linux-gnu/libavformat/avformat.h:2050:6:[m[K [01;36m[Knote: [m[Kdeclared here
[73.364s]  2050 | void [01;36m[Kav_register_all[m[K(void);
[73.364s]       |      [01;36m[K^~~~~~~~~~~~~~~[m[K
[73.376s] [01m[K/home/chen/repositorio2/Robot/src/web_video_server/src/libav_streamer.cpp:[m[K In member function ‘[01m[Kvirtual void web_video_server::LibavStreamer::initialize(const cv::Mat&)[m[K’:
[73.376s] [01m[K/home/chen/repositorio2/Robot/src/web_video_server/src/libav_streamer.cpp:160:35:[m[K [01;35m[Kwarning: [m[K‘[01m[KAVStream::codec[m[K’ is deprecated [[01;35m[K-Wdeprecated-declarations[m[K]
[73.376s]   160 |   codec_context_ = video_stream_->[01;35m[Kcodec[m[K;
[73.377s]       |                                   [01;35m[K^~~~~[m[K
[73.377s] In file included from [01m[K/home/chen/repositorio2/Robot/src/web_video_server/include/web_video_server/libav_streamer.h:12[m[K,
[73.377s]                  from [01m[K/home/chen/repositorio2/Robot/src/web_video_server/src/libav_streamer.cpp:1[m[K:
[73.377s] [01m[K/usr/include/x86_64-linux-gnu/libavformat/avformat.h:885:21:[m[K [01;36m[Knote: [m[Kdeclared here
[73.377s]   885 |     AVCodecContext *[01;36m[Kcodec[m[K;
[73.377s]       |                     [01;36m[K^~~~~[m[K
[73.377s] [01m[K/home/chen/repositorio2/Robot/src/web_video_server/src/libav_streamer.cpp:160:35:[m[K [01;35m[Kwarning: [m[K‘[01m[KAVStream::codec[m[K’ is deprecated [[01;35m[K-Wdeprecated-declarations[m[K]
[73.377s]   160 |   codec_context_ = video_stream_->[01;35m[Kcodec[m[K;
[73.377s]       |                                   [01;35m[K^~~~~[m[K
[73.377s] In file included from [01m[K/home/chen/repositorio2/Robot/src/web_video_server/include/web_video_server/libav_streamer.h:12[m[K,
[73.377s]                  from [01m[K/home/chen/repositorio2/Robot/src/web_video_server/src/libav_streamer.cpp:1[m[K:
[73.377s] [01m[K/usr/include/x86_64-linux-gnu/libavformat/avformat.h:885:21:[m[K [01;36m[Knote: [m[Kdeclared here
[73.377s]   885 |     AVCodecContext *[01;36m[Kcodec[m[K;
[73.378s]       |                     [01;36m[K^~~~~[m[K
[73.378s] [01m[K/home/chen/repositorio2/Robot/src/web_video_server/src/libav_streamer.cpp:160:35:[m[K [01;35m[Kwarning: [m[K‘[01m[KAVStream::codec[m[K’ is deprecated [[01;35m[K-Wdeprecated-declarations[m[K]
[73.378s]   160 |   codec_context_ = video_stream_->[01;35m[Kcodec[m[K;
[73.378s]       |                                   [01;35m[K^~~~~[m[K
[73.378s] In file included from [01m[K/home/chen/repositorio2/Robot/src/web_video_server/include/web_video_server/libav_streamer.h:12[m[K,
[73.378s]                  from [01m[K/home/chen/repositorio2/Robot/src/web_video_server/src/libav_streamer.cpp:1[m[K:
[73.378s] [01m[K/usr/include/x86_64-linux-gnu/libavformat/avformat.h:885:21:[m[K [01;36m[Knote: [m[Kdeclared here
[73.378s]   885 |     AVCodecContext *[01;36m[Kcodec[m[K;
[73.378s]       |                     [01;36m[K^~~~~[m[K
[79.348s] [ 36%] [32mBuilding CXX object CMakeFiles/web_video_server.dir/src/vp8_streamer.cpp.o[0m
[100.537s] [ 45%] [32mBuilding CXX object CMakeFiles/web_video_server.dir/src/h264_streamer.cpp.o[0m
[121.523s] [ 54%] [32mBuilding CXX object CMakeFiles/web_video_server.dir/src/vp9_streamer.cpp.o[0m
[142.166s] [ 63%] [32mBuilding CXX object CMakeFiles/web_video_server.dir/src/multipart_stream.cpp.o[0m
[158.545s] [ 72%] [32mBuilding CXX object CMakeFiles/web_video_server.dir/src/ros_compressed_streamer.cpp.o[0m
[195.111s] [ 81%] [32mBuilding CXX object CMakeFiles/web_video_server.dir/src/jpeg_streamers.cpp.o[0m
[216.544s] [ 90%] [32mBuilding CXX object CMakeFiles/web_video_server.dir/src/png_streamers.cpp.o[0m
[235.164s] [100%] [32m[1mLinking CXX executable web_video_server[0m
[239.353s] [100%] Built target web_video_server
[239.416s] Invoked command in '/home/chen/repositorio2/Robot/src/build/web_video_server' returned '0': CMAKE_PREFIX_PATH=/home/chen/turtlebot3_ws/install/show_msg:/home/chen/turtlebot3_ws/install/proy_nexa_show_msg:/home/chen/turtlebot3_ws/install/proy_nexa_service:/home/chen/turtlebot3_ws/install/provide_map:/home/chen/turtlebot3_ws/install/my_slam:/home/chen/turtlebot3_ws/install/my_nav2_system:/home/chen/turtlebot3_ws/install/my_first_subscriber:/home/chen/turtlebot3_ws/install/my_first_service:/home/chen/turtlebot3_ws/install/my_first_publisher:/home/chen/turtlebot3_ws/install/my_first_node:/home/chen/turtlebot3_ws/install/my_first_action:/home/chen/turtlebot3_ws/install/capture_image:/home/chen/turtlebot3_ws/install/apellido1_apellido2_ex_my_nav2_system:/home/chen/turtlebot3_ws/src/my_first_service/install/my_first_service:/opt/ros/galactic:/home/chen/repositorio2/Robot/src/install/async_web_server_cpp:${CMAKE_PREFIX_PATH} LD_LIBRARY_PATH=/home/chen/repositorio2/Robot/src/install/async_web_server_cpp/lib:${LD_LIBRARY_PATH} PKG_CONFIG_PATH=/home/chen/repositorio2/Robot/src/install/async_web_server_cpp/lib/x86_64-linux-gnu/pkgconfig:/home/chen/repositorio2/Robot/src/install/async_web_server_cpp/lib/pkgconfig ROS_PACKAGE_PATH=/home/chen/repositorio2/Robot/src/install/async_web_server_cpp/share /home/chen/.local/bin/cmake --build /home/chen/repositorio2/Robot/src/build/web_video_server -- -j2 -l2
[240.150s] Invoking command in '/home/chen/repositorio2/Robot/src/build/web_video_server': CMAKE_PREFIX_PATH=/home/chen/turtlebot3_ws/install/show_msg:/home/chen/turtlebot3_ws/install/proy_nexa_show_msg:/home/chen/turtlebot3_ws/install/proy_nexa_service:/home/chen/turtlebot3_ws/install/provide_map:/home/chen/turtlebot3_ws/install/my_slam:/home/chen/turtlebot3_ws/install/my_nav2_system:/home/chen/turtlebot3_ws/install/my_first_subscriber:/home/chen/turtlebot3_ws/install/my_first_service:/home/chen/turtlebot3_ws/install/my_first_publisher:/home/chen/turtlebot3_ws/install/my_first_node:/home/chen/turtlebot3_ws/install/my_first_action:/home/chen/turtlebot3_ws/install/capture_image:/home/chen/turtlebot3_ws/install/apellido1_apellido2_ex_my_nav2_system:/home/chen/turtlebot3_ws/src/my_first_service/install/my_first_service:/opt/ros/galactic:/home/chen/repositorio2/Robot/src/install/async_web_server_cpp:${CMAKE_PREFIX_PATH} LD_LIBRARY_PATH=/home/chen/repositorio2/Robot/src/install/async_web_server_cpp/lib:${LD_LIBRARY_PATH} PKG_CONFIG_PATH=/home/chen/repositorio2/Robot/src/install/async_web_server_cpp/lib/x86_64-linux-gnu/pkgconfig:/home/chen/repositorio2/Robot/src/install/async_web_server_cpp/lib/pkgconfig ROS_PACKAGE_PATH=/home/chen/repositorio2/Robot/src/install/async_web_server_cpp/share /home/chen/.local/bin/cmake --install /home/chen/repositorio2/Robot/src/build/web_video_server
[240.289s] -- Install configuration: ""
[240.291s] -- Installing: /home/chen/repositorio2/Robot/src/install/web_video_server/lib/web_video_server/web_video_server
[240.309s] -- Set non-toolchain portion of runtime path of "/home/chen/repositorio2/Robot/src/install/web_video_server/lib/web_video_server/web_video_server" to ""
[240.310s] -- Installing: /home/chen/repositorio2/Robot/src/install/web_video_server/include/web_video_server
[240.310s] -- Installing: /home/chen/repositorio2/Robot/src/install/web_video_server/include/web_video_server/ros_compressed_streamer.h
[240.312s] -- Installing: /home/chen/repositorio2/Robot/src/install/web_video_server/include/web_video_server/web_video_server.h
[240.312s] -- Installing: /home/chen/repositorio2/Robot/src/install/web_video_server/include/web_video_server/vp8_streamer.h
[240.312s] -- Installing: /home/chen/repositorio2/Robot/src/install/web_video_server/include/web_video_server/png_streamers.h
[240.312s] -- Installing: /home/chen/repositorio2/Robot/src/install/web_video_server/include/web_video_server/jpeg_streamers.h
[240.315s] -- Installing: /home/chen/repositorio2/Robot/src/install/web_video_server/include/web_video_server/image_streamer.h
[240.315s] -- Installing: /home/chen/repositorio2/Robot/src/install/web_video_server/include/web_video_server/libav_streamer.h
[240.316s] -- Installing: /home/chen/repositorio2/Robot/src/install/web_video_server/include/web_video_server/multipart_stream.h
[240.316s] -- Installing: /home/chen/repositorio2/Robot/src/install/web_video_server/include/web_video_server/vp9_streamer.h
[240.316s] -- Installing: /home/chen/repositorio2/Robot/src/install/web_video_server/include/web_video_server/h264_streamer.h
[240.316s] -- Installing: /home/chen/repositorio2/Robot/src/install/web_video_server/share/ament_index/resource_index/package_run_dependencies/web_video_server
[240.320s] -- Installing: /home/chen/repositorio2/Robot/src/install/web_video_server/share/ament_index/resource_index/parent_prefix_path/web_video_server
[240.322s] -- Installing: /home/chen/repositorio2/Robot/src/install/web_video_server/share/web_video_server/environment/ament_prefix_path.sh
[240.323s] -- Installing: /home/chen/repositorio2/Robot/src/install/web_video_server/share/web_video_server/environment/ament_prefix_path.dsv
[240.326s] -- Installing: /home/chen/repositorio2/Robot/src/install/web_video_server/share/web_video_server/environment/path.sh
[240.327s] -- Installing: /home/chen/repositorio2/Robot/src/install/web_video_server/share/web_video_server/environment/path.dsv
[240.328s] -- Installing: /home/chen/repositorio2/Robot/src/install/web_video_server/share/web_video_server/local_setup.bash
[240.329s] -- Installing: /home/chen/repositorio2/Robot/src/install/web_video_server/share/web_video_server/local_setup.sh
[240.331s] -- Installing: /home/chen/repositorio2/Robot/src/install/web_video_server/share/web_video_server/local_setup.zsh
[240.332s] -- Installing: /home/chen/repositorio2/Robot/src/install/web_video_server/share/web_video_server/local_setup.dsv
[240.333s] -- Installing: /home/chen/repositorio2/Robot/src/install/web_video_server/share/web_video_server/package.dsv
[240.336s] -- Installing: /home/chen/repositorio2/Robot/src/install/web_video_server/share/ament_index/resource_index/packages/web_video_server
[240.336s] -- Installing: /home/chen/repositorio2/Robot/src/install/web_video_server/share/web_video_server/cmake/web_video_serverConfig.cmake
[240.337s] -- Installing: /home/chen/repositorio2/Robot/src/install/web_video_server/share/web_video_server/cmake/web_video_serverConfig-version.cmake
[240.343s] -- Installing: /home/chen/repositorio2/Robot/src/install/web_video_server/share/web_video_server/package.xml
[240.350s] Invoked command in '/home/chen/repositorio2/Robot/src/build/web_video_server' returned '0': CMAKE_PREFIX_PATH=/home/chen/turtlebot3_ws/install/show_msg:/home/chen/turtlebot3_ws/install/proy_nexa_show_msg:/home/chen/turtlebot3_ws/install/proy_nexa_service:/home/chen/turtlebot3_ws/install/provide_map:/home/chen/turtlebot3_ws/install/my_slam:/home/chen/turtlebot3_ws/install/my_nav2_system:/home/chen/turtlebot3_ws/install/my_first_subscriber:/home/chen/turtlebot3_ws/install/my_first_service:/home/chen/turtlebot3_ws/install/my_first_publisher:/home/chen/turtlebot3_ws/install/my_first_node:/home/chen/turtlebot3_ws/install/my_first_action:/home/chen/turtlebot3_ws/install/capture_image:/home/chen/turtlebot3_ws/install/apellido1_apellido2_ex_my_nav2_system:/home/chen/turtlebot3_ws/src/my_first_service/install/my_first_service:/opt/ros/galactic:/home/chen/repositorio2/Robot/src/install/async_web_server_cpp:${CMAKE_PREFIX_PATH} LD_LIBRARY_PATH=/home/chen/repositorio2/Robot/src/install/async_web_server_cpp/lib:${LD_LIBRARY_PATH} PKG_CONFIG_PATH=/home/chen/repositorio2/Robot/src/install/async_web_server_cpp/lib/x86_64-linux-gnu/pkgconfig:/home/chen/repositorio2/Robot/src/install/async_web_server_cpp/lib/pkgconfig ROS_PACKAGE_PATH=/home/chen/repositorio2/Robot/src/install/async_web_server_cpp/share /home/chen/.local/bin/cmake --install /home/chen/repositorio2/Robot/src/build/web_video_server
