[1.367s] Invoking command in '/home/chen/repositorio2/Robot/src/proy_nexa/proy_nexa_my_slam': PYTHONPATH=/home/chen/repositorio2/Robot/build/proy_nexa_my_slam/prefix_override:/home/chen/repositorio2/Robot/install/proy_nexa_my_slam/lib/python3.8/site-packages:${PYTHONPATH} /usr/bin/python3 setup.py egg_info --egg-base ../../../build/proy_nexa_my_slam build --build-base /home/chen/repositorio2/Robot/build/proy_nexa_my_slam/build install --record /home/chen/repositorio2/Robot/build/proy_nexa_my_slam/install.log --single-version-externally-managed
[1.536s] running egg_info
[1.537s] writing ../../../build/proy_nexa_my_slam/proy_nexa_my_slam.egg-info/PKG-INFO
[1.538s] writing dependency_links to ../../../build/proy_nexa_my_slam/proy_nexa_my_slam.egg-info/dependency_links.txt
[1.539s] writing entry points to ../../../build/proy_nexa_my_slam/proy_nexa_my_slam.egg-info/entry_points.txt
[1.541s] writing requirements to ../../../build/proy_nexa_my_slam/proy_nexa_my_slam.egg-info/requires.txt
[1.542s] writing top-level names to ../../../build/proy_nexa_my_slam/proy_nexa_my_slam.egg-info/top_level.txt
[1.569s] reading manifest file '../../../build/proy_nexa_my_slam/proy_nexa_my_slam.egg-info/SOURCES.txt'
[1.571s] writing manifest file '../../../build/proy_nexa_my_slam/proy_nexa_my_slam.egg-info/SOURCES.txt'
[1.572s] running build
[1.572s] running build_py
[1.573s] running install
[1.574s] running install_lib
[1.576s] running install_data
[1.577s] running install_egg_info
[1.579s] removing '/home/chen/repositorio2/Robot/install/proy_nexa_my_slam/lib/python3.8/site-packages/proy_nexa_my_slam-0.0.0-py3.8.egg-info' (and everything under it)
[1.579s] Copying ../../../build/proy_nexa_my_slam/proy_nexa_my_slam.egg-info to /home/chen/repositorio2/Robot/install/proy_nexa_my_slam/lib/python3.8/site-packages/proy_nexa_my_slam-0.0.0-py3.8.egg-info
[1.580s] running install_scripts
[1.596s] writing list of installed files to '/home/chen/repositorio2/Robot/build/proy_nexa_my_slam/install.log'
[1.625s] Invoked command in '/home/chen/repositorio2/Robot/src/proy_nexa/proy_nexa_my_slam' returned '0': PYTHONPATH=/home/chen/repositorio2/Robot/build/proy_nexa_my_slam/prefix_override:/home/chen/repositorio2/Robot/install/proy_nexa_my_slam/lib/python3.8/site-packages:${PYTHONPATH} /usr/bin/python3 setup.py egg_info --egg-base ../../../build/proy_nexa_my_slam build --build-base /home/chen/repositorio2/Robot/build/proy_nexa_my_slam/build install --record /home/chen/repositorio2/Robot/build/proy_nexa_my_slam/install.log --single-version-externally-managed
