[1.892s] Invoking command in '/home/chen/repositorio2/Robot/src/proy_nexa/proy_nexa_nav2_system': PYTHONPATH=/home/chen/repositorio2/Robot/build/proy_nexa_nav2_system/prefix_override:/home/chen/repositorio2/Robot/install/proy_nexa_nav2_system/lib/python3.8/site-packages:${PYTHONPATH} /usr/bin/python3 setup.py egg_info --egg-base ../../../build/proy_nexa_nav2_system build --build-base /home/chen/repositorio2/Robot/build/proy_nexa_nav2_system/build install --record /home/chen/repositorio2/Robot/build/proy_nexa_nav2_system/install.log --single-version-externally-managed
[2.266s] running egg_info
[2.271s] writing ../../../build/proy_nexa_nav2_system/proy_nexa_nav2_system.egg-info/PKG-INFO
[2.271s] writing dependency_links to ../../../build/proy_nexa_nav2_system/proy_nexa_nav2_system.egg-info/dependency_links.txt
[2.272s] writing entry points to ../../../build/proy_nexa_nav2_system/proy_nexa_nav2_system.egg-info/entry_points.txt
[2.273s] writing requirements to ../../../build/proy_nexa_nav2_system/proy_nexa_nav2_system.egg-info/requires.txt
[2.274s] writing top-level names to ../../../build/proy_nexa_nav2_system/proy_nexa_nav2_system.egg-info/top_level.txt
[2.311s] reading manifest file '../../../build/proy_nexa_nav2_system/proy_nexa_nav2_system.egg-info/SOURCES.txt'
[2.335s] writing manifest file '../../../build/proy_nexa_nav2_system/proy_nexa_nav2_system.egg-info/SOURCES.txt'
[2.336s] running build
[2.336s] running build_py
[2.336s] copying proy_nexa_nav2_system/proy_nexa_waypoint_follower.py -> /home/chen/repositorio2/Robot/build/proy_nexa_nav2_system/build/lib/proy_nexa_nav2_system
[2.336s] running install
[2.337s] running install_lib
[2.340s] copying /home/chen/repositorio2/Robot/build/proy_nexa_nav2_system/build/lib/proy_nexa_nav2_system/proy_nexa_waypoint_follower.py -> /home/chen/repositorio2/Robot/install/proy_nexa_nav2_system/lib/python3.8/site-packages/proy_nexa_nav2_system
[2.341s] byte-compiling /home/chen/repositorio2/Robot/install/proy_nexa_nav2_system/lib/python3.8/site-packages/proy_nexa_nav2_system/proy_nexa_waypoint_follower.py to proy_nexa_waypoint_follower.cpython-38.pyc
[2.375s] running install_data
[2.375s] running install_egg_info
[2.375s] removing '/home/chen/repositorio2/Robot/install/proy_nexa_nav2_system/lib/python3.8/site-packages/proy_nexa_nav2_system-0.0.0-py3.8.egg-info' (and everything under it)
[2.375s] Copying ../../../build/proy_nexa_nav2_system/proy_nexa_nav2_system.egg-info to /home/chen/repositorio2/Robot/install/proy_nexa_nav2_system/lib/python3.8/site-packages/proy_nexa_nav2_system-0.0.0-py3.8.egg-info
[2.375s] running install_scripts
[2.385s] Installing proy_nexa_initial_pose_pub script to /home/chen/repositorio2/Robot/install/proy_nexa_nav2_system/lib/proy_nexa_nav2_system
[2.409s] Installing proy_nexa_waypoint_follower script to /home/chen/repositorio2/Robot/install/proy_nexa_nav2_system/lib/proy_nexa_nav2_system
[2.409s] writing list of installed files to '/home/chen/repositorio2/Robot/build/proy_nexa_nav2_system/install.log'
[2.462s] Invoked command in '/home/chen/repositorio2/Robot/src/proy_nexa/proy_nexa_nav2_system' returned '0': PYTHONPATH=/home/chen/repositorio2/Robot/build/proy_nexa_nav2_system/prefix_override:/home/chen/repositorio2/Robot/install/proy_nexa_nav2_system/lib/python3.8/site-packages:${PYTHONPATH} /usr/bin/python3 setup.py egg_info --egg-base ../../../build/proy_nexa_nav2_system build --build-base /home/chen/repositorio2/Robot/build/proy_nexa_nav2_system/build install --record /home/chen/repositorio2/Robot/build/proy_nexa_nav2_system/install.log --single-version-externally-managed
