[1.639s] Invoking command in '/home/chen/repositorio2/Robot/src/proy_nexa/proy_nexa_nav2_system': PYTHONPATH=/home/chen/repositorio2/Robot/build/proy_nexa_nav2_system/prefix_override:/home/chen/repositorio2/Robot/install/proy_nexa_nav2_system/lib/python3.8/site-packages:${PYTHONPATH} /usr/bin/python3 setup.py egg_info --egg-base ../../../build/proy_nexa_nav2_system build --build-base /home/chen/repositorio2/Robot/build/proy_nexa_nav2_system/build install --record /home/chen/repositorio2/Robot/build/proy_nexa_nav2_system/install.log --single-version-externally-managed
[1.831s] running egg_info
[1.832s] writing ../../../build/proy_nexa_nav2_system/proy_nexa_nav2_system.egg-info/PKG-INFO
[1.834s] writing dependency_links to ../../../build/proy_nexa_nav2_system/proy_nexa_nav2_system.egg-info/dependency_links.txt
[1.834s] writing entry points to ../../../build/proy_nexa_nav2_system/proy_nexa_nav2_system.egg-info/entry_points.txt
[1.834s] writing requirements to ../../../build/proy_nexa_nav2_system/proy_nexa_nav2_system.egg-info/requires.txt
[1.834s] writing top-level names to ../../../build/proy_nexa_nav2_system/proy_nexa_nav2_system.egg-info/top_level.txt
[1.859s] reading manifest file '../../../build/proy_nexa_nav2_system/proy_nexa_nav2_system.egg-info/SOURCES.txt'
[1.860s] writing manifest file '../../../build/proy_nexa_nav2_system/proy_nexa_nav2_system.egg-info/SOURCES.txt'
[1.861s] running build
[1.861s] running build_py
[1.861s] running install
[1.862s] running install_lib
[1.864s] running install_data
[1.865s] running install_egg_info
[1.866s] removing '/home/chen/repositorio2/Robot/install/proy_nexa_nav2_system/lib/python3.8/site-packages/proy_nexa_nav2_system-0.0.0-py3.8.egg-info' (and everything under it)
[1.867s] Copying ../../../build/proy_nexa_nav2_system/proy_nexa_nav2_system.egg-info to /home/chen/repositorio2/Robot/install/proy_nexa_nav2_system/lib/python3.8/site-packages/proy_nexa_nav2_system-0.0.0-py3.8.egg-info
[1.868s] running install_scripts
[1.884s] writing list of installed files to '/home/chen/repositorio2/Robot/build/proy_nexa_nav2_system/install.log'
[1.928s] Invoked command in '/home/chen/repositorio2/Robot/src/proy_nexa/proy_nexa_nav2_system' returned '0': PYTHONPATH=/home/chen/repositorio2/Robot/build/proy_nexa_nav2_system/prefix_override:/home/chen/repositorio2/Robot/install/proy_nexa_nav2_system/lib/python3.8/site-packages:${PYTHONPATH} /usr/bin/python3 setup.py egg_info --egg-base ../../../build/proy_nexa_nav2_system build --build-base /home/chen/repositorio2/Robot/build/proy_nexa_nav2_system/build install --record /home/chen/repositorio2/Robot/build/proy_nexa_nav2_system/install.log --single-version-externally-managed
