[4.561s] DEBUG:colcon:Command line arguments: ['/usr/bin/colcon', 'build', '--packages-select', 'proy_nexa_interface']
[4.561s] DEBUG:colcon:Parsed command line arguments: Namespace(allow_overriding=[], ament_cmake_args=None, base_paths=['.'], build_base='build', catkin_cmake_args=None, catkin_skip_building_tests=False, cmake_args=None, cmake_clean_cache=False, cmake_clean_first=False, cmake_force_configure=False, cmake_target=None, cmake_target_skip_unavailable=False, continue_on_error=False, event_handlers=None, executor='parallel', ignore_user_meta=False, install_base='install', log_base=None, log_level=None, main=<bound method BuildVerb.main of <colcon_core.verb.build.BuildVerb object at 0x7f8ba6cf2220>>, merge_install=False, metas=['./colcon.meta'], packages_above=None, packages_above_and_dependencies=None, packages_above_depth=None, packages_end=None, packages_ignore=None, packages_ignore_regex=None, packages_select=['proy_nexa_interface'], packages_select_build_failed=False, packages_select_by_dep=None, packages_select_regex=None, packages_select_test_failures=False, packages_skip=None, packages_skip_build_finished=False, packages_skip_by_dep=None, packages_skip_regex=None, packages_skip_test_passed=False, packages_skip_up_to=None, packages_start=None, packages_up_to=None, packages_up_to_regex=None, parallel_workers=2, paths=None, symlink_install=False, test_result_base=None, verb_extension=<colcon_core.verb.build.BuildVerb object at 0x7f8ba6cf2220>, verb_name='build', verb_parser=<colcon_defaults.argument_parser.defaults.DefaultArgumentsDecorator object at 0x7f8ba6997e20>)
[4.851s] Level 1:colcon.colcon_core.package_discovery:discover_packages(colcon_meta) check parameters
[4.851s] Level 1:colcon.colcon_core.package_discovery:discover_packages(recursive) check parameters
[4.851s] Level 1:colcon.colcon_core.package_discovery:discover_packages(ignore) check parameters
[4.851s] Level 1:colcon.colcon_core.package_discovery:discover_packages(path) check parameters
[4.851s] Level 1:colcon.colcon_core.package_discovery:discover_packages(colcon_meta) discover
[4.851s] Level 1:colcon.colcon_core.package_discovery:discover_packages(recursive) discover
[4.852s] INFO:colcon.colcon_core.package_discovery:Crawling recursively for packages in '/home/chen/repositorio2/Robot'
[4.852s] Level 1:colcon.colcon_core.package_identification:_identify(.) by extensions ['ignore', 'ignore_ament_install']
[4.852s] Level 1:colcon.colcon_core.package_identification:_identify(.) by extension 'ignore'
[4.852s] Level 1:colcon.colcon_core.package_identification:_identify(.) by extension 'ignore_ament_install'
[4.852s] Level 1:colcon.colcon_core.package_identification:_identify(.) by extensions ['colcon_pkg']
[4.852s] Level 1:colcon.colcon_core.package_identification:_identify(.) by extension 'colcon_pkg'
[4.852s] Level 1:colcon.colcon_core.package_identification:_identify(.) by extensions ['colcon_meta']
[4.852s] Level 1:colcon.colcon_core.package_identification:_identify(.) by extension 'colcon_meta'
[4.852s] Level 1:colcon.colcon_core.package_identification:_identify(.) by extensions ['ros']
[4.852s] Level 1:colcon.colcon_core.package_identification:_identify(.) by extension 'ros'
[4.880s] Level 1:colcon.colcon_core.package_identification:_identify(.) by extensions ['cmake', 'python']
[4.880s] Level 1:colcon.colcon_core.package_identification:_identify(.) by extension 'cmake'
[4.880s] Level 1:colcon.colcon_core.package_identification:_identify(.) by extension 'python'
[4.880s] Level 1:colcon.colcon_core.package_identification:_identify(.) by extensions ['python_setup_py']
[4.880s] Level 1:colcon.colcon_core.package_identification:_identify(.) by extension 'python_setup_py'
[4.881s] Level 1:colcon.colcon_core.package_identification:_identify(build) by extensions ['ignore', 'ignore_ament_install']
[4.881s] Level 1:colcon.colcon_core.package_identification:_identify(build) by extension 'ignore'
[4.881s] Level 1:colcon.colcon_core.package_identification:_identify(build) ignored
[4.881s] Level 1:colcon.colcon_core.package_identification:_identify(install) by extensions ['ignore', 'ignore_ament_install']
[4.881s] Level 1:colcon.colcon_core.package_identification:_identify(install) by extension 'ignore'
[4.881s] Level 1:colcon.colcon_core.package_identification:_identify(install) ignored
[4.881s] Level 1:colcon.colcon_core.package_identification:_identify(log) by extensions ['ignore', 'ignore_ament_install']
[4.881s] Level 1:colcon.colcon_core.package_identification:_identify(log) by extension 'ignore'
[4.881s] Level 1:colcon.colcon_core.package_identification:_identify(log) ignored
[4.881s] Level 1:colcon.colcon_core.package_identification:_identify(src) by extensions ['ignore', 'ignore_ament_install']
[4.882s] Level 1:colcon.colcon_core.package_identification:_identify(src) by extension 'ignore'
[4.882s] Level 1:colcon.colcon_core.package_identification:_identify(src) by extension 'ignore_ament_install'
[4.882s] Level 1:colcon.colcon_core.package_identification:_identify(src) by extensions ['colcon_pkg']
[4.882s] Level 1:colcon.colcon_core.package_identification:_identify(src) by extension 'colcon_pkg'
[4.882s] Level 1:colcon.colcon_core.package_identification:_identify(src) by extensions ['colcon_meta']
[4.882s] Level 1:colcon.colcon_core.package_identification:_identify(src) by extension 'colcon_meta'
[4.882s] Level 1:colcon.colcon_core.package_identification:_identify(src) by extensions ['ros']
[4.882s] Level 1:colcon.colcon_core.package_identification:_identify(src) by extension 'ros'
[4.882s] Level 1:colcon.colcon_core.package_identification:_identify(src) by extensions ['cmake', 'python']
[4.882s] Level 1:colcon.colcon_core.package_identification:_identify(src) by extension 'cmake'
[4.882s] Level 1:colcon.colcon_core.package_identification:_identify(src) by extension 'python'
[4.883s] Level 1:colcon.colcon_core.package_identification:_identify(src) by extensions ['python_setup_py']
[4.883s] Level 1:colcon.colcon_core.package_identification:_identify(src) by extension 'python_setup_py'
[4.883s] Level 1:colcon.colcon_core.package_identification:_identify(src/proy_nexa) by extensions ['ignore', 'ignore_ament_install']
[4.883s] Level 1:colcon.colcon_core.package_identification:_identify(src/proy_nexa) by extension 'ignore'
[4.883s] Level 1:colcon.colcon_core.package_identification:_identify(src/proy_nexa) by extension 'ignore_ament_install'
[4.883s] Level 1:colcon.colcon_core.package_identification:_identify(src/proy_nexa) by extensions ['colcon_pkg']
[4.883s] Level 1:colcon.colcon_core.package_identification:_identify(src/proy_nexa) by extension 'colcon_pkg'
[4.883s] Level 1:colcon.colcon_core.package_identification:_identify(src/proy_nexa) by extensions ['colcon_meta']
[4.883s] Level 1:colcon.colcon_core.package_identification:_identify(src/proy_nexa) by extension 'colcon_meta'
[4.883s] Level 1:colcon.colcon_core.package_identification:_identify(src/proy_nexa) by extensions ['ros']
[4.883s] Level 1:colcon.colcon_core.package_identification:_identify(src/proy_nexa) by extension 'ros'
[4.884s] Level 1:colcon.colcon_core.package_identification:_identify(src/proy_nexa) by extensions ['cmake', 'python']
[4.884s] Level 1:colcon.colcon_core.package_identification:_identify(src/proy_nexa) by extension 'cmake'
[4.884s] Level 1:colcon.colcon_core.package_identification:_identify(src/proy_nexa) by extension 'python'
[4.884s] Level 1:colcon.colcon_core.package_identification:_identify(src/proy_nexa) by extensions ['python_setup_py']
[4.884s] Level 1:colcon.colcon_core.package_identification:_identify(src/proy_nexa) by extension 'python_setup_py'
[4.884s] Level 1:colcon.colcon_core.package_identification:_identify(src/proy_nexa/my_world) by extensions ['ignore', 'ignore_ament_install']
[4.884s] Level 1:colcon.colcon_core.package_identification:_identify(src/proy_nexa/my_world) by extension 'ignore'
[4.884s] Level 1:colcon.colcon_core.package_identification:_identify(src/proy_nexa/my_world) by extension 'ignore_ament_install'
[4.884s] Level 1:colcon.colcon_core.package_identification:_identify(src/proy_nexa/my_world) by extensions ['colcon_pkg']
[4.884s] Level 1:colcon.colcon_core.package_identification:_identify(src/proy_nexa/my_world) by extension 'colcon_pkg'
[4.884s] Level 1:colcon.colcon_core.package_identification:_identify(src/proy_nexa/my_world) by extensions ['colcon_meta']
[4.884s] Level 1:colcon.colcon_core.package_identification:_identify(src/proy_nexa/my_world) by extension 'colcon_meta'
[4.885s] Level 1:colcon.colcon_core.package_identification:_identify(src/proy_nexa/my_world) by extensions ['ros']
[4.885s] Level 1:colcon.colcon_core.package_identification:_identify(src/proy_nexa/my_world) by extension 'ros'
[4.897s] DEBUG:colcon.colcon_core.package_identification:Package 'src/proy_nexa/my_world' with type 'ros.ament_cmake' and name 'my_world'
[4.897s] Level 1:colcon.colcon_core.package_identification:_identify(src/proy_nexa/proy_nexa) by extensions ['ignore', 'ignore_ament_install']
[4.897s] Level 1:colcon.colcon_core.package_identification:_identify(src/proy_nexa/proy_nexa) by extension 'ignore'
[4.897s] Level 1:colcon.colcon_core.package_identification:_identify(src/proy_nexa/proy_nexa) by extension 'ignore_ament_install'
[4.897s] Level 1:colcon.colcon_core.package_identification:_identify(src/proy_nexa/proy_nexa) by extensions ['colcon_pkg']
[4.897s] Level 1:colcon.colcon_core.package_identification:_identify(src/proy_nexa/proy_nexa) by extension 'colcon_pkg'
[4.897s] Level 1:colcon.colcon_core.package_identification:_identify(src/proy_nexa/proy_nexa) by extensions ['colcon_meta']
[4.897s] Level 1:colcon.colcon_core.package_identification:_identify(src/proy_nexa/proy_nexa) by extension 'colcon_meta'
[4.897s] Level 1:colcon.colcon_core.package_identification:_identify(src/proy_nexa/proy_nexa) by extensions ['ros']
[4.897s] Level 1:colcon.colcon_core.package_identification:_identify(src/proy_nexa/proy_nexa) by extension 'ros'
[4.901s] DEBUG:colcon.colcon_core.package_identification:Package 'src/proy_nexa/proy_nexa' with type 'ros.ament_cmake' and name 'proy_nexa'
[4.901s] Level 1:colcon.colcon_core.package_identification:_identify(src/proy_nexa/proy_nexa_interface) by extensions ['ignore', 'ignore_ament_install']
[4.901s] Level 1:colcon.colcon_core.package_identification:_identify(src/proy_nexa/proy_nexa_interface) by extension 'ignore'
[4.901s] Level 1:colcon.colcon_core.package_identification:_identify(src/proy_nexa/proy_nexa_interface) by extension 'ignore_ament_install'
[4.901s] Level 1:colcon.colcon_core.package_identification:_identify(src/proy_nexa/proy_nexa_interface) by extensions ['colcon_pkg']
[4.901s] Level 1:colcon.colcon_core.package_identification:_identify(src/proy_nexa/proy_nexa_interface) by extension 'colcon_pkg'
[4.902s] Level 1:colcon.colcon_core.package_identification:_identify(src/proy_nexa/proy_nexa_interface) by extensions ['colcon_meta']
[4.902s] Level 1:colcon.colcon_core.package_identification:_identify(src/proy_nexa/proy_nexa_interface) by extension 'colcon_meta'
[4.902s] Level 1:colcon.colcon_core.package_identification:_identify(src/proy_nexa/proy_nexa_interface) by extensions ['ros']
[4.902s] Level 1:colcon.colcon_core.package_identification:_identify(src/proy_nexa/proy_nexa_interface) by extension 'ros'
[4.903s] DEBUG:colcon.colcon_core.package_identification:Package 'src/proy_nexa/proy_nexa_interface' with type 'ros.ament_cmake' and name 'proy_nexa_interface'
[4.903s] Level 1:colcon.colcon_core.package_identification:_identify(src/proy_nexa/proy_nexa_my_slam) by extensions ['ignore', 'ignore_ament_install']
[4.903s] Level 1:colcon.colcon_core.package_identification:_identify(src/proy_nexa/proy_nexa_my_slam) by extension 'ignore'
[4.903s] Level 1:colcon.colcon_core.package_identification:_identify(src/proy_nexa/proy_nexa_my_slam) by extension 'ignore_ament_install'
[4.903s] Level 1:colcon.colcon_core.package_identification:_identify(src/proy_nexa/proy_nexa_my_slam) by extensions ['colcon_pkg']
[4.903s] Level 1:colcon.colcon_core.package_identification:_identify(src/proy_nexa/proy_nexa_my_slam) by extension 'colcon_pkg'
[4.904s] Level 1:colcon.colcon_core.package_identification:_identify(src/proy_nexa/proy_nexa_my_slam) by extensions ['colcon_meta']
[4.904s] Level 1:colcon.colcon_core.package_identification:_identify(src/proy_nexa/proy_nexa_my_slam) by extension 'colcon_meta'
[4.904s] Level 1:colcon.colcon_core.package_identification:_identify(src/proy_nexa/proy_nexa_my_slam) by extensions ['ros']
[4.904s] Level 1:colcon.colcon_core.package_identification:_identify(src/proy_nexa/proy_nexa_my_slam) by extension 'ros'
[4.908s] DEBUG:colcon.colcon_core.package_identification:Package 'src/proy_nexa/proy_nexa_my_slam' with type 'ros.ament_python' and name 'proy_nexa_my_slam'
[4.908s] Level 1:colcon.colcon_core.package_identification:_identify(src/proy_nexa/proy_nexa_nav2_system) by extensions ['ignore', 'ignore_ament_install']
[4.908s] Level 1:colcon.colcon_core.package_identification:_identify(src/proy_nexa/proy_nexa_nav2_system) by extension 'ignore'
[4.908s] Level 1:colcon.colcon_core.package_identification:_identify(src/proy_nexa/proy_nexa_nav2_system) by extension 'ignore_ament_install'
[4.908s] Level 1:colcon.colcon_core.package_identification:_identify(src/proy_nexa/proy_nexa_nav2_system) by extensions ['colcon_pkg']
[4.908s] Level 1:colcon.colcon_core.package_identification:_identify(src/proy_nexa/proy_nexa_nav2_system) by extension 'colcon_pkg'
[4.908s] Level 1:colcon.colcon_core.package_identification:_identify(src/proy_nexa/proy_nexa_nav2_system) by extensions ['colcon_meta']
[4.908s] Level 1:colcon.colcon_core.package_identification:_identify(src/proy_nexa/proy_nexa_nav2_system) by extension 'colcon_meta'
[4.908s] Level 1:colcon.colcon_core.package_identification:_identify(src/proy_nexa/proy_nexa_nav2_system) by extensions ['ros']
[4.909s] Level 1:colcon.colcon_core.package_identification:_identify(src/proy_nexa/proy_nexa_nav2_system) by extension 'ros'
[4.912s] DEBUG:colcon.colcon_core.package_identification:Package 'src/proy_nexa/proy_nexa_nav2_system' with type 'ros.ament_python' and name 'proy_nexa_nav2_system'
[4.912s] Level 1:colcon.colcon_core.package_identification:_identify(src/proy_nexa/proy_nexa_provide_map) by extensions ['ignore', 'ignore_ament_install']
[4.912s] Level 1:colcon.colcon_core.package_identification:_identify(src/proy_nexa/proy_nexa_provide_map) by extension 'ignore'
[4.912s] Level 1:colcon.colcon_core.package_identification:_identify(src/proy_nexa/proy_nexa_provide_map) by extension 'ignore_ament_install'
[4.912s] Level 1:colcon.colcon_core.package_identification:_identify(src/proy_nexa/proy_nexa_provide_map) by extensions ['colcon_pkg']
[4.912s] Level 1:colcon.colcon_core.package_identification:_identify(src/proy_nexa/proy_nexa_provide_map) by extension 'colcon_pkg'
[4.912s] Level 1:colcon.colcon_core.package_identification:_identify(src/proy_nexa/proy_nexa_provide_map) by extensions ['colcon_meta']
[4.912s] Level 1:colcon.colcon_core.package_identification:_identify(src/proy_nexa/proy_nexa_provide_map) by extension 'colcon_meta'
[4.912s] Level 1:colcon.colcon_core.package_identification:_identify(src/proy_nexa/proy_nexa_provide_map) by extensions ['ros']
[4.912s] Level 1:colcon.colcon_core.package_identification:_identify(src/proy_nexa/proy_nexa_provide_map) by extension 'ros'
[4.915s] DEBUG:colcon.colcon_core.package_identification:Package 'src/proy_nexa/proy_nexa_provide_map' with type 'ros.ament_python' and name 'proy_nexa_provide_map'
[4.915s] Level 1:colcon.colcon_core.package_identification:_identify(src/proy_nexa/proy_nexa_service) by extensions ['ignore', 'ignore_ament_install']
[4.915s] Level 1:colcon.colcon_core.package_identification:_identify(src/proy_nexa/proy_nexa_service) by extension 'ignore'
[4.915s] Level 1:colcon.colcon_core.package_identification:_identify(src/proy_nexa/proy_nexa_service) by extension 'ignore_ament_install'
[4.916s] Level 1:colcon.colcon_core.package_identification:_identify(src/proy_nexa/proy_nexa_service) by extensions ['colcon_pkg']
[4.916s] Level 1:colcon.colcon_core.package_identification:_identify(src/proy_nexa/proy_nexa_service) by extension 'colcon_pkg'
[4.916s] Level 1:colcon.colcon_core.package_identification:_identify(src/proy_nexa/proy_nexa_service) by extensions ['colcon_meta']
[4.916s] Level 1:colcon.colcon_core.package_identification:_identify(src/proy_nexa/proy_nexa_service) by extension 'colcon_meta'
[4.916s] Level 1:colcon.colcon_core.package_identification:_identify(src/proy_nexa/proy_nexa_service) by extensions ['ros']
[4.916s] Level 1:colcon.colcon_core.package_identification:_identify(src/proy_nexa/proy_nexa_service) by extension 'ros'
[4.919s] DEBUG:colcon.colcon_core.package_identification:Package 'src/proy_nexa/proy_nexa_service' with type 'ros.ament_python' and name 'proy_nexa_service'
[4.919s] Level 1:colcon.colcon_core.package_identification:_identify(src/proy_nexa/proy_nexa_show_msg) by extensions ['ignore', 'ignore_ament_install']
[4.919s] Level 1:colcon.colcon_core.package_identification:_identify(src/proy_nexa/proy_nexa_show_msg) by extension 'ignore'
[4.919s] Level 1:colcon.colcon_core.package_identification:_identify(src/proy_nexa/proy_nexa_show_msg) by extension 'ignore_ament_install'
[4.919s] Level 1:colcon.colcon_core.package_identification:_identify(src/proy_nexa/proy_nexa_show_msg) by extensions ['colcon_pkg']
[4.920s] Level 1:colcon.colcon_core.package_identification:_identify(src/proy_nexa/proy_nexa_show_msg) by extension 'colcon_pkg'
[4.920s] Level 1:colcon.colcon_core.package_identification:_identify(src/proy_nexa/proy_nexa_show_msg) by extensions ['colcon_meta']
[4.920s] Level 1:colcon.colcon_core.package_identification:_identify(src/proy_nexa/proy_nexa_show_msg) by extension 'colcon_meta'
[4.920s] Level 1:colcon.colcon_core.package_identification:_identify(src/proy_nexa/proy_nexa_show_msg) by extensions ['ros']
[4.920s] Level 1:colcon.colcon_core.package_identification:_identify(src/proy_nexa/proy_nexa_show_msg) by extension 'ros'
[4.922s] DEBUG:colcon.colcon_core.package_identification:Package 'src/proy_nexa/proy_nexa_show_msg' with type 'ros.ament_python' and name 'proy_nexa_show_msg'
[4.923s] Level 1:colcon.colcon_core.package_discovery:discover_packages(recursive) using defaults
[4.923s] Level 1:colcon.colcon_core.package_discovery:discover_packages(ignore) discover
[4.923s] Level 1:colcon.colcon_core.package_discovery:discover_packages(ignore) using defaults
[4.923s] Level 1:colcon.colcon_core.package_discovery:discover_packages(path) discover
[4.923s] Level 1:colcon.colcon_core.package_discovery:discover_packages(path) using defaults
[5.185s] INFO:colcon.colcon_core.package_selection:Skipping not selected package 'my_world' in 'src/proy_nexa/my_world'
[5.185s] INFO:colcon.colcon_core.package_selection:Skipping not selected package 'proy_nexa_my_slam' in 'src/proy_nexa/proy_nexa_my_slam'
[5.185s] INFO:colcon.colcon_core.package_selection:Skipping not selected package 'proy_nexa_nav2_system' in 'src/proy_nexa/proy_nexa_nav2_system'
[5.185s] INFO:colcon.colcon_core.package_selection:Skipping not selected package 'proy_nexa_provide_map' in 'src/proy_nexa/proy_nexa_provide_map'
[5.185s] INFO:colcon.colcon_core.package_selection:Skipping not selected package 'proy_nexa_show_msg' in 'src/proy_nexa/proy_nexa_show_msg'
[5.185s] INFO:colcon.colcon_core.package_selection:Skipping not selected package 'proy_nexa_service' in 'src/proy_nexa/proy_nexa_service'
[5.185s] INFO:colcon.colcon_core.package_selection:Skipping not selected package 'proy_nexa' in 'src/proy_nexa/proy_nexa'
[5.313s] Level 1:colcon.colcon_core.package_discovery:discover_packages(prefix_path) check parameters
[5.313s] Level 1:colcon.colcon_core.package_discovery:discover_packages(prefix_path) discover
[5.480s] DEBUG:colcon.colcon_installed_package_information.package_discovery:Found 18 installed packages in /home/chen/turtlebot3_ws/install
[5.569s] DEBUG:colcon.colcon_installed_package_information.package_discovery:Found 1 installed packages in /home/chen/turtlebot3_ws/src/my_first_service/install
[5.644s] DEBUG:colcon.colcon_installed_package_information.package_discovery:Found 336 installed packages in /opt/ros/galactic
[5.647s] Level 1:colcon.colcon_core.package_discovery:discover_packages(prefix_path) using defaults
[6.096s] WARNING:colcon.colcon_core.package_selection:Some selected packages are already built in one or more underlay workspaces:
	'proy_nexa_interface' is in: /home/chen/turtlebot3_ws/install/proy_nexa_interface
If a package in a merged underlay workspace is overridden and it installs headers, then all packages in the overlay must sort their include directories by workspace order. Failure to do so may result in build failures or undefined behavior at run time.
If the overridden package is used by another package in any underlay, then the overriding package in the overlay must be API and ABI compatible or undefined behavior at run time may occur.

If you understand the risks and want to override a package anyways, add the following to the command line:
	--allow-overriding proy_nexa_interface

This may be promoted to an error in a future release of colcon-override-check.
[6.159s] Level 5:colcon.colcon_core.verb:set package 'proy_nexa_interface' build argument 'cmake_args' from command line to 'None'
[6.160s] Level 5:colcon.colcon_core.verb:set package 'proy_nexa_interface' build argument 'cmake_target' from command line to 'None'
[6.160s] Level 5:colcon.colcon_core.verb:set package 'proy_nexa_interface' build argument 'cmake_target_skip_unavailable' from command line to 'False'
[6.160s] Level 5:colcon.colcon_core.verb:set package 'proy_nexa_interface' build argument 'cmake_clean_cache' from command line to 'False'
[6.160s] Level 5:colcon.colcon_core.verb:set package 'proy_nexa_interface' build argument 'cmake_clean_first' from command line to 'False'
[6.160s] Level 5:colcon.colcon_core.verb:set package 'proy_nexa_interface' build argument 'cmake_force_configure' from command line to 'False'
[6.160s] Level 5:colcon.colcon_core.verb:set package 'proy_nexa_interface' build argument 'ament_cmake_args' from command line to 'None'
[6.160s] Level 5:colcon.colcon_core.verb:set package 'proy_nexa_interface' build argument 'catkin_cmake_args' from command line to 'None'
[6.160s] Level 5:colcon.colcon_core.verb:set package 'proy_nexa_interface' build argument 'catkin_skip_building_tests' from command line to 'False'
[6.160s] DEBUG:colcon.colcon_core.verb:Building package 'proy_nexa_interface' with the following arguments: {'ament_cmake_args': None, 'build_base': '/home/chen/repositorio2/Robot/build/proy_nexa_interface', 'catkin_cmake_args': None, 'catkin_skip_building_tests': False, 'cmake_args': None, 'cmake_clean_cache': False, 'cmake_clean_first': False, 'cmake_force_configure': False, 'cmake_target': None, 'cmake_target_skip_unavailable': False, 'install_base': '/home/chen/repositorio2/Robot/install/proy_nexa_interface', 'merge_install': False, 'path': '/home/chen/repositorio2/Robot/src/proy_nexa/proy_nexa_interface', 'symlink_install': False, 'test_result_base': None}
[6.217s] INFO:colcon.colcon_core.executor:Executing jobs using 'parallel' executor
[6.279s] DEBUG:colcon.colcon_parallel_executor.executor.parallel:run_until_complete
[6.280s] INFO:colcon.colcon_ros.task.ament_cmake.build:Building ROS package in '/home/chen/repositorio2/Robot/src/proy_nexa/proy_nexa_interface' with build type 'ament_cmake'
[6.280s] INFO:colcon.colcon_cmake.task.cmake.build:Building CMake package in '/home/chen/repositorio2/Robot/src/proy_nexa/proy_nexa_interface'
[6.365s] INFO:colcon.colcon_core.plugin_system:Skipping extension 'colcon_core.shell.bat': Not used on non-Windows systems
[6.367s] INFO:colcon.colcon_core.shell:Skip shell extension 'powershell' for command environment: Not usable outside of PowerShell
[6.367s] DEBUG:colcon.colcon_core.shell:Skip shell extension 'dsv' for command environment
[6.626s] DEBUG:colcon.colcon_core.event_handler.log_command:Invoking command in '/home/chen/repositorio2/Robot/build/proy_nexa_interface': CMAKE_PREFIX_PATH=${CMAKE_PREFIX_PATH}:/home/chen/turtlebot3_ws/install/show_msg:/home/chen/turtlebot3_ws/install/proy_nexa_show_msg:/home/chen/turtlebot3_ws/install/proy_nexa_service:/home/chen/turtlebot3_ws/install/provide_map:/home/chen/turtlebot3_ws/install/my_slam:/home/chen/turtlebot3_ws/install/my_nav2_system:/home/chen/turtlebot3_ws/install/my_first_subscriber:/home/chen/turtlebot3_ws/install/my_first_service:/home/chen/turtlebot3_ws/install/my_first_publisher:/home/chen/turtlebot3_ws/install/my_first_node:/home/chen/turtlebot3_ws/install/my_first_action:/home/chen/turtlebot3_ws/src/my_first_service/install/my_first_service:/opt/ros/galactic /usr/bin/cmake --build /home/chen/repositorio2/Robot/build/proy_nexa_interface -- -j2 -l2
[23.361s] DEBUG:colcon.colcon_core.event_handler.log_command:Invoked command in '/home/chen/repositorio2/Robot/build/proy_nexa_interface' returned '0': CMAKE_PREFIX_PATH=${CMAKE_PREFIX_PATH}:/home/chen/turtlebot3_ws/install/show_msg:/home/chen/turtlebot3_ws/install/proy_nexa_show_msg:/home/chen/turtlebot3_ws/install/proy_nexa_service:/home/chen/turtlebot3_ws/install/provide_map:/home/chen/turtlebot3_ws/install/my_slam:/home/chen/turtlebot3_ws/install/my_nav2_system:/home/chen/turtlebot3_ws/install/my_first_subscriber:/home/chen/turtlebot3_ws/install/my_first_service:/home/chen/turtlebot3_ws/install/my_first_publisher:/home/chen/turtlebot3_ws/install/my_first_node:/home/chen/turtlebot3_ws/install/my_first_action:/home/chen/turtlebot3_ws/src/my_first_service/install/my_first_service:/opt/ros/galactic /usr/bin/cmake --build /home/chen/repositorio2/Robot/build/proy_nexa_interface -- -j2 -l2
[23.579s] DEBUG:colcon.colcon_core.event_handler.log_command:Invoking command in '/home/chen/repositorio2/Robot/build/proy_nexa_interface': CMAKE_PREFIX_PATH=${CMAKE_PREFIX_PATH}:/home/chen/turtlebot3_ws/install/show_msg:/home/chen/turtlebot3_ws/install/proy_nexa_show_msg:/home/chen/turtlebot3_ws/install/proy_nexa_service:/home/chen/turtlebot3_ws/install/provide_map:/home/chen/turtlebot3_ws/install/my_slam:/home/chen/turtlebot3_ws/install/my_nav2_system:/home/chen/turtlebot3_ws/install/my_first_subscriber:/home/chen/turtlebot3_ws/install/my_first_service:/home/chen/turtlebot3_ws/install/my_first_publisher:/home/chen/turtlebot3_ws/install/my_first_node:/home/chen/turtlebot3_ws/install/my_first_action:/home/chen/turtlebot3_ws/src/my_first_service/install/my_first_service:/opt/ros/galactic /usr/bin/cmake --install /home/chen/repositorio2/Robot/build/proy_nexa_interface
[23.824s] Level 1:colcon.colcon_core.environment:create_environment_scripts_only(proy_nexa_interface)
[23.825s] DEBUG:colcon.colcon_core.event_handler.log_command:Invoked command in '/home/chen/repositorio2/Robot/build/proy_nexa_interface' returned '0': CMAKE_PREFIX_PATH=${CMAKE_PREFIX_PATH}:/home/chen/turtlebot3_ws/install/show_msg:/home/chen/turtlebot3_ws/install/proy_nexa_show_msg:/home/chen/turtlebot3_ws/install/proy_nexa_service:/home/chen/turtlebot3_ws/install/provide_map:/home/chen/turtlebot3_ws/install/my_slam:/home/chen/turtlebot3_ws/install/my_nav2_system:/home/chen/turtlebot3_ws/install/my_first_subscriber:/home/chen/turtlebot3_ws/install/my_first_service:/home/chen/turtlebot3_ws/install/my_first_publisher:/home/chen/turtlebot3_ws/install/my_first_node:/home/chen/turtlebot3_ws/install/my_first_action:/home/chen/turtlebot3_ws/src/my_first_service/install/my_first_service:/opt/ros/galactic /usr/bin/cmake --install /home/chen/repositorio2/Robot/build/proy_nexa_interface
[23.941s] Level 1:colcon.colcon_core.environment:checking '/home/chen/repositorio2/Robot/install/proy_nexa_interface' for CMake module files
[23.943s] Level 1:colcon.colcon_core.environment:checking '/home/chen/repositorio2/Robot/install/proy_nexa_interface' for CMake config files
[23.950s] Level 1:colcon.colcon_core.shell:create_environment_hook('proy_nexa_interface', 'cmake_prefix_path')
[24.017s] INFO:colcon.colcon_core.shell:Creating environment hook '/home/chen/repositorio2/Robot/install/proy_nexa_interface/share/proy_nexa_interface/hook/cmake_prefix_path.ps1'
[24.024s] INFO:colcon.colcon_core.shell:Creating environment descriptor '/home/chen/repositorio2/Robot/install/proy_nexa_interface/share/proy_nexa_interface/hook/cmake_prefix_path.dsv'
[24.026s] INFO:colcon.colcon_core.shell:Creating environment hook '/home/chen/repositorio2/Robot/install/proy_nexa_interface/share/proy_nexa_interface/hook/cmake_prefix_path.sh'
[24.029s] Level 1:colcon.colcon_core.environment:checking '/home/chen/repositorio2/Robot/install/proy_nexa_interface/lib'
[24.029s] Level 1:colcon.colcon_core.shell:create_environment_hook('proy_nexa_interface', 'ld_library_path_lib')
[24.092s] INFO:colcon.colcon_core.shell:Creating environment hook '/home/chen/repositorio2/Robot/install/proy_nexa_interface/share/proy_nexa_interface/hook/ld_library_path_lib.ps1'
[24.095s] INFO:colcon.colcon_core.shell:Creating environment descriptor '/home/chen/repositorio2/Robot/install/proy_nexa_interface/share/proy_nexa_interface/hook/ld_library_path_lib.dsv'
[24.097s] INFO:colcon.colcon_core.shell:Creating environment hook '/home/chen/repositorio2/Robot/install/proy_nexa_interface/share/proy_nexa_interface/hook/ld_library_path_lib.sh'
[24.100s] Level 1:colcon.colcon_core.environment:checking '/home/chen/repositorio2/Robot/install/proy_nexa_interface/bin'
[24.100s] Level 1:colcon.colcon_core.environment:checking '/home/chen/repositorio2/Robot/install/proy_nexa_interface/lib/pkgconfig/proy_nexa_interface.pc'
[24.101s] Level 1:colcon.colcon_core.environment:checking '/home/chen/repositorio2/Robot/install/proy_nexa_interface/lib/python3.8/site-packages'
[24.101s] Level 1:colcon.colcon_core.shell:create_environment_hook('proy_nexa_interface', 'pythonpath')
[24.161s] INFO:colcon.colcon_core.shell:Creating environment hook '/home/chen/repositorio2/Robot/install/proy_nexa_interface/share/proy_nexa_interface/hook/pythonpath.ps1'
[24.165s] INFO:colcon.colcon_core.shell:Creating environment descriptor '/home/chen/repositorio2/Robot/install/proy_nexa_interface/share/proy_nexa_interface/hook/pythonpath.dsv'
[24.167s] INFO:colcon.colcon_core.shell:Creating environment hook '/home/chen/repositorio2/Robot/install/proy_nexa_interface/share/proy_nexa_interface/hook/pythonpath.sh'
[24.168s] Level 1:colcon.colcon_core.environment:checking '/home/chen/repositorio2/Robot/install/proy_nexa_interface/bin'
[24.230s] INFO:colcon.colcon_core.shell:Creating package script '/home/chen/repositorio2/Robot/install/proy_nexa_interface/share/proy_nexa_interface/package.ps1'
[24.236s] INFO:colcon.colcon_core.shell:Creating package descriptor '/home/chen/repositorio2/Robot/install/proy_nexa_interface/share/proy_nexa_interface/package.dsv'
[24.239s] INFO:colcon.colcon_core.shell:Creating package script '/home/chen/repositorio2/Robot/install/proy_nexa_interface/share/proy_nexa_interface/package.sh'
[24.242s] INFO:colcon.colcon_core.shell:Creating package script '/home/chen/repositorio2/Robot/install/proy_nexa_interface/share/proy_nexa_interface/package.bash'
[24.245s] INFO:colcon.colcon_core.shell:Creating package script '/home/chen/repositorio2/Robot/install/proy_nexa_interface/share/proy_nexa_interface/package.zsh'
[24.248s] Level 1:colcon.colcon_core.environment:create_file_with_runtime_dependencies(/home/chen/repositorio2/Robot/install/proy_nexa_interface/share/colcon-core/packages/proy_nexa_interface)
[24.510s] Level 1:colcon.colcon_core.environment:create_environment_scripts_only(proy_nexa_interface)
[24.613s] Level 1:colcon.colcon_core.environment:checking '/home/chen/repositorio2/Robot/install/proy_nexa_interface' for CMake module files
[24.614s] Level 1:colcon.colcon_core.environment:checking '/home/chen/repositorio2/Robot/install/proy_nexa_interface' for CMake config files
[24.615s] Level 1:colcon.colcon_core.shell:create_environment_hook('proy_nexa_interface', 'cmake_prefix_path')
[24.683s] INFO:colcon.colcon_core.shell:Creating environment hook '/home/chen/repositorio2/Robot/install/proy_nexa_interface/share/proy_nexa_interface/hook/cmake_prefix_path.ps1'
[24.686s] INFO:colcon.colcon_core.shell:Creating environment descriptor '/home/chen/repositorio2/Robot/install/proy_nexa_interface/share/proy_nexa_interface/hook/cmake_prefix_path.dsv'
[24.690s] INFO:colcon.colcon_core.shell:Creating environment hook '/home/chen/repositorio2/Robot/install/proy_nexa_interface/share/proy_nexa_interface/hook/cmake_prefix_path.sh'
[24.694s] Level 1:colcon.colcon_core.environment:checking '/home/chen/repositorio2/Robot/install/proy_nexa_interface/lib'
[24.694s] Level 1:colcon.colcon_core.shell:create_environment_hook('proy_nexa_interface', 'ld_library_path_lib')
[24.762s] INFO:colcon.colcon_core.shell:Creating environment hook '/home/chen/repositorio2/Robot/install/proy_nexa_interface/share/proy_nexa_interface/hook/ld_library_path_lib.ps1'
[24.765s] INFO:colcon.colcon_core.shell:Creating environment descriptor '/home/chen/repositorio2/Robot/install/proy_nexa_interface/share/proy_nexa_interface/hook/ld_library_path_lib.dsv'
[24.767s] INFO:colcon.colcon_core.shell:Creating environment hook '/home/chen/repositorio2/Robot/install/proy_nexa_interface/share/proy_nexa_interface/hook/ld_library_path_lib.sh'
[24.769s] Level 1:colcon.colcon_core.environment:checking '/home/chen/repositorio2/Robot/install/proy_nexa_interface/bin'
[24.769s] Level 1:colcon.colcon_core.environment:checking '/home/chen/repositorio2/Robot/install/proy_nexa_interface/lib/pkgconfig/proy_nexa_interface.pc'
[24.770s] Level 1:colcon.colcon_core.environment:checking '/home/chen/repositorio2/Robot/install/proy_nexa_interface/lib/python3.8/site-packages'
[24.770s] Level 1:colcon.colcon_core.shell:create_environment_hook('proy_nexa_interface', 'pythonpath')
[24.836s] INFO:colcon.colcon_core.shell:Creating environment hook '/home/chen/repositorio2/Robot/install/proy_nexa_interface/share/proy_nexa_interface/hook/pythonpath.ps1'
[24.839s] INFO:colcon.colcon_core.shell:Creating environment descriptor '/home/chen/repositorio2/Robot/install/proy_nexa_interface/share/proy_nexa_interface/hook/pythonpath.dsv'
[24.842s] INFO:colcon.colcon_core.shell:Creating environment hook '/home/chen/repositorio2/Robot/install/proy_nexa_interface/share/proy_nexa_interface/hook/pythonpath.sh'
[24.849s] Level 1:colcon.colcon_core.environment:checking '/home/chen/repositorio2/Robot/install/proy_nexa_interface/bin'
[24.927s] INFO:colcon.colcon_core.shell:Creating package script '/home/chen/repositorio2/Robot/install/proy_nexa_interface/share/proy_nexa_interface/package.ps1'
[24.931s] INFO:colcon.colcon_core.shell:Creating package descriptor '/home/chen/repositorio2/Robot/install/proy_nexa_interface/share/proy_nexa_interface/package.dsv'
[24.934s] INFO:colcon.colcon_core.shell:Creating package script '/home/chen/repositorio2/Robot/install/proy_nexa_interface/share/proy_nexa_interface/package.sh'
[24.936s] INFO:colcon.colcon_core.shell:Creating package script '/home/chen/repositorio2/Robot/install/proy_nexa_interface/share/proy_nexa_interface/package.bash'
[24.938s] INFO:colcon.colcon_core.shell:Creating package script '/home/chen/repositorio2/Robot/install/proy_nexa_interface/share/proy_nexa_interface/package.zsh'
[24.942s] Level 1:colcon.colcon_core.environment:create_file_with_runtime_dependencies(/home/chen/repositorio2/Robot/install/proy_nexa_interface/share/colcon-core/packages/proy_nexa_interface)
[24.945s] DEBUG:colcon.colcon_parallel_executor.executor.parallel:closing loop
[24.946s] DEBUG:colcon.colcon_parallel_executor.executor.parallel:loop closed
[24.946s] DEBUG:colcon.colcon_parallel_executor.executor.parallel:run_until_complete finished with '0'
[24.946s] DEBUG:colcon.colcon_core.event_reactor:joining thread
[25.059s] INFO:colcon.colcon_core.plugin_system:Skipping extension 'colcon_notification.desktop_notification.terminal_notifier': Not used on non-Darwin systems
[25.059s] INFO:colcon.colcon_core.plugin_system:Skipping extension 'colcon_notification.desktop_notification.win32': Not used on non-Windows systems
[25.059s] INFO:colcon.colcon_notification.desktop_notification:Sending desktop notification using 'notify2'
[25.099s] DEBUG:colcon.colcon_core.event_reactor:joined thread
[25.187s] INFO:colcon.colcon_core.shell:Creating prefix script '/home/chen/repositorio2/Robot/install/local_setup.ps1'
[25.193s] INFO:colcon.colcon_core.shell:Creating prefix util module '/home/chen/repositorio2/Robot/install/_local_setup_util_ps1.py'
[25.198s] INFO:colcon.colcon_core.shell:Creating prefix chain script '/home/chen/repositorio2/Robot/install/setup.ps1'
[25.261s] INFO:colcon.colcon_core.shell:Creating prefix script '/home/chen/repositorio2/Robot/install/local_setup.sh'
[25.264s] INFO:colcon.colcon_core.shell:Creating prefix util module '/home/chen/repositorio2/Robot/install/_local_setup_util_sh.py'
[25.265s] INFO:colcon.colcon_core.shell:Creating prefix chain script '/home/chen/repositorio2/Robot/install/setup.sh'
[25.338s] INFO:colcon.colcon_core.shell:Creating prefix script '/home/chen/repositorio2/Robot/install/local_setup.bash'
[25.341s] INFO:colcon.colcon_core.shell:Creating prefix chain script '/home/chen/repositorio2/Robot/install/setup.bash'
[25.413s] INFO:colcon.colcon_core.shell:Creating prefix script '/home/chen/repositorio2/Robot/install/local_setup.zsh'
[25.416s] INFO:colcon.colcon_core.shell:Creating prefix chain script '/home/chen/repositorio2/Robot/install/setup.zsh'
