[1.237s] Invoking command in '/home/chen/repositorio2/Robot/src/proy_nexa/proy_nexa_provide_map': PYTHONPATH=/home/chen/repositorio2/Robot/build/proy_nexa_provide_map/prefix_override:/home/chen/repositorio2/Robot/install/proy_nexa_provide_map/lib/python3.8/site-packages:${PYTHONPATH} /usr/bin/python3 setup.py egg_info --egg-base ../../../build/proy_nexa_provide_map build --build-base /home/chen/repositorio2/Robot/build/proy_nexa_provide_map/build install --record /home/chen/repositorio2/Robot/build/proy_nexa_provide_map/install.log --single-version-externally-managed
[1.409s] running egg_info
[1.410s] writing ../../../build/proy_nexa_provide_map/proy_nexa_provide_map.egg-info/PKG-INFO
[1.411s] writing dependency_links to ../../../build/proy_nexa_provide_map/proy_nexa_provide_map.egg-info/dependency_links.txt
[1.411s] writing entry points to ../../../build/proy_nexa_provide_map/proy_nexa_provide_map.egg-info/entry_points.txt
[1.412s] writing requirements to ../../../build/proy_nexa_provide_map/proy_nexa_provide_map.egg-info/requires.txt
[1.412s] writing top-level names to ../../../build/proy_nexa_provide_map/proy_nexa_provide_map.egg-info/top_level.txt
[1.447s] reading manifest file '../../../build/proy_nexa_provide_map/proy_nexa_provide_map.egg-info/SOURCES.txt'
[1.447s] writing manifest file '../../../build/proy_nexa_provide_map/proy_nexa_provide_map.egg-info/SOURCES.txt'
[1.447s] running build
[1.448s] running build_py
[1.448s] running install
[1.448s] running install_lib
[1.477s] running install_data
[1.477s] running install_egg_info
[1.477s] removing '/home/chen/repositorio2/Robot/install/proy_nexa_provide_map/lib/python3.8/site-packages/proy_nexa_provide_map-0.0.0-py3.8.egg-info' (and everything under it)
[1.477s] Copying ../../../build/proy_nexa_provide_map/proy_nexa_provide_map.egg-info to /home/chen/repositorio2/Robot/install/proy_nexa_provide_map/lib/python3.8/site-packages/proy_nexa_provide_map-0.0.0-py3.8.egg-info
[1.478s] running install_scripts
[1.480s] writing list of installed files to '/home/chen/repositorio2/Robot/build/proy_nexa_provide_map/install.log'
[1.661s] Invoked command in '/home/chen/repositorio2/Robot/src/proy_nexa/proy_nexa_provide_map' returned '0': PYTHONPATH=/home/chen/repositorio2/Robot/build/proy_nexa_provide_map/prefix_override:/home/chen/repositorio2/Robot/install/proy_nexa_provide_map/lib/python3.8/site-packages:${PYTHONPATH} /usr/bin/python3 setup.py egg_info --egg-base ../../../build/proy_nexa_provide_map build --build-base /home/chen/repositorio2/Robot/build/proy_nexa_provide_map/build install --record /home/chen/repositorio2/Robot/build/proy_nexa_provide_map/install.log --single-version-externally-managed
