[0.898s] Invoking command in '/home/chen/repositorio2/Robot/src/proy_nexa/proy_nexa_provide_map': PYTHONPATH=/home/chen/repositorio2/Robot/build/proy_nexa_provide_map/prefix_override:/home/chen/repositorio2/Robot/install/proy_nexa_provide_map/lib/python3.8/site-packages:${PYTHONPATH} /usr/bin/python3 setup.py egg_info --egg-base ../../../build/proy_nexa_provide_map build --build-base /home/chen/repositorio2/Robot/build/proy_nexa_provide_map/build install --record /home/chen/repositorio2/Robot/build/proy_nexa_provide_map/install.log --single-version-externally-managed
[1.067s] running egg_info
[1.067s] writing ../../../build/proy_nexa_provide_map/proy_nexa_provide_map.egg-info/PKG-INFO
[1.069s] writing dependency_links to ../../../build/proy_nexa_provide_map/proy_nexa_provide_map.egg-info/dependency_links.txt
[1.069s] writing entry points to ../../../build/proy_nexa_provide_map/proy_nexa_provide_map.egg-info/entry_points.txt
[1.069s] writing requirements to ../../../build/proy_nexa_provide_map/proy_nexa_provide_map.egg-info/requires.txt
[1.069s] writing top-level names to ../../../build/proy_nexa_provide_map/proy_nexa_provide_map.egg-info/top_level.txt
[1.092s] reading manifest file '../../../build/proy_nexa_provide_map/proy_nexa_provide_map.egg-info/SOURCES.txt'
[1.093s] writing manifest file '../../../build/proy_nexa_provide_map/proy_nexa_provide_map.egg-info/SOURCES.txt'
[1.093s] running build
[1.093s] running build_py
[1.093s] running install
[1.093s] running install_lib
[1.095s] running install_data
[1.096s] creating /home/chen/repositorio2/Robot/install/proy_nexa_provide_map/share/proy_nexa_provide_map/map
[1.097s] copying map/my_map.pgm -> /home/chen/repositorio2/Robot/install/proy_nexa_provide_map/share/proy_nexa_provide_map/map
[1.097s] copying map/my_map.yaml -> /home/chen/repositorio2/Robot/install/proy_nexa_provide_map/share/proy_nexa_provide_map/map
[1.097s] creating /home/chen/repositorio2/Robot/install/proy_nexa_provide_map/share/proy_nexa_provide_map/rviz
[1.097s] copying rviz/escaneo.rviz -> /home/chen/repositorio2/Robot/install/proy_nexa_provide_map/share/proy_nexa_provide_map/rviz
[1.097s] creating /home/chen/repositorio2/Robot/install/proy_nexa_provide_map/share/proy_nexa_provide_map/launch
[1.097s] copying launch/proy_nexa_provide_map.launch.py -> /home/chen/repositorio2/Robot/install/proy_nexa_provide_map/share/proy_nexa_provide_map/launch
[1.097s] running install_egg_info
[1.099s] removing '/home/chen/repositorio2/Robot/install/proy_nexa_provide_map/lib/python3.8/site-packages/proy_nexa_provide_map-0.0.0-py3.8.egg-info' (and everything under it)
[1.099s] Copying ../../../build/proy_nexa_provide_map/proy_nexa_provide_map.egg-info to /home/chen/repositorio2/Robot/install/proy_nexa_provide_map/lib/python3.8/site-packages/proy_nexa_provide_map-0.0.0-py3.8.egg-info
[1.100s] running install_scripts
[1.114s] writing list of installed files to '/home/chen/repositorio2/Robot/build/proy_nexa_provide_map/install.log'
[1.132s] Invoked command in '/home/chen/repositorio2/Robot/src/proy_nexa/proy_nexa_provide_map' returned '0': PYTHONPATH=/home/chen/repositorio2/Robot/build/proy_nexa_provide_map/prefix_override:/home/chen/repositorio2/Robot/install/proy_nexa_provide_map/lib/python3.8/site-packages:${PYTHONPATH} /usr/bin/python3 setup.py egg_info --egg-base ../../../build/proy_nexa_provide_map build --build-base /home/chen/repositorio2/Robot/build/proy_nexa_provide_map/build install --record /home/chen/repositorio2/Robot/build/proy_nexa_provide_map/install.log --single-version-externally-managed
