[0.387s] Invoking command in '/home/chen/repositorio2/Robot/src/build/web_video_server': CMAKE_PREFIX_PATH=/home/chen/turtlebot3_ws/install/show_msg:/home/chen/turtlebot3_ws/install/proy_nexa_show_msg:/home/chen/turtlebot3_ws/install/proy_nexa_service:/home/chen/turtlebot3_ws/install/provide_map:/home/chen/turtlebot3_ws/install/my_slam:/home/chen/turtlebot3_ws/install/my_nav2_system:/home/chen/turtlebot3_ws/install/my_first_subscriber:/home/chen/turtlebot3_ws/install/my_first_service:/home/chen/turtlebot3_ws/install/my_first_publisher:/home/chen/turtlebot3_ws/install/my_first_node:/home/chen/turtlebot3_ws/install/my_first_action:/home/chen/turtlebot3_ws/install/capture_image:/home/chen/turtlebot3_ws/install/apellido1_apellido2_ex_my_nav2_system:/home/chen/turtlebot3_ws/src/my_first_service/install/my_first_service:/opt/ros/galactic:/home/chen/repositorio2/Robot/src/install/async_web_server_cpp:${CMAKE_PREFIX_PATH} LD_LIBRARY_PATH=/home/chen/repositorio2/Robot/src/install/async_web_server_cpp/lib:${LD_LIBRARY_PATH} PKG_CONFIG_PATH=/home/chen/repositorio2/Robot/src/install/async_web_server_cpp/lib/x86_64-linux-gnu/pkgconfig:/home/chen/repositorio2/Robot/src/install/async_web_server_cpp/lib/pkgconfig ROS_PACKAGE_PATH=/home/chen/repositorio2/Robot/src/install/async_web_server_cpp/share /home/chen/.local/bin/cmake --build /home/chen/repositorio2/Robot/src/build/web_video_server -- -j2 -l2
[0.593s] [100%] Built target web_video_server
[0.628s] Invoked command in '/home/chen/repositorio2/Robot/src/build/web_video_server' returned '0': CMAKE_PREFIX_PATH=/home/chen/turtlebot3_ws/install/show_msg:/home/chen/turtlebot3_ws/install/proy_nexa_show_msg:/home/chen/turtlebot3_ws/install/proy_nexa_service:/home/chen/turtlebot3_ws/install/provide_map:/home/chen/turtlebot3_ws/install/my_slam:/home/chen/turtlebot3_ws/install/my_nav2_system:/home/chen/turtlebot3_ws/install/my_first_subscriber:/home/chen/turtlebot3_ws/install/my_first_service:/home/chen/turtlebot3_ws/install/my_first_publisher:/home/chen/turtlebot3_ws/install/my_first_node:/home/chen/turtlebot3_ws/install/my_first_action:/home/chen/turtlebot3_ws/install/capture_image:/home/chen/turtlebot3_ws/install/apellido1_apellido2_ex_my_nav2_system:/home/chen/turtlebot3_ws/src/my_first_service/install/my_first_service:/opt/ros/galactic:/home/chen/repositorio2/Robot/src/install/async_web_server_cpp:${CMAKE_PREFIX_PATH} LD_LIBRARY_PATH=/home/chen/repositorio2/Robot/src/install/async_web_server_cpp/lib:${LD_LIBRARY_PATH} PKG_CONFIG_PATH=/home/chen/repositorio2/Robot/src/install/async_web_server_cpp/lib/x86_64-linux-gnu/pkgconfig:/home/chen/repositorio2/Robot/src/install/async_web_server_cpp/lib/pkgconfig ROS_PACKAGE_PATH=/home/chen/repositorio2/Robot/src/install/async_web_server_cpp/share /home/chen/.local/bin/cmake --build /home/chen/repositorio2/Robot/src/build/web_video_server -- -j2 -l2
[0.846s] Invoking command in '/home/chen/repositorio2/Robot/src/build/web_video_server': CMAKE_PREFIX_PATH=/home/chen/turtlebot3_ws/install/show_msg:/home/chen/turtlebot3_ws/install/proy_nexa_show_msg:/home/chen/turtlebot3_ws/install/proy_nexa_service:/home/chen/turtlebot3_ws/install/provide_map:/home/chen/turtlebot3_ws/install/my_slam:/home/chen/turtlebot3_ws/install/my_nav2_system:/home/chen/turtlebot3_ws/install/my_first_subscriber:/home/chen/turtlebot3_ws/install/my_first_service:/home/chen/turtlebot3_ws/install/my_first_publisher:/home/chen/turtlebot3_ws/install/my_first_node:/home/chen/turtlebot3_ws/install/my_first_action:/home/chen/turtlebot3_ws/install/capture_image:/home/chen/turtlebot3_ws/install/apellido1_apellido2_ex_my_nav2_system:/home/chen/turtlebot3_ws/src/my_first_service/install/my_first_service:/opt/ros/galactic:/home/chen/repositorio2/Robot/src/install/async_web_server_cpp:${CMAKE_PREFIX_PATH} LD_LIBRARY_PATH=/home/chen/repositorio2/Robot/src/install/async_web_server_cpp/lib:${LD_LIBRARY_PATH} PKG_CONFIG_PATH=/home/chen/repositorio2/Robot/src/install/async_web_server_cpp/lib/x86_64-linux-gnu/pkgconfig:/home/chen/repositorio2/Robot/src/install/async_web_server_cpp/lib/pkgconfig ROS_PACKAGE_PATH=/home/chen/repositorio2/Robot/src/install/async_web_server_cpp/share /home/chen/.local/bin/cmake --install /home/chen/repositorio2/Robot/src/build/web_video_server
[0.909s] -- Install configuration: ""
[0.909s] -- Up-to-date: /home/chen/repositorio2/Robot/src/install/web_video_server/lib/web_video_server/web_video_server
[0.911s] -- Up-to-date: /home/chen/repositorio2/Robot/src/install/web_video_server/include/web_video_server
[0.911s] -- Up-to-date: /home/chen/repositorio2/Robot/src/install/web_video_server/include/web_video_server/ros_compressed_streamer.h
[0.912s] -- Up-to-date: /home/chen/repositorio2/Robot/src/install/web_video_server/include/web_video_server/web_video_server.h
[0.913s] -- Up-to-date: /home/chen/repositorio2/Robot/src/install/web_video_server/include/web_video_server/vp8_streamer.h
[0.914s] -- Up-to-date: /home/chen/repositorio2/Robot/src/install/web_video_server/include/web_video_server/png_streamers.h
[0.914s] -- Up-to-date: /home/chen/repositorio2/Robot/src/install/web_video_server/include/web_video_server/jpeg_streamers.h
[0.916s] -- Up-to-date: /home/chen/repositorio2/Robot/src/install/web_video_server/include/web_video_server/image_streamer.h
[0.917s] -- Up-to-date: /home/chen/repositorio2/Robot/src/install/web_video_server/include/web_video_server/libav_streamer.h
[0.918s] -- Up-to-date: /home/chen/repositorio2/Robot/src/install/web_video_server/include/web_video_server/multipart_stream.h
[0.919s] -- Up-to-date: /home/chen/repositorio2/Robot/src/install/web_video_server/include/web_video_server/vp9_streamer.h
[0.919s] -- Up-to-date: /home/chen/repositorio2/Robot/src/install/web_video_server/include/web_video_server/h264_streamer.h
[0.920s] -- Up-to-date: /home/chen/repositorio2/Robot/src/install/web_video_server/share/ament_index/resource_index/package_run_dependencies/web_video_server
[0.921s] -- Up-to-date: /home/chen/repositorio2/Robot/src/install/web_video_server/share/ament_index/resource_index/parent_prefix_path/web_video_server
[0.922s] -- Up-to-date: /home/chen/repositorio2/Robot/src/install/web_video_server/share/web_video_server/environment/ament_prefix_path.sh
[0.923s] -- Up-to-date: /home/chen/repositorio2/Robot/src/install/web_video_server/share/web_video_server/environment/ament_prefix_path.dsv
[0.923s] -- Up-to-date: /home/chen/repositorio2/Robot/src/install/web_video_server/share/web_video_server/environment/path.sh
[0.924s] -- Up-to-date: /home/chen/repositorio2/Robot/src/install/web_video_server/share/web_video_server/environment/path.dsv
[0.925s] -- Up-to-date: /home/chen/repositorio2/Robot/src/install/web_video_server/share/web_video_server/local_setup.bash
[0.925s] -- Up-to-date: /home/chen/repositorio2/Robot/src/install/web_video_server/share/web_video_server/local_setup.sh
[0.926s] -- Up-to-date: /home/chen/repositorio2/Robot/src/install/web_video_server/share/web_video_server/local_setup.zsh
[0.926s] -- Up-to-date: /home/chen/repositorio2/Robot/src/install/web_video_server/share/web_video_server/local_setup.dsv
[0.926s] -- Installing: /home/chen/repositorio2/Robot/src/install/web_video_server/share/web_video_server/package.dsv
[0.928s] -- Up-to-date: /home/chen/repositorio2/Robot/src/install/web_video_server/share/ament_index/resource_index/packages/web_video_server
[0.928s] -- Up-to-date: /home/chen/repositorio2/Robot/src/install/web_video_server/share/web_video_server/cmake/web_video_serverConfig.cmake
[0.929s] -- Up-to-date: /home/chen/repositorio2/Robot/src/install/web_video_server/share/web_video_server/cmake/web_video_serverConfig-version.cmake
[0.929s] -- Up-to-date: /home/chen/repositorio2/Robot/src/install/web_video_server/share/web_video_server/package.xml
[0.940s] Invoked command in '/home/chen/repositorio2/Robot/src/build/web_video_server' returned '0': CMAKE_PREFIX_PATH=/home/chen/turtlebot3_ws/install/show_msg:/home/chen/turtlebot3_ws/install/proy_nexa_show_msg:/home/chen/turtlebot3_ws/install/proy_nexa_service:/home/chen/turtlebot3_ws/install/provide_map:/home/chen/turtlebot3_ws/install/my_slam:/home/chen/turtlebot3_ws/install/my_nav2_system:/home/chen/turtlebot3_ws/install/my_first_subscriber:/home/chen/turtlebot3_ws/install/my_first_service:/home/chen/turtlebot3_ws/install/my_first_publisher:/home/chen/turtlebot3_ws/install/my_first_node:/home/chen/turtlebot3_ws/install/my_first_action:/home/chen/turtlebot3_ws/install/capture_image:/home/chen/turtlebot3_ws/install/apellido1_apellido2_ex_my_nav2_system:/home/chen/turtlebot3_ws/src/my_first_service/install/my_first_service:/opt/ros/galactic:/home/chen/repositorio2/Robot/src/install/async_web_server_cpp:${CMAKE_PREFIX_PATH} LD_LIBRARY_PATH=/home/chen/repositorio2/Robot/src/install/async_web_server_cpp/lib:${LD_LIBRARY_PATH} PKG_CONFIG_PATH=/home/chen/repositorio2/Robot/src/install/async_web_server_cpp/lib/x86_64-linux-gnu/pkgconfig:/home/chen/repositorio2/Robot/src/install/async_web_server_cpp/lib/pkgconfig ROS_PACKAGE_PATH=/home/chen/repositorio2/Robot/src/install/async_web_server_cpp/share /home/chen/.local/bin/cmake --install /home/chen/repositorio2/Robot/src/build/web_video_server
