[0.187s] Invoking command in '/home/chen/repositorio2/Robot/build/my_world': CMAKE_PREFIX_PATH=${CMAKE_PREFIX_PATH}:/home/chen/turtlebot3_ws/install/show_msg:/home/chen/turtlebot3_ws/install/proy_nexa_show_msg:/home/chen/turtlebot3_ws/install/proy_nexa_service:/home/chen/turtlebot3_ws/install/provide_map:/home/chen/turtlebot3_ws/install/my_slam:/home/chen/turtlebot3_ws/install/my_nav2_system:/home/chen/turtlebot3_ws/install/my_first_subscriber:/home/chen/turtlebot3_ws/install/my_first_service:/home/chen/turtlebot3_ws/install/my_first_publisher:/home/chen/turtlebot3_ws/install/my_first_node:/home/chen/turtlebot3_ws/install/my_first_action:/home/chen/turtlebot3_ws/src/my_first_service/install/my_first_service:/opt/ros/galactic /usr/bin/cmake --build /home/chen/repositorio2/Robot/build/my_world -- -j2 -l2
[0.278s] [100%] Built target turtlebot3_drive
[0.293s] Invoked command in '/home/chen/repositorio2/Robot/build/my_world' returned '0': CMAKE_PREFIX_PATH=${CMAKE_PREFIX_PATH}:/home/chen/turtlebot3_ws/install/show_msg:/home/chen/turtlebot3_ws/install/proy_nexa_show_msg:/home/chen/turtlebot3_ws/install/proy_nexa_service:/home/chen/turtlebot3_ws/install/provide_map:/home/chen/turtlebot3_ws/install/my_slam:/home/chen/turtlebot3_ws/install/my_nav2_system:/home/chen/turtlebot3_ws/install/my_first_subscriber:/home/chen/turtlebot3_ws/install/my_first_service:/home/chen/turtlebot3_ws/install/my_first_publisher:/home/chen/turtlebot3_ws/install/my_first_node:/home/chen/turtlebot3_ws/install/my_first_action:/home/chen/turtlebot3_ws/src/my_first_service/install/my_first_service:/opt/ros/galactic /usr/bin/cmake --build /home/chen/repositorio2/Robot/build/my_world -- -j2 -l2
[0.355s] Invoking command in '/home/chen/repositorio2/Robot/build/my_world': CMAKE_PREFIX_PATH=${CMAKE_PREFIX_PATH}:/home/chen/turtlebot3_ws/install/show_msg:/home/chen/turtlebot3_ws/install/proy_nexa_show_msg:/home/chen/turtlebot3_ws/install/proy_nexa_service:/home/chen/turtlebot3_ws/install/provide_map:/home/chen/turtlebot3_ws/install/my_slam:/home/chen/turtlebot3_ws/install/my_nav2_system:/home/chen/turtlebot3_ws/install/my_first_subscriber:/home/chen/turtlebot3_ws/install/my_first_service:/home/chen/turtlebot3_ws/install/my_first_publisher:/home/chen/turtlebot3_ws/install/my_first_node:/home/chen/turtlebot3_ws/install/my_first_action:/home/chen/turtlebot3_ws/src/my_first_service/install/my_first_service:/opt/ros/galactic /usr/bin/cmake --install /home/chen/repositorio2/Robot/build/my_world
[0.368s] -- Install configuration: ""
[0.368s] -- Up-to-date: /home/chen/repositorio2/Robot/install/my_world/lib/my_world/turtlebot3_drive
[0.368s] -- Up-to-date: /home/chen/repositorio2/Robot/install/my_world/share/my_world//launch
[0.368s] -- Up-to-date: /home/chen/repositorio2/Robot/install/my_world/share/my_world//launch/turtlebot3_my_world.launch.py
[0.368s] -- Up-to-date: /home/chen/repositorio2/Robot/install/my_world/share/my_world//models
[0.368s] -- Up-to-date: /home/chen/repositorio2/Robot/install/my_world/share/my_world//models/turtlebot3_burger
[0.368s] -- Up-to-date: /home/chen/repositorio2/Robot/install/my_world/share/my_world//models/turtlebot3_burger/model.sdf
[0.368s] -- Up-to-date: /home/chen/repositorio2/Robot/install/my_world/share/my_world//models/turtlebot3_burger/model-1_4.sdf
[0.369s] -- Up-to-date: /home/chen/repositorio2/Robot/install/my_world/share/my_world//models/turtlebot3_burger/model.config
[0.369s] -- Up-to-date: /home/chen/repositorio2/Robot/install/my_world/share/my_world//models/turtlebot3_burger/meshes
[0.369s] -- Up-to-date: /home/chen/repositorio2/Robot/install/my_world/share/my_world//models/turtlebot3_burger/meshes/lds.dae
[0.369s] -- Up-to-date: /home/chen/repositorio2/Robot/install/my_world/share/my_world//models/turtlebot3_burger/meshes/tire.dae
[0.369s] -- Up-to-date: /home/chen/repositorio2/Robot/install/my_world/share/my_world//models/turtlebot3_burger/meshes/burger_base.dae
[0.369s] -- Up-to-date: /home/chen/repositorio2/Robot/install/my_world/share/my_world//models/turtlebot3_burger_pi
[0.369s] -- Up-to-date: /home/chen/repositorio2/Robot/install/my_world/share/my_world//models/turtlebot3_burger_pi/model.sdf
[0.369s] -- Up-to-date: /home/chen/repositorio2/Robot/install/my_world/share/my_world//models/turtlebot3_burger_pi/model-1_4.sdf
[0.369s] -- Up-to-date: /home/chen/repositorio2/Robot/install/my_world/share/my_world//models/turtlebot3_burger_pi/model.config
[0.369s] -- Up-to-date: /home/chen/repositorio2/Robot/install/my_world/share/my_world//models/turtlebot3_burger_pi/meshes
[0.369s] -- Up-to-date: /home/chen/repositorio2/Robot/install/my_world/share/my_world//models/turtlebot3_burger_pi/meshes/lds.dae
[0.369s] -- Up-to-date: /home/chen/repositorio2/Robot/install/my_world/share/my_world//models/turtlebot3_burger_pi/meshes/tire.dae
[0.369s] -- Up-to-date: /home/chen/repositorio2/Robot/install/my_world/share/my_world//models/turtlebot3_burger_pi/meshes/burger_base.dae
[0.369s] -- Up-to-date: /home/chen/repositorio2/Robot/install/my_world/share/my_world//models/cpr_agriculture
[0.369s] -- Up-to-date: /home/chen/repositorio2/Robot/install/my_world/share/my_world//models/cpr_agriculture/model.sdf
[0.369s] -- Up-to-date: /home/chen/repositorio2/Robot/install/my_world/share/my_world//models/cpr_agriculture/model.config
[0.369s] -- Up-to-date: /home/chen/repositorio2/Robot/install/my_world/share/my_world//models/cpr_agriculture/meshes
[0.369s] -- Up-to-date: /home/chen/repositorio2/Robot/install/my_world/share/my_world//models/cpr_agriculture/meshes/agriculture_world.dae
[0.369s] -- Up-to-date: /home/chen/repositorio2/Robot/install/my_world/share/my_world//models/cpr_agriculture/materials
[0.369s] -- Up-to-date: /home/chen/repositorio2/Robot/install/my_world/share/my_world//models/cpr_agriculture/materials/textures
[0.369s] -- Up-to-date: /home/chen/repositorio2/Robot/install/my_world/share/my_world//models/cpr_agriculture/materials/textures/AgriBakeLarge.jpg
[0.369s] -- Up-to-date: /home/chen/repositorio2/Robot/install/my_world/share/my_world//models/cpr_agriculture/materials/textures/SolarPanelsPolycrystallineTypeBFramedClean001_COL_3K.jpg
[0.369s] -- Up-to-date: /home/chen/repositorio2/Robot/install/my_world/share/my_world//models/cpr_agriculture/materials/textures/WoodPlanksWornWhite33_COL_VAR1_3K.jpg
[0.370s] -- Up-to-date: /home/chen/repositorio2/Robot/install/my_world/share/my_world//models/cpr_agriculture/materials/textures/WoodPlanksWorn33_COL_VAR1_3K.jpg
[0.370s] -- Up-to-date: /home/chen/repositorio2/Robot/install/my_world/share/my_world//models/cpr_agriculture/materials/textures/WoodPlanksWornRed33_COL_VAR1_3K.jpg
[0.370s] -- Up-to-date: /home/chen/repositorio2/Robot/install/my_world/share/my_world//models/cpr_agriculture/materials/textures/MetalCorrugatedIronSheet002_METALNESS_3K_METALNESS.jpg
[0.370s] -- Up-to-date: /home/chen/repositorio2/Robot/install/my_world/share/my_world//models/monkey
[0.370s] -- Up-to-date: /home/chen/repositorio2/Robot/install/my_world/share/my_world//models/monkey/model.sdf
[0.370s] -- Up-to-date: /home/chen/repositorio2/Robot/install/my_world/share/my_world//models/monkey/model.config
[0.370s] -- Up-to-date: /home/chen/repositorio2/Robot/install/my_world/share/my_world//models/monkey/meshes
[0.370s] -- Up-to-date: /home/chen/repositorio2/Robot/install/my_world/share/my_world//models/monkey/meshes/monkey.dae
[0.370s] -- Up-to-date: /home/chen/repositorio2/Robot/install/my_world/share/my_world//models/lion
[0.370s] -- Up-to-date: /home/chen/repositorio2/Robot/install/my_world/share/my_world//models/lion/model.sdf
[0.370s] -- Up-to-date: /home/chen/repositorio2/Robot/install/my_world/share/my_world//models/lion/model.config
[0.370s] -- Up-to-date: /home/chen/repositorio2/Robot/install/my_world/share/my_world//models/lion/meshes
[0.370s] -- Up-to-date: /home/chen/repositorio2/Robot/install/my_world/share/my_world//models/lion/meshes/lion.dae
[0.370s] -- Up-to-date: /home/chen/repositorio2/Robot/install/my_world/share/my_world//models/my_world
[0.370s] -- Up-to-date: /home/chen/repositorio2/Robot/install/my_world/share/my_world//models/my_world/model.sdf
[0.370s] -- Up-to-date: /home/chen/repositorio2/Robot/install/my_world/share/my_world//models/my_world/model.config
[0.370s] -- Up-to-date: /home/chen/repositorio2/Robot/install/my_world/share/my_world//models/girafe
[0.370s] -- Up-to-date: /home/chen/repositorio2/Robot/install/my_world/share/my_world//models/girafe/model.sdf
[0.371s] -- Up-to-date: /home/chen/repositorio2/Robot/install/my_world/share/my_world//models/girafe/model.config
[0.371s] -- Up-to-date: /home/chen/repositorio2/Robot/install/my_world/share/my_world//models/girafe/meshes
[0.371s] -- Up-to-date: /home/chen/repositorio2/Robot/install/my_world/share/my_world//models/girafe/meshes/Giraffe.dae
[0.371s] -- Up-to-date: /home/chen/repositorio2/Robot/install/my_world/share/my_world//world
[0.371s] -- Up-to-date: /home/chen/repositorio2/Robot/install/my_world/share/my_world//world/burger.model
[0.371s] -- Up-to-date: /home/chen/repositorio2/Robot/install/my_world/share/my_world//world/agriculture.world
[0.371s] -- Up-to-date: /home/chen/repositorio2/Robot/install/my_world/share/my_world//world/burger_pi.model
[0.371s] -- Up-to-date: /home/chen/repositorio2/Robot/install/my_world/share/my_world//urdf
[0.371s] -- Up-to-date: /home/chen/repositorio2/Robot/install/my_world/share/my_world//urdf/turtlebot3_burger_pi.urdf
[0.371s] -- Up-to-date: /home/chen/repositorio2/Robot/install/my_world/share/my_world//urdf/turtlebot3_burger.urdf
[0.371s] -- Up-to-date: /home/chen/repositorio2/Robot/install/my_world/include/
[0.371s] -- Up-to-date: /home/chen/repositorio2/Robot/install/my_world/share/ament_index/resource_index/package_run_dependencies/my_world
[0.371s] -- Up-to-date: /home/chen/repositorio2/Robot/install/my_world/share/ament_index/resource_index/parent_prefix_path/my_world
[0.371s] -- Up-to-date: /home/chen/repositorio2/Robot/install/my_world/share/my_world/environment/ament_prefix_path.sh
[0.371s] -- Up-to-date: /home/chen/repositorio2/Robot/install/my_world/share/my_world/environment/ament_prefix_path.dsv
[0.371s] -- Up-to-date: /home/chen/repositorio2/Robot/install/my_world/share/my_world/environment/path.sh
[0.371s] -- Up-to-date: /home/chen/repositorio2/Robot/install/my_world/share/my_world/environment/path.dsv
[0.371s] -- Up-to-date: /home/chen/repositorio2/Robot/install/my_world/share/my_world/local_setup.bash
[0.371s] -- Up-to-date: /home/chen/repositorio2/Robot/install/my_world/share/my_world/local_setup.sh
[0.371s] -- Up-to-date: /home/chen/repositorio2/Robot/install/my_world/share/my_world/local_setup.zsh
[0.371s] -- Up-to-date: /home/chen/repositorio2/Robot/install/my_world/share/my_world/local_setup.dsv
[0.372s] -- Installing: /home/chen/repositorio2/Robot/install/my_world/share/my_world/package.dsv
[0.372s] -- Up-to-date: /home/chen/repositorio2/Robot/install/my_world/share/ament_index/resource_index/packages/my_world
[0.372s] -- Up-to-date: /home/chen/repositorio2/Robot/install/my_world/share/my_world/cmake/ament_cmake_export_include_directories-extras.cmake
[0.372s] -- Up-to-date: /home/chen/repositorio2/Robot/install/my_world/share/my_world/cmake/ament_cmake_export_dependencies-extras.cmake
[0.372s] -- Up-to-date: /home/chen/repositorio2/Robot/install/my_world/share/my_world/cmake/my_worldConfig.cmake
[0.372s] -- Up-to-date: /home/chen/repositorio2/Robot/install/my_world/share/my_world/cmake/my_worldConfig-version.cmake
[0.372s] -- Up-to-date: /home/chen/repositorio2/Robot/install/my_world/share/my_world/package.xml
[0.380s] Invoked command in '/home/chen/repositorio2/Robot/build/my_world' returned '0': CMAKE_PREFIX_PATH=${CMAKE_PREFIX_PATH}:/home/chen/turtlebot3_ws/install/show_msg:/home/chen/turtlebot3_ws/install/proy_nexa_show_msg:/home/chen/turtlebot3_ws/install/proy_nexa_service:/home/chen/turtlebot3_ws/install/provide_map:/home/chen/turtlebot3_ws/install/my_slam:/home/chen/turtlebot3_ws/install/my_nav2_system:/home/chen/turtlebot3_ws/install/my_first_subscriber:/home/chen/turtlebot3_ws/install/my_first_service:/home/chen/turtlebot3_ws/install/my_first_publisher:/home/chen/turtlebot3_ws/install/my_first_node:/home/chen/turtlebot3_ws/install/my_first_action:/home/chen/turtlebot3_ws/src/my_first_service/install/my_first_service:/opt/ros/galactic /usr/bin/cmake --install /home/chen/repositorio2/Robot/build/my_world
