[0.472s] Invoking command in '/home/chen/repositorio2/Robot/build/my_world': CMAKE_PREFIX_PATH=${CMAKE_PREFIX_PATH}://home/chen/repositorio2/Robot/install/proy_nexa_show_msg://home/chen/repositorio2/Robot/install/proy_nexa_service://home/chen/repositorio2/Robot/install/proy_nexa_my_slam:/home/chen/turtlebot3_ws/install/show_msg:/home/chen/turtlebot3_ws/install/proy_nexa_show_msg:/home/chen/turtlebot3_ws/install/proy_nexa_service:/home/chen/turtlebot3_ws/install/provide_map:/home/chen/turtlebot3_ws/install/my_slam:/home/chen/turtlebot3_ws/install/my_nav2_system:/home/chen/turtlebot3_ws/install/my_first_subscriber:/home/chen/turtlebot3_ws/install/my_first_service:/home/chen/turtlebot3_ws/install/my_first_publisher:/home/chen/turtlebot3_ws/install/my_first_node:/home/chen/turtlebot3_ws/install/my_first_action:/home/chen/turtlebot3_ws/src/my_first_service/install/my_first_service:/opt/ros/galactic /usr/bin/cmake --build /home/chen/repositorio2/Robot/build/my_world -- -j2 -l2
[0.828s] [100%] Built target turtlebot3_drive
[0.854s] Invoked command in '/home/chen/repositorio2/Robot/build/my_world' returned '0': CMAKE_PREFIX_PATH=${CMAKE_PREFIX_PATH}://home/chen/repositorio2/Robot/install/proy_nexa_show_msg://home/chen/repositorio2/Robot/install/proy_nexa_service://home/chen/repositorio2/Robot/install/proy_nexa_my_slam:/home/chen/turtlebot3_ws/install/show_msg:/home/chen/turtlebot3_ws/install/proy_nexa_show_msg:/home/chen/turtlebot3_ws/install/proy_nexa_service:/home/chen/turtlebot3_ws/install/provide_map:/home/chen/turtlebot3_ws/install/my_slam:/home/chen/turtlebot3_ws/install/my_nav2_system:/home/chen/turtlebot3_ws/install/my_first_subscriber:/home/chen/turtlebot3_ws/install/my_first_service:/home/chen/turtlebot3_ws/install/my_first_publisher:/home/chen/turtlebot3_ws/install/my_first_node:/home/chen/turtlebot3_ws/install/my_first_action:/home/chen/turtlebot3_ws/src/my_first_service/install/my_first_service:/opt/ros/galactic /usr/bin/cmake --build /home/chen/repositorio2/Robot/build/my_world -- -j2 -l2
[0.943s] Invoking command in '/home/chen/repositorio2/Robot/build/my_world': CMAKE_PREFIX_PATH=${CMAKE_PREFIX_PATH}://home/chen/repositorio2/Robot/install/proy_nexa_show_msg://home/chen/repositorio2/Robot/install/proy_nexa_service://home/chen/repositorio2/Robot/install/proy_nexa_my_slam:/home/chen/turtlebot3_ws/install/show_msg:/home/chen/turtlebot3_ws/install/proy_nexa_show_msg:/home/chen/turtlebot3_ws/install/proy_nexa_service:/home/chen/turtlebot3_ws/install/provide_map:/home/chen/turtlebot3_ws/install/my_slam:/home/chen/turtlebot3_ws/install/my_nav2_system:/home/chen/turtlebot3_ws/install/my_first_subscriber:/home/chen/turtlebot3_ws/install/my_first_service:/home/chen/turtlebot3_ws/install/my_first_publisher:/home/chen/turtlebot3_ws/install/my_first_node:/home/chen/turtlebot3_ws/install/my_first_action:/home/chen/turtlebot3_ws/src/my_first_service/install/my_first_service:/opt/ros/galactic /usr/bin/cmake --install /home/chen/repositorio2/Robot/build/my_world
[0.964s] -- Install configuration: ""
[0.974s] -- Up-to-date: /home/chen/repositorio2/Robot/install/my_world/lib/my_world/turtlebot3_drive
[0.975s] -- Up-to-date: /home/chen/repositorio2/Robot/install/my_world/share/my_world//launch
[0.975s] -- Up-to-date: /home/chen/repositorio2/Robot/install/my_world/share/my_world//launch/turtlebot3_my_world.launch.py
[0.975s] -- Up-to-date: /home/chen/repositorio2/Robot/install/my_world/share/my_world//models
[0.977s] -- Up-to-date: /home/chen/repositorio2/Robot/install/my_world/share/my_world//models/turtlebot3_burger
[0.977s] -- Up-to-date: /home/chen/repositorio2/Robot/install/my_world/share/my_world//models/turtlebot3_burger/model.sdf
[0.977s] -- Up-to-date: /home/chen/repositorio2/Robot/install/my_world/share/my_world//models/turtlebot3_burger/model-1_4.sdf
[0.977s] -- Up-to-date: /home/chen/repositorio2/Robot/install/my_world/share/my_world//models/turtlebot3_burger/model.config
[0.978s] -- Up-to-date: /home/chen/repositorio2/Robot/install/my_world/share/my_world//models/turtlebot3_burger/meshes
[0.979s] -- Up-to-date: /home/chen/repositorio2/Robot/install/my_world/share/my_world//models/turtlebot3_burger/meshes/lds.dae
[0.979s] -- Up-to-date: /home/chen/repositorio2/Robot/install/my_world/share/my_world//models/turtlebot3_burger/meshes/tire.dae
[0.980s] -- Up-to-date: /home/chen/repositorio2/Robot/install/my_world/share/my_world//models/turtlebot3_burger/meshes/burger_base.dae
[0.980s] -- Up-to-date: /home/chen/repositorio2/Robot/install/my_world/share/my_world//models/turtlebot3_burger_pi
[0.981s] -- Up-to-date: /home/chen/repositorio2/Robot/install/my_world/share/my_world//models/turtlebot3_burger_pi/model.sdf
[0.982s] -- Up-to-date: /home/chen/repositorio2/Robot/install/my_world/share/my_world//models/turtlebot3_burger_pi/model-1_4.sdf
[0.983s] -- Up-to-date: /home/chen/repositorio2/Robot/install/my_world/share/my_world//models/turtlebot3_burger_pi/model.config
[0.983s] -- Up-to-date: /home/chen/repositorio2/Robot/install/my_world/share/my_world//models/turtlebot3_burger_pi/meshes
[0.984s] -- Up-to-date: /home/chen/repositorio2/Robot/install/my_world/share/my_world//models/turtlebot3_burger_pi/meshes/lds.dae
[0.985s] -- Up-to-date: /home/chen/repositorio2/Robot/install/my_world/share/my_world//models/turtlebot3_burger_pi/meshes/tire.dae
[0.986s] -- Up-to-date: /home/chen/repositorio2/Robot/install/my_world/share/my_world//models/turtlebot3_burger_pi/meshes/burger_base.dae
[0.986s] -- Up-to-date: /home/chen/repositorio2/Robot/install/my_world/share/my_world//models/cpr_agriculture
[0.987s] -- Up-to-date: /home/chen/repositorio2/Robot/install/my_world/share/my_world//models/cpr_agriculture/model.sdf
[0.987s] -- Up-to-date: /home/chen/repositorio2/Robot/install/my_world/share/my_world//models/cpr_agriculture/model.config
[0.988s] -- Up-to-date: /home/chen/repositorio2/Robot/install/my_world/share/my_world//models/cpr_agriculture/meshes
[0.989s] -- Up-to-date: /home/chen/repositorio2/Robot/install/my_world/share/my_world//models/cpr_agriculture/meshes/agriculture_world.dae
[0.989s] -- Up-to-date: /home/chen/repositorio2/Robot/install/my_world/share/my_world//models/cpr_agriculture/materials
[0.990s] -- Up-to-date: /home/chen/repositorio2/Robot/install/my_world/share/my_world//models/cpr_agriculture/materials/textures
[0.990s] -- Up-to-date: /home/chen/repositorio2/Robot/install/my_world/share/my_world//models/cpr_agriculture/materials/textures/AgriBakeLarge.jpg
[0.991s] -- Up-to-date: /home/chen/repositorio2/Robot/install/my_world/share/my_world//models/cpr_agriculture/materials/textures/SolarPanelsPolycrystallineTypeBFramedClean001_COL_3K.jpg
[0.994s] -- Up-to-date: /home/chen/repositorio2/Robot/install/my_world/share/my_world//models/cpr_agriculture/materials/textures/WoodPlanksWornWhite33_COL_VAR1_3K.jpg
[0.994s] -- Up-to-date: /home/chen/repositorio2/Robot/install/my_world/share/my_world//models/cpr_agriculture/materials/textures/WoodPlanksWorn33_COL_VAR1_3K.jpg
[0.994s] -- Up-to-date: /home/chen/repositorio2/Robot/install/my_world/share/my_world//models/cpr_agriculture/materials/textures/WoodPlanksWornRed33_COL_VAR1_3K.jpg
[0.998s] -- Up-to-date: /home/chen/repositorio2/Robot/install/my_world/share/my_world//models/cpr_agriculture/materials/textures/MetalCorrugatedIronSheet002_METALNESS_3K_METALNESS.jpg
[0.998s] -- Up-to-date: /home/chen/repositorio2/Robot/install/my_world/share/my_world//models/monkey
[0.999s] -- Up-to-date: /home/chen/repositorio2/Robot/install/my_world/share/my_world//models/monkey/model.sdf
[1.000s] -- Up-to-date: /home/chen/repositorio2/Robot/install/my_world/share/my_world//models/monkey/model.config
[1.000s] -- Up-to-date: /home/chen/repositorio2/Robot/install/my_world/share/my_world//models/monkey/meshes
[1.002s] -- Up-to-date: /home/chen/repositorio2/Robot/install/my_world/share/my_world//models/monkey/meshes/monkey.dae
[1.002s] -- Up-to-date: /home/chen/repositorio2/Robot/install/my_world/share/my_world//models/lion
[1.002s] -- Up-to-date: /home/chen/repositorio2/Robot/install/my_world/share/my_world//models/lion/model.sdf
[1.003s] -- Up-to-date: /home/chen/repositorio2/Robot/install/my_world/share/my_world//models/lion/model.config
[1.003s] -- Up-to-date: /home/chen/repositorio2/Robot/install/my_world/share/my_world//models/lion/meshes
[1.003s] -- Up-to-date: /home/chen/repositorio2/Robot/install/my_world/share/my_world//models/lion/meshes/lion.dae
[1.005s] -- Up-to-date: /home/chen/repositorio2/Robot/install/my_world/share/my_world//models/my_world
[1.007s] -- Up-to-date: /home/chen/repositorio2/Robot/install/my_world/share/my_world//models/my_world/model.sdf
[1.007s] -- Up-to-date: /home/chen/repositorio2/Robot/install/my_world/share/my_world//models/my_world/model.config
[1.008s] -- Up-to-date: /home/chen/repositorio2/Robot/install/my_world/share/my_world//models/girafe
[1.009s] -- Up-to-date: /home/chen/repositorio2/Robot/install/my_world/share/my_world//models/girafe/model.sdf
[1.010s] -- Up-to-date: /home/chen/repositorio2/Robot/install/my_world/share/my_world//models/girafe/model.config
[1.013s] -- Up-to-date: /home/chen/repositorio2/Robot/install/my_world/share/my_world//models/girafe/meshes
[1.013s] -- Up-to-date: /home/chen/repositorio2/Robot/install/my_world/share/my_world//models/girafe/meshes/Giraffe.dae
[1.014s] -- Up-to-date: /home/chen/repositorio2/Robot/install/my_world/share/my_world//world
[1.014s] -- Up-to-date: /home/chen/repositorio2/Robot/install/my_world/share/my_world//world/burger.model
[1.014s] -- Up-to-date: /home/chen/repositorio2/Robot/install/my_world/share/my_world//world/agriculture.world
[1.015s] -- Up-to-date: /home/chen/repositorio2/Robot/install/my_world/share/my_world//world/burger_pi.model
[1.015s] -- Up-to-date: /home/chen/repositorio2/Robot/install/my_world/share/my_world//urdf
[1.015s] -- Up-to-date: /home/chen/repositorio2/Robot/install/my_world/share/my_world//urdf/turtlebot3_burger_pi.urdf
[1.015s] -- Up-to-date: /home/chen/repositorio2/Robot/install/my_world/share/my_world//urdf/turtlebot3_burger.urdf
[1.015s] -- Up-to-date: /home/chen/repositorio2/Robot/install/my_world/include/
[1.016s] -- Up-to-date: /home/chen/repositorio2/Robot/install/my_world/share/ament_index/resource_index/package_run_dependencies/my_world
[1.016s] -- Up-to-date: /home/chen/repositorio2/Robot/install/my_world/share/ament_index/resource_index/parent_prefix_path/my_world
[1.016s] -- Up-to-date: /home/chen/repositorio2/Robot/install/my_world/share/my_world/environment/ament_prefix_path.sh
[1.016s] -- Up-to-date: /home/chen/repositorio2/Robot/install/my_world/share/my_world/environment/ament_prefix_path.dsv
[1.016s] -- Up-to-date: /home/chen/repositorio2/Robot/install/my_world/share/my_world/environment/path.sh
[1.016s] -- Up-to-date: /home/chen/repositorio2/Robot/install/my_world/share/my_world/environment/path.dsv
[1.016s] -- Up-to-date: /home/chen/repositorio2/Robot/install/my_world/share/my_world/local_setup.bash
[1.017s] -- Up-to-date: /home/chen/repositorio2/Robot/install/my_world/share/my_world/local_setup.sh
[1.017s] -- Up-to-date: /home/chen/repositorio2/Robot/install/my_world/share/my_world/local_setup.zsh
[1.017s] -- Up-to-date: /home/chen/repositorio2/Robot/install/my_world/share/my_world/local_setup.dsv
[1.018s] -- Installing: /home/chen/repositorio2/Robot/install/my_world/share/my_world/package.dsv
[1.024s] -- Up-to-date: /home/chen/repositorio2/Robot/install/my_world/share/ament_index/resource_index/packages/my_world
[1.024s] -- Up-to-date: /home/chen/repositorio2/Robot/install/my_world/share/my_world/cmake/ament_cmake_export_include_directories-extras.cmake
[1.024s] -- Up-to-date: /home/chen/repositorio2/Robot/install/my_world/share/my_world/cmake/ament_cmake_export_dependencies-extras.cmake
[1.025s] -- Up-to-date: /home/chen/repositorio2/Robot/install/my_world/share/my_world/cmake/my_worldConfig.cmake
[1.025s] -- Up-to-date: /home/chen/repositorio2/Robot/install/my_world/share/my_world/cmake/my_worldConfig-version.cmake
[1.025s] -- Up-to-date: /home/chen/repositorio2/Robot/install/my_world/share/my_world/package.xml
[1.025s] Invoked command in '/home/chen/repositorio2/Robot/build/my_world' returned '0': CMAKE_PREFIX_PATH=${CMAKE_PREFIX_PATH}://home/chen/repositorio2/Robot/install/proy_nexa_show_msg://home/chen/repositorio2/Robot/install/proy_nexa_service://home/chen/repositorio2/Robot/install/proy_nexa_my_slam:/home/chen/turtlebot3_ws/install/show_msg:/home/chen/turtlebot3_ws/install/proy_nexa_show_msg:/home/chen/turtlebot3_ws/install/proy_nexa_service:/home/chen/turtlebot3_ws/install/provide_map:/home/chen/turtlebot3_ws/install/my_slam:/home/chen/turtlebot3_ws/install/my_nav2_system:/home/chen/turtlebot3_ws/install/my_first_subscriber:/home/chen/turtlebot3_ws/install/my_first_service:/home/chen/turtlebot3_ws/install/my_first_publisher:/home/chen/turtlebot3_ws/install/my_first_node:/home/chen/turtlebot3_ws/install/my_first_action:/home/chen/turtlebot3_ws/src/my_first_service/install/my_first_service:/opt/ros/galactic /usr/bin/cmake --install /home/chen/repositorio2/Robot/build/my_world
