[1.031s] Invoking command in '/home/chen/repositorio2/Robot/src/proy_nexa/proy_nexa_provide_map': PYTHONPATH=/home/chen/repositorio2/Robot/build/proy_nexa_provide_map/prefix_override:/home/chen/repositorio2/Robot/install/proy_nexa_provide_map/lib/python3.8/site-packages:${PYTHONPATH} /usr/bin/python3 setup.py egg_info --egg-base ../../../build/proy_nexa_provide_map build --build-base /home/chen/repositorio2/Robot/build/proy_nexa_provide_map/build install --record /home/chen/repositorio2/Robot/build/proy_nexa_provide_map/install.log --single-version-externally-managed
[1.208s] running egg_info
[1.209s] creating ../../../build/proy_nexa_provide_map/proy_nexa_provide_map.egg-info
[1.209s] writing ../../../build/proy_nexa_provide_map/proy_nexa_provide_map.egg-info/PKG-INFO
[1.209s] writing dependency_links to ../../../build/proy_nexa_provide_map/proy_nexa_provide_map.egg-info/dependency_links.txt
[1.209s] writing entry points to ../../../build/proy_nexa_provide_map/proy_nexa_provide_map.egg-info/entry_points.txt
[1.209s] writing requirements to ../../../build/proy_nexa_provide_map/proy_nexa_provide_map.egg-info/requires.txt
[1.209s] writing top-level names to ../../../build/proy_nexa_provide_map/proy_nexa_provide_map.egg-info/top_level.txt
[1.212s] writing manifest file '../../../build/proy_nexa_provide_map/proy_nexa_provide_map.egg-info/SOURCES.txt'
[1.235s] reading manifest file '../../../build/proy_nexa_provide_map/proy_nexa_provide_map.egg-info/SOURCES.txt'
[1.236s] writing manifest file '../../../build/proy_nexa_provide_map/proy_nexa_provide_map.egg-info/SOURCES.txt'
[1.236s] running build
[1.236s] running build_py
[1.237s] creating /home/chen/repositorio2/Robot/build/proy_nexa_provide_map/build
[1.237s] creating /home/chen/repositorio2/Robot/build/proy_nexa_provide_map/build/lib
[1.237s] creating /home/chen/repositorio2/Robot/build/proy_nexa_provide_map/build/lib/proy_nexa_provide_map
[1.237s] copying proy_nexa_provide_map/__init__.py -> /home/chen/repositorio2/Robot/build/proy_nexa_provide_map/build/lib/proy_nexa_provide_map
[1.238s] running install
[1.239s] running install_lib
[1.239s] creating /home/chen/repositorio2/Robot/install/proy_nexa_provide_map/lib/python3.8/site-packages/proy_nexa_provide_map
[1.240s] copying /home/chen/repositorio2/Robot/build/proy_nexa_provide_map/build/lib/proy_nexa_provide_map/__init__.py -> /home/chen/repositorio2/Robot/install/proy_nexa_provide_map/lib/python3.8/site-packages/proy_nexa_provide_map
[1.240s] byte-compiling /home/chen/repositorio2/Robot/install/proy_nexa_provide_map/lib/python3.8/site-packages/proy_nexa_provide_map/__init__.py to __init__.cpython-38.pyc
[1.242s] running install_data
[1.242s] creating /home/chen/repositorio2/Robot/install/proy_nexa_provide_map/share/ament_index
[1.243s] creating /home/chen/repositorio2/Robot/install/proy_nexa_provide_map/share/ament_index/resource_index
[1.243s] creating /home/chen/repositorio2/Robot/install/proy_nexa_provide_map/share/ament_index/resource_index/packages
[1.243s] copying resource/proy_nexa_provide_map -> /home/chen/repositorio2/Robot/install/proy_nexa_provide_map/share/ament_index/resource_index/packages
[1.243s] copying package.xml -> /home/chen/repositorio2/Robot/install/proy_nexa_provide_map/share/proy_nexa_provide_map
[1.243s] running install_egg_info
[1.244s] Copying ../../../build/proy_nexa_provide_map/proy_nexa_provide_map.egg-info to /home/chen/repositorio2/Robot/install/proy_nexa_provide_map/lib/python3.8/site-packages/proy_nexa_provide_map-0.0.0-py3.8.egg-info
[1.245s] running install_scripts
[1.258s] writing list of installed files to '/home/chen/repositorio2/Robot/build/proy_nexa_provide_map/install.log'
[1.276s] Invoked command in '/home/chen/repositorio2/Robot/src/proy_nexa/proy_nexa_provide_map' returned '0': PYTHONPATH=/home/chen/repositorio2/Robot/build/proy_nexa_provide_map/prefix_override:/home/chen/repositorio2/Robot/install/proy_nexa_provide_map/lib/python3.8/site-packages:${PYTHONPATH} /usr/bin/python3 setup.py egg_info --egg-base ../../../build/proy_nexa_provide_map build --build-base /home/chen/repositorio2/Robot/build/proy_nexa_provide_map/build install --record /home/chen/repositorio2/Robot/build/proy_nexa_provide_map/install.log --single-version-externally-managed
