[1.161s] Invoking command in '/home/chen/turtlebot3_ws/src/proy_nexa/Robot/src/proy_nexa/proy_nexa_show_msg': PYTHONPATH=/home/chen/turtlebot3_ws/src/proy_nexa/Robot/build/proy_nexa_show_msg/prefix_override:/home/chen/turtlebot3_ws/src/proy_nexa/Robot/install/proy_nexa_show_msg/lib/python3.8/site-packages:${PYTHONPATH} /usr/bin/python3 setup.py egg_info --egg-base ../../../build/proy_nexa_show_msg build --build-base /home/chen/turtlebot3_ws/src/proy_nexa/Robot/build/proy_nexa_show_msg/build install --record /home/chen/turtlebot3_ws/src/proy_nexa/Robot/build/proy_nexa_show_msg/install.log --single-version-externally-managed
[1.340s] running egg_info
[1.340s] creating ../../../build/proy_nexa_show_msg/proy_nexa_show_msg.egg-info
[1.340s] writing ../../../build/proy_nexa_show_msg/proy_nexa_show_msg.egg-info/PKG-INFO
[1.340s] writing dependency_links to ../../../build/proy_nexa_show_msg/proy_nexa_show_msg.egg-info/dependency_links.txt
[1.340s] writing entry points to ../../../build/proy_nexa_show_msg/proy_nexa_show_msg.egg-info/entry_points.txt
[1.341s] writing requirements to ../../../build/proy_nexa_show_msg/proy_nexa_show_msg.egg-info/requires.txt
[1.341s] writing top-level names to ../../../build/proy_nexa_show_msg/proy_nexa_show_msg.egg-info/top_level.txt
[1.345s] writing manifest file '../../../build/proy_nexa_show_msg/proy_nexa_show_msg.egg-info/SOURCES.txt'
[1.379s] reading manifest file '../../../build/proy_nexa_show_msg/proy_nexa_show_msg.egg-info/SOURCES.txt'
[1.379s] writing manifest file '../../../build/proy_nexa_show_msg/proy_nexa_show_msg.egg-info/SOURCES.txt'
[1.380s] running build
[1.380s] running build_py
[1.381s] creating /home/chen/turtlebot3_ws/src/proy_nexa/Robot/build/proy_nexa_show_msg/build
[1.381s] creating /home/chen/turtlebot3_ws/src/proy_nexa/Robot/build/proy_nexa_show_msg/build/lib
[1.381s] creating /home/chen/turtlebot3_ws/src/proy_nexa/Robot/build/proy_nexa_show_msg/build/lib/proy_nexa_show_msg
[1.381s] copying proy_nexa_show_msg/proy_nexa_show_msg.py -> /home/chen/turtlebot3_ws/src/proy_nexa/Robot/build/proy_nexa_show_msg/build/lib/proy_nexa_show_msg
[1.382s] copying proy_nexa_show_msg/__init__.py -> /home/chen/turtlebot3_ws/src/proy_nexa/Robot/build/proy_nexa_show_msg/build/lib/proy_nexa_show_msg
[1.382s] copying proy_nexa_show_msg/proy_nexa_show_msg_param.py -> /home/chen/turtlebot3_ws/src/proy_nexa/Robot/build/proy_nexa_show_msg/build/lib/proy_nexa_show_msg
[1.382s] running install
[1.385s] running install_lib
[1.385s] creating /home/chen/turtlebot3_ws/src/proy_nexa/Robot/install/proy_nexa_show_msg/lib/python3.8/site-packages/proy_nexa_show_msg
[1.386s] copying /home/chen/turtlebot3_ws/src/proy_nexa/Robot/build/proy_nexa_show_msg/build/lib/proy_nexa_show_msg/proy_nexa_show_msg.py -> /home/chen/turtlebot3_ws/src/proy_nexa/Robot/install/proy_nexa_show_msg/lib/python3.8/site-packages/proy_nexa_show_msg
[1.386s] copying /home/chen/turtlebot3_ws/src/proy_nexa/Robot/build/proy_nexa_show_msg/build/lib/proy_nexa_show_msg/__init__.py -> /home/chen/turtlebot3_ws/src/proy_nexa/Robot/install/proy_nexa_show_msg/lib/python3.8/site-packages/proy_nexa_show_msg
[1.386s] copying /home/chen/turtlebot3_ws/src/proy_nexa/Robot/build/proy_nexa_show_msg/build/lib/proy_nexa_show_msg/proy_nexa_show_msg_param.py -> /home/chen/turtlebot3_ws/src/proy_nexa/Robot/install/proy_nexa_show_msg/lib/python3.8/site-packages/proy_nexa_show_msg
[1.386s] byte-compiling /home/chen/turtlebot3_ws/src/proy_nexa/Robot/install/proy_nexa_show_msg/lib/python3.8/site-packages/proy_nexa_show_msg/proy_nexa_show_msg.py to proy_nexa_show_msg.cpython-38.pyc
[1.387s] byte-compiling /home/chen/turtlebot3_ws/src/proy_nexa/Robot/install/proy_nexa_show_msg/lib/python3.8/site-packages/proy_nexa_show_msg/__init__.py to __init__.cpython-38.pyc
[1.388s] byte-compiling /home/chen/turtlebot3_ws/src/proy_nexa/Robot/install/proy_nexa_show_msg/lib/python3.8/site-packages/proy_nexa_show_msg/proy_nexa_show_msg_param.py to proy_nexa_show_msg_param.cpython-38.pyc
[1.388s] running install_data
[1.389s] creating /home/chen/turtlebot3_ws/src/proy_nexa/Robot/install/proy_nexa_show_msg/share/ament_index
[1.389s] creating /home/chen/turtlebot3_ws/src/proy_nexa/Robot/install/proy_nexa_show_msg/share/ament_index/resource_index
[1.390s] creating /home/chen/turtlebot3_ws/src/proy_nexa/Robot/install/proy_nexa_show_msg/share/ament_index/resource_index/packages
[1.390s] copying resource/proy_nexa_show_msg -> /home/chen/turtlebot3_ws/src/proy_nexa/Robot/install/proy_nexa_show_msg/share/ament_index/resource_index/packages
[1.390s] copying package.xml -> /home/chen/turtlebot3_ws/src/proy_nexa/Robot/install/proy_nexa_show_msg/share/proy_nexa_show_msg
[1.391s] copying launch/proy_nexa_show_msg_param.launch.py -> /home/chen/turtlebot3_ws/src/proy_nexa/Robot/install/proy_nexa_show_msg/share/proy_nexa_show_msg
[1.391s] copying launch/proy_nexa_show_msg.launch.py -> /home/chen/turtlebot3_ws/src/proy_nexa/Robot/install/proy_nexa_show_msg/share/proy_nexa_show_msg
[1.391s] running install_egg_info
[1.393s] Copying ../../../build/proy_nexa_show_msg/proy_nexa_show_msg.egg-info to /home/chen/turtlebot3_ws/src/proy_nexa/Robot/install/proy_nexa_show_msg/lib/python3.8/site-packages/proy_nexa_show_msg-0.0.0-py3.8.egg-info
[1.394s] running install_scripts
[1.408s] Installing proy_nexa_show_msg script to /home/chen/turtlebot3_ws/src/proy_nexa/Robot/install/proy_nexa_show_msg/lib/proy_nexa_show_msg
[1.408s] Installing proy_nexa_show_msg_param script to /home/chen/turtlebot3_ws/src/proy_nexa/Robot/install/proy_nexa_show_msg/lib/proy_nexa_show_msg
[1.409s] writing list of installed files to '/home/chen/turtlebot3_ws/src/proy_nexa/Robot/build/proy_nexa_show_msg/install.log'
[1.434s] Invoked command in '/home/chen/turtlebot3_ws/src/proy_nexa/Robot/src/proy_nexa/proy_nexa_show_msg' returned '0': PYTHONPATH=/home/chen/turtlebot3_ws/src/proy_nexa/Robot/build/proy_nexa_show_msg/prefix_override:/home/chen/turtlebot3_ws/src/proy_nexa/Robot/install/proy_nexa_show_msg/lib/python3.8/site-packages:${PYTHONPATH} /usr/bin/python3 setup.py egg_info --egg-base ../../../build/proy_nexa_show_msg build --build-base /home/chen/turtlebot3_ws/src/proy_nexa/Robot/build/proy_nexa_show_msg/build install --record /home/chen/turtlebot3_ws/src/proy_nexa/Robot/build/proy_nexa_show_msg/install.log --single-version-externally-managed
