[1.805s] DEBUG:colcon:Command line arguments: ['/usr/bin/colcon', 'build']
[1.806s] DEBUG:colcon:Parsed command line arguments: Namespace(allow_overriding=[], ament_cmake_args=None, base_paths=['.'], build_base='build', catkin_cmake_args=None, catkin_skip_building_tests=False, cmake_args=None, cmake_clean_cache=False, cmake_clean_first=False, cmake_force_configure=False, cmake_target=None, cmake_target_skip_unavailable=False, continue_on_error=False, event_handlers=None, executor='parallel', ignore_user_meta=False, install_base='install', log_base=None, log_level=None, main=<bound method BuildVerb.main of <colcon_core.verb.build.BuildVerb object at 0x7f13f8bc8460>>, merge_install=False, metas=['./colcon.meta'], packages_above=None, packages_above_and_dependencies=None, packages_above_depth=None, packages_end=None, packages_ignore=None, packages_ignore_regex=None, packages_select=None, packages_select_build_failed=False, packages_select_by_dep=None, packages_select_regex=None, packages_select_test_failures=False, packages_skip=None, packages_skip_build_finished=False, packages_skip_by_dep=None, packages_skip_regex=None, packages_skip_test_passed=False, packages_skip_up_to=None, packages_start=None, packages_up_to=None, packages_up_to_regex=None, parallel_workers=2, paths=None, symlink_install=False, test_result_base=None, verb_extension=<colcon_core.verb.build.BuildVerb object at 0x7f13f8bc8460>, verb_name='build', verb_parser=<colcon_defaults.argument_parser.defaults.DefaultArgumentsDecorator object at 0x7f13f86ea670>)
[1.891s] Level 1:colcon.colcon_core.package_discovery:discover_packages(colcon_meta) check parameters
[1.891s] Level 1:colcon.colcon_core.package_discovery:discover_packages(recursive) check parameters
[1.892s] Level 1:colcon.colcon_core.package_discovery:discover_packages(ignore) check parameters
[1.892s] Level 1:colcon.colcon_core.package_discovery:discover_packages(path) check parameters
[1.892s] Level 1:colcon.colcon_core.package_discovery:discover_packages(colcon_meta) discover
[1.892s] Level 1:colcon.colcon_core.package_discovery:discover_packages(recursive) discover
[1.892s] INFO:colcon.colcon_core.package_discovery:Crawling recursively for packages in '/home/chen/turtlebot3_ws/src/proy_nexa/proy_nexa'
[1.892s] Level 1:colcon.colcon_core.package_identification:_identify(.) by extensions ['ignore', 'ignore_ament_install']
[1.892s] Level 1:colcon.colcon_core.package_identification:_identify(.) by extension 'ignore'
[1.892s] Level 1:colcon.colcon_core.package_identification:_identify(.) by extension 'ignore_ament_install'
[1.892s] Level 1:colcon.colcon_core.package_identification:_identify(.) by extensions ['colcon_pkg']
[1.893s] Level 1:colcon.colcon_core.package_identification:_identify(.) by extension 'colcon_pkg'
[1.893s] Level 1:colcon.colcon_core.package_identification:_identify(.) by extensions ['colcon_meta']
[1.893s] Level 1:colcon.colcon_core.package_identification:_identify(.) by extension 'colcon_meta'
[1.893s] Level 1:colcon.colcon_core.package_identification:_identify(.) by extensions ['ros']
[1.893s] Level 1:colcon.colcon_core.package_identification:_identify(.) by extension 'ros'
[1.904s] DEBUG:colcon.colcon_core.package_identification:Package '.' with type 'ros.ament_cmake' and name 'proy_nexa'
[1.905s] Level 1:colcon.colcon_core.package_discovery:discover_packages(recursive) using defaults
[1.905s] Level 1:colcon.colcon_core.package_discovery:discover_packages(ignore) discover
[1.905s] Level 1:colcon.colcon_core.package_discovery:discover_packages(ignore) using defaults
[1.905s] Level 1:colcon.colcon_core.package_discovery:discover_packages(path) discover
[1.905s] Level 1:colcon.colcon_core.package_discovery:discover_packages(path) using defaults
[2.070s] Level 1:colcon.colcon_core.package_discovery:discover_packages(prefix_path) check parameters
[2.070s] Level 1:colcon.colcon_core.package_discovery:discover_packages(prefix_path) discover
[2.132s] DEBUG:colcon.colcon_installed_package_information.package_discovery:Found 15 installed packages in /home/chen/turtlebot3_ws/install
[2.162s] DEBUG:colcon.colcon_installed_package_information.package_discovery:Found 1 installed packages in /home/chen/turtlebot3_ws/src/my_first_service/install
[2.193s] DEBUG:colcon.colcon_installed_package_information.package_discovery:Found 336 installed packages in /opt/ros/galactic
[2.203s] Level 1:colcon.colcon_core.package_discovery:discover_packages(prefix_path) using defaults
[2.329s] Level 5:colcon.colcon_core.verb:set package 'proy_nexa' build argument 'cmake_args' from command line to 'None'
[2.329s] Level 5:colcon.colcon_core.verb:set package 'proy_nexa' build argument 'cmake_target' from command line to 'None'
[2.329s] Level 5:colcon.colcon_core.verb:set package 'proy_nexa' build argument 'cmake_target_skip_unavailable' from command line to 'False'
[2.329s] Level 5:colcon.colcon_core.verb:set package 'proy_nexa' build argument 'cmake_clean_cache' from command line to 'False'
[2.329s] Level 5:colcon.colcon_core.verb:set package 'proy_nexa' build argument 'cmake_clean_first' from command line to 'False'
[2.330s] Level 5:colcon.colcon_core.verb:set package 'proy_nexa' build argument 'cmake_force_configure' from command line to 'False'
[2.330s] Level 5:colcon.colcon_core.verb:set package 'proy_nexa' build argument 'ament_cmake_args' from command line to 'None'
[2.330s] Level 5:colcon.colcon_core.verb:set package 'proy_nexa' build argument 'catkin_cmake_args' from command line to 'None'
[2.330s] Level 5:colcon.colcon_core.verb:set package 'proy_nexa' build argument 'catkin_skip_building_tests' from command line to 'False'
[2.330s] DEBUG:colcon.colcon_core.verb:Building package 'proy_nexa' with the following arguments: {'ament_cmake_args': None, 'build_base': '/home/chen/turtlebot3_ws/src/proy_nexa/proy_nexa/build/proy_nexa', 'catkin_cmake_args': None, 'catkin_skip_building_tests': False, 'cmake_args': None, 'cmake_clean_cache': False, 'cmake_clean_first': False, 'cmake_force_configure': False, 'cmake_target': None, 'cmake_target_skip_unavailable': False, 'install_base': '/home/chen/turtlebot3_ws/src/proy_nexa/proy_nexa/install/proy_nexa', 'merge_install': False, 'path': '/home/chen/turtlebot3_ws/src/proy_nexa/proy_nexa', 'symlink_install': False, 'test_result_base': None}
[2.361s] INFO:colcon.colcon_core.executor:Executing jobs using 'parallel' executor
[2.394s] DEBUG:colcon.colcon_parallel_executor.executor.parallel:run_until_complete
[2.395s] INFO:colcon.colcon_ros.task.ament_cmake.build:Building ROS package in '/home/chen/turtlebot3_ws/src/proy_nexa/proy_nexa' with build type 'ament_cmake'
[2.395s] INFO:colcon.colcon_cmake.task.cmake.build:Building CMake package in '/home/chen/turtlebot3_ws/src/proy_nexa/proy_nexa'
[2.428s] INFO:colcon.colcon_core.plugin_system:Skipping extension 'colcon_core.shell.bat': Not used on non-Windows systems
[2.428s] INFO:colcon.colcon_core.shell:Skip shell extension 'powershell' for command environment: Not usable outside of PowerShell
[2.428s] DEBUG:colcon.colcon_core.shell:Skip shell extension 'dsv' for command environment
[2.571s] DEBUG:colcon.colcon_core.event_handler.log_command:Invoking command in '/home/chen/turtlebot3_ws/src/proy_nexa/proy_nexa/build/proy_nexa': CMAKE_PREFIX_PATH=${CMAKE_PREFIX_PATH}:/home/chen/turtlebot3_ws/install/show_msg:/home/chen/turtlebot3_ws/install/provide_map:/home/chen/turtlebot3_ws/install/my_slam:/home/chen/turtlebot3_ws/install/my_nav2_system:/home/chen/turtlebot3_ws/install/my_first_subscriber:/home/chen/turtlebot3_ws/install/my_first_service:/home/chen/turtlebot3_ws/install/my_first_publisher:/home/chen/turtlebot3_ws/install/my_first_node:/home/chen/turtlebot3_ws/install/my_first_action:/home/chen/turtlebot3_ws/src/my_first_service/install/my_first_service:/opt/ros/galactic /usr/bin/cmake --build /home/chen/turtlebot3_ws/src/proy_nexa/proy_nexa/build/proy_nexa -- -j2 -l2
[2.608s] DEBUG:colcon.colcon_core.event_handler.log_command:Invoked command in '/home/chen/turtlebot3_ws/src/proy_nexa/proy_nexa/build/proy_nexa' returned '0': CMAKE_PREFIX_PATH=${CMAKE_PREFIX_PATH}:/home/chen/turtlebot3_ws/install/show_msg:/home/chen/turtlebot3_ws/install/provide_map:/home/chen/turtlebot3_ws/install/my_slam:/home/chen/turtlebot3_ws/install/my_nav2_system:/home/chen/turtlebot3_ws/install/my_first_subscriber:/home/chen/turtlebot3_ws/install/my_first_service:/home/chen/turtlebot3_ws/install/my_first_publisher:/home/chen/turtlebot3_ws/install/my_first_node:/home/chen/turtlebot3_ws/install/my_first_action:/home/chen/turtlebot3_ws/src/my_first_service/install/my_first_service:/opt/ros/galactic /usr/bin/cmake --build /home/chen/turtlebot3_ws/src/proy_nexa/proy_nexa/build/proy_nexa -- -j2 -l2
[2.647s] DEBUG:colcon.colcon_core.event_handler.log_command:Invoking command in '/home/chen/turtlebot3_ws/src/proy_nexa/proy_nexa/build/proy_nexa': CMAKE_PREFIX_PATH=${CMAKE_PREFIX_PATH}:/home/chen/turtlebot3_ws/install/show_msg:/home/chen/turtlebot3_ws/install/provide_map:/home/chen/turtlebot3_ws/install/my_slam:/home/chen/turtlebot3_ws/install/my_nav2_system:/home/chen/turtlebot3_ws/install/my_first_subscriber:/home/chen/turtlebot3_ws/install/my_first_service:/home/chen/turtlebot3_ws/install/my_first_publisher:/home/chen/turtlebot3_ws/install/my_first_node:/home/chen/turtlebot3_ws/install/my_first_action:/home/chen/turtlebot3_ws/src/my_first_service/install/my_first_service:/opt/ros/galactic /usr/bin/cmake --install /home/chen/turtlebot3_ws/src/proy_nexa/proy_nexa/build/proy_nexa
[2.663s] Level 1:colcon.colcon_core.environment:create_environment_scripts_only(proy_nexa)
[2.671s] DEBUG:colcon.colcon_core.event_handler.log_command:Invoked command in '/home/chen/turtlebot3_ws/src/proy_nexa/proy_nexa/build/proy_nexa' returned '0': CMAKE_PREFIX_PATH=${CMAKE_PREFIX_PATH}:/home/chen/turtlebot3_ws/install/show_msg:/home/chen/turtlebot3_ws/install/provide_map:/home/chen/turtlebot3_ws/install/my_slam:/home/chen/turtlebot3_ws/install/my_nav2_system:/home/chen/turtlebot3_ws/install/my_first_subscriber:/home/chen/turtlebot3_ws/install/my_first_service:/home/chen/turtlebot3_ws/install/my_first_publisher:/home/chen/turtlebot3_ws/install/my_first_node:/home/chen/turtlebot3_ws/install/my_first_action:/home/chen/turtlebot3_ws/src/my_first_service/install/my_first_service:/opt/ros/galactic /usr/bin/cmake --install /home/chen/turtlebot3_ws/src/proy_nexa/proy_nexa/build/proy_nexa
[2.696s] Level 1:colcon.colcon_core.environment:checking '/home/chen/turtlebot3_ws/src/proy_nexa/proy_nexa/install/proy_nexa' for CMake module files
[2.698s] Level 1:colcon.colcon_core.environment:checking '/home/chen/turtlebot3_ws/src/proy_nexa/proy_nexa/install/proy_nexa' for CMake config files
[2.698s] Level 1:colcon.colcon_core.shell:create_environment_hook('proy_nexa', 'cmake_prefix_path')
[2.736s] INFO:colcon.colcon_core.shell:Creating environment hook '/home/chen/turtlebot3_ws/src/proy_nexa/proy_nexa/install/proy_nexa/share/proy_nexa/hook/cmake_prefix_path.ps1'
[2.738s] INFO:colcon.colcon_core.shell:Creating environment descriptor '/home/chen/turtlebot3_ws/src/proy_nexa/proy_nexa/install/proy_nexa/share/proy_nexa/hook/cmake_prefix_path.dsv'
[2.738s] INFO:colcon.colcon_core.shell:Creating environment hook '/home/chen/turtlebot3_ws/src/proy_nexa/proy_nexa/install/proy_nexa/share/proy_nexa/hook/cmake_prefix_path.sh'
[2.739s] Level 1:colcon.colcon_core.environment:checking '/home/chen/turtlebot3_ws/src/proy_nexa/proy_nexa/install/proy_nexa/bin'
[2.739s] Level 1:colcon.colcon_core.environment:checking '/home/chen/turtlebot3_ws/src/proy_nexa/proy_nexa/install/proy_nexa/lib/pkgconfig/proy_nexa.pc'
[2.740s] Level 1:colcon.colcon_core.environment:checking '/home/chen/turtlebot3_ws/src/proy_nexa/proy_nexa/install/proy_nexa/lib/python3.8/site-packages'
[2.740s] Level 1:colcon.colcon_core.environment:checking '/home/chen/turtlebot3_ws/src/proy_nexa/proy_nexa/install/proy_nexa/bin'
[2.768s] INFO:colcon.colcon_core.shell:Creating package script '/home/chen/turtlebot3_ws/src/proy_nexa/proy_nexa/install/proy_nexa/share/proy_nexa/package.ps1'
[2.769s] INFO:colcon.colcon_core.shell:Creating package descriptor '/home/chen/turtlebot3_ws/src/proy_nexa/proy_nexa/install/proy_nexa/share/proy_nexa/package.dsv'
[2.770s] INFO:colcon.colcon_core.shell:Creating package script '/home/chen/turtlebot3_ws/src/proy_nexa/proy_nexa/install/proy_nexa/share/proy_nexa/package.sh'
[2.771s] INFO:colcon.colcon_core.shell:Creating package script '/home/chen/turtlebot3_ws/src/proy_nexa/proy_nexa/install/proy_nexa/share/proy_nexa/package.bash'
[2.771s] INFO:colcon.colcon_core.shell:Creating package script '/home/chen/turtlebot3_ws/src/proy_nexa/proy_nexa/install/proy_nexa/share/proy_nexa/package.zsh'
[2.772s] Level 1:colcon.colcon_core.environment:create_file_with_runtime_dependencies(/home/chen/turtlebot3_ws/src/proy_nexa/proy_nexa/install/proy_nexa/share/colcon-core/packages/proy_nexa)
[2.836s] Level 1:colcon.colcon_core.environment:create_environment_scripts_only(proy_nexa)
[2.866s] Level 1:colcon.colcon_core.environment:checking '/home/chen/turtlebot3_ws/src/proy_nexa/proy_nexa/install/proy_nexa' for CMake module files
[2.867s] Level 1:colcon.colcon_core.environment:checking '/home/chen/turtlebot3_ws/src/proy_nexa/proy_nexa/install/proy_nexa' for CMake config files
[2.867s] Level 1:colcon.colcon_core.shell:create_environment_hook('proy_nexa', 'cmake_prefix_path')
[2.899s] INFO:colcon.colcon_core.shell:Creating environment hook '/home/chen/turtlebot3_ws/src/proy_nexa/proy_nexa/install/proy_nexa/share/proy_nexa/hook/cmake_prefix_path.ps1'
[2.900s] INFO:colcon.colcon_core.shell:Creating environment descriptor '/home/chen/turtlebot3_ws/src/proy_nexa/proy_nexa/install/proy_nexa/share/proy_nexa/hook/cmake_prefix_path.dsv'
[2.901s] INFO:colcon.colcon_core.shell:Creating environment hook '/home/chen/turtlebot3_ws/src/proy_nexa/proy_nexa/install/proy_nexa/share/proy_nexa/hook/cmake_prefix_path.sh'
[2.902s] Level 1:colcon.colcon_core.environment:checking '/home/chen/turtlebot3_ws/src/proy_nexa/proy_nexa/install/proy_nexa/bin'
[2.902s] Level 1:colcon.colcon_core.environment:checking '/home/chen/turtlebot3_ws/src/proy_nexa/proy_nexa/install/proy_nexa/lib/pkgconfig/proy_nexa.pc'
[2.902s] Level 1:colcon.colcon_core.environment:checking '/home/chen/turtlebot3_ws/src/proy_nexa/proy_nexa/install/proy_nexa/lib/python3.8/site-packages'
[2.903s] Level 1:colcon.colcon_core.environment:checking '/home/chen/turtlebot3_ws/src/proy_nexa/proy_nexa/install/proy_nexa/bin'
[2.931s] INFO:colcon.colcon_core.shell:Creating package script '/home/chen/turtlebot3_ws/src/proy_nexa/proy_nexa/install/proy_nexa/share/proy_nexa/package.ps1'
[2.932s] INFO:colcon.colcon_core.shell:Creating package descriptor '/home/chen/turtlebot3_ws/src/proy_nexa/proy_nexa/install/proy_nexa/share/proy_nexa/package.dsv'
[2.933s] INFO:colcon.colcon_core.shell:Creating package script '/home/chen/turtlebot3_ws/src/proy_nexa/proy_nexa/install/proy_nexa/share/proy_nexa/package.sh'
[2.934s] INFO:colcon.colcon_core.shell:Creating package script '/home/chen/turtlebot3_ws/src/proy_nexa/proy_nexa/install/proy_nexa/share/proy_nexa/package.bash'
[2.934s] INFO:colcon.colcon_core.shell:Creating package script '/home/chen/turtlebot3_ws/src/proy_nexa/proy_nexa/install/proy_nexa/share/proy_nexa/package.zsh'
[2.935s] Level 1:colcon.colcon_core.environment:create_file_with_runtime_dependencies(/home/chen/turtlebot3_ws/src/proy_nexa/proy_nexa/install/proy_nexa/share/colcon-core/packages/proy_nexa)
[2.936s] DEBUG:colcon.colcon_parallel_executor.executor.parallel:closing loop
[2.936s] DEBUG:colcon.colcon_parallel_executor.executor.parallel:loop closed
[2.937s] DEBUG:colcon.colcon_parallel_executor.executor.parallel:run_until_complete finished with '0'
[2.937s] DEBUG:colcon.colcon_core.event_reactor:joining thread
[2.969s] INFO:colcon.colcon_core.plugin_system:Skipping extension 'colcon_notification.desktop_notification.terminal_notifier': Not used on non-Darwin systems
[2.969s] INFO:colcon.colcon_core.plugin_system:Skipping extension 'colcon_notification.desktop_notification.win32': Not used on non-Windows systems
[2.969s] INFO:colcon.colcon_notification.desktop_notification:Sending desktop notification using 'notify2'
[2.984s] DEBUG:colcon.colcon_core.event_reactor:joined thread
[3.014s] INFO:colcon.colcon_core.shell:Creating prefix script '/home/chen/turtlebot3_ws/src/proy_nexa/proy_nexa/install/local_setup.ps1'
[3.015s] INFO:colcon.colcon_core.shell:Creating prefix util module '/home/chen/turtlebot3_ws/src/proy_nexa/proy_nexa/install/_local_setup_util_ps1.py'
[3.017s] INFO:colcon.colcon_core.shell:Creating prefix chain script '/home/chen/turtlebot3_ws/src/proy_nexa/proy_nexa/install/setup.ps1'
[3.048s] INFO:colcon.colcon_core.shell:Creating prefix script '/home/chen/turtlebot3_ws/src/proy_nexa/proy_nexa/install/local_setup.sh'
[3.048s] INFO:colcon.colcon_core.shell:Creating prefix util module '/home/chen/turtlebot3_ws/src/proy_nexa/proy_nexa/install/_local_setup_util_sh.py'
[3.049s] INFO:colcon.colcon_core.shell:Creating prefix chain script '/home/chen/turtlebot3_ws/src/proy_nexa/proy_nexa/install/setup.sh'
[3.079s] INFO:colcon.colcon_core.shell:Creating prefix script '/home/chen/turtlebot3_ws/src/proy_nexa/proy_nexa/install/local_setup.bash'
[3.080s] INFO:colcon.colcon_core.shell:Creating prefix chain script '/home/chen/turtlebot3_ws/src/proy_nexa/proy_nexa/install/setup.bash'
[3.112s] INFO:colcon.colcon_core.shell:Creating prefix script '/home/chen/turtlebot3_ws/src/proy_nexa/proy_nexa/install/local_setup.zsh'
[3.113s] INFO:colcon.colcon_core.shell:Creating prefix chain script '/home/chen/turtlebot3_ws/src/proy_nexa/proy_nexa/install/setup.zsh'
