[0.964s] Invoking command in '/home/chen/repositorio2/Robot/src/build/async_web_server_cpp': /home/chen/.local/bin/cmake --build /home/chen/repositorio2/Robot/src/build/async_web_server_cpp -- -j2 -l2
[2.114s] [ 83%] Built target async_web_server_cpp
[2.351s] [100%] Built target test_web_server
[2.383s] Invoked command in '/home/chen/repositorio2/Robot/src/build/async_web_server_cpp' returned '0': /home/chen/.local/bin/cmake --build /home/chen/repositorio2/Robot/src/build/async_web_server_cpp -- -j2 -l2
[3.383s] Invoking command in '/home/chen/repositorio2/Robot/src/build/async_web_server_cpp': /home/chen/.local/bin/cmake --install /home/chen/repositorio2/Robot/src/build/async_web_server_cpp
[3.576s] -- Install configuration: ""
[3.577s] -- Up-to-date: /home/chen/repositorio2/Robot/src/install/async_web_server_cpp/share/async_web_server_cpp/environment/library_path.sh
[3.579s] -- Up-to-date: /home/chen/repositorio2/Robot/src/install/async_web_server_cpp/share/async_web_server_cpp/environment/library_path.dsv
[3.588s] -- Up-to-date: /home/chen/repositorio2/Robot/src/install/async_web_server_cpp/share/ament_index/resource_index/package_run_dependencies/async_web_server_cpp
[3.589s] -- Up-to-date: /home/chen/repositorio2/Robot/src/install/async_web_server_cpp/share/ament_index/resource_index/parent_prefix_path/async_web_server_cpp
[3.592s] -- Up-to-date: /home/chen/repositorio2/Robot/src/install/async_web_server_cpp/share/async_web_server_cpp/environment/ament_prefix_path.sh
[3.593s] -- Up-to-date: /home/chen/repositorio2/Robot/src/install/async_web_server_cpp/share/async_web_server_cpp/environment/ament_prefix_path.dsv
[3.598s] -- Up-to-date: /home/chen/repositorio2/Robot/src/install/async_web_server_cpp/share/async_web_server_cpp/environment/path.sh
[3.601s] -- Up-to-date: /home/chen/repositorio2/Robot/src/install/async_web_server_cpp/share/async_web_server_cpp/environment/path.dsv
[3.602s] -- Up-to-date: /home/chen/repositorio2/Robot/src/install/async_web_server_cpp/share/async_web_server_cpp/local_setup.bash
[3.603s] -- Up-to-date: /home/chen/repositorio2/Robot/src/install/async_web_server_cpp/share/async_web_server_cpp/local_setup.sh
[3.604s] -- Up-to-date: /home/chen/repositorio2/Robot/src/install/async_web_server_cpp/share/async_web_server_cpp/local_setup.zsh
[3.606s] -- Up-to-date: /home/chen/repositorio2/Robot/src/install/async_web_server_cpp/share/async_web_server_cpp/local_setup.dsv
[3.608s] -- Installing: /home/chen/repositorio2/Robot/src/install/async_web_server_cpp/share/async_web_server_cpp/package.dsv
[3.610s] -- Up-to-date: /home/chen/repositorio2/Robot/src/install/async_web_server_cpp/share/ament_index/resource_index/packages/async_web_server_cpp
[3.611s] -- Up-to-date: /home/chen/repositorio2/Robot/src/install/async_web_server_cpp/share/async_web_server_cpp/cmake/async_web_server_cppTargetsExport.cmake
[3.613s] -- Up-to-date: /home/chen/repositorio2/Robot/src/install/async_web_server_cpp/share/async_web_server_cpp/cmake/async_web_server_cppTargetsExport-noconfig.cmake
[3.615s] -- Up-to-date: /home/chen/repositorio2/Robot/src/install/async_web_server_cpp/share/async_web_server_cpp/cmake/find_dependencies.cmake
[3.619s] -- Up-to-date: /home/chen/repositorio2/Robot/src/install/async_web_server_cpp/share/async_web_server_cpp/cmake/ament_cmake_export_targets-extras.cmake
[3.621s] -- Up-to-date: /home/chen/repositorio2/Robot/src/install/async_web_server_cpp/share/async_web_server_cpp/cmake/async_web_server_cppConfig.cmake
[3.621s] -- Up-to-date: /home/chen/repositorio2/Robot/src/install/async_web_server_cpp/share/async_web_server_cpp/cmake/async_web_server_cppConfig-version.cmake
[3.623s] -- Up-to-date: /home/chen/repositorio2/Robot/src/install/async_web_server_cpp/share/async_web_server_cpp/package.xml
[3.625s] -- Up-to-date: /home/chen/repositorio2/Robot/src/install/async_web_server_cpp/lib/libasync_web_server_cpp.so.2.0.0
[3.628s] -- Up-to-date: /home/chen/repositorio2/Robot/src/install/async_web_server_cpp/lib/libasync_web_server_cpp.so.1
[3.628s] -- Up-to-date: /home/chen/repositorio2/Robot/src/install/async_web_server_cpp/lib/libasync_web_server_cpp.so
[3.630s] -- Up-to-date: /home/chen/repositorio2/Robot/src/install/async_web_server_cpp/include/async_web_server_cpp
[3.636s] -- Up-to-date: /home/chen/repositorio2/Robot/src/install/async_web_server_cpp/include/async_web_server_cpp/http_request.hpp
[3.636s] -- Up-to-date: /home/chen/repositorio2/Robot/src/install/async_web_server_cpp/include/async_web_server_cpp/http_reply.hpp
[3.642s] -- Up-to-date: /home/chen/repositorio2/Robot/src/install/async_web_server_cpp/include/async_web_server_cpp/http_header.hpp
[3.643s] -- Up-to-date: /home/chen/repositorio2/Robot/src/install/async_web_server_cpp/include/async_web_server_cpp/http_connection.hpp
[3.643s] -- Up-to-date: /home/chen/repositorio2/Robot/src/install/async_web_server_cpp/include/async_web_server_cpp/websocket_request_handler.hpp
[3.643s] -- Up-to-date: /home/chen/repositorio2/Robot/src/install/async_web_server_cpp/include/async_web_server_cpp/http_server.hpp
[3.643s] -- Up-to-date: /home/chen/repositorio2/Robot/src/install/async_web_server_cpp/include/async_web_server_cpp/websocket_connection.hpp
[3.643s] -- Up-to-date: /home/chen/repositorio2/Robot/src/install/async_web_server_cpp/include/async_web_server_cpp/http_request_parser.hpp
[3.651s] -- Up-to-date: /home/chen/repositorio2/Robot/src/install/async_web_server_cpp/include/async_web_server_cpp/websocket_message.hpp
[3.651s] -- Up-to-date: /home/chen/repositorio2/Robot/src/install/async_web_server_cpp/include/async_web_server_cpp/http_request_handler.hpp
[3.701s] Invoked command in '/home/chen/repositorio2/Robot/src/build/async_web_server_cpp' returned '0': /home/chen/.local/bin/cmake --install /home/chen/repositorio2/Robot/src/build/async_web_server_cpp
