[1.028s] Invoking command in '/home/chen/repositorio2/Robot/src/proy_nexa/proy_nexa_nav2_system': PYTHONPATH=/home/chen/repositorio2/Robot/build/proy_nexa_nav2_system/prefix_override:/home/chen/repositorio2/Robot/install/proy_nexa_nav2_system/lib/python3.8/site-packages:${PYTHONPATH} /usr/bin/python3 setup.py egg_info --egg-base ../../../build/proy_nexa_nav2_system build --build-base /home/chen/repositorio2/Robot/build/proy_nexa_nav2_system/build install --record /home/chen/repositorio2/Robot/build/proy_nexa_nav2_system/install.log --single-version-externally-managed
[1.218s] running egg_info
[1.221s] writing ../../../build/proy_nexa_nav2_system/proy_nexa_nav2_system.egg-info/PKG-INFO
[1.221s] writing dependency_links to ../../../build/proy_nexa_nav2_system/proy_nexa_nav2_system.egg-info/dependency_links.txt
[1.221s] writing entry points to ../../../build/proy_nexa_nav2_system/proy_nexa_nav2_system.egg-info/entry_points.txt
[1.221s] writing requirements to ../../../build/proy_nexa_nav2_system/proy_nexa_nav2_system.egg-info/requires.txt
[1.221s] writing top-level names to ../../../build/proy_nexa_nav2_system/proy_nexa_nav2_system.egg-info/top_level.txt
[1.245s] reading manifest file '../../../build/proy_nexa_nav2_system/proy_nexa_nav2_system.egg-info/SOURCES.txt'
[1.246s] writing manifest file '../../../build/proy_nexa_nav2_system/proy_nexa_nav2_system.egg-info/SOURCES.txt'
[1.246s] running build
[1.246s] running build_py
[1.246s] running install
[1.247s] running install_lib
[1.249s] running install_data
[1.249s] copying launch/proy_nexa_tb3_sim_nav2.launch.py -> /home/chen/repositorio2/Robot/install/proy_nexa_nav2_system/share/proy_nexa_nav2_system/launch
[1.249s] running install_egg_info
[1.251s] removing '/home/chen/repositorio2/Robot/install/proy_nexa_nav2_system/lib/python3.8/site-packages/proy_nexa_nav2_system-0.0.0-py3.8.egg-info' (and everything under it)
[1.252s] Copying ../../../build/proy_nexa_nav2_system/proy_nexa_nav2_system.egg-info to /home/chen/repositorio2/Robot/install/proy_nexa_nav2_system/lib/python3.8/site-packages/proy_nexa_nav2_system-0.0.0-py3.8.egg-info
[1.253s] running install_scripts
[1.268s] Installing proy_nexa_initial_pose_pub script to /home/chen/repositorio2/Robot/install/proy_nexa_nav2_system/lib/proy_nexa_nav2_system
[1.268s] writing list of installed files to '/home/chen/repositorio2/Robot/build/proy_nexa_nav2_system/install.log'
[1.287s] Invoked command in '/home/chen/repositorio2/Robot/src/proy_nexa/proy_nexa_nav2_system' returned '0': PYTHONPATH=/home/chen/repositorio2/Robot/build/proy_nexa_nav2_system/prefix_override:/home/chen/repositorio2/Robot/install/proy_nexa_nav2_system/lib/python3.8/site-packages:${PYTHONPATH} /usr/bin/python3 setup.py egg_info --egg-base ../../../build/proy_nexa_nav2_system build --build-base /home/chen/repositorio2/Robot/build/proy_nexa_nav2_system/build install --record /home/chen/repositorio2/Robot/build/proy_nexa_nav2_system/install.log --single-version-externally-managed
