[1.348s] Invoking command in '/home/chen/repositorio2/Robot/src/proy_nexa/proy_nexa_service': AMENT_PREFIX_PATH=/home/chen/repositorio2/Robot/install/proy_nexa_interface:${AMENT_PREFIX_PATH} CMAKE_PREFIX_PATH=/home/chen/repositorio2/Robot/install/proy_nexa_interface:${CMAKE_PREFIX_PATH} LD_LIBRARY_PATH=/home/chen/repositorio2/Robot/install/proy_nexa_interface/lib:${LD_LIBRARY_PATH} PYTHONPATH=/home/chen/repositorio2/Robot/build/proy_nexa_service/prefix_override:/home/chen/repositorio2/Robot/install/proy_nexa_service/lib/python3.8/site-packages:/home/chen/repositorio2/Robot/install/proy_nexa_interface/lib/python3.8/site-packages:${PYTHONPATH} /usr/bin/python3 setup.py egg_info --egg-base ../../../build/proy_nexa_service build --build-base /home/chen/repositorio2/Robot/build/proy_nexa_service/build install --record /home/chen/repositorio2/Robot/build/proy_nexa_service/install.log --single-version-externally-managed
[1.516s] running egg_info
[1.518s] writing ../../../build/proy_nexa_service/proy_nexa_service.egg-info/PKG-INFO
[1.518s] writing dependency_links to ../../../build/proy_nexa_service/proy_nexa_service.egg-info/dependency_links.txt
[1.519s] writing entry points to ../../../build/proy_nexa_service/proy_nexa_service.egg-info/entry_points.txt
[1.519s] writing requirements to ../../../build/proy_nexa_service/proy_nexa_service.egg-info/requires.txt
[1.520s] writing top-level names to ../../../build/proy_nexa_service/proy_nexa_service.egg-info/top_level.txt
[1.548s] reading manifest file '../../../build/proy_nexa_service/proy_nexa_service.egg-info/SOURCES.txt'
[1.548s] writing manifest file '../../../build/proy_nexa_service/proy_nexa_service.egg-info/SOURCES.txt'
[1.549s] running build
[1.549s] running build_py
[1.549s] running install
[1.550s] running install_lib
[1.551s] running install_data
[1.552s] running install_egg_info
[1.554s] removing '/home/chen/repositorio2/Robot/install/proy_nexa_service/lib/python3.8/site-packages/proy_nexa_service-0.0.0-py3.8.egg-info' (and everything under it)
[1.554s] Copying ../../../build/proy_nexa_service/proy_nexa_service.egg-info to /home/chen/repositorio2/Robot/install/proy_nexa_service/lib/python3.8/site-packages/proy_nexa_service-0.0.0-py3.8.egg-info
[1.556s] running install_scripts
[1.570s] Installing proy_nexa_movement_client script to /home/chen/repositorio2/Robot/install/proy_nexa_service/lib/proy_nexa_service
[1.571s] Installing proy_nexa_movement_server script to /home/chen/repositorio2/Robot/install/proy_nexa_service/lib/proy_nexa_service
[1.571s] writing list of installed files to '/home/chen/repositorio2/Robot/build/proy_nexa_service/install.log'
[1.601s] Invoked command in '/home/chen/repositorio2/Robot/src/proy_nexa/proy_nexa_service' returned '0': AMENT_PREFIX_PATH=/home/chen/repositorio2/Robot/install/proy_nexa_interface:${AMENT_PREFIX_PATH} CMAKE_PREFIX_PATH=/home/chen/repositorio2/Robot/install/proy_nexa_interface:${CMAKE_PREFIX_PATH} LD_LIBRARY_PATH=/home/chen/repositorio2/Robot/install/proy_nexa_interface/lib:${LD_LIBRARY_PATH} PYTHONPATH=/home/chen/repositorio2/Robot/build/proy_nexa_service/prefix_override:/home/chen/repositorio2/Robot/install/proy_nexa_service/lib/python3.8/site-packages:/home/chen/repositorio2/Robot/install/proy_nexa_interface/lib/python3.8/site-packages:${PYTHONPATH} /usr/bin/python3 setup.py egg_info --egg-base ../../../build/proy_nexa_service build --build-base /home/chen/repositorio2/Robot/build/proy_nexa_service/build install --record /home/chen/repositorio2/Robot/build/proy_nexa_service/install.log --single-version-externally-managed
