[1.644s] Invoking command in '/home/chen/repositorio2/Robot/src/proy_nexa/proy_nexa_service': AMENT_PREFIX_PATH=/home/chen/repositorio2/Robot/install/proy_nexa_interface:${AMENT_PREFIX_PATH} CMAKE_PREFIX_PATH=/home/chen/repositorio2/Robot/install/proy_nexa_interface:${CMAKE_PREFIX_PATH} LD_LIBRARY_PATH=/home/chen/repositorio2/Robot/install/proy_nexa_interface/lib:${LD_LIBRARY_PATH} PYTHONPATH=/home/chen/repositorio2/Robot/build/proy_nexa_service/prefix_override:/home/chen/repositorio2/Robot/install/proy_nexa_service/lib/python3.8/site-packages:/home/chen/repositorio2/Robot/install/proy_nexa_interface/lib/python3.8/site-packages:${PYTHONPATH} /usr/bin/python3 setup.py egg_info --egg-base ../../../build/proy_nexa_service build --build-base /home/chen/repositorio2/Robot/build/proy_nexa_service/build install --record /home/chen/repositorio2/Robot/build/proy_nexa_service/install.log --single-version-externally-managed
[1.818s] running egg_info
[1.819s] writing ../../../build/proy_nexa_service/proy_nexa_service.egg-info/PKG-INFO
[1.820s] writing dependency_links to ../../../build/proy_nexa_service/proy_nexa_service.egg-info/dependency_links.txt
[1.820s] writing entry points to ../../../build/proy_nexa_service/proy_nexa_service.egg-info/entry_points.txt
[1.821s] writing requirements to ../../../build/proy_nexa_service/proy_nexa_service.egg-info/requires.txt
[1.821s] writing top-level names to ../../../build/proy_nexa_service/proy_nexa_service.egg-info/top_level.txt
[1.844s] reading manifest file '../../../build/proy_nexa_service/proy_nexa_service.egg-info/SOURCES.txt'
[1.849s] writing manifest file '../../../build/proy_nexa_service/proy_nexa_service.egg-info/SOURCES.txt'
[1.850s] running build
[1.850s] running build_py
[1.852s] running install
[1.852s] running install_lib
[1.854s] running install_data
[1.854s] running install_egg_info
[1.856s] removing '/home/chen/repositorio2/Robot/install/proy_nexa_service/lib/python3.8/site-packages/proy_nexa_service-0.0.0-py3.8.egg-info' (and everything under it)
[1.865s] Copying ../../../build/proy_nexa_service/proy_nexa_service.egg-info to /home/chen/repositorio2/Robot/install/proy_nexa_service/lib/python3.8/site-packages/proy_nexa_service-0.0.0-py3.8.egg-info
[1.869s] running install_scripts
[1.884s] Installing proy_nexa_movement_client script to /home/chen/repositorio2/Robot/install/proy_nexa_service/lib/proy_nexa_service
[1.885s] Installing proy_nexa_movement_server script to /home/chen/repositorio2/Robot/install/proy_nexa_service/lib/proy_nexa_service
[1.886s] writing list of installed files to '/home/chen/repositorio2/Robot/build/proy_nexa_service/install.log'
[1.904s] Invoked command in '/home/chen/repositorio2/Robot/src/proy_nexa/proy_nexa_service' returned '0': AMENT_PREFIX_PATH=/home/chen/repositorio2/Robot/install/proy_nexa_interface:${AMENT_PREFIX_PATH} CMAKE_PREFIX_PATH=/home/chen/repositorio2/Robot/install/proy_nexa_interface:${CMAKE_PREFIX_PATH} LD_LIBRARY_PATH=/home/chen/repositorio2/Robot/install/proy_nexa_interface/lib:${LD_LIBRARY_PATH} PYTHONPATH=/home/chen/repositorio2/Robot/build/proy_nexa_service/prefix_override:/home/chen/repositorio2/Robot/install/proy_nexa_service/lib/python3.8/site-packages:/home/chen/repositorio2/Robot/install/proy_nexa_interface/lib/python3.8/site-packages:${PYTHONPATH} /usr/bin/python3 setup.py egg_info --egg-base ../../../build/proy_nexa_service build --build-base /home/chen/repositorio2/Robot/build/proy_nexa_service/build install --record /home/chen/repositorio2/Robot/build/proy_nexa_service/install.log --single-version-externally-managed
