[1.400s] Invoking command in '/home/chen/repositorio2/Robot/src/proy_nexa/proy_nexa_show_msg': PYTHONPATH=/home/chen/repositorio2/Robot/build/proy_nexa_show_msg/prefix_override:/home/chen/repositorio2/Robot/install/proy_nexa_show_msg/lib/python3.8/site-packages:${PYTHONPATH} /usr/bin/python3 setup.py egg_info --egg-base ../../../build/proy_nexa_show_msg build --build-base /home/chen/repositorio2/Robot/build/proy_nexa_show_msg/build install --record /home/chen/repositorio2/Robot/build/proy_nexa_show_msg/install.log --single-version-externally-managed
[1.600s] running egg_info
[1.610s] writing ../../../build/proy_nexa_show_msg/proy_nexa_show_msg.egg-info/PKG-INFO
[1.610s] writing dependency_links to ../../../build/proy_nexa_show_msg/proy_nexa_show_msg.egg-info/dependency_links.txt
[1.610s] writing entry points to ../../../build/proy_nexa_show_msg/proy_nexa_show_msg.egg-info/entry_points.txt
[1.611s] writing requirements to ../../../build/proy_nexa_show_msg/proy_nexa_show_msg.egg-info/requires.txt
[1.611s] writing top-level names to ../../../build/proy_nexa_show_msg/proy_nexa_show_msg.egg-info/top_level.txt
[1.636s] reading manifest file '../../../build/proy_nexa_show_msg/proy_nexa_show_msg.egg-info/SOURCES.txt'
[1.639s] writing manifest file '../../../build/proy_nexa_show_msg/proy_nexa_show_msg.egg-info/SOURCES.txt'
[1.639s] running build
[1.639s] running build_py
[1.641s] running install
[1.641s] running install_lib
[1.646s] running install_data
[1.648s] running install_egg_info
[1.650s] removing '/home/chen/repositorio2/Robot/install/proy_nexa_show_msg/lib/python3.8/site-packages/proy_nexa_show_msg-0.0.0-py3.8.egg-info' (and everything under it)
[1.670s] Copying ../../../build/proy_nexa_show_msg/proy_nexa_show_msg.egg-info to /home/chen/repositorio2/Robot/install/proy_nexa_show_msg/lib/python3.8/site-packages/proy_nexa_show_msg-0.0.0-py3.8.egg-info
[1.671s] running install_scripts
[1.688s] Installing proy_nexa_show_msg script to /home/chen/repositorio2/Robot/install/proy_nexa_show_msg/lib/proy_nexa_show_msg
[1.689s] Installing proy_nexa_show_msg_param script to /home/chen/repositorio2/Robot/install/proy_nexa_show_msg/lib/proy_nexa_show_msg
[1.693s] writing list of installed files to '/home/chen/repositorio2/Robot/build/proy_nexa_show_msg/install.log'
[1.878s] Invoked command in '/home/chen/repositorio2/Robot/src/proy_nexa/proy_nexa_show_msg' returned '0': PYTHONPATH=/home/chen/repositorio2/Robot/build/proy_nexa_show_msg/prefix_override:/home/chen/repositorio2/Robot/install/proy_nexa_show_msg/lib/python3.8/site-packages:${PYTHONPATH} /usr/bin/python3 setup.py egg_info --egg-base ../../../build/proy_nexa_show_msg build --build-base /home/chen/repositorio2/Robot/build/proy_nexa_show_msg/build install --record /home/chen/repositorio2/Robot/build/proy_nexa_show_msg/install.log --single-version-externally-managed
