[0.377s] Invoking command in '/home/chen/repositorio2/Robot/build/proy_nexa_interface': CMAKE_PREFIX_PATH=${CMAKE_PREFIX_PATH}:/home/chen/turtlebot3_ws/install/show_msg:/home/chen/turtlebot3_ws/install/proy_nexa_show_msg:/home/chen/turtlebot3_ws/install/proy_nexa_service:/home/chen/turtlebot3_ws/install/provide_map:/home/chen/turtlebot3_ws/install/my_slam:/home/chen/turtlebot3_ws/install/my_nav2_system:/home/chen/turtlebot3_ws/install/my_first_subscriber:/home/chen/turtlebot3_ws/install/my_first_service:/home/chen/turtlebot3_ws/install/my_first_publisher:/home/chen/turtlebot3_ws/install/my_first_node:/home/chen/turtlebot3_ws/install/my_first_action:/home/chen/turtlebot3_ws/src/my_first_service/install/my_first_service:/opt/ros/galactic /usr/bin/cmake /home/chen/repositorio2/Robot/src/proy_nexa/proy_nexa_interface -DCMAKE_INSTALL_PREFIX=/home/chen/repositorio2/Robot/install/proy_nexa_interface
[0.635s] -- The C compiler identification is GNU 9.4.0
[0.788s] -- The CXX compiler identification is GNU 9.4.0
[0.802s] -- Check for working C compiler: /usr/bin/cc
[0.870s] -- Check for working C compiler: /usr/bin/cc -- works
[0.873s] -- Detecting C compiler ABI info
[0.940s] -- Detecting C compiler ABI info - done
[0.952s] -- Detecting C compile features
[0.952s] -- Detecting C compile features - done
[0.957s] -- Check for working CXX compiler: /usr/bin/c++
[1.056s] -- Check for working CXX compiler: /usr/bin/c++ -- works
[1.057s] -- Detecting CXX compiler ABI info
[1.155s] -- Detecting CXX compiler ABI info - done
[1.169s] -- Detecting CXX compile features
[1.170s] -- Detecting CXX compile features - done
[1.189s] -- Found ament_cmake: 1.1.6 (/opt/ros/galactic/share/ament_cmake/cmake)
[1.226s] -- Found PythonInterp: /usr/bin/python3 (found suitable version "3.8.10", minimum required is "3") 
[1.230s] -- Using PYTHON_EXECUTABLE: /usr/bin/python3
[1.359s] -- Found rclcpp: 9.2.2 (/opt/ros/galactic/share/rclcpp/cmake)
[1.458s] -- Using all available rosidl_typesupport_c: rosidl_typesupport_fastrtps_c;rosidl_typesupport_introspection_c
[1.473s] -- Found rosidl_adapter: 2.2.3 (/opt/ros/galactic/share/rosidl_adapter/cmake)
[1.594s] -- Found OpenSSL: /usr/lib/x86_64-linux-gnu/libcrypto.so (found version "1.1.1f")  
[1.621s] -- Found FastRTPS: /opt/ros/galactic/include  
[1.727s] -- Using all available rosidl_typesupport_cpp: rosidl_typesupport_fastrtps_cpp;rosidl_typesupport_introspection_cpp
[1.822s] -- Found rmw_implementation_cmake: 3.3.1 (/opt/ros/galactic/share/rmw_implementation_cmake/cmake)
[1.829s] -- Found rmw_cyclonedds_cpp: 0.22.6 (/opt/ros/galactic/share/rmw_cyclonedds_cpp/cmake)
[1.857s] -- Using RMW implementation 'rmw_cyclonedds_cpp' as default
[1.860s] -- Looking for pthread.h
[1.946s] -- Looking for pthread.h - found
[1.946s] -- Performing Test CMAKE_HAVE_LIBC_PTHREAD
[2.009s] -- Performing Test CMAKE_HAVE_LIBC_PTHREAD - Failed
[2.009s] -- Looking for pthread_create in pthreads
[2.061s] -- Looking for pthread_create in pthreads - not found
[2.062s] -- Looking for pthread_create in pthread
[2.120s] -- Looking for pthread_create in pthread - found
[2.121s] -- Found Threads: TRUE  
[2.291s] -- Found rosidl_default_generators: 1.1.1 (/opt/ros/galactic/share/rosidl_default_generators/cmake)
[2.312s] -- Found ament_lint_auto: 0.10.7 (/opt/ros/galactic/share/ament_lint_auto/cmake)
[2.417s] -- Found PythonInterp: /usr/bin/python3 (found version "3.8.10") 
[2.487s] -- Found ament_cmake_ros: 0.9.2 (/opt/ros/galactic/share/ament_cmake_ros/cmake)
[2.594s] -- Using all available rosidl_typesupport_c: rosidl_typesupport_fastrtps_c;rosidl_typesupport_introspection_c
[2.606s] -- Using all available rosidl_typesupport_cpp: rosidl_typesupport_fastrtps_cpp;rosidl_typesupport_introspection_cpp
[2.626s] -- Found PythonInterp: /usr/bin/python3 (found suitable version "3.8.10", minimum required is "3.5") 
[2.630s] -- Found python_cmake_module: 0.8.1 (/opt/ros/galactic/share/python_cmake_module/cmake)
[2.659s] -- Found PythonLibs: /usr/lib/x86_64-linux-gnu/libpython3.8.so (found suitable version "3.8.10", minimum required is "3.5") 
[2.659s] -- Using PYTHON_EXECUTABLE: /usr/bin/python3
[2.659s] -- Using PYTHON_INCLUDE_DIRS: /usr/include/python3.8
[2.659s] -- Using PYTHON_LIBRARIES: /usr/lib/x86_64-linux-gnu/libpython3.8.so
[2.676s] -- Found PythonExtra: .so  
[2.728s] -- Added test 'copyright' to check source files copyright and LICENSE
[2.731s] -- Added test 'lint_cmake' to check CMake code style
[2.734s] -- Added test 'xmllint' to check XML markup files
[2.748s] -- Configuring done
[2.778s] -- Generating done
[2.781s] -- Build files have been written to: /home/chen/repositorio2/Robot/build/proy_nexa_interface
[2.789s] Invoked command in '/home/chen/repositorio2/Robot/build/proy_nexa_interface' returned '0': CMAKE_PREFIX_PATH=${CMAKE_PREFIX_PATH}:/home/chen/turtlebot3_ws/install/show_msg:/home/chen/turtlebot3_ws/install/proy_nexa_show_msg:/home/chen/turtlebot3_ws/install/proy_nexa_service:/home/chen/turtlebot3_ws/install/provide_map:/home/chen/turtlebot3_ws/install/my_slam:/home/chen/turtlebot3_ws/install/my_nav2_system:/home/chen/turtlebot3_ws/install/my_first_subscriber:/home/chen/turtlebot3_ws/install/my_first_service:/home/chen/turtlebot3_ws/install/my_first_publisher:/home/chen/turtlebot3_ws/install/my_first_node:/home/chen/turtlebot3_ws/install/my_first_action:/home/chen/turtlebot3_ws/src/my_first_service/install/my_first_service:/opt/ros/galactic /usr/bin/cmake /home/chen/repositorio2/Robot/src/proy_nexa/proy_nexa_interface -DCMAKE_INSTALL_PREFIX=/home/chen/repositorio2/Robot/install/proy_nexa_interface
[2.792s] Invoking command in '/home/chen/repositorio2/Robot/build/proy_nexa_interface': CMAKE_PREFIX_PATH=${CMAKE_PREFIX_PATH}:/home/chen/turtlebot3_ws/install/show_msg:/home/chen/turtlebot3_ws/install/proy_nexa_show_msg:/home/chen/turtlebot3_ws/install/proy_nexa_service:/home/chen/turtlebot3_ws/install/provide_map:/home/chen/turtlebot3_ws/install/my_slam:/home/chen/turtlebot3_ws/install/my_nav2_system:/home/chen/turtlebot3_ws/install/my_first_subscriber:/home/chen/turtlebot3_ws/install/my_first_service:/home/chen/turtlebot3_ws/install/my_first_publisher:/home/chen/turtlebot3_ws/install/my_first_node:/home/chen/turtlebot3_ws/install/my_first_action:/home/chen/turtlebot3_ws/src/my_first_service/install/my_first_service:/opt/ros/galactic /usr/bin/cmake --build /home/chen/repositorio2/Robot/build/proy_nexa_interface -- -j2 -l2
[2.830s] [  2%] [34m[1mGenerating C code for ROS interfaces[0m
[2.830s] [35m[1mScanning dependencies of target proy_nexa_interface__cpp[0m
[2.839s] [  5%] [34m[1mGenerating C++ code for ROS interfaces[0m
[3.105s] [  5%] Built target proy_nexa_interface__cpp
[3.114s] [  7%] [34m[1mGenerating C++ type support dispatch for ROS interfaces[0m
[3.126s] [35m[1mScanning dependencies of target proy_nexa_interface__rosidl_generator_c[0m
[3.142s] [ 10%] [32mBuilding C object CMakeFiles/proy_nexa_interface__rosidl_generator_c.dir/rosidl_generator_c/proy_nexa_interface/msg/detail/distvel__functions.c.o[0m
[3.192s] [ 12%] [32mBuilding C object CMakeFiles/proy_nexa_interface__rosidl_generator_c.dir/rosidl_generator_c/proy_nexa_interface/srv/detail/my_move_msg__functions.c.o[0m
[3.233s] [ 15%] [32m[1mLinking C shared library libproy_nexa_interface__rosidl_generator_c.so[0m
[3.269s] [ 15%] Built target proy_nexa_interface__rosidl_generator_c
[3.279s] [ 17%] [34m[1mGenerating C++ type support for eProsima Fast-RTPS[0m
[3.302s] [35m[1mScanning dependencies of target proy_nexa_interface__rosidl_typesupport_cpp[0m
[3.323s] [ 20%] [32mBuilding CXX object CMakeFiles/proy_nexa_interface__rosidl_typesupport_cpp.dir/rosidl_typesupport_cpp/proy_nexa_interface/msg/distvel__type_support.cpp.o[0m
[3.536s] [35m[1mScanning dependencies of target proy_nexa_interface__rosidl_typesupport_fastrtps_cpp[0m
[3.579s] [ 23%] [32mBuilding CXX object CMakeFiles/proy_nexa_interface__rosidl_typesupport_fastrtps_cpp.dir/rosidl_typesupport_fastrtps_cpp/proy_nexa_interface/msg/detail/dds_fastrtps/distvel__type_support.cpp.o[0m
[3.600s] [ 25%] [32mBuilding CXX object CMakeFiles/proy_nexa_interface__rosidl_typesupport_cpp.dir/rosidl_typesupport_cpp/proy_nexa_interface/srv/my_move_msg__type_support.cpp.o[0m
[3.874s] [ 28%] [32m[1mLinking CXX shared library libproy_nexa_interface__rosidl_typesupport_cpp.so[0m
[3.904s] [ 30%] [32mBuilding CXX object CMakeFiles/proy_nexa_interface__rosidl_typesupport_fastrtps_cpp.dir/rosidl_typesupport_fastrtps_cpp/proy_nexa_interface/srv/detail/dds_fastrtps/my_move_msg__type_support.cpp.o[0m
[3.922s] [ 30%] Built target proy_nexa_interface__rosidl_typesupport_cpp
[3.932s] [ 33%] [34m[1mGenerating C introspection for ROS interfaces[0m
[4.150s] [35m[1mScanning dependencies of target proy_nexa_interface__rosidl_typesupport_introspection_c[0m
[4.165s] [ 35%] [32mBuilding C object CMakeFiles/proy_nexa_interface__rosidl_typesupport_introspection_c.dir/rosidl_typesupport_introspection_c/proy_nexa_interface/msg/detail/distvel__type_support.c.o[0m
[4.195s] [ 38%] [32mBuilding C object CMakeFiles/proy_nexa_interface__rosidl_typesupport_introspection_c.dir/rosidl_typesupport_introspection_c/proy_nexa_interface/srv/detail/my_move_msg__type_support.c.o[0m
[4.221s] [ 41%] [32m[1mLinking CXX shared library libproy_nexa_interface__rosidl_typesupport_fastrtps_cpp.so[0m
[4.226s] [ 43%] [32m[1mLinking C shared library libproy_nexa_interface__rosidl_typesupport_introspection_c.so[0m
[4.257s] [ 43%] Built target proy_nexa_interface__rosidl_typesupport_introspection_c
[4.267s] [ 46%] [34m[1mGenerating C++ introspection for ROS interfaces[0m
[4.295s] [ 46%] Built target proy_nexa_interface__rosidl_typesupport_fastrtps_cpp
[4.303s] [ 48%] [34m[1mGenerating C type support dispatch for ROS interfaces[0m
[4.481s] [35m[1mScanning dependencies of target proy_nexa_interface__rosidl_typesupport_c[0m
[4.481s] [35m[1mScanning dependencies of target proy_nexa_interface__rosidl_typesupport_introspection_cpp[0m
[4.495s] [ 51%] [32mBuilding CXX object CMakeFiles/proy_nexa_interface__rosidl_typesupport_c.dir/rosidl_typesupport_c/proy_nexa_interface/msg/distvel__type_support.cpp.o[0m
[4.496s] [ 53%] [32mBuilding CXX object CMakeFiles/proy_nexa_interface__rosidl_typesupport_introspection_cpp.dir/rosidl_typesupport_introspection_cpp/proy_nexa_interface/msg/detail/distvel__type_support.cpp.o[0m
[4.518s] [ 56%] [32mBuilding CXX object CMakeFiles/proy_nexa_interface__rosidl_typesupport_c.dir/rosidl_typesupport_c/proy_nexa_interface/srv/my_move_msg__type_support.cpp.o[0m
[4.545s] [ 58%] [32m[1mLinking CXX shared library libproy_nexa_interface__rosidl_typesupport_c.so[0m
[4.576s] [ 58%] Built target proy_nexa_interface__rosidl_typesupport_c
[4.585s] [ 61%] [34m[1mGenerating C type support for eProsima Fast-RTPS[0m
[4.711s] [ 64%] [32mBuilding CXX object CMakeFiles/proy_nexa_interface__rosidl_typesupport_introspection_cpp.dir/rosidl_typesupport_introspection_cpp/proy_nexa_interface/srv/detail/my_move_msg__type_support.cpp.o[0m
[4.801s] [35m[1mScanning dependencies of target proy_nexa_interface__rosidl_typesupport_fastrtps_c[0m
[4.819s] [ 66%] [32mBuilding CXX object CMakeFiles/proy_nexa_interface__rosidl_typesupport_fastrtps_c.dir/rosidl_typesupport_fastrtps_c/proy_nexa_interface/msg/detail/distvel__type_support_c.cpp.o[0m
[4.928s] [ 69%] [32m[1mLinking CXX shared library libproy_nexa_interface__rosidl_typesupport_introspection_cpp.so[0m
[4.983s] [ 69%] Built target proy_nexa_interface__rosidl_typesupport_introspection_cpp
[4.995s] [ 71%] [32mBuilding CXX object CMakeFiles/proy_nexa_interface__rosidl_typesupport_fastrtps_c.dir/rosidl_typesupport_fastrtps_c/proy_nexa_interface/srv/detail/my_move_msg__type_support_c.cpp.o[0m
[5.251s] [ 74%] [32m[1mLinking CXX shared library libproy_nexa_interface__rosidl_typesupport_fastrtps_c.so[0m
[5.317s] [ 74%] Built target proy_nexa_interface__rosidl_typesupport_fastrtps_c
[5.328s] [35m[1mScanning dependencies of target proy_nexa_interface[0m
[5.338s] [ 74%] Built target proy_nexa_interface
[5.347s] [35m[1mScanning dependencies of target proy_nexa_interface__py[0m
[5.357s] [ 76%] [34m[1mGenerating Python code for ROS interfaces[0m
[5.885s] [ 76%] Built target proy_nexa_interface__py
[5.895s] [35m[1mScanning dependencies of target proy_nexa_interface__python[0m
[5.967s] [ 79%] [32mBuilding C object CMakeFiles/proy_nexa_interface__python.dir/rosidl_generator_py/proy_nexa_interface/msg/_distvel_s.c.o[0m
[5.969s] [ 82%] [32mBuilding C object CMakeFiles/proy_nexa_interface__python.dir/rosidl_generator_py/proy_nexa_interface/srv/_my_move_msg_s.c.o[0m
[6.064s] [ 84%] [32m[1mLinking C shared library rosidl_generator_py/proy_nexa_interface/libproy_nexa_interface__python.so[0m
[6.106s] [ 84%] Built target proy_nexa_interface__python
[6.116s] [35m[1mScanning dependencies of target proy_nexa_interface__rosidl_typesupport_introspection_c__pyext[0m
[6.116s] [35m[1mScanning dependencies of target proy_nexa_interface__rosidl_typesupport_c__pyext[0m
[6.138s] [ 87%] [32mBuilding C object CMakeFiles/proy_nexa_interface__rosidl_typesupport_c__pyext.dir/rosidl_generator_py/proy_nexa_interface/_proy_nexa_interface_s.ep.rosidl_typesupport_c.c.o[0m
[6.138s] [ 89%] [32mBuilding C object CMakeFiles/proy_nexa_interface__rosidl_typesupport_introspection_c__pyext.dir/rosidl_generator_py/proy_nexa_interface/_proy_nexa_interface_s.ep.rosidl_typesupport_introspection_c.c.o[0m
[6.209s] [ 94%] [32m[1mLinking C shared library rosidl_generator_py/proy_nexa_interface/proy_nexa_interface_s__rosidl_typesupport_c.cpython-38-x86_64-linux-gnu.so[0m
[6.209s] [ 94%] [32m[1mLinking C shared library rosidl_generator_py/proy_nexa_interface/proy_nexa_interface_s__rosidl_typesupport_introspection_c.cpython-38-x86_64-linux-gnu.so[0m
[6.244s] [ 94%] Built target proy_nexa_interface__rosidl_typesupport_c__pyext
[6.244s] [ 94%] Built target proy_nexa_interface__rosidl_typesupport_introspection_c__pyext
[6.253s] [35m[1mScanning dependencies of target proy_nexa_interface__rosidl_typesupport_fastrtps_c__pyext[0m
[6.272s] [ 97%] [32mBuilding C object CMakeFiles/proy_nexa_interface__rosidl_typesupport_fastrtps_c__pyext.dir/rosidl_generator_py/proy_nexa_interface/_proy_nexa_interface_s.ep.rosidl_typesupport_fastrtps_c.c.o[0m
[6.339s] [100%] [32m[1mLinking CXX shared library rosidl_generator_py/proy_nexa_interface/proy_nexa_interface_s__rosidl_typesupport_fastrtps_c.cpython-38-x86_64-linux-gnu.so[0m
[6.391s] [100%] Built target proy_nexa_interface__rosidl_typesupport_fastrtps_c__pyext
[6.401s] Invoked command in '/home/chen/repositorio2/Robot/build/proy_nexa_interface' returned '0': CMAKE_PREFIX_PATH=${CMAKE_PREFIX_PATH}:/home/chen/turtlebot3_ws/install/show_msg:/home/chen/turtlebot3_ws/install/proy_nexa_show_msg:/home/chen/turtlebot3_ws/install/proy_nexa_service:/home/chen/turtlebot3_ws/install/provide_map:/home/chen/turtlebot3_ws/install/my_slam:/home/chen/turtlebot3_ws/install/my_nav2_system:/home/chen/turtlebot3_ws/install/my_first_subscriber:/home/chen/turtlebot3_ws/install/my_first_service:/home/chen/turtlebot3_ws/install/my_first_publisher:/home/chen/turtlebot3_ws/install/my_first_node:/home/chen/turtlebot3_ws/install/my_first_action:/home/chen/turtlebot3_ws/src/my_first_service/install/my_first_service:/opt/ros/galactic /usr/bin/cmake --build /home/chen/repositorio2/Robot/build/proy_nexa_interface -- -j2 -l2
[6.505s] Invoking command in '/home/chen/repositorio2/Robot/build/proy_nexa_interface': CMAKE_PREFIX_PATH=${CMAKE_PREFIX_PATH}:/home/chen/turtlebot3_ws/install/show_msg:/home/chen/turtlebot3_ws/install/proy_nexa_show_msg:/home/chen/turtlebot3_ws/install/proy_nexa_service:/home/chen/turtlebot3_ws/install/provide_map:/home/chen/turtlebot3_ws/install/my_slam:/home/chen/turtlebot3_ws/install/my_nav2_system:/home/chen/turtlebot3_ws/install/my_first_subscriber:/home/chen/turtlebot3_ws/install/my_first_service:/home/chen/turtlebot3_ws/install/my_first_publisher:/home/chen/turtlebot3_ws/install/my_first_node:/home/chen/turtlebot3_ws/install/my_first_action:/home/chen/turtlebot3_ws/src/my_first_service/install/my_first_service:/opt/ros/galactic /usr/bin/cmake --install /home/chen/repositorio2/Robot/build/proy_nexa_interface
[6.513s] -- Install configuration: ""
[6.514s] -- Installing: /home/chen/repositorio2/Robot/install/proy_nexa_interface/share/ament_index/resource_index/rosidl_interfaces/proy_nexa_interface
[6.514s] -- Installing: /home/chen/repositorio2/Robot/install/proy_nexa_interface/include/proy_nexa_interface
[6.515s] -- Installing: /home/chen/repositorio2/Robot/install/proy_nexa_interface/include/proy_nexa_interface/msg
[6.515s] -- Installing: /home/chen/repositorio2/Robot/install/proy_nexa_interface/include/proy_nexa_interface/msg/distvel.h
[6.515s] -- Installing: /home/chen/repositorio2/Robot/install/proy_nexa_interface/include/proy_nexa_interface/msg/detail
[6.515s] -- Installing: /home/chen/repositorio2/Robot/install/proy_nexa_interface/include/proy_nexa_interface/msg/detail/distvel__type_support.h
[6.516s] -- Installing: /home/chen/repositorio2/Robot/install/proy_nexa_interface/include/proy_nexa_interface/msg/detail/distvel__functions.h
[6.516s] -- Installing: /home/chen/repositorio2/Robot/install/proy_nexa_interface/include/proy_nexa_interface/msg/detail/distvel__struct.h
[6.516s] -- Installing: /home/chen/repositorio2/Robot/install/proy_nexa_interface/include/proy_nexa_interface/msg/detail/distvel__functions.c
[6.516s] -- Installing: /home/chen/repositorio2/Robot/install/proy_nexa_interface/include/proy_nexa_interface/msg/rosidl_generator_c__visibility_control.h
[6.517s] -- Installing: /home/chen/repositorio2/Robot/install/proy_nexa_interface/include/proy_nexa_interface/srv
[6.517s] -- Installing: /home/chen/repositorio2/Robot/install/proy_nexa_interface/include/proy_nexa_interface/srv/my_move_msg.h
[6.519s] -- Installing: /home/chen/repositorio2/Robot/install/proy_nexa_interface/include/proy_nexa_interface/srv/detail
[6.519s] -- Installing: /home/chen/repositorio2/Robot/install/proy_nexa_interface/include/proy_nexa_interface/srv/detail/my_move_msg__type_support.h
[6.519s] -- Installing: /home/chen/repositorio2/Robot/install/proy_nexa_interface/include/proy_nexa_interface/srv/detail/my_move_msg__struct.h
[6.520s] -- Installing: /home/chen/repositorio2/Robot/install/proy_nexa_interface/include/proy_nexa_interface/srv/detail/my_move_msg__functions.h
[6.520s] -- Installing: /home/chen/repositorio2/Robot/install/proy_nexa_interface/include/proy_nexa_interface/srv/detail/my_move_msg__functions.c
[6.520s] -- Installing: /home/chen/repositorio2/Robot/install/proy_nexa_interface/share/proy_nexa_interface/environment/library_path.sh
[6.520s] -- Installing: /home/chen/repositorio2/Robot/install/proy_nexa_interface/share/proy_nexa_interface/environment/library_path.dsv
[6.520s] -- Installing: /home/chen/repositorio2/Robot/install/proy_nexa_interface/lib/libproy_nexa_interface__rosidl_generator_c.so
[6.520s] -- Set runtime path of "/home/chen/repositorio2/Robot/install/proy_nexa_interface/lib/libproy_nexa_interface__rosidl_generator_c.so" to ""
[6.520s] -- Up-to-date: /home/chen/repositorio2/Robot/install/proy_nexa_interface/include/proy_nexa_interface
[6.520s] -- Up-to-date: /home/chen/repositorio2/Robot/install/proy_nexa_interface/include/proy_nexa_interface/msg
[6.520s] -- Installing: /home/chen/repositorio2/Robot/install/proy_nexa_interface/include/proy_nexa_interface/msg/rosidl_typesupport_fastrtps_c__visibility_control.h
[6.520s] -- Up-to-date: /home/chen/repositorio2/Robot/install/proy_nexa_interface/include/proy_nexa_interface/msg/detail
[6.521s] -- Installing: /home/chen/repositorio2/Robot/install/proy_nexa_interface/include/proy_nexa_interface/msg/detail/distvel__rosidl_typesupport_fastrtps_c.h
[6.521s] -- Up-to-date: /home/chen/repositorio2/Robot/install/proy_nexa_interface/include/proy_nexa_interface/srv
[6.521s] -- Up-to-date: /home/chen/repositorio2/Robot/install/proy_nexa_interface/include/proy_nexa_interface/srv/detail
[6.521s] -- Installing: /home/chen/repositorio2/Robot/install/proy_nexa_interface/include/proy_nexa_interface/srv/detail/my_move_msg__rosidl_typesupport_fastrtps_c.h
[6.521s] -- Installing: /home/chen/repositorio2/Robot/install/proy_nexa_interface/lib/libproy_nexa_interface__rosidl_typesupport_fastrtps_c.so
[6.521s] -- Set runtime path of "/home/chen/repositorio2/Robot/install/proy_nexa_interface/lib/libproy_nexa_interface__rosidl_typesupport_fastrtps_c.so" to ""
[6.522s] -- Up-to-date: /home/chen/repositorio2/Robot/install/proy_nexa_interface/include/proy_nexa_interface
[6.522s] -- Up-to-date: /home/chen/repositorio2/Robot/install/proy_nexa_interface/include/proy_nexa_interface/msg
[6.522s] -- Installing: /home/chen/repositorio2/Robot/install/proy_nexa_interface/include/proy_nexa_interface/msg/rosidl_typesupport_fastrtps_cpp__visibility_control.h
[6.522s] -- Up-to-date: /home/chen/repositorio2/Robot/install/proy_nexa_interface/include/proy_nexa_interface/msg/detail
[6.522s] -- Installing: /home/chen/repositorio2/Robot/install/proy_nexa_interface/include/proy_nexa_interface/msg/detail/distvel__rosidl_typesupport_fastrtps_cpp.hpp
[6.522s] -- Installing: /home/chen/repositorio2/Robot/install/proy_nexa_interface/include/proy_nexa_interface/msg/detail/dds_fastrtps
[6.522s] -- Up-to-date: /home/chen/repositorio2/Robot/install/proy_nexa_interface/include/proy_nexa_interface/srv
[6.523s] -- Up-to-date: /home/chen/repositorio2/Robot/install/proy_nexa_interface/include/proy_nexa_interface/srv/detail
[6.523s] -- Installing: /home/chen/repositorio2/Robot/install/proy_nexa_interface/include/proy_nexa_interface/srv/detail/my_move_msg__rosidl_typesupport_fastrtps_cpp.hpp
[6.523s] -- Installing: /home/chen/repositorio2/Robot/install/proy_nexa_interface/include/proy_nexa_interface/srv/detail/dds_fastrtps
[6.523s] -- Installing: /home/chen/repositorio2/Robot/install/proy_nexa_interface/lib/libproy_nexa_interface__rosidl_typesupport_fastrtps_cpp.so
[6.524s] -- Set runtime path of "/home/chen/repositorio2/Robot/install/proy_nexa_interface/lib/libproy_nexa_interface__rosidl_typesupport_fastrtps_cpp.so" to ""
[6.524s] -- Up-to-date: /home/chen/repositorio2/Robot/install/proy_nexa_interface/include/proy_nexa_interface
[6.524s] -- Up-to-date: /home/chen/repositorio2/Robot/install/proy_nexa_interface/include/proy_nexa_interface/msg
[6.524s] -- Installing: /home/chen/repositorio2/Robot/install/proy_nexa_interface/include/proy_nexa_interface/msg/rosidl_typesupport_introspection_c__visibility_control.h
[6.525s] -- Up-to-date: /home/chen/repositorio2/Robot/install/proy_nexa_interface/include/proy_nexa_interface/msg/detail
[6.525s] -- Installing: /home/chen/repositorio2/Robot/install/proy_nexa_interface/include/proy_nexa_interface/msg/detail/distvel__type_support.c
[6.525s] -- Installing: /home/chen/repositorio2/Robot/install/proy_nexa_interface/include/proy_nexa_interface/msg/detail/distvel__rosidl_typesupport_introspection_c.h
[6.525s] -- Up-to-date: /home/chen/repositorio2/Robot/install/proy_nexa_interface/include/proy_nexa_interface/srv
[6.526s] -- Up-to-date: /home/chen/repositorio2/Robot/install/proy_nexa_interface/include/proy_nexa_interface/srv/detail
[6.526s] -- Installing: /home/chen/repositorio2/Robot/install/proy_nexa_interface/include/proy_nexa_interface/srv/detail/my_move_msg__rosidl_typesupport_introspection_c.h
[6.526s] -- Installing: /home/chen/repositorio2/Robot/install/proy_nexa_interface/include/proy_nexa_interface/srv/detail/my_move_msg__type_support.c
[6.527s] -- Installing: /home/chen/repositorio2/Robot/install/proy_nexa_interface/lib/libproy_nexa_interface__rosidl_typesupport_introspection_c.so
[6.527s] -- Set runtime path of "/home/chen/repositorio2/Robot/install/proy_nexa_interface/lib/libproy_nexa_interface__rosidl_typesupport_introspection_c.so" to ""
[6.527s] -- Installing: /home/chen/repositorio2/Robot/install/proy_nexa_interface/lib/libproy_nexa_interface__rosidl_typesupport_c.so
[6.527s] -- Set runtime path of "/home/chen/repositorio2/Robot/install/proy_nexa_interface/lib/libproy_nexa_interface__rosidl_typesupport_c.so" to ""
[6.528s] -- Up-to-date: /home/chen/repositorio2/Robot/install/proy_nexa_interface/include/proy_nexa_interface
[6.528s] -- Up-to-date: /home/chen/repositorio2/Robot/install/proy_nexa_interface/include/proy_nexa_interface/msg
[6.528s] -- Installing: /home/chen/repositorio2/Robot/install/proy_nexa_interface/include/proy_nexa_interface/msg/distvel.hpp
[6.528s] -- Up-to-date: /home/chen/repositorio2/Robot/install/proy_nexa_interface/include/proy_nexa_interface/msg/detail
[6.529s] -- Installing: /home/chen/repositorio2/Robot/install/proy_nexa_interface/include/proy_nexa_interface/msg/detail/distvel__builder.hpp
[6.529s] -- Installing: /home/chen/repositorio2/Robot/install/proy_nexa_interface/include/proy_nexa_interface/msg/detail/distvel__struct.hpp
[6.529s] -- Installing: /home/chen/repositorio2/Robot/install/proy_nexa_interface/include/proy_nexa_interface/msg/detail/distvel__traits.hpp
[6.529s] -- Up-to-date: /home/chen/repositorio2/Robot/install/proy_nexa_interface/include/proy_nexa_interface/srv
[6.529s] -- Installing: /home/chen/repositorio2/Robot/install/proy_nexa_interface/include/proy_nexa_interface/srv/my_move_msg.hpp
[6.530s] -- Up-to-date: /home/chen/repositorio2/Robot/install/proy_nexa_interface/include/proy_nexa_interface/srv/detail
[6.530s] -- Installing: /home/chen/repositorio2/Robot/install/proy_nexa_interface/include/proy_nexa_interface/srv/detail/my_move_msg__builder.hpp
[6.530s] -- Installing: /home/chen/repositorio2/Robot/install/proy_nexa_interface/include/proy_nexa_interface/srv/detail/my_move_msg__struct.hpp
[6.530s] -- Installing: /home/chen/repositorio2/Robot/install/proy_nexa_interface/include/proy_nexa_interface/srv/detail/my_move_msg__traits.hpp
[6.531s] -- Up-to-date: /home/chen/repositorio2/Robot/install/proy_nexa_interface/include/proy_nexa_interface
[6.531s] -- Up-to-date: /home/chen/repositorio2/Robot/install/proy_nexa_interface/include/proy_nexa_interface/msg
[6.531s] -- Up-to-date: /home/chen/repositorio2/Robot/install/proy_nexa_interface/include/proy_nexa_interface/msg/detail
[6.531s] -- Installing: /home/chen/repositorio2/Robot/install/proy_nexa_interface/include/proy_nexa_interface/msg/detail/distvel__type_support.cpp
[6.531s] -- Installing: /home/chen/repositorio2/Robot/install/proy_nexa_interface/include/proy_nexa_interface/msg/detail/distvel__rosidl_typesupport_introspection_cpp.hpp
[6.532s] -- Up-to-date: /home/chen/repositorio2/Robot/install/proy_nexa_interface/include/proy_nexa_interface/srv
[6.532s] -- Up-to-date: /home/chen/repositorio2/Robot/install/proy_nexa_interface/include/proy_nexa_interface/srv/detail
[6.532s] -- Installing: /home/chen/repositorio2/Robot/install/proy_nexa_interface/include/proy_nexa_interface/srv/detail/my_move_msg__type_support.cpp
[6.532s] -- Installing: /home/chen/repositorio2/Robot/install/proy_nexa_interface/include/proy_nexa_interface/srv/detail/my_move_msg__rosidl_typesupport_introspection_cpp.hpp
[6.532s] -- Installing: /home/chen/repositorio2/Robot/install/proy_nexa_interface/lib/libproy_nexa_interface__rosidl_typesupport_introspection_cpp.so
[6.533s] -- Set runtime path of "/home/chen/repositorio2/Robot/install/proy_nexa_interface/lib/libproy_nexa_interface__rosidl_typesupport_introspection_cpp.so" to ""
[6.533s] -- Installing: /home/chen/repositorio2/Robot/install/proy_nexa_interface/lib/libproy_nexa_interface__rosidl_typesupport_cpp.so
[6.533s] -- Set runtime path of "/home/chen/repositorio2/Robot/install/proy_nexa_interface/lib/libproy_nexa_interface__rosidl_typesupport_cpp.so" to ""
[6.534s] -- Installing: /home/chen/repositorio2/Robot/install/proy_nexa_interface/share/proy_nexa_interface/environment/pythonpath.sh
[6.534s] -- Installing: /home/chen/repositorio2/Robot/install/proy_nexa_interface/share/proy_nexa_interface/environment/pythonpath.dsv
[6.534s] -- Installing: /home/chen/repositorio2/Robot/install/proy_nexa_interface/lib/python3.8/site-packages/proy_nexa_interface/__init__.py
[6.562s] Compiling '/home/chen/repositorio2/Robot/install/proy_nexa_interface/lib/python3.8/site-packages/proy_nexa_interface/__init__.py'...
[6.565s] -- Installing: /home/chen/repositorio2/Robot/install/proy_nexa_interface/lib/python3.8/site-packages/proy_nexa_interface/msg
[6.565s] -- Installing: /home/chen/repositorio2/Robot/install/proy_nexa_interface/lib/python3.8/site-packages/proy_nexa_interface/msg/_distvel_s.c
[6.565s] -- Installing: /home/chen/repositorio2/Robot/install/proy_nexa_interface/lib/python3.8/site-packages/proy_nexa_interface/msg/__init__.py
[6.566s] -- Installing: /home/chen/repositorio2/Robot/install/proy_nexa_interface/lib/python3.8/site-packages/proy_nexa_interface/msg/_distvel.py
[6.566s] -- Installing: /home/chen/repositorio2/Robot/install/proy_nexa_interface/lib/python3.8/site-packages/proy_nexa_interface/srv
[6.566s] -- Installing: /home/chen/repositorio2/Robot/install/proy_nexa_interface/lib/python3.8/site-packages/proy_nexa_interface/srv/_my_move_msg_s.c
[6.566s] -- Installing: /home/chen/repositorio2/Robot/install/proy_nexa_interface/lib/python3.8/site-packages/proy_nexa_interface/srv/__init__.py
[6.567s] -- Installing: /home/chen/repositorio2/Robot/install/proy_nexa_interface/lib/python3.8/site-packages/proy_nexa_interface/srv/_my_move_msg.py
[6.567s] -- Installing: /home/chen/repositorio2/Robot/install/proy_nexa_interface/lib/python3.8/site-packages/proy_nexa_interface/proy_nexa_interface_s__rosidl_typesupport_fastrtps_c.cpython-38-x86_64-linux-gnu.so
[6.568s] -- Set runtime path of "/home/chen/repositorio2/Robot/install/proy_nexa_interface/lib/python3.8/site-packages/proy_nexa_interface/proy_nexa_interface_s__rosidl_typesupport_fastrtps_c.cpython-38-x86_64-linux-gnu.so" to ""
[6.568s] -- Installing: /home/chen/repositorio2/Robot/install/proy_nexa_interface/lib/python3.8/site-packages/proy_nexa_interface/proy_nexa_interface_s__rosidl_typesupport_introspection_c.cpython-38-x86_64-linux-gnu.so
[6.568s] -- Set runtime path of "/home/chen/repositorio2/Robot/install/proy_nexa_interface/lib/python3.8/site-packages/proy_nexa_interface/proy_nexa_interface_s__rosidl_typesupport_introspection_c.cpython-38-x86_64-linux-gnu.so" to ""
[6.569s] -- Installing: /home/chen/repositorio2/Robot/install/proy_nexa_interface/lib/python3.8/site-packages/proy_nexa_interface/proy_nexa_interface_s__rosidl_typesupport_c.cpython-38-x86_64-linux-gnu.so
[6.569s] -- Set runtime path of "/home/chen/repositorio2/Robot/install/proy_nexa_interface/lib/python3.8/site-packages/proy_nexa_interface/proy_nexa_interface_s__rosidl_typesupport_c.cpython-38-x86_64-linux-gnu.so" to ""
[6.569s] -- Installing: /home/chen/repositorio2/Robot/install/proy_nexa_interface/lib/libproy_nexa_interface__python.so
[6.570s] -- Set runtime path of "/home/chen/repositorio2/Robot/install/proy_nexa_interface/lib/libproy_nexa_interface__python.so" to ""
[6.570s] -- Installing: /home/chen/repositorio2/Robot/install/proy_nexa_interface/share/proy_nexa_interface/msg/Distvel.idl
[6.570s] -- Installing: /home/chen/repositorio2/Robot/install/proy_nexa_interface/share/proy_nexa_interface/srv/MyMoveMsg.idl
[6.570s] -- Installing: /home/chen/repositorio2/Robot/install/proy_nexa_interface/share/proy_nexa_interface/msg/Distvel.msg
[6.570s] -- Installing: /home/chen/repositorio2/Robot/install/proy_nexa_interface/share/proy_nexa_interface/srv/MyMoveMsg.srv
[6.571s] -- Installing: /home/chen/repositorio2/Robot/install/proy_nexa_interface/share/proy_nexa_interface/srv/MyMoveMsg_Request.msg
[6.571s] -- Installing: /home/chen/repositorio2/Robot/install/proy_nexa_interface/share/proy_nexa_interface/srv/MyMoveMsg_Response.msg
[6.571s] -- Installing: /home/chen/repositorio2/Robot/install/proy_nexa_interface/share/ament_index/resource_index/package_run_dependencies/proy_nexa_interface
[6.571s] -- Installing: /home/chen/repositorio2/Robot/install/proy_nexa_interface/share/ament_index/resource_index/parent_prefix_path/proy_nexa_interface
[6.572s] -- Installing: /home/chen/repositorio2/Robot/install/proy_nexa_interface/share/proy_nexa_interface/environment/ament_prefix_path.sh
[6.572s] -- Installing: /home/chen/repositorio2/Robot/install/proy_nexa_interface/share/proy_nexa_interface/environment/ament_prefix_path.dsv
[6.572s] -- Installing: /home/chen/repositorio2/Robot/install/proy_nexa_interface/share/proy_nexa_interface/environment/path.sh
[6.572s] -- Installing: /home/chen/repositorio2/Robot/install/proy_nexa_interface/share/proy_nexa_interface/environment/path.dsv
[6.572s] -- Installing: /home/chen/repositorio2/Robot/install/proy_nexa_interface/share/proy_nexa_interface/local_setup.bash
[6.573s] -- Installing: /home/chen/repositorio2/Robot/install/proy_nexa_interface/share/proy_nexa_interface/local_setup.sh
[6.573s] -- Installing: /home/chen/repositorio2/Robot/install/proy_nexa_interface/share/proy_nexa_interface/local_setup.zsh
[6.573s] -- Installing: /home/chen/repositorio2/Robot/install/proy_nexa_interface/share/proy_nexa_interface/local_setup.dsv
[6.573s] -- Installing: /home/chen/repositorio2/Robot/install/proy_nexa_interface/share/proy_nexa_interface/package.dsv
[6.574s] -- Installing: /home/chen/repositorio2/Robot/install/proy_nexa_interface/share/ament_index/resource_index/packages/proy_nexa_interface
[6.574s] -- Installing: /home/chen/repositorio2/Robot/install/proy_nexa_interface/share/proy_nexa_interface/cmake/proy_nexa_interface__rosidl_generator_cExport.cmake
[6.574s] -- Installing: /home/chen/repositorio2/Robot/install/proy_nexa_interface/share/proy_nexa_interface/cmake/proy_nexa_interface__rosidl_generator_cExport-noconfig.cmake
[6.574s] -- Installing: /home/chen/repositorio2/Robot/install/proy_nexa_interface/share/proy_nexa_interface/cmake/proy_nexa_interface__rosidl_typesupport_introspection_cExport.cmake
[6.575s] -- Installing: /home/chen/repositorio2/Robot/install/proy_nexa_interface/share/proy_nexa_interface/cmake/proy_nexa_interface__rosidl_typesupport_introspection_cExport-noconfig.cmake
[6.575s] -- Installing: /home/chen/repositorio2/Robot/install/proy_nexa_interface/share/proy_nexa_interface/cmake/proy_nexa_interface__rosidl_typesupport_cExport.cmake
[6.576s] -- Installing: /home/chen/repositorio2/Robot/install/proy_nexa_interface/share/proy_nexa_interface/cmake/proy_nexa_interface__rosidl_typesupport_cExport-noconfig.cmake
[6.576s] -- Installing: /home/chen/repositorio2/Robot/install/proy_nexa_interface/share/proy_nexa_interface/cmake/proy_nexa_interface__rosidl_generator_cppExport.cmake
[6.576s] -- Installing: /home/chen/repositorio2/Robot/install/proy_nexa_interface/share/proy_nexa_interface/cmake/proy_nexa_interface__rosidl_typesupport_introspection_cppExport.cmake
[6.577s] -- Installing: /home/chen/repositorio2/Robot/install/proy_nexa_interface/share/proy_nexa_interface/cmake/proy_nexa_interface__rosidl_typesupport_introspection_cppExport-noconfig.cmake
[6.577s] -- Installing: /home/chen/repositorio2/Robot/install/proy_nexa_interface/share/proy_nexa_interface/cmake/proy_nexa_interface__rosidl_typesupport_cppExport.cmake
[6.577s] -- Installing: /home/chen/repositorio2/Robot/install/proy_nexa_interface/share/proy_nexa_interface/cmake/proy_nexa_interface__rosidl_typesupport_cppExport-noconfig.cmake
[6.578s] -- Installing: /home/chen/repositorio2/Robot/install/proy_nexa_interface/share/proy_nexa_interface/cmake/rosidl_cmake-extras.cmake
[6.578s] -- Installing: /home/chen/repositorio2/Robot/install/proy_nexa_interface/share/proy_nexa_interface/cmake/ament_cmake_export_dependencies-extras.cmake
[6.579s] -- Installing: /home/chen/repositorio2/Robot/install/proy_nexa_interface/share/proy_nexa_interface/cmake/ament_cmake_export_libraries-extras.cmake
[6.579s] -- Installing: /home/chen/repositorio2/Robot/install/proy_nexa_interface/share/proy_nexa_interface/cmake/ament_cmake_export_targets-extras.cmake
[6.579s] -- Installing: /home/chen/repositorio2/Robot/install/proy_nexa_interface/share/proy_nexa_interface/cmake/ament_cmake_export_include_directories-extras.cmake
[6.580s] -- Installing: /home/chen/repositorio2/Robot/install/proy_nexa_interface/share/proy_nexa_interface/cmake/rosidl_cmake_export_typesupport_libraries-extras.cmake
[6.580s] -- Installing: /home/chen/repositorio2/Robot/install/proy_nexa_interface/share/proy_nexa_interface/cmake/rosidl_cmake_export_typesupport_targets-extras.cmake
[6.581s] -- Installing: /home/chen/repositorio2/Robot/install/proy_nexa_interface/share/proy_nexa_interface/cmake/proy_nexa_interfaceConfig.cmake
[6.581s] -- Installing: /home/chen/repositorio2/Robot/install/proy_nexa_interface/share/proy_nexa_interface/cmake/proy_nexa_interfaceConfig-version.cmake
[6.581s] -- Installing: /home/chen/repositorio2/Robot/install/proy_nexa_interface/share/proy_nexa_interface/package.xml
[6.584s] Invoked command in '/home/chen/repositorio2/Robot/build/proy_nexa_interface' returned '0': CMAKE_PREFIX_PATH=${CMAKE_PREFIX_PATH}:/home/chen/turtlebot3_ws/install/show_msg:/home/chen/turtlebot3_ws/install/proy_nexa_show_msg:/home/chen/turtlebot3_ws/install/proy_nexa_service:/home/chen/turtlebot3_ws/install/provide_map:/home/chen/turtlebot3_ws/install/my_slam:/home/chen/turtlebot3_ws/install/my_nav2_system:/home/chen/turtlebot3_ws/install/my_first_subscriber:/home/chen/turtlebot3_ws/install/my_first_service:/home/chen/turtlebot3_ws/install/my_first_publisher:/home/chen/turtlebot3_ws/install/my_first_node:/home/chen/turtlebot3_ws/install/my_first_action:/home/chen/turtlebot3_ws/src/my_first_service/install/my_first_service:/opt/ros/galactic /usr/bin/cmake --install /home/chen/repositorio2/Robot/build/proy_nexa_interface
