[3.526s] DEBUG:colcon:Command line arguments: ['/usr/bin/colcon', 'build', '--packages-select', 'proy_nexa_provide_map']
[3.526s] DEBUG:colcon:Parsed command line arguments: Namespace(allow_overriding=[], ament_cmake_args=None, base_paths=['.'], build_base='build', catkin_cmake_args=None, catkin_skip_building_tests=False, cmake_args=None, cmake_clean_cache=False, cmake_clean_first=False, cmake_force_configure=False, cmake_target=None, cmake_target_skip_unavailable=False, continue_on_error=False, event_handlers=None, executor='parallel', ignore_user_meta=False, install_base='install', log_base=None, log_level=None, main=<bound method BuildVerb.main of <colcon_core.verb.build.BuildVerb object at 0x7fbb5ac38880>>, merge_install=False, metas=['./colcon.meta'], packages_above=None, packages_above_and_dependencies=None, packages_above_depth=None, packages_end=None, packages_ignore=None, packages_ignore_regex=None, packages_select=['proy_nexa_provide_map'], packages_select_build_failed=False, packages_select_by_dep=None, packages_select_regex=None, packages_select_test_failures=False, packages_skip=None, packages_skip_build_finished=False, packages_skip_by_dep=None, packages_skip_regex=None, packages_skip_test_passed=False, packages_skip_up_to=None, packages_start=None, packages_up_to=None, packages_up_to_regex=None, parallel_workers=2, paths=None, symlink_install=False, test_result_base=None, verb_extension=<colcon_core.verb.build.BuildVerb object at 0x7fbb5ac38880>, verb_name='build', verb_parser=<colcon_defaults.argument_parser.defaults.DefaultArgumentsDecorator object at 0x7fbb5a874d30>)
[3.692s] Level 1:colcon.colcon_core.package_discovery:discover_packages(colcon_meta) check parameters
[3.692s] Level 1:colcon.colcon_core.package_discovery:discover_packages(recursive) check parameters
[3.692s] Level 1:colcon.colcon_core.package_discovery:discover_packages(ignore) check parameters
[3.692s] Level 1:colcon.colcon_core.package_discovery:discover_packages(path) check parameters
[3.692s] Level 1:colcon.colcon_core.package_discovery:discover_packages(colcon_meta) discover
[3.692s] Level 1:colcon.colcon_core.package_discovery:discover_packages(recursive) discover
[3.692s] INFO:colcon.colcon_core.package_discovery:Crawling recursively for packages in '/home/chen/repositorio2/Robot'
[3.692s] Level 1:colcon.colcon_core.package_identification:_identify(.) by extensions ['ignore', 'ignore_ament_install']
[3.693s] Level 1:colcon.colcon_core.package_identification:_identify(.) by extension 'ignore'
[3.693s] Level 1:colcon.colcon_core.package_identification:_identify(.) by extension 'ignore_ament_install'
[3.693s] Level 1:colcon.colcon_core.package_identification:_identify(.) by extensions ['colcon_pkg']
[3.693s] Level 1:colcon.colcon_core.package_identification:_identify(.) by extension 'colcon_pkg'
[3.693s] Level 1:colcon.colcon_core.package_identification:_identify(.) by extensions ['colcon_meta']
[3.693s] Level 1:colcon.colcon_core.package_identification:_identify(.) by extension 'colcon_meta'
[3.693s] Level 1:colcon.colcon_core.package_identification:_identify(.) by extensions ['ros']
[3.693s] Level 1:colcon.colcon_core.package_identification:_identify(.) by extension 'ros'
[3.720s] Level 1:colcon.colcon_core.package_identification:_identify(.) by extensions ['cmake', 'python']
[3.720s] Level 1:colcon.colcon_core.package_identification:_identify(.) by extension 'cmake'
[3.720s] Level 1:colcon.colcon_core.package_identification:_identify(.) by extension 'python'
[3.720s] Level 1:colcon.colcon_core.package_identification:_identify(.) by extensions ['python_setup_py']
[3.720s] Level 1:colcon.colcon_core.package_identification:_identify(.) by extension 'python_setup_py'
[3.720s] Level 1:colcon.colcon_core.package_identification:_identify(build) by extensions ['ignore', 'ignore_ament_install']
[3.720s] Level 1:colcon.colcon_core.package_identification:_identify(build) by extension 'ignore'
[3.720s] Level 1:colcon.colcon_core.package_identification:_identify(build) ignored
[3.720s] Level 1:colcon.colcon_core.package_identification:_identify(install) by extensions ['ignore', 'ignore_ament_install']
[3.720s] Level 1:colcon.colcon_core.package_identification:_identify(install) by extension 'ignore'
[3.721s] Level 1:colcon.colcon_core.package_identification:_identify(install) ignored
[3.721s] Level 1:colcon.colcon_core.package_identification:_identify(log) by extensions ['ignore', 'ignore_ament_install']
[3.721s] Level 1:colcon.colcon_core.package_identification:_identify(log) by extension 'ignore'
[3.721s] Level 1:colcon.colcon_core.package_identification:_identify(log) ignored
[3.721s] Level 1:colcon.colcon_core.package_identification:_identify(src) by extensions ['ignore', 'ignore_ament_install']
[3.721s] Level 1:colcon.colcon_core.package_identification:_identify(src) by extension 'ignore'
[3.721s] Level 1:colcon.colcon_core.package_identification:_identify(src) by extension 'ignore_ament_install'
[3.721s] Level 1:colcon.colcon_core.package_identification:_identify(src) by extensions ['colcon_pkg']
[3.721s] Level 1:colcon.colcon_core.package_identification:_identify(src) by extension 'colcon_pkg'
[3.721s] Level 1:colcon.colcon_core.package_identification:_identify(src) by extensions ['colcon_meta']
[3.721s] Level 1:colcon.colcon_core.package_identification:_identify(src) by extension 'colcon_meta'
[3.721s] Level 1:colcon.colcon_core.package_identification:_identify(src) by extensions ['ros']
[3.721s] Level 1:colcon.colcon_core.package_identification:_identify(src) by extension 'ros'
[3.721s] Level 1:colcon.colcon_core.package_identification:_identify(src) by extensions ['cmake', 'python']
[3.722s] Level 1:colcon.colcon_core.package_identification:_identify(src) by extension 'cmake'
[3.722s] Level 1:colcon.colcon_core.package_identification:_identify(src) by extension 'python'
[3.722s] Level 1:colcon.colcon_core.package_identification:_identify(src) by extensions ['python_setup_py']
[3.722s] Level 1:colcon.colcon_core.package_identification:_identify(src) by extension 'python_setup_py'
[3.722s] Level 1:colcon.colcon_core.package_identification:_identify(src/proy_nexa) by extensions ['ignore', 'ignore_ament_install']
[3.722s] Level 1:colcon.colcon_core.package_identification:_identify(src/proy_nexa) by extension 'ignore'
[3.722s] Level 1:colcon.colcon_core.package_identification:_identify(src/proy_nexa) by extension 'ignore_ament_install'
[3.722s] Level 1:colcon.colcon_core.package_identification:_identify(src/proy_nexa) by extensions ['colcon_pkg']
[3.722s] Level 1:colcon.colcon_core.package_identification:_identify(src/proy_nexa) by extension 'colcon_pkg'
[3.722s] Level 1:colcon.colcon_core.package_identification:_identify(src/proy_nexa) by extensions ['colcon_meta']
[3.722s] Level 1:colcon.colcon_core.package_identification:_identify(src/proy_nexa) by extension 'colcon_meta'
[3.722s] Level 1:colcon.colcon_core.package_identification:_identify(src/proy_nexa) by extensions ['ros']
[3.722s] Level 1:colcon.colcon_core.package_identification:_identify(src/proy_nexa) by extension 'ros'
[3.722s] Level 1:colcon.colcon_core.package_identification:_identify(src/proy_nexa) by extensions ['cmake', 'python']
[3.722s] Level 1:colcon.colcon_core.package_identification:_identify(src/proy_nexa) by extension 'cmake'
[3.722s] Level 1:colcon.colcon_core.package_identification:_identify(src/proy_nexa) by extension 'python'
[3.722s] Level 1:colcon.colcon_core.package_identification:_identify(src/proy_nexa) by extensions ['python_setup_py']
[3.722s] Level 1:colcon.colcon_core.package_identification:_identify(src/proy_nexa) by extension 'python_setup_py'
[3.723s] Level 1:colcon.colcon_core.package_identification:_identify(src/proy_nexa/my_world) by extensions ['ignore', 'ignore_ament_install']
[3.723s] Level 1:colcon.colcon_core.package_identification:_identify(src/proy_nexa/my_world) by extension 'ignore'
[3.723s] Level 1:colcon.colcon_core.package_identification:_identify(src/proy_nexa/my_world) by extension 'ignore_ament_install'
[3.723s] Level 1:colcon.colcon_core.package_identification:_identify(src/proy_nexa/my_world) by extensions ['colcon_pkg']
[3.723s] Level 1:colcon.colcon_core.package_identification:_identify(src/proy_nexa/my_world) by extension 'colcon_pkg'
[3.723s] Level 1:colcon.colcon_core.package_identification:_identify(src/proy_nexa/my_world) by extensions ['colcon_meta']
[3.723s] Level 1:colcon.colcon_core.package_identification:_identify(src/proy_nexa/my_world) by extension 'colcon_meta'
[3.723s] Level 1:colcon.colcon_core.package_identification:_identify(src/proy_nexa/my_world) by extensions ['ros']
[3.723s] Level 1:colcon.colcon_core.package_identification:_identify(src/proy_nexa/my_world) by extension 'ros'
[3.728s] DEBUG:colcon.colcon_core.package_identification:Package 'src/proy_nexa/my_world' with type 'ros.ament_cmake' and name 'my_world'
[3.728s] Level 1:colcon.colcon_core.package_identification:_identify(src/proy_nexa/proy_nexa) by extensions ['ignore', 'ignore_ament_install']
[3.728s] Level 1:colcon.colcon_core.package_identification:_identify(src/proy_nexa/proy_nexa) by extension 'ignore'
[3.728s] Level 1:colcon.colcon_core.package_identification:_identify(src/proy_nexa/proy_nexa) by extension 'ignore_ament_install'
[3.728s] Level 1:colcon.colcon_core.package_identification:_identify(src/proy_nexa/proy_nexa) by extensions ['colcon_pkg']
[3.728s] Level 1:colcon.colcon_core.package_identification:_identify(src/proy_nexa/proy_nexa) by extension 'colcon_pkg'
[3.728s] Level 1:colcon.colcon_core.package_identification:_identify(src/proy_nexa/proy_nexa) by extensions ['colcon_meta']
[3.728s] Level 1:colcon.colcon_core.package_identification:_identify(src/proy_nexa/proy_nexa) by extension 'colcon_meta'
[3.728s] Level 1:colcon.colcon_core.package_identification:_identify(src/proy_nexa/proy_nexa) by extensions ['ros']
[3.728s] Level 1:colcon.colcon_core.package_identification:_identify(src/proy_nexa/proy_nexa) by extension 'ros'
[3.729s] DEBUG:colcon.colcon_core.package_identification:Package 'src/proy_nexa/proy_nexa' with type 'ros.ament_cmake' and name 'proy_nexa'
[3.729s] Level 1:colcon.colcon_core.package_identification:_identify(src/proy_nexa/proy_nexa_interface) by extensions ['ignore', 'ignore_ament_install']
[3.729s] Level 1:colcon.colcon_core.package_identification:_identify(src/proy_nexa/proy_nexa_interface) by extension 'ignore'
[3.730s] Level 1:colcon.colcon_core.package_identification:_identify(src/proy_nexa/proy_nexa_interface) by extension 'ignore_ament_install'
[3.730s] Level 1:colcon.colcon_core.package_identification:_identify(src/proy_nexa/proy_nexa_interface) by extensions ['colcon_pkg']
[3.730s] Level 1:colcon.colcon_core.package_identification:_identify(src/proy_nexa/proy_nexa_interface) by extension 'colcon_pkg'
[3.730s] Level 1:colcon.colcon_core.package_identification:_identify(src/proy_nexa/proy_nexa_interface) by extensions ['colcon_meta']
[3.730s] Level 1:colcon.colcon_core.package_identification:_identify(src/proy_nexa/proy_nexa_interface) by extension 'colcon_meta'
[3.730s] Level 1:colcon.colcon_core.package_identification:_identify(src/proy_nexa/proy_nexa_interface) by extensions ['ros']
[3.730s] Level 1:colcon.colcon_core.package_identification:_identify(src/proy_nexa/proy_nexa_interface) by extension 'ros'
[3.731s] DEBUG:colcon.colcon_core.package_identification:Package 'src/proy_nexa/proy_nexa_interface' with type 'ros.ament_cmake' and name 'proy_nexa_interface'
[3.731s] Level 1:colcon.colcon_core.package_identification:_identify(src/proy_nexa/proy_nexa_my_slam) by extensions ['ignore', 'ignore_ament_install']
[3.731s] Level 1:colcon.colcon_core.package_identification:_identify(src/proy_nexa/proy_nexa_my_slam) by extension 'ignore'
[3.731s] Level 1:colcon.colcon_core.package_identification:_identify(src/proy_nexa/proy_nexa_my_slam) by extension 'ignore_ament_install'
[3.731s] Level 1:colcon.colcon_core.package_identification:_identify(src/proy_nexa/proy_nexa_my_slam) by extensions ['colcon_pkg']
[3.731s] Level 1:colcon.colcon_core.package_identification:_identify(src/proy_nexa/proy_nexa_my_slam) by extension 'colcon_pkg'
[3.731s] Level 1:colcon.colcon_core.package_identification:_identify(src/proy_nexa/proy_nexa_my_slam) by extensions ['colcon_meta']
[3.731s] Level 1:colcon.colcon_core.package_identification:_identify(src/proy_nexa/proy_nexa_my_slam) by extension 'colcon_meta'
[3.731s] Level 1:colcon.colcon_core.package_identification:_identify(src/proy_nexa/proy_nexa_my_slam) by extensions ['ros']
[3.731s] Level 1:colcon.colcon_core.package_identification:_identify(src/proy_nexa/proy_nexa_my_slam) by extension 'ros'
[3.732s] DEBUG:colcon.colcon_core.package_identification:Package 'src/proy_nexa/proy_nexa_my_slam' with type 'ros.ament_python' and name 'proy_nexa_my_slam'
[3.732s] Level 1:colcon.colcon_core.package_identification:_identify(src/proy_nexa/proy_nexa_provide_map) by extensions ['ignore', 'ignore_ament_install']
[3.732s] Level 1:colcon.colcon_core.package_identification:_identify(src/proy_nexa/proy_nexa_provide_map) by extension 'ignore'
[3.732s] Level 1:colcon.colcon_core.package_identification:_identify(src/proy_nexa/proy_nexa_provide_map) by extension 'ignore_ament_install'
[3.732s] Level 1:colcon.colcon_core.package_identification:_identify(src/proy_nexa/proy_nexa_provide_map) by extensions ['colcon_pkg']
[3.733s] Level 1:colcon.colcon_core.package_identification:_identify(src/proy_nexa/proy_nexa_provide_map) by extension 'colcon_pkg'
[3.733s] Level 1:colcon.colcon_core.package_identification:_identify(src/proy_nexa/proy_nexa_provide_map) by extensions ['colcon_meta']
[3.733s] Level 1:colcon.colcon_core.package_identification:_identify(src/proy_nexa/proy_nexa_provide_map) by extension 'colcon_meta'
[3.733s] Level 1:colcon.colcon_core.package_identification:_identify(src/proy_nexa/proy_nexa_provide_map) by extensions ['ros']
[3.733s] Level 1:colcon.colcon_core.package_identification:_identify(src/proy_nexa/proy_nexa_provide_map) by extension 'ros'
[3.733s] DEBUG:colcon.colcon_core.package_identification:Package 'src/proy_nexa/proy_nexa_provide_map' with type 'ros.ament_python' and name 'proy_nexa_provide_map'
[3.733s] Level 1:colcon.colcon_core.package_identification:_identify(src/proy_nexa/proy_nexa_service) by extensions ['ignore', 'ignore_ament_install']
[3.733s] Level 1:colcon.colcon_core.package_identification:_identify(src/proy_nexa/proy_nexa_service) by extension 'ignore'
[3.734s] Level 1:colcon.colcon_core.package_identification:_identify(src/proy_nexa/proy_nexa_service) by extension 'ignore_ament_install'
[3.734s] Level 1:colcon.colcon_core.package_identification:_identify(src/proy_nexa/proy_nexa_service) by extensions ['colcon_pkg']
[3.734s] Level 1:colcon.colcon_core.package_identification:_identify(src/proy_nexa/proy_nexa_service) by extension 'colcon_pkg'
[3.734s] Level 1:colcon.colcon_core.package_identification:_identify(src/proy_nexa/proy_nexa_service) by extensions ['colcon_meta']
[3.734s] Level 1:colcon.colcon_core.package_identification:_identify(src/proy_nexa/proy_nexa_service) by extension 'colcon_meta'
[3.734s] Level 1:colcon.colcon_core.package_identification:_identify(src/proy_nexa/proy_nexa_service) by extensions ['ros']
[3.734s] Level 1:colcon.colcon_core.package_identification:_identify(src/proy_nexa/proy_nexa_service) by extension 'ros'
[3.735s] DEBUG:colcon.colcon_core.package_identification:Package 'src/proy_nexa/proy_nexa_service' with type 'ros.ament_python' and name 'proy_nexa_service'
[3.735s] Level 1:colcon.colcon_core.package_identification:_identify(src/proy_nexa/proy_nexa_show_msg) by extensions ['ignore', 'ignore_ament_install']
[3.735s] Level 1:colcon.colcon_core.package_identification:_identify(src/proy_nexa/proy_nexa_show_msg) by extension 'ignore'
[3.735s] Level 1:colcon.colcon_core.package_identification:_identify(src/proy_nexa/proy_nexa_show_msg) by extension 'ignore_ament_install'
[3.735s] Level 1:colcon.colcon_core.package_identification:_identify(src/proy_nexa/proy_nexa_show_msg) by extensions ['colcon_pkg']
[3.735s] Level 1:colcon.colcon_core.package_identification:_identify(src/proy_nexa/proy_nexa_show_msg) by extension 'colcon_pkg'
[3.735s] Level 1:colcon.colcon_core.package_identification:_identify(src/proy_nexa/proy_nexa_show_msg) by extensions ['colcon_meta']
[3.735s] Level 1:colcon.colcon_core.package_identification:_identify(src/proy_nexa/proy_nexa_show_msg) by extension 'colcon_meta'
[3.736s] Level 1:colcon.colcon_core.package_identification:_identify(src/proy_nexa/proy_nexa_show_msg) by extensions ['ros']
[3.736s] Level 1:colcon.colcon_core.package_identification:_identify(src/proy_nexa/proy_nexa_show_msg) by extension 'ros'
[3.737s] DEBUG:colcon.colcon_core.package_identification:Package 'src/proy_nexa/proy_nexa_show_msg' with type 'ros.ament_python' and name 'proy_nexa_show_msg'
[3.737s] Level 1:colcon.colcon_core.package_discovery:discover_packages(recursive) using defaults
[3.737s] Level 1:colcon.colcon_core.package_discovery:discover_packages(ignore) discover
[3.737s] Level 1:colcon.colcon_core.package_discovery:discover_packages(ignore) using defaults
[3.737s] Level 1:colcon.colcon_core.package_discovery:discover_packages(path) discover
[3.737s] Level 1:colcon.colcon_core.package_discovery:discover_packages(path) using defaults
[3.940s] INFO:colcon.colcon_core.package_selection:Skipping not selected package 'my_world' in 'src/proy_nexa/my_world'
[3.940s] INFO:colcon.colcon_core.package_selection:Skipping not selected package 'proy_nexa_interface' in 'src/proy_nexa/proy_nexa_interface'
[3.940s] INFO:colcon.colcon_core.package_selection:Skipping not selected package 'proy_nexa_my_slam' in 'src/proy_nexa/proy_nexa_my_slam'
[3.940s] INFO:colcon.colcon_core.package_selection:Skipping not selected package 'proy_nexa_show_msg' in 'src/proy_nexa/proy_nexa_show_msg'
[3.940s] INFO:colcon.colcon_core.package_selection:Skipping not selected package 'proy_nexa_service' in 'src/proy_nexa/proy_nexa_service'
[3.940s] INFO:colcon.colcon_core.package_selection:Skipping not selected package 'proy_nexa' in 'src/proy_nexa/proy_nexa'
[4.072s] Level 1:colcon.colcon_core.package_discovery:discover_packages(prefix_path) check parameters
[4.072s] Level 1:colcon.colcon_core.package_discovery:discover_packages(prefix_path) discover
[4.194s] DEBUG:colcon.colcon_installed_package_information.package_discovery:Found 18 installed packages in /home/chen/turtlebot3_ws/install
[4.252s] DEBUG:colcon.colcon_installed_package_information.package_discovery:Found 1 installed packages in /home/chen/turtlebot3_ws/src/my_first_service/install
[4.309s] DEBUG:colcon.colcon_installed_package_information.package_discovery:Found 336 installed packages in /opt/ros/galactic
[4.311s] Level 1:colcon.colcon_core.package_discovery:discover_packages(prefix_path) using defaults
[4.552s] Level 5:colcon.colcon_core.verb:set package 'proy_nexa_provide_map' build argument 'cmake_args' from command line to 'None'
[4.552s] Level 5:colcon.colcon_core.verb:set package 'proy_nexa_provide_map' build argument 'cmake_target' from command line to 'None'
[4.552s] Level 5:colcon.colcon_core.verb:set package 'proy_nexa_provide_map' build argument 'cmake_target_skip_unavailable' from command line to 'False'
[4.552s] Level 5:colcon.colcon_core.verb:set package 'proy_nexa_provide_map' build argument 'cmake_clean_cache' from command line to 'False'
[4.553s] Level 5:colcon.colcon_core.verb:set package 'proy_nexa_provide_map' build argument 'cmake_clean_first' from command line to 'False'
[4.553s] Level 5:colcon.colcon_core.verb:set package 'proy_nexa_provide_map' build argument 'cmake_force_configure' from command line to 'False'
[4.553s] Level 5:colcon.colcon_core.verb:set package 'proy_nexa_provide_map' build argument 'ament_cmake_args' from command line to 'None'
[4.553s] Level 5:colcon.colcon_core.verb:set package 'proy_nexa_provide_map' build argument 'catkin_cmake_args' from command line to 'None'
[4.553s] Level 5:colcon.colcon_core.verb:set package 'proy_nexa_provide_map' build argument 'catkin_skip_building_tests' from command line to 'False'
[4.553s] DEBUG:colcon.colcon_core.verb:Building package 'proy_nexa_provide_map' with the following arguments: {'ament_cmake_args': None, 'build_base': '/home/chen/repositorio2/Robot/build/proy_nexa_provide_map', 'catkin_cmake_args': None, 'catkin_skip_building_tests': False, 'cmake_args': None, 'cmake_clean_cache': False, 'cmake_clean_first': False, 'cmake_force_configure': False, 'cmake_target': None, 'cmake_target_skip_unavailable': False, 'install_base': '/home/chen/repositorio2/Robot/install/proy_nexa_provide_map', 'merge_install': False, 'path': '/home/chen/repositorio2/Robot/src/proy_nexa/proy_nexa_provide_map', 'symlink_install': False, 'test_result_base': None}
[4.608s] INFO:colcon.colcon_core.executor:Executing jobs using 'parallel' executor
[4.665s] DEBUG:colcon.colcon_parallel_executor.executor.parallel:run_until_complete
[4.665s] INFO:colcon.colcon_ros.task.ament_python.build:Building ROS package in '/home/chen/repositorio2/Robot/src/proy_nexa/proy_nexa_provide_map' with build type 'ament_python'
[4.666s] Level 1:colcon.colcon_core.shell:create_environment_hook('proy_nexa_provide_map', 'ament_prefix_path')
[4.727s] INFO:colcon.colcon_core.plugin_system:Skipping extension 'colcon_core.shell.bat': Not used on non-Windows systems
[4.727s] INFO:colcon.colcon_core.shell:Creating environment hook '/home/chen/repositorio2/Robot/install/proy_nexa_provide_map/share/proy_nexa_provide_map/hook/ament_prefix_path.ps1'
[4.729s] INFO:colcon.colcon_core.shell:Creating environment descriptor '/home/chen/repositorio2/Robot/install/proy_nexa_provide_map/share/proy_nexa_provide_map/hook/ament_prefix_path.dsv'
[4.730s] INFO:colcon.colcon_core.shell:Creating environment hook '/home/chen/repositorio2/Robot/install/proy_nexa_provide_map/share/proy_nexa_provide_map/hook/ament_prefix_path.sh'
[4.791s] INFO:colcon.colcon_core.shell:Skip shell extension 'powershell' for command environment: Not usable outside of PowerShell
[4.791s] DEBUG:colcon.colcon_core.shell:Skip shell extension 'dsv' for command environment
[5.381s] INFO:colcon.colcon_core.task.python.build:Building Python package in '/home/chen/repositorio2/Robot/src/proy_nexa/proy_nexa_provide_map'
[5.456s] INFO:colcon.colcon_core.shell:Skip shell extension 'powershell' for command environment: Not usable outside of PowerShell
[5.457s] DEBUG:colcon.colcon_core.shell:Skip shell extension 'dsv' for command environment
[6.247s] DEBUG:colcon.colcon_core.event_handler.log_command:Invoking command in '/home/chen/repositorio2/Robot/src/proy_nexa/proy_nexa_provide_map': PYTHONPATH=/home/chen/repositorio2/Robot/build/proy_nexa_provide_map/prefix_override:/home/chen/repositorio2/Robot/install/proy_nexa_provide_map/lib/python3.8/site-packages:${PYTHONPATH} /usr/bin/python3 setup.py egg_info --egg-base ../../../build/proy_nexa_provide_map build --build-base /home/chen/repositorio2/Robot/build/proy_nexa_provide_map/build install --record /home/chen/repositorio2/Robot/build/proy_nexa_provide_map/install.log --single-version-externally-managed
[6.689s] DEBUG:colcon.colcon_core.event_handler.log_command:Invoked command in '/home/chen/repositorio2/Robot/src/proy_nexa/proy_nexa_provide_map' returned '0': PYTHONPATH=/home/chen/repositorio2/Robot/build/proy_nexa_provide_map/prefix_override:/home/chen/repositorio2/Robot/install/proy_nexa_provide_map/lib/python3.8/site-packages:${PYTHONPATH} /usr/bin/python3 setup.py egg_info --egg-base ../../../build/proy_nexa_provide_map build --build-base /home/chen/repositorio2/Robot/build/proy_nexa_provide_map/build install --record /home/chen/repositorio2/Robot/build/proy_nexa_provide_map/install.log --single-version-externally-managed
[6.757s] Level 1:colcon.colcon_core.environment:checking '/home/chen/repositorio2/Robot/install/proy_nexa_provide_map' for CMake module files
[6.758s] Level 1:colcon.colcon_core.environment:checking '/home/chen/repositorio2/Robot/install/proy_nexa_provide_map' for CMake config files
[6.759s] Level 1:colcon.colcon_core.environment:checking '/home/chen/repositorio2/Robot/install/proy_nexa_provide_map/lib'
[6.759s] Level 1:colcon.colcon_core.environment:checking '/home/chen/repositorio2/Robot/install/proy_nexa_provide_map/bin'
[6.759s] Level 1:colcon.colcon_core.environment:checking '/home/chen/repositorio2/Robot/install/proy_nexa_provide_map/lib/pkgconfig/proy_nexa_provide_map.pc'
[6.760s] Level 1:colcon.colcon_core.environment:checking '/home/chen/repositorio2/Robot/install/proy_nexa_provide_map/lib/python3.8/site-packages'
[6.760s] Level 1:colcon.colcon_core.shell:create_environment_hook('proy_nexa_provide_map', 'pythonpath')
[6.824s] INFO:colcon.colcon_core.shell:Creating environment hook '/home/chen/repositorio2/Robot/install/proy_nexa_provide_map/share/proy_nexa_provide_map/hook/pythonpath.ps1'
[6.826s] INFO:colcon.colcon_core.shell:Creating environment descriptor '/home/chen/repositorio2/Robot/install/proy_nexa_provide_map/share/proy_nexa_provide_map/hook/pythonpath.dsv'
[6.827s] INFO:colcon.colcon_core.shell:Creating environment hook '/home/chen/repositorio2/Robot/install/proy_nexa_provide_map/share/proy_nexa_provide_map/hook/pythonpath.sh'
[6.828s] Level 1:colcon.colcon_core.environment:checking '/home/chen/repositorio2/Robot/install/proy_nexa_provide_map/bin'
[6.828s] Level 1:colcon.colcon_core.environment:create_environment_scripts_only(proy_nexa_provide_map)
[6.906s] INFO:colcon.colcon_core.shell:Creating package script '/home/chen/repositorio2/Robot/install/proy_nexa_provide_map/share/proy_nexa_provide_map/package.ps1'
[6.907s] INFO:colcon.colcon_core.shell:Creating package descriptor '/home/chen/repositorio2/Robot/install/proy_nexa_provide_map/share/proy_nexa_provide_map/package.dsv'
[6.909s] INFO:colcon.colcon_core.shell:Creating package script '/home/chen/repositorio2/Robot/install/proy_nexa_provide_map/share/proy_nexa_provide_map/package.sh'
[6.911s] INFO:colcon.colcon_core.shell:Creating package script '/home/chen/repositorio2/Robot/install/proy_nexa_provide_map/share/proy_nexa_provide_map/package.bash'
[6.913s] INFO:colcon.colcon_core.shell:Creating package script '/home/chen/repositorio2/Robot/install/proy_nexa_provide_map/share/proy_nexa_provide_map/package.zsh'
[6.914s] Level 1:colcon.colcon_core.environment:create_file_with_runtime_dependencies(/home/chen/repositorio2/Robot/install/proy_nexa_provide_map/share/colcon-core/packages/proy_nexa_provide_map)
[6.914s] DEBUG:colcon.colcon_parallel_executor.executor.parallel:closing loop
[6.915s] DEBUG:colcon.colcon_parallel_executor.executor.parallel:loop closed
[6.915s] DEBUG:colcon.colcon_parallel_executor.executor.parallel:run_until_complete finished with '0'
[6.915s] DEBUG:colcon.colcon_core.event_reactor:joining thread
[6.984s] INFO:colcon.colcon_core.plugin_system:Skipping extension 'colcon_notification.desktop_notification.terminal_notifier': Not used on non-Darwin systems
[6.984s] INFO:colcon.colcon_core.plugin_system:Skipping extension 'colcon_notification.desktop_notification.win32': Not used on non-Windows systems
[6.985s] INFO:colcon.colcon_notification.desktop_notification:Sending desktop notification using 'notify2'
[7.016s] DEBUG:colcon.colcon_core.event_reactor:joined thread
[7.080s] INFO:colcon.colcon_core.shell:Creating prefix script '/home/chen/repositorio2/Robot/install/local_setup.ps1'
[7.082s] INFO:colcon.colcon_core.shell:Creating prefix util module '/home/chen/repositorio2/Robot/install/_local_setup_util_ps1.py'
[7.085s] INFO:colcon.colcon_core.shell:Creating prefix chain script '/home/chen/repositorio2/Robot/install/setup.ps1'
[7.146s] INFO:colcon.colcon_core.shell:Creating prefix script '/home/chen/repositorio2/Robot/install/local_setup.sh'
[7.147s] INFO:colcon.colcon_core.shell:Creating prefix util module '/home/chen/repositorio2/Robot/install/_local_setup_util_sh.py'
[7.148s] INFO:colcon.colcon_core.shell:Creating prefix chain script '/home/chen/repositorio2/Robot/install/setup.sh'
[7.211s] INFO:colcon.colcon_core.shell:Creating prefix script '/home/chen/repositorio2/Robot/install/local_setup.bash'
[7.212s] INFO:colcon.colcon_core.shell:Creating prefix chain script '/home/chen/repositorio2/Robot/install/setup.bash'
[7.275s] INFO:colcon.colcon_core.shell:Creating prefix script '/home/chen/repositorio2/Robot/install/local_setup.zsh'
[7.277s] INFO:colcon.colcon_core.shell:Creating prefix chain script '/home/chen/repositorio2/Robot/install/setup.zsh'
